#
# There is insufficient memory for the Java Runtime Environment to continue.
# Native memory allocation (mmap) failed to map 50331648 bytes for G1 virtual space
# Possible reasons:
#   The system is out of physical RAM or swap space
#   The process is running with CompressedOops enabled, and the Java Heap may be blocking the growth of the native heap
# Possible solutions:
#   Reduce memory load on the system
#   Increase physical memory or swap space
#   Check if swap backing store is full
#   Decrease Java heap size (-Xmx/-Xms)
#   Decrease number of Java threads
#   Decrease Java thread stack sizes (-Xss)
#   Set larger code cache with -XX:ReservedCodeCacheSize=
#   JVM is running with Unscaled Compressed Oops mode in which the Java heap is
#     placed in the first 4GB address space. The Java Heap base address is the
#     maximum limit for the native heap growth. Please use -XX:HeapBaseMinAddress
#     to set the Java Heap base and to place the Java Heap above 4GB virtual address.
# This output file may be truncated or incomplete.
#
#  Out of Memory Error (os_windows.cpp:3769), pid=7212, tid=964
#
# JRE version: OpenJDK Runtime Environment (17.0.6) (build 17.0.6+0-b2043.56-9586694)
# Java VM: OpenJDK 64-Bit Server VM (17.0.6+0-b2043.56-9586694, mixed mode, tiered, compressed oops, compressed class ptrs, g1 gc, windows-amd64)
# No core dump will be written. Minidumps are not enabled by default on client versions of Windows
#

---------------  S U M M A R Y ------------

Command Line: --add-opens=java.base/java.util=ALL-UNNAMED --add-opens=java.base/java.lang=ALL-UNNAMED --add-opens=java.base/java.lang.invoke=ALL-UNNAMED --add-opens=java.prefs/java.util.prefs=ALL-UNNAMED --add-opens=java.base/java.nio.charset=ALL-UNNAMED --add-opens=java.base/java.net=ALL-UNNAMED --add-opens=java.base/java.util.concurrent.atomic=ALL-UNNAMED -Xmx2048m -Dfile.encoding=UTF-8 -Duser.country=RU -Duser.language=ru -Duser.variant org.gradle.launcher.daemon.bootstrap.GradleDaemon 8.0

Host: AMD Ryzen 5 1600 Six-Core Processor            , 12 cores, 7G,  Windows 10 , 64 bit Build 19041 (10.0.19041.2788)
Time: Wed Apr 26 18:16:47 2023 RTZ 4 (s 10 , 64 bit Build 19041 (10.0.19041.2788) elapsed time: 10.499459 seconds (0d 0h 0m 10s)

---------------  T H R E A D  ---------------

Current thread (0x000001d69b8f34a0):  VMThread "VM Thread" [stack: 0x000000afc6900000,0x000000afc6a00000] [id=964]

Stack: [0x000000afc6900000,0x000000afc6a00000]
Native frames: (J=compiled Java code, j=interpreted, Vv=VM code, C=native code)
V  [jvm.dll+0x683b4a]
V  [jvm.dll+0x842654]
V  [jvm.dll+0x843dfe]
V  [jvm.dll+0x844463]
V  [jvm.dll+0x249b75]
V  [jvm.dll+0x680a19]
V  [jvm.dll+0x674f0a]
V  [jvm.dll+0x309acb]
V  [jvm.dll+0x310f86]
V  [jvm.dll+0x3608ee]
V  [jvm.dll+0x360b1f]
V  [jvm.dll+0x2dfbf8]
V  [jvm.dll+0x2e2ce6]
V  [jvm.dll+0x2ed478]
V  [jvm.dll+0x322150]
V  [jvm.dll+0x84893b]
V  [jvm.dll+0x849674]
V  [jvm.dll+0x849b8d]
V  [jvm.dll+0x849f64]
V  [jvm.dll+0x84a030]
V  [jvm.dll+0x7f25fa]
V  [jvm.dll+0x682985]
C  [ucrtbase.dll+0x21bb2]
C  [KERNEL32.DLL+0x17604]
C  [ntdll.dll+0x526a1]

VM_Operation (0x000000afc65ff760): G1Concurrent, mode: safepoint, requested by thread 0x000001d6ffad8f30


---------------  P R O C E S S  ---------------

Threads class SMR info:
_java_thread_list=0x000001d69eb60250, length=184, elements={
0x000001d6ffa692c0, 0x000001d69b91f2d0, 0x000001d69b921c10, 0x000001d69b924510,
0x000001d69c437030, 0x000001d69c437b00, 0x000001d69c438b60, 0x000001d69c43b330,
0x000001d69c451fe0, 0x000001d69c455830, 0x000001d69c5e0910, 0x000001d69c5e6620,
0x000001d69c75a8e0, 0x000001d69ca56640, 0x000001d69de86e40, 0x000001d69dc90f40,
0x000001d69f59a370, 0x000001d69ecf5f80, 0x000001d69dc169f0, 0x000001d69e90c070,
0x000001d69deba200, 0x000001d69deb9390, 0x000001d69debb070, 0x000001d69deba6d0,
0x000001d69deb9860, 0x000001d69debaba0, 0x000001d69deb9d30, 0x000001d69deb89f0,
0x000001d69deb8ec0, 0x000001d69debb540, 0x000001d69deb8520, 0x000001d69debba10,
0x000001d69deb8050, 0x000001d6a2072920, 0x000001d6a2070c40, 0x000001d6a2071110,
0x000001d6a206dc20, 0x000001d6a20715e0, 0x000001d6a206ba70, 0x000001d6a2071ab0,
0x000001d6a206f430, 0x000001d6a206c410, 0x000001d6a2071f80, 0x000001d6a2072450,
0x000001d6a2072df0, 0x000001d6a206ef60, 0x000001d6a206e0f0, 0x000001d6a206d280,
0x000001d6a206c8e0, 0x000001d6a206e5c0, 0x000001d6a20732c0, 0x000001d6a206cdb0,
0x000001d6a206ea90, 0x000001d6a206fdd0, 0x000001d6a20702a0, 0x000001d6a2070770,
0x000001d6a33173e0, 0x000001d6a3313ef0, 0x000001d6a3311870, 0x000001d6a3314d60,
0x000001d6a33126e0, 0x000001d6a33178b0, 0x000001d6a3310060, 0x000001d6a33143c0,
0x000001d6a3314890, 0x000001d6a3313550, 0x000001d6a3313a20, 0x000001d6a3315230,
0x000001d6a3312bb0, 0x000001d6a3315700, 0x000001d6a3316570, 0x000001d6a3311d40,
0x000001d6a3310530, 0x000001d6a3315bd0, 0x000001d6a3310a00, 0x000001d6a33160a0,
0x000001d6a3316a40, 0x000001d6a3316f10, 0x000001d6a3313080, 0x000001d6a3310ed0,
0x000001d6a33113a0, 0x000001d6a3312210, 0x000001d6a013e710, 0x000001d6a0139070,
0x000001d6a013c560, 0x000001d6a0139a10, 0x000001d6a013a880, 0x000001d6a013bbc0,
0x000001d6a013d8a0, 0x000001d6a013ad50, 0x000001d6a0139540, 0x000001d6a013b220,
0x000001d6a013b6f0, 0x000001d6a013d3d0, 0x000001d6a013dd70, 0x000001d6a0139ee0,
0x000001d6a013f580, 0x000001d6a013e240, 0x000001d6a013c090, 0x000001d6a013ca30,
0x000001d6a013a3b0, 0x000001d6a013cf00, 0x000001d6a013ebe0, 0x000001d6a013f0b0,
0x000001d6a013fa50, 0x000001d6a0138200, 0x000001d6a01386d0, 0x000001d6a0138ba0,
0x000001d6a2e24980, 0x000001d6a2e25cc0, 0x000001d6a2e1fc80, 0x000001d6a2e20150,
0x000001d6a2e22ca0, 0x000001d6a2e25320, 0x000001d6a2e24e50, 0x000001d6a2e23170,
0x000001d6a2e1f7b0, 0x000001d6a2e20620, 0x000001d6a2e20af0, 0x000001d6a2e20fc0,
0x000001d6a2e23640, 0x000001d6a2e23b10, 0x000001d6a2e257f0, 0x000001d6a2e21490,
0x000001d6a2e26190, 0x000001d6a2e21960, 0x000001d6a2e227d0, 0x000001d6a2e26660,
0x000001d6a2e26b30, 0x000001d6a2e1f2e0, 0x000001d6a2e21e30, 0x000001d6a2e22300,
0x000001d6a2e23fe0, 0x000001d6a2e244b0, 0x000001d6a33eff30, 0x000001d6a33eca40,
0x000001d6a33ecf10, 0x000001d6a33ee250, 0x000001d6a33ee720, 0x000001d6a33eebf0,
0x000001d6a33ef0c0, 0x000001d6a33edd80, 0x000001d6a33ed3e0, 0x000001d6a33ef590,
0x000001d6a33ea890, 0x000001d6a33ead60, 0x000001d6a33f0400, 0x000001d6a33ebbd0,
0x000001d6a33eb230, 0x000001d6a33efa60, 0x000001d6a33f08d0, 0x000001d6a33e9550,
0x000001d6a33ec0a0, 0x000001d6a33ed8b0, 0x000001d6a33ec570, 0x000001d6a33e9080,
0x000001d6a33e9a20, 0x000001d6a33eb700, 0x000001d6a33e9ef0, 0x000001d6a33ea3c0,
0x000001d69f4eea20, 0x000001d69f4eb060, 0x000001d69f4f1570, 0x000001d69f4ef890,
0x000001d69f4ef3c0, 0x000001d69f4ebed0, 0x000001d69f4efd60, 0x000001d69f4ed6e0,
0x000001d69f4eb530, 0x000001d69f4ec3a0, 0x000001d69f4eeef0, 0x000001d69f4f1f10,
0x000001d69f4edbb0, 0x000001d69f4f0700, 0x000001d69f4ed210, 0x000001d69f4ee080,
0x000001d69f4ee550, 0x000001d69f4f0bd0, 0x000001d69f4f10a0, 0x000001d69f4f1a40,
0x000001d69f4ea6c0, 0x000001d69f4eab90, 0x000001d6a3a71ad0, 0x000001d69c81d000
}

Java Threads: ( => current thread )
  0x000001d6ffa692c0 JavaThread "main" [_thread_blocked, id=2652, stack(0x000000afc6300000,0x000000afc6400000)]
  0x000001d69b91f2d0 JavaThread "Reference Handler" daemon [_thread_blocked, id=7900, stack(0x000000afc6a00000,0x000000afc6b00000)]
  0x000001d69b921c10 JavaThread "Finalizer" daemon [_thread_blocked, id=7172, stack(0x000000afc6b00000,0x000000afc6c00000)]
  0x000001d69b924510 JavaThread "Signal Dispatcher" daemon [_thread_blocked, id=5816, stack(0x000000afc6c00000,0x000000afc6d00000)]
  0x000001d69c437030 JavaThread "Attach Listener" daemon [_thread_blocked, id=5320, stack(0x000000afc6d00000,0x000000afc6e00000)]
  0x000001d69c437b00 JavaThread "Service Thread" daemon [_thread_blocked, id=11136, stack(0x000000afc6e00000,0x000000afc6f00000)]
  0x000001d69c438b60 JavaThread "Monitor Deflation Thread" daemon [_thread_blocked, id=6000, stack(0x000000afc6f00000,0x000000afc7000000)]
  0x000001d69c43b330 JavaThread "C2 CompilerThread0" daemon [_thread_blocked, id=7088, stack(0x000000afc7000000,0x000000afc7100000)]
  0x000001d69c451fe0 JavaThread "C1 CompilerThread0" daemon [_thread_blocked, id=9284, stack(0x000000afc7100000,0x000000afc7200000)]
  0x000001d69c455830 JavaThread "Sweeper thread" daemon [_thread_blocked, id=8432, stack(0x000000afc7200000,0x000000afc7300000)]
  0x000001d69c5e0910 JavaThread "Common-Cleaner" daemon [_thread_blocked, id=9328, stack(0x000000afc7300000,0x000000afc7400000)]
  0x000001d69c5e6620 JavaThread "Notification Thread" daemon [_thread_blocked, id=10884, stack(0x000000afc7400000,0x000000afc7500000)]
  0x000001d69c75a8e0 JavaThread "C2 CompilerThread1" daemon [_thread_blocked, id=5760, stack(0x000000afc7600000,0x000000afc7700000)]
  0x000001d69ca56640 JavaThread "Daemon health stats" [_thread_blocked, id=2040, stack(0x000000afc7c00000,0x000000afc7d00000)]
  0x000001d69de86e40 JavaThread "Incoming local TCP Connector on port 61843" [_thread_in_native, id=3408, stack(0x000000afc7d00000,0x000000afc7e00000)]
  0x000001d69dc90f40 JavaThread "Daemon periodic checks" [_thread_blocked, id=11024, stack(0x000000afc7e00000,0x000000afc7f00000)]
  0x000001d69f59a370 JavaThread "Daemon" [_thread_blocked, id=5904, stack(0x000000afc7f00000,0x000000afc8000000)]
  0x000001d69ecf5f80 JavaThread "Handler for socket connection from /127.0.0.1:61843 to /127.0.0.1:61844" [_thread_in_native, id=10536, stack(0x000000afc8000000,0x000000afc8100000)]
  0x000001d69dc169f0 JavaThread "Cancel handler" [_thread_blocked, id=9912, stack(0x000000afc8100000,0x000000afc8200000)]
  0x000001d69e90c070 JavaThread "Daemon worker" [_thread_blocked, id=6580, stack(0x000000afc8200000,0x000000afc8300000)]
  0x000001d69deba200 JavaThread "Asynchronous log dispatcher for DefaultDaemonConnection: socket connection from /127.0.0.1:61843 to /127.0.0.1:61844" [_thread_blocked, id=9972, stack(0x000000afc8300000,0x000000afc8400000)]
  0x000001d69deb9390 JavaThread "Stdin handler" [_thread_blocked, id=1176, stack(0x000000afc8400000,0x000000afc8500000)]
  0x000001d69debb070 JavaThread "Daemon client event forwarder" [_thread_blocked, id=3260, stack(0x000000afc8500000,0x000000afc8600000)]
  0x000001d69deba6d0 JavaThread "Cache worker for journal cache (C:\Users\Pasha\.gradle\caches\journal-1)" [_thread_blocked, id=8716, stack(0x000000afc8d00000,0x000000afc8e00000)]
  0x000001d69deb9860 JavaThread "File lock request listener" [_thread_in_native, id=2256, stack(0x000000afc8e00000,0x000000afc8f00000)]
  0x000001d69debaba0 JavaThread "Cache worker for file hash cache (C:\Users\Pasha\.gradle\caches\8.0\fileHashes)" [_thread_blocked, id=10376, stack(0x000000afc8f00000,0x000000afc9000000)]
  0x000001d69deb9d30 JavaThread "File watcher server" daemon [_thread_blocked, id=3584, stack(0x000000afc9000000,0x000000afc9100000)]
  0x000001d69deb89f0 JavaThread "File watcher consumer" daemon [_thread_blocked, id=8304, stack(0x000000afc9100000,0x000000afc9200000)]
  0x000001d69deb8ec0 JavaThread "Cache worker for checksums cache (C:\Users\Pasha\AndroidStudioProjects\MyApplication9\.gradle\8.0\checksums)" [_thread_blocked, id=11232, stack(0x000000afc9200000,0x000000afc9300000)]
  0x000001d69debb540 JavaThread "Cache worker for cache directory md-rule (C:\Users\Pasha\.gradle\caches\8.0\md-rule)" [_thread_blocked, id=5948, stack(0x000000afc9300000,0x000000afc9400000)]
  0x000001d69deb8520 JavaThread "Cache worker for file content cache (C:\Users\Pasha\.gradle\caches\8.0\fileContent)" [_thread_blocked, id=7904, stack(0x000000afc9400000,0x000000afc9500000)]
  0x000001d69debba10 JavaThread "Cache worker for file hash cache (C:\Users\Pasha\AndroidStudioProjects\MyApplication9\.gradle\8.0\fileHashes)" [_thread_blocked, id=6140, stack(0x000000afc9500000,0x000000afc9600000)]
  0x000001d69deb8050 JavaThread "Cache worker for cache directory md-supplier (C:\Users\Pasha\.gradle\caches\8.0\md-supplier)" [_thread_blocked, id=2704, stack(0x000000afc9600000,0x000000afc9700000)]
  0x000001d6a2072920 JavaThread "Cache worker for execution history cache (C:\Users\Pasha\.gradle\caches\8.0\executionHistory)" [_thread_blocked, id=3564, stack(0x000000afc9700000,0x000000afc9800000)]
  0x000001d6a2070c40 JavaThread "jar transforms" [_thread_blocked, id=10748, stack(0x000000afc9800000,0x000000afc9900000)]
  0x000001d6a2071110 JavaThread "jar transforms Thread 2" [_thread_blocked, id=2600, stack(0x000000afc9900000,0x000000afc9a00000)]
  0x000001d6a206dc20 JavaThread "jar transforms Thread 3" [_thread_blocked, id=4768, stack(0x000000afc9a00000,0x000000afc9b00000)]
  0x000001d6a20715e0 JavaThread "jar transforms Thread 4" [_thread_blocked, id=7224, stack(0x000000afc9b00000,0x000000afc9c00000)]
  0x000001d6a206ba70 JavaThread "Cache worker for dependencies-accessors (C:\Users\Pasha\AndroidStudioProjects\MyApplication9\.gradle\8.0\dependencies-accessors)" [_thread_blocked, id=5420, stack(0x000000afc9c00000,0x000000afc9d00000)]
  0x000001d6a2071ab0 JavaThread "jar transforms Thread 5" [_thread_blocked, id=6820, stack(0x000000afc9d00000,0x000000afc9e00000)]
  0x000001d6a206f430 JavaThread "Cache worker for Build Output Cleanup Cache (C:\Users\Pasha\AndroidStudioProjects\MyApplication9\.gradle\buildOutputCleanup)" [_thread_blocked, id=4452, stack(0x000000afc9e00000,0x000000afc9f00000)]
  0x000001d6a206c410 JavaThread "Unconstrained build operations" [_thread_blocked, id=10268, stack(0x000000afc9f00000,0x000000afca000000)]
  0x000001d6a2071f80 JavaThread "Unconstrained build operations Thread 2" [_thread_blocked, id=5100, stack(0x000000afca000000,0x000000afca100000)]
  0x000001d6a2072450 JavaThread "Unconstrained build operations Thread 3" [_thread_blocked, id=9860, stack(0x000000afca100000,0x000000afca200000)]
  0x000001d6a2072df0 JavaThread "Unconstrained build operations Thread 4" [_thread_blocked, id=9516, stack(0x000000afca200000,0x000000afca300000)]
  0x000001d6a206ef60 JavaThread "Unconstrained build operations Thread 5" [_thread_blocked, id=2804, stack(0x000000afca300000,0x000000afca400000)]
  0x000001d6a206e0f0 JavaThread "Unconstrained build operations Thread 6" [_thread_blocked, id=2304, stack(0x000000afca400000,0x000000afca500000)]
  0x000001d6a206d280 JavaThread "Unconstrained build operations Thread 7" [_thread_blocked, id=10768, stack(0x000000afca500000,0x000000afca600000)]
  0x000001d6a206c8e0 JavaThread "Unconstrained build operations Thread 8" [_thread_blocked, id=4880, stack(0x000000afca600000,0x000000afca700000)]
  0x000001d6a206e5c0 JavaThread "Unconstrained build operations Thread 9" [_thread_blocked, id=5372, stack(0x000000afca700000,0x000000afca800000)]
  0x000001d6a20732c0 JavaThread "Unconstrained build operations Thread 10" [_thread_blocked, id=10092, stack(0x000000afca800000,0x000000afca900000)]
  0x000001d6a206cdb0 JavaThread "Unconstrained build operations Thread 11" [_thread_blocked, id=9832, stack(0x000000afca900000,0x000000afcaa00000)]
  0x000001d6a206ea90 JavaThread "Unconstrained build operations Thread 12" [_thread_blocked, id=4000, stack(0x000000afcaa00000,0x000000afcab00000)]
  0x000001d6a206fdd0 JavaThread "Unconstrained build operations Thread 13" [_thread_blocked, id=11092, stack(0x000000afcab00000,0x000000afcac00000)]
  0x000001d6a20702a0 JavaThread "Unconstrained build operations Thread 14" [_thread_blocked, id=4980, stack(0x000000afcac00000,0x000000afcad00000)]
  0x000001d6a2070770 JavaThread "Unconstrained build operations Thread 15" [_thread_blocked, id=1152, stack(0x000000afcad00000,0x000000afcae00000)]
  0x000001d6a33173e0 JavaThread "Unconstrained build operations Thread 16" [_thread_blocked, id=8756, stack(0x000000afcae00000,0x000000afcaf00000)]
  0x000001d6a3313ef0 JavaThread "Unconstrained build operations Thread 17" [_thread_blocked, id=5180, stack(0x000000afcaf00000,0x000000afcb000000)]
  0x000001d6a3311870 JavaThread "Unconstrained build operations Thread 18" [_thread_blocked, id=6152, stack(0x000000afcb000000,0x000000afcb100000)]
  0x000001d6a3314d60 JavaThread "Unconstrained build operations Thread 19" [_thread_blocked, id=1788, stack(0x000000afcb100000,0x000000afcb200000)]
  0x000001d6a33126e0 JavaThread "Unconstrained build operations Thread 20" [_thread_blocked, id=10416, stack(0x000000afcb200000,0x000000afcb300000)]
  0x000001d6a33178b0 JavaThread "Unconstrained build operations Thread 21" [_thread_blocked, id=11112, stack(0x000000afcb300000,0x000000afcb400000)]
  0x000001d6a3310060 JavaThread "Unconstrained build operations Thread 22" [_thread_blocked, id=8056, stack(0x000000afcb400000,0x000000afcb500000)]
  0x000001d6a33143c0 JavaThread "Unconstrained build operations Thread 23" [_thread_blocked, id=5648, stack(0x000000afcb500000,0x000000afcb600000)]
  0x000001d6a3314890 JavaThread "Unconstrained build operations Thread 24" [_thread_blocked, id=8064, stack(0x000000afcb600000,0x000000afcb700000)]
  0x000001d6a3313550 JavaThread "Unconstrained build operations Thread 25" [_thread_blocked, id=6836, stack(0x000000afcb700000,0x000000afcb800000)]
  0x000001d6a3313a20 JavaThread "Unconstrained build operations Thread 26" [_thread_blocked, id=7976, stack(0x000000afcb800000,0x000000afcb900000)]
  0x000001d6a3315230 JavaThread "Unconstrained build operations Thread 27" [_thread_blocked, id=10488, stack(0x000000afcb900000,0x000000afcba00000)]
  0x000001d6a3312bb0 JavaThread "Unconstrained build operations Thread 28" [_thread_blocked, id=9496, stack(0x000000afcba00000,0x000000afcbb00000)]
  0x000001d6a3315700 JavaThread "Unconstrained build operations Thread 29" [_thread_blocked, id=8420, stack(0x000000afcbb00000,0x000000afcbc00000)]
  0x000001d6a3316570 JavaThread "Unconstrained build operations Thread 30" [_thread_blocked, id=6060, stack(0x000000afcbc00000,0x000000afcbd00000)]
  0x000001d6a3311d40 JavaThread "Unconstrained build operations Thread 31" [_thread_blocked, id=4124, stack(0x000000afcbd00000,0x000000afcbe00000)]
  0x000001d6a3310530 JavaThread "Unconstrained build operations Thread 32" [_thread_blocked, id=9800, stack(0x000000afcbe00000,0x000000afcbf00000)]
  0x000001d6a3315bd0 JavaThread "Unconstrained build operations Thread 33" [_thread_blocked, id=10352, stack(0x000000afcbf00000,0x000000afcc000000)]
  0x000001d6a3310a00 JavaThread "Unconstrained build operations Thread 34" [_thread_blocked, id=2072, stack(0x000000afcc000000,0x000000afcc100000)]
  0x000001d6a33160a0 JavaThread "Unconstrained build operations Thread 35" [_thread_blocked, id=900, stack(0x000000afcc100000,0x000000afcc200000)]
  0x000001d6a3316a40 JavaThread "Unconstrained build operations Thread 36" [_thread_blocked, id=10048, stack(0x000000afcc200000,0x000000afcc300000)]
  0x000001d6a3316f10 JavaThread "Unconstrained build operations Thread 37" [_thread_blocked, id=700, stack(0x000000afcc300000,0x000000afcc400000)]
  0x000001d6a3313080 JavaThread "Unconstrained build operations Thread 38" [_thread_blocked, id=928, stack(0x000000afcc400000,0x000000afcc500000)]
  0x000001d6a3310ed0 JavaThread "Unconstrained build operations Thread 39" [_thread_blocked, id=8696, stack(0x000000afcc500000,0x000000afcc600000)]
  0x000001d6a33113a0 JavaThread "Unconstrained build operations Thread 40" [_thread_blocked, id=2376, stack(0x000000afcc600000,0x000000afcc700000)]
  0x000001d6a3312210 JavaThread "Unconstrained build operations Thread 41" [_thread_blocked, id=724, stack(0x000000afcc700000,0x000000afcc800000)]
  0x000001d6a013e710 JavaThread "Unconstrained build operations Thread 42" [_thread_blocked, id=8220, stack(0x000000afcc800000,0x000000afcc900000)]
  0x000001d6a0139070 JavaThread "Unconstrained build operations Thread 43" [_thread_blocked, id=10672, stack(0x000000afcc900000,0x000000afcca00000)]
  0x000001d6a013c560 JavaThread "Unconstrained build operations Thread 44" [_thread_blocked, id=8828, stack(0x000000afcca00000,0x000000afccb00000)]
  0x000001d6a0139a10 JavaThread "Unconstrained build operations Thread 45" [_thread_blocked, id=4976, stack(0x000000afccb00000,0x000000afccc00000)]
  0x000001d6a013a880 JavaThread "Unconstrained build operations Thread 46" [_thread_blocked, id=10944, stack(0x000000afccc00000,0x000000afccd00000)]
  0x000001d6a013bbc0 JavaThread "Unconstrained build operations Thread 47" [_thread_blocked, id=4708, stack(0x000000afccd00000,0x000000afcce00000)]
  0x000001d6a013d8a0 JavaThread "Unconstrained build operations Thread 48" [_thread_blocked, id=4816, stack(0x000000afcce00000,0x000000afccf00000)]
  0x000001d6a013ad50 JavaThread "Unconstrained build operations Thread 49" [_thread_blocked, id=272, stack(0x000000afccf00000,0x000000afcd000000)]
  0x000001d6a0139540 JavaThread "Unconstrained build operations Thread 50" [_thread_blocked, id=10100, stack(0x000000afcd000000,0x000000afcd100000)]
  0x000001d6a013b220 JavaThread "Unconstrained build operations Thread 51" [_thread_blocked, id=7652, stack(0x000000afcd100000,0x000000afcd200000)]
  0x000001d6a013b6f0 JavaThread "Unconstrained build operations Thread 52" [_thread_blocked, id=8644, stack(0x000000afcd200000,0x000000afcd300000)]
  0x000001d6a013d3d0 JavaThread "Unconstrained build operations Thread 53" [_thread_blocked, id=10700, stack(0x000000afcd300000,0x000000afcd400000)]
  0x000001d6a013dd70 JavaThread "Unconstrained build operations Thread 54" [_thread_blocked, id=10404, stack(0x000000afcd400000,0x000000afcd500000)]
  0x000001d6a0139ee0 JavaThread "Unconstrained build operations Thread 55" [_thread_blocked, id=5700, stack(0x000000afcd500000,0x000000afcd600000)]
  0x000001d6a013f580 JavaThread "Unconstrained build operations Thread 56" [_thread_blocked, id=9488, stack(0x000000afcd600000,0x000000afcd700000)]
  0x000001d6a013e240 JavaThread "Unconstrained build operations Thread 57" [_thread_blocked, id=7448, stack(0x000000afcd700000,0x000000afcd800000)]
  0x000001d6a013c090 JavaThread "Unconstrained build operations Thread 58" [_thread_blocked, id=8580, stack(0x000000afcd800000,0x000000afcd900000)]
  0x000001d6a013ca30 JavaThread "Unconstrained build operations Thread 59" [_thread_blocked, id=6564, stack(0x000000afcd900000,0x000000afcda00000)]
  0x000001d6a013a3b0 JavaThread "Unconstrained build operations Thread 60" [_thread_blocked, id=9476, stack(0x000000afcda00000,0x000000afcdb00000)]
  0x000001d6a013cf00 JavaThread "Unconstrained build operations Thread 61" [_thread_blocked, id=9252, stack(0x000000afcdb00000,0x000000afcdc00000)]
  0x000001d6a013ebe0 JavaThread "Unconstrained build operations Thread 62" [_thread_blocked, id=3580, stack(0x000000afcdc00000,0x000000afcdd00000)]
  0x000001d6a013f0b0 JavaThread "Unconstrained build operations Thread 63" [_thread_blocked, id=7236, stack(0x000000afcdd00000,0x000000afcde00000)]
  0x000001d6a013fa50 JavaThread "Unconstrained build operations Thread 64" [_thread_blocked, id=8112, stack(0x000000afcde00000,0x000000afcdf00000)]
  0x000001d6a0138200 JavaThread "Unconstrained build operations Thread 65" [_thread_blocked, id=9536, stack(0x000000afcdf00000,0x000000afce000000)]
  0x000001d6a01386d0 JavaThread "Unconstrained build operations Thread 66" [_thread_blocked, id=2476, stack(0x000000afce000000,0x000000afce100000)]
  0x000001d6a0138ba0 JavaThread "Unconstrained build operations Thread 67" [_thread_blocked, id=9104, stack(0x000000afce100000,0x000000afce200000)]
  0x000001d6a2e24980 JavaThread "Unconstrained build operations Thread 68" [_thread_blocked, id=5968, stack(0x000000afce200000,0x000000afce300000)]
  0x000001d6a2e25cc0 JavaThread "Unconstrained build operations Thread 69" [_thread_blocked, id=4560, stack(0x000000afce300000,0x000000afce400000)]
  0x000001d6a2e1fc80 JavaThread "Unconstrained build operations Thread 70" [_thread_blocked, id=2684, stack(0x000000afce400000,0x000000afce500000)]
  0x000001d6a2e20150 JavaThread "Unconstrained build operations Thread 71" [_thread_blocked, id=6972, stack(0x000000afce500000,0x000000afce600000)]
  0x000001d6a2e22ca0 JavaThread "Unconstrained build operations Thread 72" [_thread_blocked, id=240, stack(0x000000afce600000,0x000000afce700000)]
  0x000001d6a2e25320 JavaThread "Unconstrained build operations Thread 73" [_thread_blocked, id=10132, stack(0x000000afce700000,0x000000afce800000)]
  0x000001d6a2e24e50 JavaThread "Unconstrained build operations Thread 74" [_thread_blocked, id=5984, stack(0x000000afce800000,0x000000afce900000)]
  0x000001d6a2e23170 JavaThread "Unconstrained build operations Thread 75" [_thread_blocked, id=7472, stack(0x000000afce900000,0x000000afcea00000)]
  0x000001d6a2e1f7b0 JavaThread "Unconstrained build operations Thread 76" [_thread_blocked, id=9784, stack(0x000000afcea00000,0x000000afceb00000)]
  0x000001d6a2e20620 JavaThread "Unconstrained build operations Thread 77" [_thread_blocked, id=10800, stack(0x000000afceb00000,0x000000afcec00000)]
  0x000001d6a2e20af0 JavaThread "Unconstrained build operations Thread 78" [_thread_blocked, id=9572, stack(0x000000afcec00000,0x000000afced00000)]
  0x000001d6a2e20fc0 JavaThread "Unconstrained build operations Thread 79" [_thread_blocked, id=9388, stack(0x000000afced00000,0x000000afcee00000)]
  0x000001d6a2e23640 JavaThread "Unconstrained build operations Thread 80" [_thread_blocked, id=5808, stack(0x000000afcee00000,0x000000afcef00000)]
  0x000001d6a2e23b10 JavaThread "Unconstrained build operations Thread 81" [_thread_blocked, id=9032, stack(0x000000afcef00000,0x000000afcf000000)]
  0x000001d6a2e257f0 JavaThread "Unconstrained build operations Thread 82" [_thread_blocked, id=6020, stack(0x000000afcf000000,0x000000afcf100000)]
  0x000001d6a2e21490 JavaThread "Unconstrained build operations Thread 83" [_thread_blocked, id=6052, stack(0x000000afcf100000,0x000000afcf200000)]
  0x000001d6a2e26190 JavaThread "Unconstrained build operations Thread 84" [_thread_blocked, id=8148, stack(0x000000afcf200000,0x000000afcf300000)]
  0x000001d6a2e21960 JavaThread "Unconstrained build operations Thread 85" [_thread_blocked, id=1184, stack(0x000000afcf300000,0x000000afcf400000)]
  0x000001d6a2e227d0 JavaThread "Unconstrained build operations Thread 86" [_thread_blocked, id=8640, stack(0x000000afcf400000,0x000000afcf500000)]
  0x000001d6a2e26660 JavaThread "Unconstrained build operations Thread 87" [_thread_blocked, id=10508, stack(0x000000afcf500000,0x000000afcf600000)]
  0x000001d6a2e26b30 JavaThread "Unconstrained build operations Thread 88" [_thread_blocked, id=10600, stack(0x000000afcf600000,0x000000afcf700000)]
  0x000001d6a2e1f2e0 JavaThread "Unconstrained build operations Thread 89" [_thread_blocked, id=11100, stack(0x000000afcf700000,0x000000afcf800000)]
  0x000001d6a2e21e30 JavaThread "Unconstrained build operations Thread 90" [_thread_blocked, id=9680, stack(0x000000afcf800000,0x000000afcf900000)]
  0x000001d6a2e22300 JavaThread "Unconstrained build operations Thread 91" [_thread_blocked, id=6760, stack(0x000000afcf900000,0x000000afcfa00000)]
  0x000001d6a2e23fe0 JavaThread "Unconstrained build operations Thread 92" [_thread_blocked, id=5636, stack(0x000000afcfa00000,0x000000afcfb00000)]
  0x000001d6a2e244b0 JavaThread "Unconstrained build operations Thread 93" [_thread_blocked, id=5924, stack(0x000000afcfb00000,0x000000afcfc00000)]
  0x000001d6a33eff30 JavaThread "Unconstrained build operations Thread 94" [_thread_blocked, id=7128, stack(0x000000afcfc00000,0x000000afcfd00000)]
  0x000001d6a33eca40 JavaThread "Unconstrained build operations Thread 95" [_thread_blocked, id=5976, stack(0x000000afcfd00000,0x000000afcfe00000)]
  0x000001d6a33ecf10 JavaThread "Unconstrained build operations Thread 96" [_thread_blocked, id=6800, stack(0x000000afcfe00000,0x000000afcff00000)]
  0x000001d6a33ee250 JavaThread "Unconstrained build operations Thread 97" [_thread_blocked, id=2076, stack(0x000000afcff00000,0x000000afd0000000)]
  0x000001d6a33ee720 JavaThread "Unconstrained build operations Thread 98" [_thread_blocked, id=6904, stack(0x000000afd0000000,0x000000afd0100000)]
  0x000001d6a33eebf0 JavaThread "Unconstrained build operations Thread 99" [_thread_blocked, id=2232, stack(0x000000afd0100000,0x000000afd0200000)]
  0x000001d6a33ef0c0 JavaThread "Unconstrained build operations Thread 100" [_thread_blocked, id=9652, stack(0x000000afd0200000,0x000000afd0300000)]
  0x000001d6a33edd80 JavaThread "Unconstrained build operations Thread 101" [_thread_blocked, id=3568, stack(0x000000afd0300000,0x000000afd0400000)]
  0x000001d6a33ed3e0 JavaThread "Unconstrained build operations Thread 102" [_thread_blocked, id=10276, stack(0x000000afd0400000,0x000000afd0500000)]
  0x000001d6a33ef590 JavaThread "Unconstrained build operations Thread 103" [_thread_blocked, id=5764, stack(0x000000afd0500000,0x000000afd0600000)]
  0x000001d6a33ea890 JavaThread "Unconstrained build operations Thread 104" [_thread_blocked, id=10296, stack(0x000000afd0600000,0x000000afd0700000)]
  0x000001d6a33ead60 JavaThread "Unconstrained build operations Thread 105" [_thread_blocked, id=5540, stack(0x000000afd0700000,0x000000afd0800000)]
  0x000001d6a33f0400 JavaThread "Unconstrained build operations Thread 106" [_thread_blocked, id=1356, stack(0x000000afd0800000,0x000000afd0900000)]
  0x000001d6a33ebbd0 JavaThread "Unconstrained build operations Thread 107" [_thread_blocked, id=11144, stack(0x000000afd0900000,0x000000afd0a00000)]
  0x000001d6a33eb230 JavaThread "Unconstrained build operations Thread 108" [_thread_blocked, id=7144, stack(0x000000afd0a00000,0x000000afd0b00000)]
  0x000001d6a33efa60 JavaThread "Unconstrained build operations Thread 109" [_thread_blocked, id=3516, stack(0x000000afd0b00000,0x000000afd0c00000)]
  0x000001d6a33f08d0 JavaThread "Unconstrained build operations Thread 110" [_thread_blocked, id=10688, stack(0x000000afd0c00000,0x000000afd0d00000)]
  0x000001d6a33e9550 JavaThread "Unconstrained build operations Thread 111" [_thread_blocked, id=1512, stack(0x000000afd0d00000,0x000000afd0e00000)]
  0x000001d6a33ec0a0 JavaThread "Unconstrained build operations Thread 112" [_thread_blocked, id=10980, stack(0x000000afd0e00000,0x000000afd0f00000)]
  0x000001d6a33ed8b0 JavaThread "Unconstrained build operations Thread 113" [_thread_blocked, id=3968, stack(0x000000afd0f00000,0x000000afd1000000)]
  0x000001d6a33ec570 JavaThread "Unconstrained build operations Thread 114" [_thread_blocked, id=5556, stack(0x000000afd1000000,0x000000afd1100000)]
  0x000001d6a33e9080 JavaThread "Unconstrained build operations Thread 115" [_thread_blocked, id=9144, stack(0x000000afd1100000,0x000000afd1200000)]
  0x000001d6a33e9a20 JavaThread "Unconstrained build operations Thread 116" [_thread_blocked, id=9892, stack(0x000000afd1200000,0x000000afd1300000)]
  0x000001d6a33eb700 JavaThread "Unconstrained build operations Thread 117" [_thread_blocked, id=4104, stack(0x000000afd1300000,0x000000afd1400000)]
  0x000001d6a33e9ef0 JavaThread "Unconstrained build operations Thread 118" [_thread_blocked, id=10540, stack(0x000000afd1400000,0x000000afd1500000)]
  0x000001d6a33ea3c0 JavaThread "Unconstrained build operations Thread 119" [_thread_blocked, id=2464, stack(0x000000afd1500000,0x000000afd1600000)]
  0x000001d69f4eea20 JavaThread "Unconstrained build operations Thread 120" [_thread_blocked, id=6976, stack(0x000000afd1600000,0x000000afd1700000)]
  0x000001d69f4eb060 JavaThread "jar transforms Thread 6" [_thread_blocked, id=2892, stack(0x000000afd1700000,0x000000afd1800000)]
  0x000001d69f4f1570 JavaThread "jar transforms Thread 7" [_thread_blocked, id=7312, stack(0x000000afd1800000,0x000000afd1900000)]
  0x000001d69f4ef890 JavaThread "jar transforms Thread 8" [_thread_blocked, id=6992, stack(0x000000afd1900000,0x000000afd1a00000)]
  0x000001d69f4ef3c0 JavaThread "jar transforms Thread 9" [_thread_blocked, id=5376, stack(0x000000afd1a00000,0x000000afd1b00000)]
  0x000001d69f4ebed0 JavaThread "jar transforms Thread 10" [_thread_blocked, id=3300, stack(0x000000afd1b00000,0x000000afd1c00000)]
  0x000001d69f4efd60 JavaThread "jar transforms Thread 11" [_thread_blocked, id=716, stack(0x000000afd1c00000,0x000000afd1d00000)]
  0x000001d69f4ed6e0 JavaThread "jar transforms Thread 12" [_thread_blocked, id=1480, stack(0x000000afd1d00000,0x000000afd1e00000)]
  0x000001d69f4eb530 JavaThread "build event listener" [_thread_blocked, id=3028, stack(0x000000afd1e00000,0x000000afd1f00000)]
  0x000001d69f4ec3a0 JavaThread "Memory manager" [_thread_blocked, id=5848, stack(0x000000afd1f00000,0x000000afd2000000)]
  0x000001d69f4eeef0 JavaThread "included builds" [_thread_blocked, id=8400, stack(0x000000afd2200000,0x000000afd2300000)]
  0x000001d69f4f1f10 JavaThread "Execution worker" [_thread_blocked, id=8504, stack(0x000000afd2300000,0x000000afd2400000)]
  0x000001d69f4edbb0 JavaThread "Execution worker Thread 2" [_thread_blocked, id=3964, stack(0x000000afd2400000,0x000000afd2500000)]
  0x000001d69f4f0700 JavaThread "Execution worker Thread 3" [_thread_blocked, id=7408, stack(0x000000afd2500000,0x000000afd2600000)]
  0x000001d69f4ed210 JavaThread "Execution worker Thread 4" [_thread_blocked, id=8452, stack(0x000000afd2600000,0x000000afd2700000)]
  0x000001d69f4ee080 JavaThread "Execution worker Thread 5" [_thread_blocked, id=9852, stack(0x000000afd2700000,0x000000afd2800000)]
  0x000001d69f4ee550 JavaThread "Execution worker Thread 6" [_thread_blocked, id=8532, stack(0x000000afd2800000,0x000000afd2900000)]
  0x000001d69f4f0bd0 JavaThread "Execution worker Thread 7" [_thread_blocked, id=3672, stack(0x000000afd2900000,0x000000afd2a00000)]
  0x000001d69f4f10a0 JavaThread "Execution worker Thread 8" [_thread_blocked, id=1404, stack(0x000000afd2a00000,0x000000afd2b00000)]
  0x000001d69f4f1a40 JavaThread "Execution worker Thread 9" [_thread_blocked, id=852, stack(0x000000afd2b00000,0x000000afd2c00000)]
  0x000001d69f4ea6c0 JavaThread "Execution worker Thread 10" [_thread_blocked, id=6628, stack(0x000000afd2c00000,0x000000afd2d00000)]
  0x000001d69f4eab90 JavaThread "Execution worker Thread 11" [_thread_blocked, id=10512, stack(0x000000afd2d00000,0x000000afd2e00000)]
  0x000001d6a3a71ad0 JavaThread "Cache worker for execution history cache (C:\Users\Pasha\AndroidStudioProjects\MyApplication9\.gradle\8.0\executionHistory)" [_thread_blocked, id=8292, stack(0x000000afd2e00000,0x000000afd2f00000)]
  0x000001d69c81d000 JavaThread "C2 CompilerThread2" daemon [_thread_blocked, id=3340, stack(0x000000afc7700000,0x000000afc7800000)]

Other Threads:
=>0x000001d69b8f34a0 VMThread "VM Thread" [stack: 0x000000afc6900000,0x000000afc6a00000] [id=964]
  0x000001d6ffaf06d0 WatcherThread [stack: 0x000000afc7500000,0x000000afc7600000] [id=2272]
  0x000001d6ffac80e0 GCTaskThread "GC Thread#0" [stack: 0x000000afc6400000,0x000000afc6500000] [id=7604]
  0x000001d69cb6cbf0 GCTaskThread "GC Thread#1" [stack: 0x000000afc7800000,0x000000afc7900000] [id=5552]
  0x000001d69d3a69c0 GCTaskThread "GC Thread#2" [stack: 0x000000afc7900000,0x000000afc7a00000] [id=2820]
  0x000001d69cbc2620 GCTaskThread "GC Thread#3" [stack: 0x000000afc7a00000,0x000000afc7b00000] [id=8208]
  0x000001d69e87bc70 GCTaskThread "GC Thread#4" [stack: 0x000000afc7b00000,0x000000afc7c00000] [id=808]
  0x000001d69dc16ec0 GCTaskThread "GC Thread#5" [stack: 0x000000afc8600000,0x000000afc8700000] [id=6036]
  0x000001d69f753c40 GCTaskThread "GC Thread#6" [stack: 0x000000afc8700000,0x000000afc8800000] [id=4624]
  0x000001d69f179ae0 GCTaskThread "GC Thread#7" [stack: 0x000000afc8800000,0x000000afc8900000] [id=5444]
  0x000001d69debe020 GCTaskThread "GC Thread#8" [stack: 0x000000afc8900000,0x000000afc8a00000] [id=5952]
  0x000001d69f17ca30 GCTaskThread "GC Thread#9" [stack: 0x000000afc8a00000,0x000000afc8b00000] [id=10372]
  0x000001d6ffad8f30 ConcurrentGCThread "G1 Main Marker" [stack: 0x000000afc6500000,0x000000afc6600000] [id=5304]
  0x000001d6ffad9ff0 ConcurrentGCThread "G1 Conc#0" [stack: 0x000000afc6600000,0x000000afc6700000] [id=6004]
  0x000001d69f7bb800 ConcurrentGCThread "G1 Conc#1" [stack: 0x000000afc8b00000,0x000000afc8c00000] [id=6852]
  0x000001d69de9e430 ConcurrentGCThread "G1 Conc#2" [stack: 0x000000afc8c00000,0x000000afc8d00000] [id=5388]
  0x000001d69b7610c0 ConcurrentGCThread "G1 Refine#0" [stack: 0x000000afc6700000,0x000000afc6800000] [id=1172]
  0x000001d6a398b1a0 ConcurrentGCThread "G1 Refine#1" [stack: 0x000000afd2000000,0x000000afd2100000] [id=5248]
  0x000001d6a398ba40 ConcurrentGCThread "G1 Refine#2" [stack: 0x000000afd2100000,0x000000afd2200000] [id=1424]
  0x000001d6a1ace720 ConcurrentGCThread "G1 Refine#3" [stack: 0x000000afd2f00000,0x000000afd3000000] [id=8232]
  0x000001d6a1aa8500 ConcurrentGCThread "G1 Refine#4" [stack: 0x000000afd3000000,0x000000afd3100000] [id=5644]
  0x000001d69b7619f0 ConcurrentGCThread "G1 Service" [stack: 0x000000afc6800000,0x000000afc6900000] [id=5160]

Threads with active compile tasks:
C2 CompilerThread0    10528 10845       4       com.android.ide.common.blame.MergingLogPersistUtil::lambda$normalize$0 (107 bytes)
C1 CompilerThread0    10528 10938       3       com.android.aaptcompiler.android.ResTableConfig::<init> (394 bytes)
C2 CompilerThread1    10528 10906       4       com.android.ide.common.resources.NodeUtils::duplicateNode (315 bytes)
C2 CompilerThread2    10528 10922       4       com.android.utils.XmlUtils::append (597 bytes)

VM state: at safepoint (normal execution)

VM Mutex/Monitor currently owned by a thread:  ([mutex/lock_event])
[0x000001d6ffa66380] Threads_lock - owner thread: 0x000001d69b8f34a0
[0x000001d6ffa65e70] Heap_lock - owner thread: 0x000001d6ffad8f30

Heap address: 0x0000000080000000, size: 2048 MB, Compressed Oops mode: 32-bit

CDS archive(s) not mapped
Compressed class space mapped at: 0x0000000100000000-0x0000000140000000, reserved size: 1073741824
Narrow klass base: 0x0000000000000000, Narrow klass shift: 3, Narrow klass range: 0x140000000

GC Precious Log:
 CPUs: 12 total, 12 available
 Memory: 8125M
 Large Page Support: Disabled
 NUMA Support: Disabled
 Compressed Oops: Enabled (32-bit)
 Heap Region Size: 1M
 Heap Min Capacity: 8M
 Heap Initial Capacity: 128M
 Heap Max Capacity: 2G
 Pre-touch: Disabled
 Parallel Workers: 10
 Concurrent Workers: 3
 Concurrent Refinement Workers: 10
 Periodic GC: Disabled

Heap:
 garbage-first heap   total 162816K, used 125620K [0x0000000080000000, 0x0000000100000000)
  region size 1024K, 7 young (7168K), 4 survivors (4096K)
 Metaspace       used 89070K, committed 89728K, reserved 1130496K
  class space    used 12169K, committed 12480K, reserved 1048576K

Heap Regions: E=young(eden), S=young(survivor), O=old, HS=humongous(starts), HC=humongous(continues), CS=collection set, F=free, OA=open archive, CA=closed archive, TAMS=top-at-mark-start (previous, next)
|   0|0x0000000080000000, 0x0000000080100000, 0x0000000080100000|100%|HS|  |TAMS 0x0000000080100000, 0x0000000080000000| Complete 
|   1|0x0000000080100000, 0x0000000080200000, 0x0000000080200000|100%|HC|  |TAMS 0x0000000080200000, 0x0000000080100000| Complete 
|   2|0x0000000080200000, 0x0000000080300000, 0x0000000080300000|100%|HC|  |TAMS 0x0000000080300000, 0x0000000080200000| Complete 
|   3|0x0000000080300000, 0x0000000080400000, 0x0000000080400000|100%|HC|  |TAMS 0x0000000080400000, 0x0000000080300000| Complete 
|   4|0x0000000080400000, 0x0000000080500000, 0x0000000080500000|100%| O|  |TAMS 0x0000000080500000, 0x0000000080400000| Untracked 
|   5|0x0000000080500000, 0x0000000080600000, 0x0000000080600000|100%| O|  |TAMS 0x0000000080600000, 0x0000000080500000| Updating 
|   6|0x0000000080600000, 0x0000000080700000, 0x0000000080700000|100%| O|  |TAMS 0x0000000080700000, 0x0000000080600000| Untracked 
|   7|0x0000000080700000, 0x0000000080800000, 0x0000000080800000|100%| O|  |TAMS 0x0000000080800000, 0x0000000080700000| Untracked 
|   8|0x0000000080800000, 0x0000000080900000, 0x0000000080900000|100%| O|  |TAMS 0x0000000080900000, 0x0000000080800000| Untracked 
|   9|0x0000000080900000, 0x0000000080a00000, 0x0000000080a00000|100%| O|  |TAMS 0x0000000080a00000, 0x0000000080900000| Untracked 
|  10|0x0000000080a00000, 0x0000000080b00000, 0x0000000080b00000|100%| O|  |TAMS 0x0000000080b00000, 0x0000000080a00000| Untracked 
|  11|0x0000000080b00000, 0x0000000080be2000, 0x0000000080c00000| 88%| O|  |TAMS 0x0000000080be2000, 0x0000000080b00000| Updating 
|  12|0x0000000080c00000, 0x0000000080d00000, 0x0000000080d00000|100%| O|  |TAMS 0x0000000080d00000, 0x0000000080c00000| Untracked 
|  13|0x0000000080d00000, 0x0000000080e00000, 0x0000000080e00000|100%| O|  |TAMS 0x0000000080e00000, 0x0000000080d00000| Untracked 
|  14|0x0000000080e00000, 0x0000000080f00000, 0x0000000080f00000|100%| O|  |TAMS 0x0000000080f00000, 0x0000000080e00000| Untracked 
|  15|0x0000000080f00000, 0x0000000081000000, 0x0000000081000000|100%| O|  |TAMS 0x0000000081000000, 0x0000000080f00000| Untracked 
|  16|0x0000000081000000, 0x0000000081100000, 0x0000000081100000|100%| O|  |TAMS 0x0000000081100000, 0x0000000081000000| Untracked 
|  17|0x0000000081100000, 0x0000000081200000, 0x0000000081200000|100%| O|  |TAMS 0x0000000081200000, 0x0000000081100000| Untracked 
|  18|0x0000000081200000, 0x0000000081300000, 0x0000000081300000|100%| O|  |TAMS 0x0000000081300000, 0x0000000081200000| Untracked 
|  19|0x0000000081300000, 0x0000000081400000, 0x0000000081400000|100%| O|  |TAMS 0x0000000081400000, 0x0000000081300000| Untracked 
|  20|0x0000000081400000, 0x0000000081500000, 0x0000000081500000|100%| O|  |TAMS 0x0000000081500000, 0x0000000081400000| Untracked 
|  21|0x0000000081500000, 0x0000000081600000, 0x0000000081600000|100%| O|  |TAMS 0x0000000081600000, 0x0000000081500000| Updating 
|  22|0x0000000081600000, 0x0000000081700000, 0x0000000081700000|100%| O|  |TAMS 0x0000000081700000, 0x0000000081600000| Untracked 
|  23|0x0000000081700000, 0x0000000081800000, 0x0000000081800000|100%| O|  |TAMS 0x0000000081800000, 0x0000000081700000| Updating 
|  24|0x0000000081800000, 0x0000000081900000, 0x0000000081900000|100%| O|  |TAMS 0x0000000081900000, 0x0000000081800000| Untracked 
|  25|0x0000000081900000, 0x0000000081a00000, 0x0000000081a00000|100%| O|  |TAMS 0x0000000081a00000, 0x0000000081900000| Untracked 
|  26|0x0000000081a00000, 0x0000000081b00000, 0x0000000081b00000|100%| O|  |TAMS 0x0000000081b00000, 0x0000000081a00000| Untracked 
|  27|0x0000000081b00000, 0x0000000081c00000, 0x0000000081c00000|100%| O|  |TAMS 0x0000000081c00000, 0x0000000081b00000| Untracked 
|  28|0x0000000081c00000, 0x0000000081d00000, 0x0000000081d00000|100%| O|  |TAMS 0x0000000081d00000, 0x0000000081c00000| Untracked 
|  29|0x0000000081d00000, 0x0000000081e00000, 0x0000000081e00000|100%| O|  |TAMS 0x0000000081e00000, 0x0000000081d00000| Untracked 
|  30|0x0000000081e00000, 0x0000000081f00000, 0x0000000081f00000|100%| O|  |TAMS 0x0000000081f00000, 0x0000000081e00000| Untracked 
|  31|0x0000000081f00000, 0x0000000082000000, 0x0000000082000000|100%| O|  |TAMS 0x0000000082000000, 0x0000000081f00000| Updating 
|  32|0x0000000082000000, 0x0000000082100000, 0x0000000082100000|100%| O|  |TAMS 0x0000000082100000, 0x0000000082000000| Updating 
|  33|0x0000000082100000, 0x0000000082200000, 0x0000000082200000|100%|HS|  |TAMS 0x0000000082200000, 0x0000000082100000| Complete 
|  34|0x0000000082200000, 0x0000000082300000, 0x0000000082300000|100%|HS|  |TAMS 0x0000000082300000, 0x0000000082200000| Complete 
|  35|0x0000000082300000, 0x0000000082400000, 0x0000000082400000|100%| O|  |TAMS 0x0000000082400000, 0x0000000082300000| Untracked 
|  36|0x0000000082400000, 0x0000000082500000, 0x0000000082500000|100%| O|  |TAMS 0x0000000082500000, 0x0000000082400000| Untracked 
|  37|0x0000000082500000, 0x0000000082600000, 0x0000000082600000|100%| O|  |TAMS 0x0000000082600000, 0x0000000082500000| Untracked 
|  38|0x0000000082600000, 0x0000000082700000, 0x0000000082700000|100%| O|  |TAMS 0x0000000082700000, 0x0000000082600000| Untracked 
|  39|0x0000000082700000, 0x0000000082800000, 0x0000000082800000|100%| O|  |TAMS 0x0000000082800000, 0x0000000082700000| Untracked 
|  40|0x0000000082800000, 0x0000000082900000, 0x0000000082900000|100%| O|  |TAMS 0x0000000082900000, 0x0000000082800000| Untracked 
|  41|0x0000000082900000, 0x0000000082a00000, 0x0000000082a00000|100%| O|  |TAMS 0x0000000082a00000, 0x0000000082900000| Untracked 
|  42|0x0000000082a00000, 0x0000000082b00000, 0x0000000082b00000|100%| O|  |TAMS 0x0000000082b00000, 0x0000000082a00000| Untracked 
|  43|0x0000000082b00000, 0x0000000082c00000, 0x0000000082c00000|100%| O|  |TAMS 0x0000000082c00000, 0x0000000082b00000| Updating 
|  44|0x0000000082c00000, 0x0000000082d00000, 0x0000000082d00000|100%| O|  |TAMS 0x0000000082d00000, 0x0000000082c00000| Untracked 
|  45|0x0000000082d00000, 0x0000000082e00000, 0x0000000082e00000|100%| O|  |TAMS 0x0000000082e00000, 0x0000000082d00000| Untracked 
|  46|0x0000000082e00000, 0x0000000082f00000, 0x0000000082f00000|100%| O|  |TAMS 0x0000000082f00000, 0x0000000082e00000| Untracked 
|  47|0x0000000082f00000, 0x0000000083000000, 0x0000000083000000|100%| O|  |TAMS 0x0000000083000000, 0x0000000082f00000| Untracked 
|  48|0x0000000083000000, 0x0000000083100000, 0x0000000083100000|100%| O|  |TAMS 0x0000000083100000, 0x0000000083000000| Untracked 
|  49|0x0000000083100000, 0x0000000083200000, 0x0000000083200000|100%| O|  |TAMS 0x0000000083200000, 0x0000000083100000| Untracked 
|  50|0x0000000083200000, 0x0000000083300000, 0x0000000083300000|100%| O|  |TAMS 0x0000000083300000, 0x0000000083200000| Untracked 
|  51|0x0000000083300000, 0x0000000083400000, 0x0000000083400000|100%| O|  |TAMS 0x0000000083400000, 0x0000000083300000| Untracked 
|  52|0x0000000083400000, 0x0000000083500000, 0x0000000083500000|100%| O|  |TAMS 0x0000000083500000, 0x0000000083400000| Untracked 
|  53|0x0000000083500000, 0x0000000083600000, 0x0000000083600000|100%| O|  |TAMS 0x0000000083600000, 0x0000000083500000| Updating 
|  54|0x0000000083600000, 0x0000000083700000, 0x0000000083700000|100%| O|  |TAMS 0x0000000083700000, 0x0000000083600000| Untracked 
|  55|0x0000000083700000, 0x0000000083800000, 0x0000000083800000|100%| O|  |TAMS 0x0000000083800000, 0x0000000083700000| Untracked 
|  56|0x0000000083800000, 0x0000000083900000, 0x0000000083900000|100%| O|  |TAMS 0x0000000083900000, 0x0000000083800000| Untracked 
|  57|0x0000000083900000, 0x0000000083a00000, 0x0000000083a00000|100%| O|  |TAMS 0x0000000083a00000, 0x0000000083900000| Untracked 
|  58|0x0000000083a00000, 0x0000000083b00000, 0x0000000083b00000|100%| O|  |TAMS 0x0000000083b00000, 0x0000000083a00000| Untracked 
|  59|0x0000000083b00000, 0x0000000083c00000, 0x0000000083c00000|100%| O|  |TAMS 0x0000000083c00000, 0x0000000083b00000| Updating 
|  60|0x0000000083c00000, 0x0000000083d00000, 0x0000000083d00000|100%| O|  |TAMS 0x0000000083d00000, 0x0000000083c00000| Untracked 
|  61|0x0000000083d00000, 0x0000000083e00000, 0x0000000083e00000|100%| O|  |TAMS 0x0000000083e00000, 0x0000000083d00000| Updating 
|  62|0x0000000083e00000, 0x0000000083f00000, 0x0000000083f00000|100%| O|  |TAMS 0x0000000083f00000, 0x0000000083e00000| Untracked 
|  63|0x0000000083f00000, 0x0000000084000000, 0x0000000084000000|100%| O|  |TAMS 0x0000000084000000, 0x0000000083f00000| Untracked 
|  64|0x0000000084000000, 0x0000000084100000, 0x0000000084100000|100%| O|  |TAMS 0x0000000084100000, 0x0000000084000000| Untracked 
|  65|0x0000000084100000, 0x0000000084200000, 0x0000000084200000|100%| O|  |TAMS 0x0000000084200000, 0x0000000084100000| Untracked 
|  66|0x0000000084200000, 0x0000000084300000, 0x0000000084300000|100%| O|  |TAMS 0x0000000084300000, 0x0000000084200000| Updating 
|  67|0x0000000084300000, 0x0000000084400000, 0x0000000084400000|100%| O|  |TAMS 0x0000000084400000, 0x0000000084300000| Untracked 
|  68|0x0000000084400000, 0x0000000084500000, 0x0000000084500000|100%| O|  |TAMS 0x0000000084500000, 0x0000000084400000| Untracked 
|  69|0x0000000084500000, 0x0000000084600000, 0x0000000084600000|100%| O|  |TAMS 0x0000000084600000, 0x0000000084500000| Untracked 
|  70|0x0000000084600000, 0x0000000084700000, 0x0000000084700000|100%| O|  |TAMS 0x0000000084700000, 0x0000000084600000| Untracked 
|  71|0x0000000084700000, 0x0000000084800000, 0x0000000084800000|100%| O|  |TAMS 0x0000000084700000, 0x0000000084700000| Untracked 
|  72|0x0000000084800000, 0x0000000084900000, 0x0000000084900000|100%| O|  |TAMS 0x0000000084900000, 0x0000000084800000| Untracked 
|  73|0x0000000084900000, 0x0000000084a00000, 0x0000000084a00000|100%| O|  |TAMS 0x0000000084a00000, 0x0000000084900000| Untracked 
|  74|0x0000000084a00000, 0x0000000084b00000, 0x0000000084b00000|100%| O|  |TAMS 0x0000000084b00000, 0x0000000084a00000| Untracked 
|  75|0x0000000084b00000, 0x0000000084c00000, 0x0000000084c00000|100%| O|  |TAMS 0x0000000084c00000, 0x0000000084b00000| Untracked 
|  76|0x0000000084c00000, 0x0000000084d00000, 0x0000000084d00000|100%| O|  |TAMS 0x0000000084d00000, 0x0000000084c00000| Untracked 
|  77|0x0000000084d00000, 0x0000000084e00000, 0x0000000084e00000|100%| O|  |TAMS 0x0000000084e00000, 0x0000000084d00000| Untracked 
|  78|0x0000000084e00000, 0x0000000084f00000, 0x0000000084f00000|100%| O|  |TAMS 0x0000000084f00000, 0x0000000084e00000| Updating 
|  79|0x0000000084f00000, 0x0000000085000000, 0x0000000085000000|100%| O|  |TAMS 0x0000000085000000, 0x0000000084f00000| Untracked 
|  80|0x0000000085000000, 0x0000000085100000, 0x0000000085100000|100%| O|  |TAMS 0x0000000085100000, 0x0000000085000000| Untracked 
|  81|0x0000000085100000, 0x0000000085200000, 0x0000000085200000|100%|HS|  |TAMS 0x0000000085200000, 0x0000000085100000| Complete 
|  82|0x0000000085200000, 0x0000000085300000, 0x0000000085300000|100%| O|  |TAMS 0x0000000085300000, 0x0000000085200000| Untracked 
|  83|0x0000000085300000, 0x0000000085400000, 0x0000000085400000|100%| O|  |TAMS 0x0000000085400000, 0x0000000085300000| Untracked 
|  84|0x0000000085400000, 0x0000000085500000, 0x0000000085500000|100%| O|  |TAMS 0x0000000085500000, 0x0000000085400000| Updating 
|  85|0x0000000085500000, 0x0000000085600000, 0x0000000085600000|100%| O|  |TAMS 0x00000000855fae00, 0x0000000085500000| Updating 
|  86|0x0000000085600000, 0x0000000085700000, 0x0000000085700000|100%| O|  |TAMS 0x0000000085600000, 0x0000000085600000| Untracked 
|  87|0x0000000085700000, 0x0000000085800000, 0x0000000085800000|100%| O|  |TAMS 0x0000000085700000, 0x0000000085700000| Untracked 
|  88|0x0000000085800000, 0x00000000858cb000, 0x0000000085900000| 79%| O|  |TAMS 0x0000000085800000, 0x0000000085800000| Updating 
|  89|0x0000000085900000, 0x0000000085a00000, 0x0000000085a00000|100%|HS|  |TAMS 0x0000000085900000, 0x0000000085900000| Complete 
|  90|0x0000000085a00000, 0x0000000085b00000, 0x0000000085b00000|100%| O|  |TAMS 0x0000000085b00000, 0x0000000085a00000| Untracked 
|  91|0x0000000085b00000, 0x0000000085c00000, 0x0000000085c00000|100%| O|  |TAMS 0x0000000085c00000, 0x0000000085b00000| Untracked 
|  92|0x0000000085c00000, 0x0000000085d00000, 0x0000000085d00000|100%| O|  |TAMS 0x0000000085d00000, 0x0000000085c00000| Untracked 
|  93|0x0000000085d00000, 0x0000000085e00000, 0x0000000085e00000|100%| O|  |TAMS 0x0000000085e00000, 0x0000000085d00000| Untracked 
|  94|0x0000000085e00000, 0x0000000085f00000, 0x0000000085f00000|100%| O|  |TAMS 0x0000000085f00000, 0x0000000085e00000| Untracked 
|  95|0x0000000085f00000, 0x0000000086000000, 0x0000000086000000|100%| O|  |TAMS 0x0000000086000000, 0x0000000085f00000| Untracked 
|  96|0x0000000086000000, 0x0000000086100000, 0x0000000086100000|100%| O|  |TAMS 0x0000000086100000, 0x0000000086000000| Untracked 
|  97|0x0000000086100000, 0x0000000086200000, 0x0000000086200000|100%| O|  |TAMS 0x0000000086200000, 0x0000000086100000| Untracked 
|  98|0x0000000086200000, 0x0000000086300000, 0x0000000086300000|100%| O|  |TAMS 0x0000000086300000, 0x0000000086200000| Untracked 
|  99|0x0000000086300000, 0x0000000086400000, 0x0000000086400000|100%| O|  |TAMS 0x0000000086400000, 0x0000000086300000| Untracked 
| 100|0x0000000086400000, 0x0000000086500000, 0x0000000086500000|100%| O|  |TAMS 0x0000000086500000, 0x0000000086400000| Untracked 
| 101|0x0000000086500000, 0x0000000086600000, 0x0000000086600000|100%| O|  |TAMS 0x0000000086600000, 0x0000000086500000| Untracked 
| 102|0x0000000086600000, 0x0000000086700000, 0x0000000086700000|100%| O|  |TAMS 0x0000000086700000, 0x0000000086600000| Updating 
| 103|0x0000000086700000, 0x0000000086800000, 0x0000000086800000|100%|HS|  |TAMS 0x0000000086700000, 0x0000000086700000| Complete 
| 104|0x0000000086800000, 0x0000000086900000, 0x0000000086900000|100%|HC|  |TAMS 0x0000000086800000, 0x0000000086800000| Complete 
| 105|0x0000000086900000, 0x0000000086a00000, 0x0000000086a00000|100%|HS|  |TAMS 0x0000000086900000, 0x0000000086900000| Complete 
| 106|0x0000000086a00000, 0x0000000086b00000, 0x0000000086b00000|100%|HC|  |TAMS 0x0000000086a00000, 0x0000000086a00000| Complete 
| 107|0x0000000086b00000, 0x0000000086c00000, 0x0000000086c00000|100%|HC|  |TAMS 0x0000000086b00000, 0x0000000086b00000| Complete 
| 108|0x0000000086c00000, 0x0000000086d00000, 0x0000000086d00000|100%|HC|  |TAMS 0x0000000086c00000, 0x0000000086c00000| Complete 
| 109|0x0000000086d00000, 0x0000000086e00000, 0x0000000086e00000|100%|HS|  |TAMS 0x0000000086d00000, 0x0000000086d00000| Complete 
| 110|0x0000000086e00000, 0x0000000086f00000, 0x0000000086f00000|100%|HC|  |TAMS 0x0000000086e00000, 0x0000000086e00000| Complete 
| 111|0x0000000086f00000, 0x0000000087000000, 0x0000000087000000|100%|HS|  |TAMS 0x0000000086f00000, 0x0000000086f00000| Complete 
| 112|0x0000000087000000, 0x0000000087100000, 0x0000000087100000|100%|HC|  |TAMS 0x0000000087000000, 0x0000000087000000| Complete 
| 113|0x0000000087100000, 0x0000000087200000, 0x0000000087200000|100%|HC|  |TAMS 0x0000000087100000, 0x0000000087100000| Complete 
| 114|0x0000000087200000, 0x0000000087300000, 0x0000000087300000|100%|HS|  |TAMS 0x0000000087200000, 0x0000000087200000| Complete 
| 115|0x0000000087300000, 0x0000000087400000, 0x0000000087400000|100%|HC|  |TAMS 0x0000000087300000, 0x0000000087300000| Complete 
| 116|0x0000000087400000, 0x0000000087500000, 0x0000000087500000|100%|HC|  |TAMS 0x0000000087400000, 0x0000000087400000| Complete 
| 117|0x0000000087500000, 0x0000000087500000, 0x0000000087600000|  0%| F|  |TAMS 0x0000000087500000, 0x0000000087500000| Untracked 
| 118|0x0000000087600000, 0x0000000087600000, 0x0000000087700000|  0%| F|  |TAMS 0x0000000087600000, 0x0000000087600000| Untracked 
| 119|0x0000000087700000, 0x0000000087700000, 0x0000000087800000|  0%| F|  |TAMS 0x0000000087700000, 0x0000000087700000| Untracked 
| 120|0x0000000087800000, 0x0000000087800000, 0x0000000087900000|  0%| F|  |TAMS 0x0000000087800000, 0x0000000087800000| Untracked 
| 121|0x0000000087900000, 0x0000000087900000, 0x0000000087a00000|  0%| F|  |TAMS 0x0000000087900000, 0x0000000087900000| Untracked 
| 122|0x0000000087a00000, 0x0000000087a00000, 0x0000000087b00000|  0%| F|  |TAMS 0x0000000087a00000, 0x0000000087a00000| Untracked 
| 123|0x0000000087b00000, 0x0000000087b00000, 0x0000000087c00000|  0%| F|  |TAMS 0x0000000087b00000, 0x0000000087b00000| Untracked 
| 124|0x0000000087c00000, 0x0000000087c00000, 0x0000000087d00000|  0%| F|  |TAMS 0x0000000087c00000, 0x0000000087c00000| Untracked 
| 125|0x0000000087d00000, 0x0000000087d00000, 0x0000000087e00000|  0%| F|  |TAMS 0x0000000087d00000, 0x0000000087d00000| Untracked 
| 126|0x0000000087e00000, 0x0000000087e00000, 0x0000000087f00000|  0%| F|  |TAMS 0x0000000087e00000, 0x0000000087e00000| Untracked 
| 127|0x0000000087f00000, 0x0000000088000000, 0x0000000088000000|100%| S|CS|TAMS 0x0000000087f00000, 0x0000000087f00000| Complete 
| 128|0x0000000088000000, 0x0000000088100000, 0x0000000088100000|100%| S|CS|TAMS 0x0000000088000000, 0x0000000088000000| Complete 
| 129|0x0000000088100000, 0x0000000088200000, 0x0000000088200000|100%| S|CS|TAMS 0x0000000088100000, 0x0000000088100000| Complete 
| 130|0x0000000088200000, 0x0000000088300000, 0x0000000088300000|100%| S|CS|TAMS 0x0000000088200000, 0x0000000088200000| Complete 
| 131|0x0000000088300000, 0x0000000088300000, 0x0000000088400000|  0%| F|  |TAMS 0x0000000088300000, 0x0000000088300000| Untracked 
| 132|0x0000000088400000, 0x0000000088400000, 0x0000000088500000|  0%| F|  |TAMS 0x0000000088400000, 0x0000000088400000| Untracked 
| 133|0x0000000088500000, 0x0000000088500000, 0x0000000088600000|  0%| F|  |TAMS 0x0000000088500000, 0x0000000088500000| Untracked 
| 134|0x0000000088600000, 0x0000000088600000, 0x0000000088700000|  0%| F|  |TAMS 0x0000000088600000, 0x0000000088600000| Untracked 
| 135|0x0000000088700000, 0x0000000088700000, 0x0000000088800000|  0%| F|  |TAMS 0x0000000088700000, 0x0000000088700000| Untracked 
| 136|0x0000000088800000, 0x0000000088800000, 0x0000000088900000|  0%| F|  |TAMS 0x0000000088800000, 0x0000000088800000| Untracked 
| 137|0x0000000088900000, 0x0000000088900000, 0x0000000088a00000|  0%| F|  |TAMS 0x0000000088900000, 0x0000000088900000| Untracked 
| 138|0x0000000088a00000, 0x0000000088a00000, 0x0000000088b00000|  0%| F|  |TAMS 0x0000000088a00000, 0x0000000088a00000| Untracked 
| 139|0x0000000088b00000, 0x0000000088b00000, 0x0000000088c00000|  0%| F|  |TAMS 0x0000000088b00000, 0x0000000088b00000| Untracked 
| 140|0x0000000088c00000, 0x0000000088c00000, 0x0000000088d00000|  0%| F|  |TAMS 0x0000000088c00000, 0x0000000088c00000| Untracked 
| 141|0x0000000088d00000, 0x0000000088d00000, 0x0000000088e00000|  0%| F|  |TAMS 0x0000000088d00000, 0x0000000088d00000| Untracked 
| 142|0x0000000088e00000, 0x0000000088e00000, 0x0000000088f00000|  0%| F|  |TAMS 0x0000000088e00000, 0x0000000088e00000| Untracked 
| 143|0x0000000088f00000, 0x0000000088f00000, 0x0000000089000000|  0%| F|  |TAMS 0x0000000088f00000, 0x0000000088f00000| Untracked 
| 144|0x0000000089000000, 0x0000000089000000, 0x0000000089100000|  0%| F|  |TAMS 0x0000000089000000, 0x0000000089000000| Untracked 
| 145|0x0000000089100000, 0x0000000089100000, 0x0000000089200000|  0%| F|  |TAMS 0x0000000089100000, 0x0000000089100000| Untracked 
| 146|0x0000000089200000, 0x0000000089200000, 0x0000000089300000|  0%| F|  |TAMS 0x0000000089200000, 0x0000000089200000| Untracked 
| 147|0x0000000089300000, 0x0000000089300000, 0x0000000089400000|  0%| F|  |TAMS 0x0000000089300000, 0x0000000089300000| Untracked 
| 148|0x0000000089400000, 0x0000000089400000, 0x0000000089500000|  0%| F|  |TAMS 0x0000000089400000, 0x0000000089400000| Untracked 
| 149|0x0000000089500000, 0x0000000089500000, 0x0000000089600000|  0%| F|  |TAMS 0x0000000089500000, 0x0000000089500000| Untracked 
| 150|0x0000000089600000, 0x0000000089600000, 0x0000000089700000|  0%| F|  |TAMS 0x0000000089600000, 0x0000000089600000| Untracked 
| 151|0x0000000089700000, 0x0000000089700000, 0x0000000089800000|  0%| F|  |TAMS 0x0000000089700000, 0x0000000089700000| Untracked 
| 152|0x0000000089800000, 0x0000000089800000, 0x0000000089900000|  0%| F|  |TAMS 0x0000000089800000, 0x0000000089800000| Untracked 
| 153|0x0000000089900000, 0x0000000089900000, 0x0000000089a00000|  0%| F|  |TAMS 0x0000000089900000, 0x0000000089900000| Untracked 
| 154|0x0000000089a00000, 0x0000000089a00000, 0x0000000089b00000|  0%| F|  |TAMS 0x0000000089a00000, 0x0000000089a00000| Untracked 
| 155|0x0000000089b00000, 0x0000000089b00000, 0x0000000089c00000|  0%| F|  |TAMS 0x0000000089b00000, 0x0000000089b00000| Untracked 
| 156|0x0000000089c00000, 0x0000000089cdb538, 0x0000000089d00000| 85%| E|  |TAMS 0x0000000089c00000, 0x0000000089c00000| Complete 
| 157|0x0000000089d00000, 0x0000000089e00000, 0x0000000089e00000|100%| E|CS|TAMS 0x0000000089d00000, 0x0000000089d00000| Complete 
| 158|0x0000000089e00000, 0x0000000089f00000, 0x0000000089f00000|100%| E|CS|TAMS 0x0000000089e00000, 0x0000000089e00000| Complete 

Card table byte_map: [0x000001d694490000,0x000001d694890000] _byte_map_base: 0x000001d694090000

Marking Bits (Prev, Next): (CMBitMap*) 0x000001d6ffac8640, (CMBitMap*) 0x000001d6ffac8600
 Prev Bits: [0x000001d696c90000, 0x000001d698c90000)
 Next Bits: [0x000001d694c90000, 0x000001d696c90000)

Polling page: 0x000001d6ff5d0000

Metaspace:

Usage:
  Non-class:     75.10 MB used.
      Class:     11.88 MB used.
       Both:     86.98 MB used.

Virtual space:
  Non-class space:       80.00 MB reserved,      75.44 MB ( 94%) committed,  10 nodes.
      Class space:        1.00 GB reserved,      12.19 MB (  1%) committed,  1 nodes.
             Both:        1.08 GB reserved,      87.62 MB (  8%) committed. 

Chunk freelists:
   Non-Class:  432.00 KB
       Class:  3.83 MB
        Both:  4.25 MB

MaxMetaspaceSize: unlimited
CompressedClassSpaceSize: 1.00 GB
Initial GC threshold: 21.00 MB
Current GC threshold: 144.38 MB
CDS: off
MetaspaceReclaimPolicy: balanced
 - commit_granule_bytes: 65536.
 - commit_granule_words: 8192.
 - virtual_space_node_default_size: 1048576.
 - enlarge_chunks_in_place: 1.
 - new_chunks_are_fully_committed: 0.
 - uncommit_free_chunks: 1.
 - use_allocation_guard: 0.
 - handle_deallocations: 1.


Internal statistics:

num_allocs_failed_limit: 6.
num_arena_births: 872.
num_arena_deaths: 24.
num_vsnodes_births: 11.
num_vsnodes_deaths: 0.
num_space_committed: 1402.
num_space_uncommitted: 0.
num_chunks_returned_to_freelist: 41.
num_chunks_taken_from_freelist: 4094.
num_chunk_merges: 21.
num_chunk_splits: 2692.
num_chunks_enlarged: 1797.
num_purges: 2.
num_inconsistent_stats: 0.

CodeHeap 'non-profiled nmethods': size=120000Kb used=5872Kb max_used=5872Kb free=114127Kb
 bounds [0x000001d68c2e0000, 0x000001d68c8b0000, 0x000001d693810000]
CodeHeap 'profiled nmethods': size=120000Kb used=17610Kb max_used=18341Kb free=102389Kb
 bounds [0x000001d684810000, 0x000001d685a00000, 0x000001d68bd40000]
CodeHeap 'non-nmethods': size=5760Kb used=2374Kb max_used=2458Kb free=3385Kb
 bounds [0x000001d68bd40000, 0x000001d68bfb0000, 0x000001d68c2e0000]
 total_blobs=10222 nmethods=9315 adapters=819
 compilation: enabled
              stopped_count=0, restarted_count=0
 full_count=0

Compilation events (20 events):
Event: 10.483 Thread 0x000001d69c451fe0 nmethod 10926 0x000001d684f0b510 code [0x000001d684f0b6a0, 0x000001d684f0b808]
Event: 10.483 Thread 0x000001d69c451fe0 10927       3       kotlin.text.StringsKt__StringsJVMKt::endsWith (44 bytes)
Event: 10.485 Thread 0x000001d69c451fe0 nmethod 10927 0x000001d684952090 code [0x000001d6849523c0, 0x000001d684953438]
Event: 10.485 Thread 0x000001d69c451fe0 10928       3       kotlin.collections.CollectionsKt__IterablesKt::collectionSizeOrDefault (27 bytes)
Event: 10.485 Thread 0x000001d69c451fe0 nmethod 10928 0x000001d684d08090 code [0x000001d684d082c0, 0x000001d684d08b68]
Event: 10.485 Thread 0x000001d69c451fe0 10929       3       kotlin.text.StringsKt__StringsKt::indexOf$default (26 bytes)
Event: 10.485 Thread 0x000001d69c451fe0 nmethod 10929 0x000001d6850dce90 code [0x000001d6850dd040, 0x000001d6850dd1e8]
Event: 10.487 Thread 0x000001d69c451fe0 10931       3       kotlin.collections.CollectionsKt__CollectionsJVMKt::listOf (11 bytes)
Event: 10.487 Thread 0x000001d69c451fe0 nmethod 10931 0x000001d684d1da90 code [0x000001d684d1dc60, 0x000001d684d1e028]
Event: 10.491 Thread 0x000001d69c451fe0 10932       1       com.android.aaptcompiler.ResourcePathData::getResourceDirectory (5 bytes)
Event: 10.491 Thread 0x000001d69c451fe0 nmethod 10932 0x000001d68c54db10 code [0x000001d68c54dca0, 0x000001d68c54dd78]
Event: 10.491 Thread 0x000001d69c451fe0 10933       1       com.android.aaptcompiler.ResourcePathData::getExtension (5 bytes)
Event: 10.491 Thread 0x000001d69c451fe0 nmethod 10933 0x000001d68c54d810 code [0x000001d68c54d9a0, 0x000001d68c54da78]
Event: 10.491 Thread 0x000001d69c451fe0 10935       1       com.android.ide.common.resources.CompileResourceRequest::isPngCrunching (5 bytes)
Event: 10.491 Thread 0x000001d69c451fe0 nmethod 10935 0x000001d68c54d510 code [0x000001d68c54d6a0, 0x000001d68c54d778]
Event: 10.491 Thread 0x000001d69c451fe0 10936       3       kotlin.text.StringsKt__StringsKt::substringBefore$default (15 bytes)
Event: 10.491 Thread 0x000001d69c451fe0 nmethod 10936 0x000001d684d3da10 code [0x000001d684d3dba0, 0x000001d684d3dce8]
Event: 10.491 Thread 0x000001d69c451fe0 10937       3       kotlin.text.StringsKt__StringsKt::substringBefore (65 bytes)
Event: 10.492 Thread 0x000001d69c451fe0 nmethod 10937 0x000001d685982b10 code [0x000001d685982e40, 0x000001d685983e88]
Event: 10.492 Thread 0x000001d69c451fe0 10938       3       com.android.aaptcompiler.android.ResTableConfig::<init> (394 bytes)

GC Heap History (20 events):
Event: 7.602 GC heap before
{Heap before GC invocations=26 (full 0):
 garbage-first heap   total 125952K, used 99042K [0x0000000080000000, 0x0000000100000000)
  region size 1024K, 43 young (44032K), 6 survivors (6144K)
 Metaspace       used 80176K, committed 80768K, reserved 1122304K
  class space    used 10938K, committed 11200K, reserved 1048576K
}
Event: 7.607 GC heap after
{Heap after GC invocations=27 (full 0):
 garbage-first heap   total 125952K, used 63932K [0x0000000080000000, 0x0000000100000000)
  region size 1024K, 3 young (3072K), 3 survivors (3072K)
 Metaspace       used 80176K, committed 80768K, reserved 1122304K
  class space    used 10938K, committed 11200K, reserved 1048576K
}
Event: 7.901 GC heap before
{Heap before GC invocations=27 (full 0):
 garbage-first heap   total 125952K, used 100796K [0x0000000080000000, 0x0000000100000000)
  region size 1024K, 39 young (39936K), 3 survivors (3072K)
 Metaspace       used 81585K, committed 82176K, reserved 1122304K
  class space    used 11125K, committed 11392K, reserved 1048576K
}
Event: 7.905 GC heap after
{Heap after GC invocations=28 (full 0):
 garbage-first heap   total 125952K, used 68320K [0x0000000080000000, 0x0000000100000000)
  region size 1024K, 5 young (5120K), 5 survivors (5120K)
 Metaspace       used 81585K, committed 82176K, reserved 1122304K
  class space    used 11125K, committed 11392K, reserved 1048576K
}
Event: 8.172 GC heap before
{Heap before GC invocations=29 (full 0):
 garbage-first heap   total 126976K, used 101088K [0x0000000080000000, 0x0000000100000000)
  region size 1024K, 37 young (37888K), 5 survivors (5120K)
 Metaspace       used 82771K, committed 83328K, reserved 1122304K
  class space    used 11377K, committed 11648K, reserved 1048576K
}
Event: 8.178 GC heap after
{Heap after GC invocations=30 (full 0):
 garbage-first heap   total 126976K, used 73658K [0x0000000080000000, 0x0000000100000000)
  region size 1024K, 5 young (5120K), 5 survivors (5120K)
 Metaspace       used 82771K, committed 83328K, reserved 1122304K
  class space    used 11377K, committed 11648K, reserved 1048576K
}
Event: 8.407 GC heap before
{Heap before GC invocations=30 (full 0):
 garbage-first heap   total 126976K, used 101306K [0x0000000080000000, 0x0000000100000000)
  region size 1024K, 33 young (33792K), 5 survivors (5120K)
 Metaspace       used 84208K, committed 84800K, reserved 1122304K
  class space    used 11700K, committed 11968K, reserved 1048576K
}
Event: 8.412 GC heap after
{Heap after GC invocations=31 (full 0):
 garbage-first heap   total 152576K, used 76665K [0x0000000080000000, 0x0000000100000000)
  region size 1024K, 3 young (3072K), 3 survivors (3072K)
 Metaspace       used 84208K, committed 84800K, reserved 1122304K
  class space    used 11700K, committed 11968K, reserved 1048576K
}
Event: 8.906 GC heap before
{Heap before GC invocations=32 (full 0):
 garbage-first heap   total 153600K, used 120697K [0x0000000080000000, 0x0000000100000000)
  region size 1024K, 47 young (48128K), 3 survivors (3072K)
 Metaspace       used 86539K, committed 87104K, reserved 1130496K
  class space    used 11926K, committed 12160K, reserved 1048576K
}
Event: 8.910 GC heap after
{Heap after GC invocations=33 (full 0):
 garbage-first heap   total 153600K, used 78909K [0x0000000080000000, 0x0000000100000000)
  region size 1024K, 6 young (6144K), 6 survivors (6144K)
 Metaspace       used 86539K, committed 87104K, reserved 1130496K
  class space    used 11926K, committed 12160K, reserved 1048576K
}
Event: 8.926 GC heap before
{Heap before GC invocations=33 (full 0):
 garbage-first heap   total 153600K, used 79933K [0x0000000080000000, 0x0000000100000000)
  region size 1024K, 7 young (7168K), 6 survivors (6144K)
 Metaspace       used 86748K, committed 87360K, reserved 1130496K
  class space    used 11949K, committed 12224K, reserved 1048576K
}
Event: 8.929 GC heap after
{Heap after GC invocations=34 (full 0):
 garbage-first heap   total 153600K, used 78823K [0x0000000080000000, 0x0000000100000000)
  region size 1024K, 1 young (1024K), 1 survivors (1024K)
 Metaspace       used 86748K, committed 87360K, reserved 1130496K
  class space    used 11949K, committed 12224K, reserved 1048576K
}
Event: 9.444 GC heap before
{Heap before GC invocations=34 (full 0):
 garbage-first heap   total 153600K, used 106471K [0x0000000080000000, 0x0000000100000000)
  region size 1024K, 30 young (30720K), 1 survivors (1024K)
 Metaspace       used 88070K, committed 88704K, reserved 1130496K
  class space    used 12085K, committed 12352K, reserved 1048576K
}
Event: 9.448 GC heap after
{Heap after GC invocations=35 (full 0):
 garbage-first heap   total 153600K, used 86452K [0x0000000080000000, 0x0000000100000000)
  region size 1024K, 6 young (6144K), 6 survivors (6144K)
 Metaspace       used 88070K, committed 88704K, reserved 1130496K
  class space    used 12085K, committed 12352K, reserved 1048576K
}
Event: 9.898 GC heap before
{Heap before GC invocations=36 (full 0):
 garbage-first heap   total 162816K, used 131508K [0x0000000080000000, 0x0000000100000000)
  region size 1024K, 40 young (40960K), 6 survivors (6144K)
 Metaspace       used 88734K, committed 89344K, reserved 1130496K
  class space    used 12143K, committed 12416K, reserved 1048576K
}
Event: 9.907 GC heap after
{Heap after GC invocations=37 (full 0):
 garbage-first heap   total 162816K, used 99735K [0x0000000080000000, 0x0000000100000000)
  region size 1024K, 5 young (5120K), 5 survivors (5120K)
 Metaspace       used 88734K, committed 89344K, reserved 1130496K
  class space    used 12143K, committed 12416K, reserved 1048576K
}
Event: 9.954 GC heap before
{Heap before GC invocations=37 (full 0):
 garbage-first heap   total 162816K, used 101783K [0x0000000080000000, 0x0000000100000000)
  region size 1024K, 7 young (7168K), 5 survivors (5120K)
 Metaspace       used 88738K, committed 89344K, reserved 1130496K
  class space    used 12143K, committed 12416K, reserved 1048576K
}
Event: 9.958 GC heap after
{Heap after GC invocations=38 (full 0):
 garbage-first heap   total 162816K, used 101193K [0x0000000080000000, 0x0000000100000000)
  region size 1024K, 1 young (1024K), 1 survivors (1024K)
 Metaspace       used 88738K, committed 89344K, reserved 1130496K
  class space    used 12143K, committed 12416K, reserved 1048576K
}
Event: 10.417 GC heap before
{Heap before GC invocations=38 (full 0):
 garbage-first heap   total 162816K, used 128841K [0x0000000080000000, 0x0000000100000000)
  region size 1024K, 28 young (28672K), 1 survivors (1024K)
 Metaspace       used 88878K, committed 89536K, reserved 1130496K
  class space    used 12155K, committed 12480K, reserved 1048576K
}
Event: 10.423 GC heap after
{Heap after GC invocations=39 (full 0):
 garbage-first heap   total 162816K, used 108212K [0x0000000080000000, 0x0000000100000000)
  region size 1024K, 4 young (4096K), 4 survivors (4096K)
 Metaspace       used 88878K, committed 89536K, reserved 1130496K
  class space    used 12155K, committed 12480K, reserved 1048576K
}

Dll operation events (2 events):
Event: 0.006 Loaded shared library C:\Program Files\Android\Android Studio\jbr\bin\java.dll
Event: 0.361 Loaded shared library C:\Program Files\Android\Android Studio\jbr\bin\verify.dll

Deoptimization events (20 events):
Event: 10.455 Thread 0x000001d69deb89f0 Uncommon trap: trap_request=0xffffffbe fr.pc=0x000001d68c64cd04 relative=0x0000000000000ee4
Event: 10.455 Thread 0x000001d69deb89f0 Uncommon trap: reason=profile_predicate action=maybe_recompile pc=0x000001d68c64cd04 method=org.gradle.internal.file.FileHierarchySet$Node.isChildOfOrThis(Ljava/lang/String;I)Z @ 54 c2
Event: 10.455 Thread 0x000001d69deb89f0 DEOPT PACKING pc=0x000001d68c64cd04 sp=0x000000afc91fed70
Event: 10.455 Thread 0x000001d69deb89f0 DEOPT UNPACKING pc=0x000001d68bd969a3 sp=0x000000afc91fec98 mode 2
Event: 10.455 Thread 0x000001d69deb89f0 Uncommon trap: trap_request=0xffffffbe fr.pc=0x000001d68c64cd04 relative=0x0000000000000ee4
Event: 10.455 Thread 0x000001d69deb89f0 Uncommon trap: reason=profile_predicate action=maybe_recompile pc=0x000001d68c64cd04 method=org.gradle.internal.file.FileHierarchySet$Node.isChildOfOrThis(Ljava/lang/String;I)Z @ 54 c2
Event: 10.455 Thread 0x000001d69deb89f0 DEOPT PACKING pc=0x000001d68c64cd04 sp=0x000000afc91fecc0
Event: 10.455 Thread 0x000001d69deb89f0 DEOPT UNPACKING pc=0x000001d68bd969a3 sp=0x000000afc91fec00 mode 2
Event: 10.455 Thread 0x000001d69deb89f0 Uncommon trap: trap_request=0xffffffbe fr.pc=0x000001d68c64cd04 relative=0x0000000000000ee4
Event: 10.455 Thread 0x000001d69deb89f0 Uncommon trap: reason=profile_predicate action=maybe_recompile pc=0x000001d68c64cd04 method=org.gradle.internal.file.FileHierarchySet$Node.isChildOfOrThis(Ljava/lang/String;I)Z @ 54 c2
Event: 10.455 Thread 0x000001d69deb89f0 DEOPT PACKING pc=0x000001d68c64cd04 sp=0x000000afc91fec30
Event: 10.455 Thread 0x000001d69deb89f0 DEOPT UNPACKING pc=0x000001d68bd969a3 sp=0x000000afc91feb70 mode 2
Event: 10.455 Thread 0x000001d69deb89f0 Uncommon trap: trap_request=0xffffffbe fr.pc=0x000001d68c64cd04 relative=0x0000000000000ee4
Event: 10.455 Thread 0x000001d69deb89f0 Uncommon trap: reason=profile_predicate action=maybe_recompile pc=0x000001d68c64cd04 method=org.gradle.internal.file.FileHierarchySet$Node.isChildOfOrThis(Ljava/lang/String;I)Z @ 54 c2
Event: 10.455 Thread 0x000001d69deb89f0 DEOPT PACKING pc=0x000001d68c64cd04 sp=0x000000afc91fec30
Event: 10.455 Thread 0x000001d69deb89f0 DEOPT UNPACKING pc=0x000001d68bd969a3 sp=0x000000afc91feb70 mode 2
Event: 10.475 Thread 0x000001d69f4f1a40 Uncommon trap: trap_request=0xffffff45 fr.pc=0x000001d68c3be148 relative=0x00000000000000a8
Event: 10.475 Thread 0x000001d69f4f1a40 Uncommon trap: reason=unstable_if action=reinterpret pc=0x000001d68c3be148 method=java.lang.CharacterDataLatin1.digit(II)I @ 12 c2
Event: 10.475 Thread 0x000001d69f4f1a40 DEOPT PACKING pc=0x000001d68c3be148 sp=0x000000afd2bfa230
Event: 10.475 Thread 0x000001d69f4f1a40 DEOPT UNPACKING pc=0x000001d68bd969a3 sp=0x000000afd2bfa1a8 mode 2

Classes unloaded (12 events):
Event: 9.499 Thread 0x000001d69b8f34a0 Unloading class 0x0000000100bbc000 'java/lang/invoke/LambdaForm$DMH+0x0000000100bbc000'
Event: 9.499 Thread 0x000001d69b8f34a0 Unloading class 0x0000000100ba6c00 'java/lang/invoke/LambdaForm$DMH+0x0000000100ba6c00'
Event: 9.499 Thread 0x000001d69b8f34a0 Unloading class 0x0000000100ba6800 'java/lang/invoke/LambdaForm$DMH+0x0000000100ba6800'
Event: 9.499 Thread 0x000001d69b8f34a0 Unloading class 0x0000000100ba6400 'java/lang/invoke/LambdaForm$DMH+0x0000000100ba6400'
Event: 9.499 Thread 0x000001d69b8f34a0 Unloading class 0x0000000100ba5c00 'java/lang/invoke/LambdaForm$DMH+0x0000000100ba5c00'
Event: 9.499 Thread 0x000001d69b8f34a0 Unloading class 0x0000000100ba6000 'java/lang/invoke/LambdaForm$DMH+0x0000000100ba6000'
Event: 9.499 Thread 0x000001d69b8f34a0 Unloading class 0x0000000100ba4800 'java/lang/invoke/LambdaForm$DMH+0x0000000100ba4800'
Event: 9.499 Thread 0x000001d69b8f34a0 Unloading class 0x0000000100ba4c00 'java/lang/invoke/LambdaForm$DMH+0x0000000100ba4c00'
Event: 9.499 Thread 0x000001d69b8f34a0 Unloading class 0x0000000100ba5000 'java/lang/invoke/LambdaForm$DMH+0x0000000100ba5000'
Event: 9.499 Thread 0x000001d69b8f34a0 Unloading class 0x0000000100ba5400 'java/lang/invoke/LambdaForm$DMH+0x0000000100ba5400'
Event: 9.499 Thread 0x000001d69b8f34a0 Unloading class 0x0000000100ba5800 'java/lang/invoke/LambdaForm$DMH+0x0000000100ba5800'
Event: 9.499 Thread 0x000001d69b8f34a0 Unloading class 0x0000000100ba4400 'java/lang/invoke/LambdaForm$DMH+0x0000000100ba4400'

Classes redefined (0 events):
No events

Internal exceptions (20 events):
Event: 8.210 Thread 0x000001d69f4eb530 Exception <a 'java/lang/NoSuchMethodError'{0x00000000879ef648}: static Lcom/android/buildanalyzer/common/AndroidGradlePluginAttributionData$TaskInfo;.<clinit>()V> (0x00000000879ef648) 
thrown [s\src\hotspot\share\prims\jni.cpp, line 1108]
Event: 8.211 Thread 0x000001d69f4eb530 Exception <a 'java/lang/NoSuchMethodError'{0x00000000879fcb80}: static Lcom/android/buildanalyzer/common/AndroidGradlePluginAttributionData$TaskCategoryInfo;.<clinit>()V> (0x00000000879fcb80) 
thrown [s\src\hotspot\share\prims\jni.cpp, line 1108]
Event: 8.217 Thread 0x000001d69f4eb530 Exception <a 'java/lang/NoSuchMethodError'{0x0000000087871c18}: 'void java.lang.invoke.DirectMethodHandle$Holder.invokeSpecial(java.lang.Object, java.lang.Object, java.lang.Object, int)'> (0x0000000087871c18) 
thrown [s\src\hotspot\share\interpreter\linkResolver.cpp, line 771]
Event: 8.313 Thread 0x000001d69f4f1f10 Exception <a 'java/lang/NoSuchMethodError'{0x0000000087201d30}: 'void java.lang.invoke.DirectMethodHandle$Holder.invokeStatic(java.lang.Object, java.lang.Object, java.lang.Object, java.lang.Object, int, java.lang.Object, java.lang.Object)'> (0x0000000087201d30) 
thrown [s\src\hotspot\share\interpreter\linkResolver.cpp, line 771]
Event: 8.340 Thread 0x000001d6a33143c0 Exception <a 'java/lang/NoSuchMethodError'{0x0000000086ee5ec0}: 'java.lang.Object java.lang.invoke.DirectMethodHandle$Holder.invokeSpecialIFC(java.lang.Object, java.lang.Object, java.lang.Object)'> (0x0000000086ee5ec0) 
thrown [s\src\hotspot\share\interpreter\linkResolver.cpp, line 771]
Event: 8.340 Thread 0x000001d6a013f0b0 Exception <a 'java/lang/NoSuchMethodError'{0x0000000086ef7d60}: 'java.lang.Object java.lang.invoke.DirectMethodHandle$Holder.invokeSpecialIFC(java.lang.Object, java.lang.Object, java.lang.Object)'> (0x0000000086ef7d60) 
thrown [s\src\hotspot\share\interpreter\linkResolver.cpp, line 771]
Event: 8.340 Thread 0x000001d6a013ca30 Exception <a 'java/lang/NoSuchMethodError'{0x0000000086d2b480}: 'java.lang.Object java.lang.invoke.DirectMethodHandle$Holder.invokeSpecialIFC(java.lang.Object, java.lang.Object, java.lang.Object)'> (0x0000000086d2b480) 
thrown [s\src\hotspot\share\interpreter\linkResolver.cpp, line 771]
Event: 8.340 Thread 0x000001d6a33ee720 Exception <a 'java/lang/NoSuchMethodError'{0x0000000086ec5170}: 'java.lang.Object java.lang.invoke.DirectMethodHandle$Holder.invokeSpecialIFC(java.lang.Object, java.lang.Object, java.lang.Object)'> (0x0000000086ec5170) 
thrown [s\src\hotspot\share\interpreter\linkResolver.cpp, line 771]
Event: 8.340 Thread 0x000001d6a206c410 Exception <a 'java/lang/NoSuchMethodError'{0x0000000086eb00f0}: 'java.lang.Object java.lang.invoke.DirectMethodHandle$Holder.invokeSpecialIFC(java.lang.Object, java.lang.Object, java.lang.Object)'> (0x0000000086eb00f0) 
thrown [s\src\hotspot\share\interpreter\linkResolver.cpp, line 771]
Event: 8.340 Thread 0x000001d69f4f1f10 Exception <a 'java/lang/NoSuchMethodError'{0x0000000086ece730}: 'java.lang.Object java.lang.invoke.DirectMethodHandle$Holder.invokeSpecialIFC(java.lang.Object, java.lang.Object, java.lang.Object)'> (0x0000000086ece730) 
thrown [s\src\hotspot\share\interpreter\linkResolver.cpp, line 771]
Event: 8.340 Thread 0x000001d6a0138200 Exception <a 'java/lang/NoSuchMethodError'{0x0000000086d03690}: 'java.lang.Object java.lang.invoke.DirectMethodHandle$Holder.invokeSpecialIFC(java.lang.Object, java.lang.Object, java.lang.Object)'> (0x0000000086d03690) 
thrown [s\src\hotspot\share\interpreter\linkResolver.cpp, line 771]
Event: 8.340 Thread 0x000001d6a3315bd0 Exception <a 'java/lang/NoSuchMethodError'{0x0000000086edf110}: 'java.lang.Object java.lang.invoke.DirectMethodHandle$Holder.invokeSpecialIFC(java.lang.Object, java.lang.Object, java.lang.Object)'> (0x0000000086edf110) 
thrown [s\src\hotspot\share\interpreter\linkResolver.cpp, line 771]
Event: 8.340 Thread 0x000001d6a013b220 Exception <a 'java/lang/NoSuchMethodError'{0x0000000086d22e08}: 'java.lang.Object java.lang.invoke.DirectMethodHandle$Holder.invokeSpecialIFC(java.lang.Object, java.lang.Object, java.lang.Object)'> (0x0000000086d22e08) 
thrown [s\src\hotspot\share\interpreter\linkResolver.cpp, line 771]
Event: 8.340 Thread 0x000001d6a013c090 Exception <a 'java/lang/NoSuchMethodError'{0x0000000086d18378}: 'java.lang.Object java.lang.invoke.DirectMethodHandle$Holder.invokeSpecialIFC(java.lang.Object, java.lang.Object, java.lang.Object)'> (0x0000000086d18378) 
thrown [s\src\hotspot\share\interpreter\linkResolver.cpp, line 771]
Event: 8.340 Thread 0x000001d6a206d280 Exception <a 'java/lang/NoSuchMethodError'{0x0000000086d0e230}: 'java.lang.Object java.lang.invoke.DirectMethodHandle$Holder.invokeSpecialIFC(java.lang.Object, java.lang.Object, java.lang.Object)'> (0x0000000086d0e230) 
thrown [s\src\hotspot\share\interpreter\linkResolver.cpp, line 771]
Event: 8.340 Thread 0x000001d6a206c8e0 Exception <a 'java/lang/NoSuchMethodError'{0x0000000086eef1a8}: 'java.lang.Object java.lang.invoke.DirectMethodHandle$Holder.invokeSpecialIFC(java.lang.Object, java.lang.Object, java.lang.Object)'> (0x0000000086eef1a8) 
thrown [s\src\hotspot\share\interpreter\linkResolver.cpp, line 771]
Event: 8.386 Thread 0x000001d6a013a880 Exception <a 'java/lang/NoSuchMethodError'{0x0000000087020d88}: 'void java.lang.invoke.DirectMethodHandle$Holder.invokeVirtual(java.lang.Object, java.lang.Object)'> (0x0000000087020d88) 
thrown [s\src\hotspot\share\interpreter\linkResolver.cpp, line 771]
Event: 8.387 Thread 0x000001d6a2e20af0 Exception <a 'java/lang/NoSuchMethodError'{0x0000000087016900}: 'void java.lang.invoke.DirectMethodHandle$Holder.invokeVirtual(java.lang.Object, java.lang.Object)'> (0x0000000087016900) 
thrown [s\src\hotspot\share\interpreter\linkResolver.cpp, line 771]
Event: 9.757 Thread 0x000001d69f4f1a40 Implicit null exception at 0x000001d68c5a4941 to 0x000001d68c5a554b
Event: 10.453 Thread 0x000001d69f4f1a40 Implicit null exception at 0x000001d68c89d2ea to 0x000001d68c8a1d8c

VM Operations (20 events):
Event: 9.480 Executing VM operation: HandshakeAllThreads done
Event: 9.499 Executing VM operation: G1Concurrent
Event: 9.507 Executing VM operation: G1Concurrent done
Event: 9.524 Executing VM operation: HandshakeAllThreads
Event: 9.525 Executing VM operation: HandshakeAllThreads done
Event: 9.530 Executing VM operation: G1Concurrent
Event: 9.530 Executing VM operation: G1Concurrent done
Event: 9.748 Executing VM operation: HandshakeAllThreads
Event: 9.748 Executing VM operation: HandshakeAllThreads done
Event: 9.806 Executing VM operation: HandshakeAllThreads
Event: 9.807 Executing VM operation: HandshakeAllThreads done
Event: 9.898 Executing VM operation: G1CollectForAllocation
Event: 9.907 Executing VM operation: G1CollectForAllocation done
Event: 9.954 Executing VM operation: G1CollectForAllocation
Event: 9.958 Executing VM operation: G1CollectForAllocation done
Event: 10.390 Executing VM operation: ICBufferFull
Event: 10.390 Executing VM operation: ICBufferFull done
Event: 10.417 Executing VM operation: G1CollectForAllocation
Event: 10.423 Executing VM operation: G1CollectForAllocation done
Event: 10.494 Executing VM operation: G1Concurrent

Events (20 events):
Event: 9.706 loading class java/util/stream/Node$Builder$OfInt done
Event: 9.706 loading class java/util/stream/Nodes$IntArrayNode
Event: 9.706 loading class java/util/stream/Nodes$IntArrayNode done
Event: 9.706 loading class java/util/stream/Nodes$IntFixedNodeBuilder done
Event: 9.733 loading class java/util/concurrent/ConcurrentLinkedDeque
Event: 9.734 loading class java/util/concurrent/ConcurrentLinkedDeque done
Event: 9.734 loading class java/util/concurrent/ConcurrentLinkedDeque$Node
Event: 9.734 loading class java/util/concurrent/ConcurrentLinkedDeque$Node done
Event: 9.809 loading class org/w3c/dom/DOMImplementation
Event: 9.809 loading class org/w3c/dom/DOMImplementation done
Event: 9.810 loading class org/w3c/dom/ls/DOMImplementationLS
Event: 9.810 loading class org/w3c/dom/ls/DOMImplementationLS done
Event: 9.810 loading class org/w3c/dom/ls/LSSerializer
Event: 9.810 loading class org/w3c/dom/ls/LSSerializer done
Event: 9.810 loading class org/w3c/dom/ls/LSInput
Event: 9.810 loading class org/w3c/dom/ls/LSInput done
Event: 9.810 loading class org/w3c/dom/ls/LSOutput
Event: 9.810 loading class org/w3c/dom/ls/LSOutput done
Event: 9.810 loading class org/w3c/dom/ls/LSParser
Event: 9.810 loading class org/w3c/dom/ls/LSParser done


Dynamic libraries:
0x00007ff75f3d0000 - 0x00007ff75f3da000 	C:\Program Files\Android\Android Studio\jbr\bin\java.exe
0x00007fff13c30000 - 0x00007fff13e28000 	C:\WINDOWS\SYSTEM32\ntdll.dll
0x00007fff13340000 - 0x00007fff133ff000 	C:\WINDOWS\System32\KERNEL32.DLL
0x00007fff116d0000 - 0x00007fff119aa000 	C:\WINDOWS\System32\KERNELBASE.dll
0x00007fff114c0000 - 0x00007fff115c0000 	C:\WINDOWS\System32\ucrtbase.dll
0x00007fff07f70000 - 0x00007fff07f8b000 	C:\Program Files\Android\Android Studio\jbr\bin\VCRUNTIME140.dll
0x00007fff07890000 - 0x00007fff078a7000 	C:\Program Files\Android\Android Studio\jbr\bin\jli.dll
0x00007fff12390000 - 0x00007fff1252d000 	C:\WINDOWS\System32\USER32.dll
0x00007fff11bc0000 - 0x00007fff11be2000 	C:\WINDOWS\System32\win32u.dll
0x00007ffefd630000 - 0x00007ffefd8ca000 	C:\WINDOWS\WinSxS\amd64_microsoft.windows.common-controls_6595b64144ccf1df_6.0.19041.1110_none_60b5254171f9507e\COMCTL32.dll
0x00007fff13310000 - 0x00007fff1333b000 	C:\WINDOWS\System32\GDI32.dll
0x00007fff115c0000 - 0x00007fff116d0000 	C:\WINDOWS\System32\gdi32full.dll
0x00007fff13b50000 - 0x00007fff13bee000 	C:\WINDOWS\System32\msvcrt.dll
0x00007fff11340000 - 0x00007fff113dd000 	C:\WINDOWS\System32\msvcp_win.dll
0x00007fff12560000 - 0x00007fff12590000 	C:\WINDOWS\System32\IMM32.DLL
0x00007fff0a070000 - 0x00007fff0a07c000 	C:\Program Files\Android\Android Studio\jbr\bin\vcruntime140_1.dll
0x00007ffeff420000 - 0x00007ffeff4ad000 	C:\Program Files\Android\Android Studio\jbr\bin\msvcp140.dll
0x00007ffee6ad0000 - 0x00007ffee773d000 	C:\Program Files\Android\Android Studio\jbr\bin\server\jvm.dll
0x00007fff12070000 - 0x00007fff1211e000 	C:\WINDOWS\System32\ADVAPI32.dll
0x00007fff11c90000 - 0x00007fff11d2c000 	C:\WINDOWS\System32\sechost.dll
0x00007fff13150000 - 0x00007fff13276000 	C:\WINDOWS\System32\RPCRT4.dll
0x00007fff0eb50000 - 0x00007fff0eb59000 	C:\WINDOWS\SYSTEM32\WSOCK32.dll
0x00007fff041f0000 - 0x00007fff04217000 	C:\WINDOWS\SYSTEM32\WINMM.dll
0x00007fff12ed0000 - 0x00007fff12f3b000 	C:\WINDOWS\System32\WS2_32.dll
0x00007fff0b6a0000 - 0x00007fff0b6aa000 	C:\WINDOWS\SYSTEM32\VERSION.dll
0x00007fff0f220000 - 0x00007fff0f232000 	C:\WINDOWS\SYSTEM32\kernel.appcore.dll
0x00007fff0cf80000 - 0x00007fff0cf8a000 	C:\Program Files\Android\Android Studio\jbr\bin\jimage.dll
0x00007fff03770000 - 0x00007fff03954000 	C:\WINDOWS\SYSTEM32\DBGHELP.DLL
0x00007ffefcb50000 - 0x00007ffefcb84000 	C:\WINDOWS\SYSTEM32\dbgcore.DLL
0x00007fff113e0000 - 0x00007fff11462000 	C:\WINDOWS\System32\bcryptPrimitives.dll
0x00007fff08440000 - 0x00007fff08465000 	C:\Program Files\Android\Android Studio\jbr\bin\java.dll
0x00007fff08080000 - 0x00007fff08098000 	C:\Program Files\Android\Android Studio\jbr\bin\zip.dll
0x00007fff13400000 - 0x00007fff13b44000 	C:\WINDOWS\System32\SHELL32.dll
0x00007fff0f420000 - 0x00007fff0fbb3000 	C:\WINDOWS\SYSTEM32\windows.storage.dll
0x00007fff12b70000 - 0x00007fff12ec4000 	C:\WINDOWS\System32\combase.dll
0x00007fff10d30000 - 0x00007fff10d5e000 	C:\WINDOWS\SYSTEM32\Wldp.dll
0x00007fff12a60000 - 0x00007fff12b0d000 	C:\WINDOWS\System32\SHCORE.dll
0x00007fff12b10000 - 0x00007fff12b65000 	C:\WINDOWS\System32\shlwapi.dll
0x00007fff11280000 - 0x00007fff1129f000 	C:\WINDOWS\SYSTEM32\profapi.dll
0x00007fff08060000 - 0x00007fff08079000 	C:\Program Files\Android\Android Studio\jbr\bin\net.dll
0x00007fff0b590000 - 0x00007fff0b69a000 	C:\WINDOWS\SYSTEM32\WINHTTP.dll
0x00007fff10a20000 - 0x00007fff10a8a000 	C:\WINDOWS\system32\mswsock.dll
0x00007fff08010000 - 0x00007fff08026000 	C:\Program Files\Android\Android Studio\jbr\bin\nio.dll
0x00007fff0c4e0000 - 0x00007fff0c4f0000 	C:\Program Files\Android\Android Studio\jbr\bin\verify.dll
0x00007fff044f0000 - 0x00007fff04517000 	C:\Users\Pasha\.gradle\native\68d5fa5c4cc2d200863cafc0d521ce42e7d3e7ee720ec0a83991735586a16f82\windows-amd64\native-platform.dll
0x00007ffeecaf0000 - 0x00007ffeecc34000 	C:\Users\Pasha\.gradle\native\e376f236ea51e6404a007f0833ffe2c6e607c4080706a723a18a27aeea778392\windows-amd64\native-platform-file-events.dll
0x00007fff0ca70000 - 0x00007fff0ca79000 	C:\Program Files\Android\Android Studio\jbr\bin\management.dll
0x00007fff0c640000 - 0x00007fff0c64b000 	C:\Program Files\Android\Android Studio\jbr\bin\management_ext.dll
0x00007fff12550000 - 0x00007fff12558000 	C:\WINDOWS\System32\PSAPI.DLL
0x00007fff10c20000 - 0x00007fff10c38000 	C:\WINDOWS\SYSTEM32\CRYPTSP.dll
0x00007fff10340000 - 0x00007fff10374000 	C:\WINDOWS\system32\rsaenh.dll
0x00007fff11bf0000 - 0x00007fff11c17000 	C:\WINDOWS\System32\bcrypt.dll
0x00007fff11200000 - 0x00007fff1122e000 	C:\WINDOWS\SYSTEM32\USERENV.dll
0x00007fff10c10000 - 0x00007fff10c1c000 	C:\WINDOWS\SYSTEM32\CRYPTBASE.dll
0x00007fff10710000 - 0x00007fff1074c000 	C:\WINDOWS\SYSTEM32\IPHLPAPI.DLL
0x00007fff11f40000 - 0x00007fff11f48000 	C:\WINDOWS\System32\NSI.dll
0x00007fff0bc70000 - 0x00007fff0bc87000 	C:\WINDOWS\SYSTEM32\dhcpcsvc6.DLL
0x00007fff0bc50000 - 0x00007fff0bc6d000 	C:\WINDOWS\SYSTEM32\dhcpcsvc.DLL
0x00007fff10750000 - 0x00007fff1081b000 	C:\WINDOWS\SYSTEM32\DNSAPI.dll
0x00007fff0b8d0000 - 0x00007fff0b8d7000 	C:\WINDOWS\system32\wshunix.dll

dbghelp: loaded successfully - version: 4.0.5 - missing functions: none
symbol engine: initialized successfully - sym options: 0x614 - pdb path: .;C:\Program Files\Android\Android Studio\jbr\bin;C:\WINDOWS\SYSTEM32;C:\WINDOWS\WinSxS\amd64_microsoft.windows.common-controls_6595b64144ccf1df_6.0.19041.1110_none_60b5254171f9507e;C:\Program Files\Android\Android Studio\jbr\bin\server;C:\Users\Pasha\.gradle\native\68d5fa5c4cc2d200863cafc0d521ce42e7d3e7ee720ec0a83991735586a16f82\windows-amd64;C:\Users\Pasha\.gradle\native\e376f236ea51e6404a007f0833ffe2c6e607c4080706a723a18a27aeea778392\windows-amd64

VM Arguments:
jvm_args: --add-opens=java.base/java.util=ALL-UNNAMED --add-opens=java.base/java.lang=ALL-UNNAMED --add-opens=java.base/java.lang.invoke=ALL-UNNAMED --add-opens=java.prefs/java.util.prefs=ALL-UNNAMED --add-opens=java.base/java.nio.charset=ALL-UNNAMED --add-opens=java.base/java.net=ALL-UNNAMED --add-opens=java.base/java.util.concurrent.atomic=ALL-UNNAMED -Xmx2048m -Dfile.encoding=UTF-8 -Duser.country=RU -Duser.language=ru -Duser.variant 
java_command: org.gradle.launcher.daemon.bootstrap.GradleDaemon 8.0
java_class_path (initial): C:\Users\Pasha\.gradle\wrapper\dists\gradle-8.0-bin\ca5e32bp14vu59qr306oxotwh\gradle-8.0\lib\gradle-launcher-8.0.jar
Launcher Type: SUN_STANDARD

[Global flags]
     intx CICompilerCount                          = 4                                         {product} {ergonomic}
     uint ConcGCThreads                            = 3                                         {product} {ergonomic}
     uint G1ConcRefinementThreads                  = 10                                        {product} {ergonomic}
   size_t G1HeapRegionSize                         = 1048576                                   {product} {ergonomic}
    uintx GCDrainStackTargetSize                   = 64                                        {product} {ergonomic}
   size_t InitialHeapSize                          = 134217728                                 {product} {ergonomic}
   size_t MarkStackSize                            = 4194304                                   {product} {ergonomic}
   size_t MaxHeapSize                              = 2147483648                                {product} {command line}
   size_t MaxNewSize                               = 1287651328                                {product} {ergonomic}
   size_t MinHeapDeltaBytes                        = 1048576                                   {product} {ergonomic}
   size_t MinHeapSize                              = 8388608                                   {product} {ergonomic}
    uintx NonNMethodCodeHeapSize                   = 5839372                                {pd product} {ergonomic}
    uintx NonProfiledCodeHeapSize                  = 122909434                              {pd product} {ergonomic}
    uintx ProfiledCodeHeapSize                     = 122909434                              {pd product} {ergonomic}
    uintx ReservedCodeCacheSize                    = 251658240                              {pd product} {ergonomic}
     bool SegmentedCodeCache                       = true                                      {product} {ergonomic}
   size_t SoftMaxHeapSize                          = 2147483648                             {manageable} {ergonomic}
     bool UseCompressedClassPointers               = true                           {product lp64_product} {ergonomic}
     bool UseCompressedOops                        = true                           {product lp64_product} {ergonomic}
     bool UseG1GC                                  = true                                      {product} {ergonomic}
     bool UseLargePagesIndividualAllocation        = false                                  {pd product} {ergonomic}

Logging:
Log output configuration:
 #0: stdout all=warning uptime,level,tags
 #1: stderr all=off uptime,level,tags

Environment Variables:
PATH=C:\WINDOWS\system32;C:\WINDOWS;C:\WINDOWS\System32\Wbem;C:\WINDOWS\System32\WindowsPowerShell\v1.0\;C:\WINDOWS\System32\OpenSSH\;C:\Program Files (x86)\NVIDIA Corporation\PhysX\Common;C:\Users\Pasha\AppData\Local\Microsoft\WindowsApps;
USERNAME=Pasha
OS=Windows_NT
PROCESSOR_IDENTIFIER=AMD64 Family 23 Model 1 Stepping 1, AuthenticAMD
TMP=C:\Users\Pasha\AppData\Local\Temp
TEMP=C:\Users\Pasha\AppData\Local\Temp



---------------  S Y S T E M  ---------------

OS:
 Windows 10 , 64 bit Build 19041 (10.0.19041.2788)
OS uptime: 2 days 20:44 hours

CPU: total 12 (initial active 12) (12 cores per cpu, 2 threads per core) family 23 model 1 stepping 1 microcode 0x0, cx8, cmov, fxsr, ht, mmx, 3dnowpref, sse, sse2, sse3, ssse3, sse4a, sse4.1, sse4.2, popcnt, lzcnt, tsc, tscinvbit, avx, avx2, aes, clmul, bmi1, bmi2, adx, sha, fma, vzeroupper, clflush, clflushopt

Memory: 4k page, system-wide physical 8125M (1379M free)
TotalPageFile size 8125M (AvailPageFile size 45M)
current process WorkingSet (physical memory assigned to process): 403M, peak: 434M
current process commit charge ("private bytes"): 444M, peak: 492M

vm_info: OpenJDK 64-Bit Server VM (17.0.6+0-b2043.56-9586694) for windows-amd64 JRE (17.0.6+0-b2043.56-9586694), built on Feb  9 2023 20:06:20 by "androidbuild" with MS VC++ 16.10 / 16.11 (VS2019)

END.
