#
# There is insufficient memory for the Java Runtime Environment to continue.
# Native memory allocation (mmap) failed to map 312475648 bytes for G1 virtual space
# Possible reasons:
#   The system is out of physical RAM or swap space
#   The process is running with CompressedOops enabled, and the Java Heap may be blocking the growth of the native heap
# Possible solutions:
#   Reduce memory load on the system
#   Increase physical memory or swap space
#   Check if swap backing store is full
#   Decrease Java heap size (-Xmx/-Xms)
#   Decrease number of Java threads
#   Decrease Java thread stack sizes (-Xss)
#   Set larger code cache with -XX:ReservedCodeCacheSize=
#   JVM is running with Unscaled Compressed Oops mode in which the Java heap is
#     placed in the first 4GB address space. The Java Heap base address is the
#     maximum limit for the native heap growth. Please use -XX:HeapBaseMinAddress
#     to set the Java Heap base and to place the Java Heap above 4GB virtual address.
# This output file may be truncated or incomplete.
#
#  Out of Memory Error (os_windows.cpp:3769), pid=9448, tid=7420
#
# JRE version: OpenJDK Runtime Environment (17.0.6) (build 17.0.6+0-b2043.56-9586694)
# Java VM: OpenJDK 64-Bit Server VM (17.0.6+0-b2043.56-9586694, mixed mode, tiered, compressed oops, compressed class ptrs, g1 gc, windows-amd64)
# No core dump will be written. Minidumps are not enabled by default on client versions of Windows
#

---------------  S U M M A R Y ------------

Command Line: --add-opens=java.base/java.util=ALL-UNNAMED --add-opens=java.base/java.lang=ALL-UNNAMED --add-opens=java.base/java.lang.invoke=ALL-UNNAMED --add-opens=java.prefs/java.util.prefs=ALL-UNNAMED --add-opens=java.base/java.nio.charset=ALL-UNNAMED --add-opens=java.base/java.net=ALL-UNNAMED --add-opens=java.base/java.util.concurrent.atomic=ALL-UNNAMED -Xmx2048m -Dfile.encoding=UTF-8 -Duser.country=RU -Duser.language=ru -Duser.variant org.gradle.launcher.daemon.bootstrap.GradleDaemon 8.0

Host: AMD Ryzen 5 1600 Six-Core Processor            , 12 cores, 7G,  Windows 10 , 64 bit Build 19041 (10.0.19041.2788)
Time: Wed Apr 26 20:51:21 2023 RTZ 4 (s 10 , 64 bit Build 19041 (10.0.19041.2788) elapsed time: 150.857197 seconds (0d 0h 2m 30s)

---------------  T H R E A D  ---------------

Current thread (0x0000020b7ac229f0):  VMThread "VM Thread" [stack: 0x00000092ed200000,0x00000092ed300000] [id=7420]

Stack: [0x00000092ed200000,0x00000092ed300000]
Native frames: (J=compiled Java code, j=interpreted, Vv=VM code, C=native code)
V  [jvm.dll+0x683b4a]
V  [jvm.dll+0x842654]
V  [jvm.dll+0x843dfe]
V  [jvm.dll+0x844463]
V  [jvm.dll+0x249b75]
V  [jvm.dll+0x680a19]
V  [jvm.dll+0x674f0a]
V  [jvm.dll+0x309acb]
V  [jvm.dll+0x310f86]
V  [jvm.dll+0x3608ee]
V  [jvm.dll+0x360b1f]
V  [jvm.dll+0x2dfbf8]
V  [jvm.dll+0x2ddec4]
V  [jvm.dll+0x2dd4cc]
V  [jvm.dll+0x321f3b]
V  [jvm.dll+0x84893b]
V  [jvm.dll+0x849674]
V  [jvm.dll+0x849b8d]
V  [jvm.dll+0x849f64]
V  [jvm.dll+0x84a030]
V  [jvm.dll+0x7f25fa]
V  [jvm.dll+0x682985]
C  [ucrtbase.dll+0x21bb2]
C  [KERNEL32.DLL+0x17604]
C  [ntdll.dll+0x526a1]

VM_Operation (0x00000092f95fcd90): G1CollectForAllocation, mode: safepoint, requested by thread 0x0000020b1382aee0


---------------  P R O C E S S  ---------------

Threads class SMR info:
_java_thread_list=0x0000020b10fb7480, length=197, elements={
0x0000020b6ee9a010, 0x0000020b7a19a570, 0x0000020b7a19b2f0, 0x0000020b7ac6e410,
0x0000020b7ac714f0, 0x0000020b7ac757c0, 0x0000020b7ac752f0, 0x0000020b7ac89e20,
0x0000020b7ac8dcd0, 0x0000020b7ac99200, 0x0000020b7ac74480, 0x0000020b7ac74e20,
0x0000020b7ac72c70, 0x0000020b7ac73610, 0x0000020b7ac71e00, 0x0000020b7da718c0,
0x0000020b7da6b3b0, 0x0000020b7da6cbc0, 0x0000020b7da72260, 0x0000020b7da6bd50,
0x0000020b7da6ed70, 0x0000020b7da6b880, 0x0000020b7da6f240, 0x0000020b7da6c220,
0x0000020b7da6d560, 0x0000020b7da6d090, 0x0000020b7da6df00, 0x0000020b0fac0a70,
0x0000020b0fac35c0, 0x0000020b0fac2c20, 0x0000020b0fac6ab0, 0x0000020b0fac7920,
0x0000020b0fac65e0, 0x0000020b0fac5770, 0x0000020b0fac0f40, 0x0000020b13b8ef00,
0x0000020b13c77fc0, 0x0000020b13c78490, 0x0000020b13c78960, 0x0000020b13b8ea30,
0x0000020b13b8dbc0, 0x0000020b13b8e560, 0x0000020b7d743f90, 0x0000020b7d7453d0,
0x0000020b13b8f3d0, 0x0000020b11b23ac0, 0x0000020b11b24460, 0x0000020b11b252d0,
0x0000020b11b24930, 0x0000020b11b23f90, 0x0000020b11b24e00, 0x0000020b145e4c30,
0x0000020b145e55d0, 0x0000020b13b8e090, 0x0000020b159d3510, 0x0000020b159d1d00,
0x0000020b159cfb50, 0x0000020b159d0020, 0x0000020b159d1830, 0x0000020b159d0e90,
0x0000020b159d21d0, 0x0000020b159d2b70, 0x0000020b159d04f0, 0x0000020b159d26a0,
0x0000020b159d3040, 0x0000020b159d09c0, 0x0000020b159d1360, 0x0000020b13ccd270,
0x0000020b13ccc400, 0x0000020b13ccb0c0, 0x0000020b13cc9d80, 0x0000020b11729c40,
0x0000020b1172af80, 0x0000020b1172b450, 0x0000020b1172a5e0, 0x0000020b1172a110,
0x0000020b1172aab0, 0x0000020b13865a30, 0x0000020b10c31fd0, 0x0000020b10c2ac50,
0x0000020b10c2c460, 0x0000020b147cba00, 0x0000020b147ca1f0, 0x0000020b147cab90,
0x0000020b147ca6c0, 0x0000020b115a8d30, 0x0000020b115a9200, 0x0000020b115a96d0,
0x0000020b143f4190, 0x0000020b143f4660, 0x0000020b145e2a80, 0x0000020b145e4760,
0x0000020b145e2f50, 0x0000020b145e3420, 0x0000020b13ccabf0, 0x0000020b13ccc8d0,
0x0000020b13ccb590, 0x0000020b13cccda0, 0x0000020b13ccba60, 0x0000020b13ccbf30,
0x0000020b13ccd740, 0x0000020b13cca250, 0x0000020b13cca720, 0x0000020b13f043d0,
0x0000020b13f03560, 0x0000020b13f03a30, 0x0000020b13f03090, 0x0000020b13f03f00,
0x0000020b10c2c930, 0x0000020b10c31b00, 0x0000020b10c2f480, 0x0000020b10c2b120,
0x0000020b10c2d7a0, 0x0000020b10c2ce00, 0x0000020b10c2f950, 0x0000020b10c2d2d0,
0x0000020b10c2dc70, 0x0000020b10c2b5f0, 0x0000020b10c2fe20, 0x0000020b10c2bac0,
0x0000020b10c2e140, 0x0000020b10c2e610, 0x0000020b10c302f0, 0x0000020b10c2bf90,
0x0000020b10c2eae0, 0x0000020b10c2efb0, 0x0000020b10c30c90, 0x0000020b10c31160,
0x0000020b145e5f70, 0x0000020b145e5aa0, 0x0000020b10c31630, 0x0000020b15dea5c0,
0x0000020b15de4580, 0x0000020b15c50e60, 0x0000020b15c51800, 0x0000020b7e96c7f0,
0x0000020b7e96ccc0, 0x0000020b7e96d190, 0x0000020b7e96db30, 0x0000020b7e96a170,
0x0000020b7e96a640, 0x0000020b7e96b4b0, 0x0000020b115a8390, 0x0000020b115a7ec0,
0x0000020b115a8860, 0x0000020b10a2a630, 0x0000020b10a2c7e0, 0x0000020b10a2b970,
0x0000020b10a2ccb0, 0x0000020b143f4b30, 0x0000020b143f59a0, 0x0000020b143f5000,
0x0000020b10c43480, 0x0000020b10c45160, 0x0000020b10c442f0, 0x0000020b10c44c90,
0x0000020b13f048a0, 0x0000020b11040090, 0x0000020b1103dee0, 0x0000020b1103da10,
0x0000020b11040560, 0x0000020b11040a30, 0x0000020b1103d540, 0x0000020b1103d070,
0x0000020b1103e3b0, 0x0000020b1103e880, 0x0000020b1103ed50, 0x0000020b1103fbc0,
0x0000020b1103f220, 0x0000020b1103f6f0, 0x0000020b7bc9a180, 0x0000020b138668a0,
0x0000020b10c45630, 0x0000020b10c43e20, 0x0000020b10c45b00, 0x0000020b10c45fd0,
0x0000020b10c42610, 0x0000020b10c447c0, 0x0000020b10c42ae0, 0x0000020b1382c550,
0x0000020b1382c080, 0x0000020b1382ca20, 0x0000020b119269d0, 0x0000020b15de5d90,
0x0000020b1382aee0, 0x0000020b1382a070, 0x0000020b1382aa10, 0x0000020b1382b880,
0x0000020b1382a540, 0x0000020b7ee59d20, 0x0000020b7ee576a0, 0x0000020b7ee5a1f0,
0x0000020b7ee5a6c0, 0x0000020b7ee589e0, 0x0000020b7ee5ab90, 0x0000020b7ee58510,
0x0000020b10a2be40
}

Java Threads: ( => current thread )
  0x0000020b6ee9a010 JavaThread "main" [_thread_blocked, id=10676, stack(0x00000092ecc00000,0x00000092ecd00000)]
  0x0000020b7a19a570 JavaThread "Reference Handler" daemon [_thread_blocked, id=7668, stack(0x00000092ed300000,0x00000092ed400000)]
  0x0000020b7a19b2f0 JavaThread "Finalizer" daemon [_thread_blocked, id=4940, stack(0x00000092ed400000,0x00000092ed500000)]
  0x0000020b7ac6e410 JavaThread "Signal Dispatcher" daemon [_thread_blocked, id=10628, stack(0x00000092ed500000,0x00000092ed600000)]
  0x0000020b7ac714f0 JavaThread "Attach Listener" daemon [_thread_blocked, id=9276, stack(0x00000092ed600000,0x00000092ed700000)]
  0x0000020b7ac757c0 JavaThread "Service Thread" daemon [_thread_blocked, id=7764, stack(0x00000092ed700000,0x00000092ed800000)]
  0x0000020b7ac752f0 JavaThread "Monitor Deflation Thread" daemon [_thread_blocked, id=3876, stack(0x00000092ed800000,0x00000092ed900000)]
  0x0000020b7ac89e20 JavaThread "C2 CompilerThread0" daemon [_thread_blocked, id=1140, stack(0x00000092ed900000,0x00000092eda00000)]
  0x0000020b7ac8dcd0 JavaThread "C1 CompilerThread0" daemon [_thread_blocked, id=6632, stack(0x00000092eda00000,0x00000092edb00000)]
  0x0000020b7ac99200 JavaThread "Sweeper thread" daemon [_thread_blocked, id=5696, stack(0x00000092edb00000,0x00000092edc00000)]
  0x0000020b7ac74480 JavaThread "Common-Cleaner" daemon [_thread_blocked, id=6924, stack(0x00000092edc00000,0x00000092edd00000)]
  0x0000020b7ac74e20 JavaThread "Notification Thread" daemon [_thread_blocked, id=9784, stack(0x00000092edd00000,0x00000092ede00000)]
  0x0000020b7ac72c70 JavaThread "Daemon health stats" [_thread_blocked, id=5584, stack(0x00000092ee500000,0x00000092ee600000)]
  0x0000020b7ac73610 JavaThread "Incoming local TCP Connector on port 52051" [_thread_in_native, id=11028, stack(0x00000092ee600000,0x00000092ee700000)]
  0x0000020b7ac71e00 JavaThread "Daemon periodic checks" [_thread_blocked, id=10896, stack(0x00000092ee700000,0x00000092ee800000)]
  0x0000020b7da718c0 JavaThread "Cache worker for journal cache (C:\Users\Pasha\.gradle\caches\journal-1)" [_thread_blocked, id=9580, stack(0x00000092ef600000,0x00000092ef700000)]
  0x0000020b7da6b3b0 JavaThread "File lock request listener" [_thread_in_native, id=6872, stack(0x00000092ef700000,0x00000092ef800000)]
  0x0000020b7da6cbc0 JavaThread "Cache worker for file hash cache (C:\Users\Pasha\.gradle\caches\8.0\fileHashes)" [_thread_blocked, id=7684, stack(0x00000092ef800000,0x00000092ef900000)]
  0x0000020b7da72260 JavaThread "File watcher server" daemon [_thread_blocked, id=964, stack(0x00000092ef900000,0x00000092efa00000)]
  0x0000020b7da6bd50 JavaThread "File watcher consumer" daemon [_thread_blocked, id=4744, stack(0x00000092efa00000,0x00000092efb00000)]
  0x0000020b7da6ed70 JavaThread "Cache worker for file content cache (C:\Users\Pasha\.gradle\caches\8.0\fileContent)" [_thread_blocked, id=7272, stack(0x00000092efd00000,0x00000092efe00000)]
  0x0000020b7da6b880 JavaThread "Cache worker for execution history cache (C:\Users\Pasha\.gradle\caches\8.0\executionHistory)" [_thread_blocked, id=7860, stack(0x00000092f0000000,0x00000092f0100000)]
  0x0000020b7da6f240 JavaThread "jar transforms" [_thread_blocked, id=1432, stack(0x00000092f0100000,0x00000092f0200000)]
  0x0000020b7da6c220 JavaThread "jar transforms Thread 2" [_thread_blocked, id=7192, stack(0x00000092f0200000,0x00000092f0300000)]
  0x0000020b7da6d560 JavaThread "jar transforms Thread 3" [_thread_blocked, id=7768, stack(0x00000092f0300000,0x00000092f0400000)]
  0x0000020b7da6d090 JavaThread "jar transforms Thread 4" [_thread_blocked, id=7808, stack(0x00000092f0400000,0x00000092f0500000)]
  0x0000020b7da6df00 JavaThread "jar transforms Thread 5" [_thread_blocked, id=8532, stack(0x00000092f0600000,0x00000092f0700000)]
  0x0000020b0fac0a70 JavaThread "jar transforms Thread 6" [_thread_blocked, id=2952, stack(0x00000092f8000000,0x00000092f8100000)]
  0x0000020b0fac35c0 JavaThread "jar transforms Thread 7" [_thread_blocked, id=4872, stack(0x00000092f8100000,0x00000092f8200000)]
  0x0000020b0fac2c20 JavaThread "jar transforms Thread 8" [_thread_blocked, id=2336, stack(0x00000092f8200000,0x00000092f8300000)]
  0x0000020b0fac6ab0 JavaThread "jar transforms Thread 9" [_thread_blocked, id=1764, stack(0x00000092f8300000,0x00000092f8400000)]
  0x0000020b0fac7920 JavaThread "jar transforms Thread 10" [_thread_blocked, id=1940, stack(0x00000092f8400000,0x00000092f8500000)]
  0x0000020b0fac65e0 JavaThread "jar transforms Thread 11" [_thread_blocked, id=4444, stack(0x00000092f8500000,0x00000092f8600000)]
  0x0000020b0fac5770 JavaThread "jar transforms Thread 12" [_thread_blocked, id=9508, stack(0x00000092f8600000,0x00000092f8700000)]
  0x0000020b0fac0f40 JavaThread "Memory manager" [_thread_blocked, id=3596, stack(0x00000092f8800000,0x00000092f8900000)]
  0x0000020b13b8ef00 JavaThread "Daemon Thread 2" [_thread_blocked, id=8032, stack(0x00000092ec900000,0x00000092eca00000)]
  0x0000020b13c77fc0 JavaThread "Handler for socket connection from /127.0.0.1:52051 to /127.0.0.1:52231" [_thread_in_native, id=3128, stack(0x00000092eca00000,0x00000092ecb00000)]
  0x0000020b13c78490 JavaThread "Cancel handler" [_thread_blocked, id=5784, stack(0x00000092ecb00000,0x00000092ecc00000)]
  0x0000020b13c78960 JavaThread "Daemon worker Thread 2" [_thread_blocked, id=7948, stack(0x00000092edf00000,0x00000092ee000000)]
  0x0000020b13b8ea30 JavaThread "Asynchronous log dispatcher for DefaultDaemonConnection: socket connection from /127.0.0.1:52051 to /127.0.0.1:52231" [_thread_blocked, id=4656, stack(0x00000092ee400000,0x00000092ee500000)]
  0x0000020b13b8dbc0 JavaThread "Stdin handler" [_thread_blocked, id=6688, stack(0x00000092ee800000,0x00000092ee900000)]
  0x0000020b13b8e560 JavaThread "Daemon client event forwarder" [_thread_blocked, id=9776, stack(0x00000092ee900000,0x00000092eea00000)]
  0x0000020b7d743f90 JavaThread "C2 CompilerThread1" daemon [_thread_in_native, id=8848, stack(0x00000092eea00000,0x00000092eeb00000)]
  0x0000020b7d7453d0 JavaThread "C2 CompilerThread2" daemon [_thread_blocked, id=10424, stack(0x00000092eeb00000,0x00000092eec00000)]
  0x0000020b13b8f3d0 JavaThread "Cache worker for checksums cache (C:\Users\Pasha\AndroidStudioProjects\MyApplication9\.gradle\8.0\checksums)" [_thread_blocked, id=2396, stack(0x00000092eec00000,0x00000092eed00000)]
  0x0000020b11b23ac0 JavaThread "Cache worker for cache directory md-rule (C:\Users\Pasha\.gradle\caches\8.0\md-rule)" [_thread_blocked, id=10864, stack(0x00000092eed00000,0x00000092eee00000)]
  0x0000020b11b24460 JavaThread "Cache worker for file hash cache (C:\Users\Pasha\AndroidStudioProjects\MyApplication9\.gradle\8.0\fileHashes)" [_thread_blocked, id=5240, stack(0x00000092eee00000,0x00000092eef00000)]
  0x0000020b11b252d0 JavaThread "Cache worker for cache directory md-supplier (C:\Users\Pasha\.gradle\caches\8.0\md-supplier)" [_thread_blocked, id=7428, stack(0x00000092efb00000,0x00000092efc00000)]
  0x0000020b11b24930 JavaThread "Cache worker for dependencies-accessors (C:\Users\Pasha\AndroidStudioProjects\MyApplication9\.gradle\8.0\dependencies-accessors)" [_thread_blocked, id=6712, stack(0x00000092efc00000,0x00000092efd00000)]
  0x0000020b11b23f90 JavaThread "Cache worker for Build Output Cleanup Cache (C:\Users\Pasha\AndroidStudioProjects\MyApplication9\.gradle\buildOutputCleanup)" [_thread_blocked, id=3020, stack(0x00000092efe00000,0x00000092eff00000)]
  0x0000020b11b24e00 JavaThread "Unconstrained build operations" [_thread_blocked, id=9024, stack(0x00000092eff00000,0x00000092f0000000)]
  0x0000020b145e4c30 JavaThread "Unconstrained build operations Thread 2" [_thread_blocked, id=2116, stack(0x00000092f0500000,0x00000092f0600000)]
  0x0000020b145e55d0 JavaThread "Unconstrained build operations Thread 3" [_thread_blocked, id=608, stack(0x00000092f0700000,0x00000092f0800000)]
  0x0000020b13b8e090 JavaThread "Unconstrained build operations Thread 4" [_thread_blocked, id=1444, stack(0x00000092f0800000,0x00000092f0900000)]
  0x0000020b159d3510 JavaThread "Unconstrained build operations Thread 5" [_thread_blocked, id=8592, stack(0x00000092f0900000,0x00000092f0a00000)]
  0x0000020b159d1d00 JavaThread "Unconstrained build operations Thread 6" [_thread_blocked, id=7240, stack(0x00000092f0a00000,0x00000092f0b00000)]
  0x0000020b159cfb50 JavaThread "Unconstrained build operations Thread 7" [_thread_blocked, id=7464, stack(0x00000092f0b00000,0x00000092f0c00000)]
  0x0000020b159d0020 JavaThread "Unconstrained build operations Thread 8" [_thread_blocked, id=7332, stack(0x00000092f0c00000,0x00000092f0d00000)]
  0x0000020b159d1830 JavaThread "Unconstrained build operations Thread 9" [_thread_blocked, id=10728, stack(0x00000092f0d00000,0x00000092f0e00000)]
  0x0000020b159d0e90 JavaThread "Unconstrained build operations Thread 10" [_thread_blocked, id=712, stack(0x00000092f0e00000,0x00000092f0f00000)]
  0x0000020b159d21d0 JavaThread "Unconstrained build operations Thread 11" [_thread_blocked, id=3348, stack(0x00000092f0f00000,0x00000092f1000000)]
  0x0000020b159d2b70 JavaThread "Unconstrained build operations Thread 12" [_thread_blocked, id=4596, stack(0x00000092f1000000,0x00000092f1100000)]
  0x0000020b159d04f0 JavaThread "Unconstrained build operations Thread 13" [_thread_blocked, id=5328, stack(0x00000092f1100000,0x00000092f1200000)]
  0x0000020b159d26a0 JavaThread "Unconstrained build operations Thread 14" [_thread_blocked, id=2580, stack(0x00000092f1200000,0x00000092f1300000)]
  0x0000020b159d3040 JavaThread "Unconstrained build operations Thread 15" [_thread_blocked, id=5560, stack(0x00000092f1300000,0x00000092f1400000)]
  0x0000020b159d09c0 JavaThread "Unconstrained build operations Thread 16" [_thread_blocked, id=7460, stack(0x00000092f1400000,0x00000092f1500000)]
  0x0000020b159d1360 JavaThread "Unconstrained build operations Thread 17" [_thread_blocked, id=4708, stack(0x00000092f1500000,0x00000092f1600000)]
  0x0000020b13ccd270 JavaThread "Unconstrained build operations Thread 18" [_thread_blocked, id=3812, stack(0x00000092f1600000,0x00000092f1700000)]
  0x0000020b13ccc400 JavaThread "Unconstrained build operations Thread 19" [_thread_blocked, id=10532, stack(0x00000092f1700000,0x00000092f1800000)]
  0x0000020b13ccb0c0 JavaThread "Unconstrained build operations Thread 20" [_thread_blocked, id=2668, stack(0x00000092f1800000,0x00000092f1900000)]
  0x0000020b13cc9d80 JavaThread "Unconstrained build operations Thread 21" [_thread_blocked, id=10768, stack(0x00000092f1900000,0x00000092f1a00000)]
  0x0000020b11729c40 JavaThread "Unconstrained build operations Thread 22" [_thread_blocked, id=10724, stack(0x00000092f1a00000,0x00000092f1b00000)]
  0x0000020b1172af80 JavaThread "Unconstrained build operations Thread 23" [_thread_blocked, id=9328, stack(0x00000092f1b00000,0x00000092f1c00000)]
  0x0000020b1172b450 JavaThread "Unconstrained build operations Thread 24" [_thread_blocked, id=7716, stack(0x00000092f1c00000,0x00000092f1d00000)]
  0x0000020b1172a5e0 JavaThread "Unconstrained build operations Thread 25" [_thread_blocked, id=5052, stack(0x00000092f1d00000,0x00000092f1e00000)]
  0x0000020b1172a110 JavaThread "Unconstrained build operations Thread 26" [_thread_blocked, id=4116, stack(0x00000092f1e00000,0x00000092f1f00000)]
  0x0000020b1172aab0 JavaThread "Unconstrained build operations Thread 27" [_thread_blocked, id=3776, stack(0x00000092f1f00000,0x00000092f2000000)]
  0x0000020b13865a30 JavaThread "Unconstrained build operations Thread 28" [_thread_blocked, id=5252, stack(0x00000092f2000000,0x00000092f2100000)]
  0x0000020b10c31fd0 JavaThread "Unconstrained build operations Thread 29" [_thread_blocked, id=10152, stack(0x00000092f2100000,0x00000092f2200000)]
  0x0000020b10c2ac50 JavaThread "Unconstrained build operations Thread 30" [_thread_blocked, id=3580, stack(0x00000092f2200000,0x00000092f2300000)]
  0x0000020b10c2c460 JavaThread "Unconstrained build operations Thread 31" [_thread_blocked, id=8336, stack(0x00000092f2300000,0x00000092f2400000)]
  0x0000020b147cba00 JavaThread "Unconstrained build operations Thread 32" [_thread_blocked, id=5424, stack(0x00000092f2400000,0x00000092f2500000)]
  0x0000020b147ca1f0 JavaThread "Unconstrained build operations Thread 33" [_thread_blocked, id=5980, stack(0x00000092f2500000,0x00000092f2600000)]
  0x0000020b147cab90 JavaThread "Unconstrained build operations Thread 34" [_thread_blocked, id=10868, stack(0x00000092f2600000,0x00000092f2700000)]
  0x0000020b147ca6c0 JavaThread "Unconstrained build operations Thread 35" [_thread_blocked, id=8244, stack(0x00000092f2700000,0x00000092f2800000)]
  0x0000020b115a8d30 JavaThread "Unconstrained build operations Thread 36" [_thread_blocked, id=4120, stack(0x00000092f2800000,0x00000092f2900000)]
  0x0000020b115a9200 JavaThread "Unconstrained build operations Thread 37" [_thread_blocked, id=2496, stack(0x00000092f2900000,0x00000092f2a00000)]
  0x0000020b115a96d0 JavaThread "Unconstrained build operations Thread 38" [_thread_blocked, id=10376, stack(0x00000092f2a00000,0x00000092f2b00000)]
  0x0000020b143f4190 JavaThread "Unconstrained build operations Thread 39" [_thread_blocked, id=5508, stack(0x00000092f2b00000,0x00000092f2c00000)]
  0x0000020b143f4660 JavaThread "Unconstrained build operations Thread 40" [_thread_blocked, id=3384, stack(0x00000092f2c00000,0x00000092f2d00000)]
  0x0000020b145e2a80 JavaThread "Unconstrained build operations Thread 41" [_thread_blocked, id=1168, stack(0x00000092f2d00000,0x00000092f2e00000)]
  0x0000020b145e4760 JavaThread "Unconstrained build operations Thread 42" [_thread_blocked, id=1524, stack(0x00000092f2e00000,0x00000092f2f00000)]
  0x0000020b145e2f50 JavaThread "Unconstrained build operations Thread 43" [_thread_blocked, id=11120, stack(0x00000092f2f00000,0x00000092f3000000)]
  0x0000020b145e3420 JavaThread "Unconstrained build operations Thread 44" [_thread_blocked, id=3352, stack(0x00000092f3000000,0x00000092f3100000)]
  0x0000020b13ccabf0 JavaThread "Unconstrained build operations Thread 45" [_thread_blocked, id=8576, stack(0x00000092f3100000,0x00000092f3200000)]
  0x0000020b13ccc8d0 JavaThread "Unconstrained build operations Thread 46" [_thread_blocked, id=7664, stack(0x00000092f3200000,0x00000092f3300000)]
  0x0000020b13ccb590 JavaThread "Unconstrained build operations Thread 47" [_thread_blocked, id=10432, stack(0x00000092f3300000,0x00000092f3400000)]
  0x0000020b13cccda0 JavaThread "Unconstrained build operations Thread 48" [_thread_blocked, id=7708, stack(0x00000092f3400000,0x00000092f3500000)]
  0x0000020b13ccba60 JavaThread "Unconstrained build operations Thread 49" [_thread_blocked, id=2980, stack(0x00000092f3500000,0x00000092f3600000)]
  0x0000020b13ccbf30 JavaThread "Unconstrained build operations Thread 50" [_thread_blocked, id=10096, stack(0x00000092f3600000,0x00000092f3700000)]
  0x0000020b13ccd740 JavaThread "Unconstrained build operations Thread 51" [_thread_blocked, id=9348, stack(0x00000092f3700000,0x00000092f3800000)]
  0x0000020b13cca250 JavaThread "Unconstrained build operations Thread 52" [_thread_blocked, id=1072, stack(0x00000092f3800000,0x00000092f3900000)]
  0x0000020b13cca720 JavaThread "Unconstrained build operations Thread 53" [_thread_blocked, id=9064, stack(0x00000092f3900000,0x00000092f3a00000)]
  0x0000020b13f043d0 JavaThread "Unconstrained build operations Thread 54" [_thread_blocked, id=304, stack(0x00000092f3a00000,0x00000092f3b00000)]
  0x0000020b13f03560 JavaThread "Unconstrained build operations Thread 55" [_thread_blocked, id=6088, stack(0x00000092f3b00000,0x00000092f3c00000)]
  0x0000020b13f03a30 JavaThread "Unconstrained build operations Thread 56" [_thread_blocked, id=5412, stack(0x00000092f3c00000,0x00000092f3d00000)]
  0x0000020b13f03090 JavaThread "Unconstrained build operations Thread 57" [_thread_blocked, id=8056, stack(0x00000092f3d00000,0x00000092f3e00000)]
  0x0000020b13f03f00 JavaThread "Unconstrained build operations Thread 58" [_thread_blocked, id=504, stack(0x00000092f3e00000,0x00000092f3f00000)]
  0x0000020b10c2c930 JavaThread "Unconstrained build operations Thread 59" [_thread_blocked, id=8648, stack(0x00000092f3f00000,0x00000092f4000000)]
  0x0000020b10c31b00 JavaThread "Unconstrained build operations Thread 60" [_thread_blocked, id=8940, stack(0x00000092f4000000,0x00000092f4100000)]
  0x0000020b10c2f480 JavaThread "Unconstrained build operations Thread 61" [_thread_blocked, id=6780, stack(0x00000092f4100000,0x00000092f4200000)]
  0x0000020b10c2b120 JavaThread "Unconstrained build operations Thread 62" [_thread_blocked, id=6664, stack(0x00000092f4200000,0x00000092f4300000)]
  0x0000020b10c2d7a0 JavaThread "Unconstrained build operations Thread 63" [_thread_blocked, id=9020, stack(0x00000092f4300000,0x00000092f4400000)]
  0x0000020b10c2ce00 JavaThread "Unconstrained build operations Thread 64" [_thread_blocked, id=11060, stack(0x00000092f4400000,0x00000092f4500000)]
  0x0000020b10c2f950 JavaThread "Unconstrained build operations Thread 65" [_thread_blocked, id=9996, stack(0x00000092f4500000,0x00000092f4600000)]
  0x0000020b10c2d2d0 JavaThread "Unconstrained build operations Thread 66" [_thread_blocked, id=2948, stack(0x00000092f4600000,0x00000092f4700000)]
  0x0000020b10c2dc70 JavaThread "Unconstrained build operations Thread 67" [_thread_blocked, id=5616, stack(0x00000092f4700000,0x00000092f4800000)]
  0x0000020b10c2b5f0 JavaThread "Unconstrained build operations Thread 68" [_thread_blocked, id=6368, stack(0x00000092f4800000,0x00000092f4900000)]
  0x0000020b10c2fe20 JavaThread "Unconstrained build operations Thread 69" [_thread_blocked, id=7656, stack(0x00000092f4900000,0x00000092f4a00000)]
  0x0000020b10c2bac0 JavaThread "Unconstrained build operations Thread 70" [_thread_blocked, id=8360, stack(0x00000092f4a00000,0x00000092f4b00000)]
  0x0000020b10c2e140 JavaThread "Unconstrained build operations Thread 71" [_thread_blocked, id=5188, stack(0x00000092f4b00000,0x00000092f4c00000)]
  0x0000020b10c2e610 JavaThread "Unconstrained build operations Thread 72" [_thread_blocked, id=1724, stack(0x00000092f4c00000,0x00000092f4d00000)]
  0x0000020b10c302f0 JavaThread "Unconstrained build operations Thread 73" [_thread_blocked, id=10272, stack(0x00000092f4d00000,0x00000092f4e00000)]
  0x0000020b10c2bf90 JavaThread "Unconstrained build operations Thread 74" [_thread_blocked, id=8180, stack(0x00000092f4e00000,0x00000092f4f00000)]
  0x0000020b10c2eae0 JavaThread "Unconstrained build operations Thread 75" [_thread_blocked, id=4864, stack(0x00000092f4f00000,0x00000092f5000000)]
  0x0000020b10c2efb0 JavaThread "Unconstrained build operations Thread 76" [_thread_blocked, id=9636, stack(0x00000092f5000000,0x00000092f5100000)]
  0x0000020b10c30c90 JavaThread "Unconstrained build operations Thread 77" [_thread_blocked, id=10280, stack(0x00000092f5100000,0x00000092f5200000)]
  0x0000020b10c31160 JavaThread "Unconstrained build operations Thread 78" [_thread_blocked, id=10348, stack(0x00000092f5200000,0x00000092f5300000)]
  0x0000020b145e5f70 JavaThread "Unconstrained build operations Thread 79" [_thread_blocked, id=9572, stack(0x00000092f5300000,0x00000092f5400000)]
  0x0000020b145e5aa0 JavaThread "Unconstrained build operations Thread 80" [_thread_blocked, id=8232, stack(0x00000092f5400000,0x00000092f5500000)]
  0x0000020b10c31630 JavaThread "Unconstrained build operations Thread 81" [_thread_blocked, id=9972, stack(0x00000092f5500000,0x00000092f5600000)]
  0x0000020b15dea5c0 JavaThread "Unconstrained build operations Thread 82" [_thread_blocked, id=8504, stack(0x00000092f5600000,0x00000092f5700000)]
  0x0000020b15de4580 JavaThread "Unconstrained build operations Thread 83" [_thread_blocked, id=10264, stack(0x00000092f5700000,0x00000092f5800000)]
  0x0000020b15c50e60 JavaThread "Unconstrained build operations Thread 84" [_thread_blocked, id=1232, stack(0x00000092f5800000,0x00000092f5900000)]
  0x0000020b15c51800 JavaThread "Unconstrained build operations Thread 85" [_thread_blocked, id=1188, stack(0x00000092f5900000,0x00000092f5a00000)]
  0x0000020b7e96c7f0 JavaThread "Unconstrained build operations Thread 86" [_thread_blocked, id=10100, stack(0x00000092f5a00000,0x00000092f5b00000)]
  0x0000020b7e96ccc0 JavaThread "Unconstrained build operations Thread 87" [_thread_blocked, id=10312, stack(0x00000092f5b00000,0x00000092f5c00000)]
  0x0000020b7e96d190 JavaThread "Unconstrained build operations Thread 88" [_thread_blocked, id=2976, stack(0x00000092f5c00000,0x00000092f5d00000)]
  0x0000020b7e96db30 JavaThread "Unconstrained build operations Thread 89" [_thread_blocked, id=5920, stack(0x00000092f5d00000,0x00000092f5e00000)]
  0x0000020b7e96a170 JavaThread "Unconstrained build operations Thread 90" [_thread_blocked, id=2328, stack(0x00000092f5e00000,0x00000092f5f00000)]
  0x0000020b7e96a640 JavaThread "Unconstrained build operations Thread 91" [_thread_blocked, id=6228, stack(0x00000092f5f00000,0x00000092f6000000)]
  0x0000020b7e96b4b0 JavaThread "Unconstrained build operations Thread 92" [_thread_blocked, id=6840, stack(0x00000092f6000000,0x00000092f6100000)]
  0x0000020b115a8390 JavaThread "Unconstrained build operations Thread 93" [_thread_blocked, id=10608, stack(0x00000092f6100000,0x00000092f6200000)]
  0x0000020b115a7ec0 JavaThread "Unconstrained build operations Thread 94" [_thread_blocked, id=7696, stack(0x00000092f6200000,0x00000092f6300000)]
  0x0000020b115a8860 JavaThread "Unconstrained build operations Thread 95" [_thread_blocked, id=5456, stack(0x00000092f6300000,0x00000092f6400000)]
  0x0000020b10a2a630 JavaThread "Unconstrained build operations Thread 96" [_thread_blocked, id=4960, stack(0x00000092f6400000,0x00000092f6500000)]
  0x0000020b10a2c7e0 JavaThread "Unconstrained build operations Thread 97" [_thread_blocked, id=8604, stack(0x00000092f6500000,0x00000092f6600000)]
  0x0000020b10a2b970 JavaThread "Unconstrained build operations Thread 98" [_thread_blocked, id=5836, stack(0x00000092f6600000,0x00000092f6700000)]
  0x0000020b10a2ccb0 JavaThread "Unconstrained build operations Thread 99" [_thread_blocked, id=11128, stack(0x00000092f6700000,0x00000092f6800000)]
  0x0000020b143f4b30 JavaThread "Unconstrained build operations Thread 100" [_thread_blocked, id=7204, stack(0x00000092f6800000,0x00000092f6900000)]
  0x0000020b143f59a0 JavaThread "Unconstrained build operations Thread 101" [_thread_blocked, id=7424, stack(0x00000092f6900000,0x00000092f6a00000)]
  0x0000020b143f5000 JavaThread "Unconstrained build operations Thread 102" [_thread_blocked, id=3404, stack(0x00000092f6a00000,0x00000092f6b00000)]
  0x0000020b10c43480 JavaThread "Unconstrained build operations Thread 103" [_thread_blocked, id=6272, stack(0x00000092f6b00000,0x00000092f6c00000)]
  0x0000020b10c45160 JavaThread "Unconstrained build operations Thread 104" [_thread_blocked, id=8392, stack(0x00000092f6c00000,0x00000092f6d00000)]
  0x0000020b10c442f0 JavaThread "Unconstrained build operations Thread 105" [_thread_blocked, id=6852, stack(0x00000092f6d00000,0x00000092f6e00000)]
  0x0000020b10c44c90 JavaThread "Unconstrained build operations Thread 106" [_thread_blocked, id=4512, stack(0x00000092f6e00000,0x00000092f6f00000)]
  0x0000020b13f048a0 JavaThread "Unconstrained build operations Thread 107" [_thread_blocked, id=5468, stack(0x00000092f6f00000,0x00000092f7000000)]
  0x0000020b11040090 JavaThread "Unconstrained build operations Thread 108" [_thread_blocked, id=10396, stack(0x00000092f7000000,0x00000092f7100000)]
  0x0000020b1103dee0 JavaThread "Unconstrained build operations Thread 109" [_thread_blocked, id=9612, stack(0x00000092f7100000,0x00000092f7200000)]
  0x0000020b1103da10 JavaThread "Unconstrained build operations Thread 110" [_thread_blocked, id=10616, stack(0x00000092f7200000,0x00000092f7300000)]
  0x0000020b11040560 JavaThread "Unconstrained build operations Thread 111" [_thread_blocked, id=6256, stack(0x00000092f7300000,0x00000092f7400000)]
  0x0000020b11040a30 JavaThread "Unconstrained build operations Thread 112" [_thread_blocked, id=8616, stack(0x00000092f7400000,0x00000092f7500000)]
  0x0000020b1103d540 JavaThread "Unconstrained build operations Thread 113" [_thread_blocked, id=11208, stack(0x00000092f7500000,0x00000092f7600000)]
  0x0000020b1103d070 JavaThread "Unconstrained build operations Thread 114" [_thread_blocked, id=6148, stack(0x00000092f7600000,0x00000092f7700000)]
  0x0000020b1103e3b0 JavaThread "Unconstrained build operations Thread 115" [_thread_blocked, id=6744, stack(0x00000092f7700000,0x00000092f7800000)]
  0x0000020b1103e880 JavaThread "Unconstrained build operations Thread 116" [_thread_blocked, id=3744, stack(0x00000092f7800000,0x00000092f7900000)]
  0x0000020b1103ed50 JavaThread "Unconstrained build operations Thread 117" [_thread_blocked, id=8824, stack(0x00000092f7900000,0x00000092f7a00000)]
  0x0000020b1103fbc0 JavaThread "Unconstrained build operations Thread 118" [_thread_blocked, id=1960, stack(0x00000092f7a00000,0x00000092f7b00000)]
  0x0000020b1103f220 JavaThread "Unconstrained build operations Thread 119" [_thread_blocked, id=1924, stack(0x00000092f7b00000,0x00000092f7c00000)]
  0x0000020b1103f6f0 JavaThread "Unconstrained build operations Thread 120" [_thread_blocked, id=1196, stack(0x00000092f7c00000,0x00000092f7d00000)]
  0x0000020b7bc9a180 JavaThread "build event listener" [_thread_blocked, id=6108, stack(0x00000092f7d00000,0x00000092f7e00000)]
  0x0000020b138668a0 JavaThread "included builds" [_thread_blocked, id=10636, stack(0x00000092f7e00000,0x00000092f7f00000)]
  0x0000020b10c45630 JavaThread "Execution worker" [_thread_blocked, id=5576, stack(0x00000092f7f00000,0x00000092f8000000)]
  0x0000020b10c43e20 JavaThread "Execution worker Thread 2" [_thread_blocked, id=2796, stack(0x00000092f8700000,0x00000092f8800000)]
  0x0000020b10c45b00 JavaThread "Execution worker Thread 3" [_thread_blocked, id=1864, stack(0x00000092f8b00000,0x00000092f8c00000)]
  0x0000020b10c45fd0 JavaThread "Execution worker Thread 4" [_thread_blocked, id=9488, stack(0x00000092f8c00000,0x00000092f8d00000)]
  0x0000020b10c42610 JavaThread "Execution worker Thread 5" [_thread_blocked, id=11092, stack(0x00000092f8d00000,0x00000092f8e00000)]
  0x0000020b10c447c0 JavaThread "Execution worker Thread 6" [_thread_blocked, id=8620, stack(0x00000092f8e00000,0x00000092f8f00000)]
  0x0000020b10c42ae0 JavaThread "Execution worker Thread 7" [_thread_blocked, id=2464, stack(0x00000092f8f00000,0x00000092f9000000)]
  0x0000020b1382c550 JavaThread "Execution worker Thread 8" [_thread_blocked, id=5404, stack(0x00000092f9000000,0x00000092f9100000)]
  0x0000020b1382c080 JavaThread "Execution worker Thread 9" [_thread_blocked, id=5824, stack(0x00000092f9100000,0x00000092f9200000)]
  0x0000020b1382ca20 JavaThread "Execution worker Thread 10" [_thread_blocked, id=796, stack(0x00000092f9200000,0x00000092f9300000)]
  0x0000020b119269d0 JavaThread "Execution worker Thread 11" [_thread_blocked, id=11192, stack(0x00000092f9300000,0x00000092f9400000)]
  0x0000020b15de5d90 JavaThread "Cache worker for execution history cache (C:\Users\Pasha\AndroidStudioProjects\MyApplication9\.gradle\8.0\executionHistory)" [_thread_blocked, id=32, stack(0x00000092f9400000,0x00000092f9500000)]
  0x0000020b1382aee0 JavaThread "Cache worker for Java compile cache (C:\Users\Pasha\.gradle\caches\8.0\javaCompile)" [_thread_blocked, id=5600, stack(0x00000092f9500000,0x00000092f9600000)]
  0x0000020b1382a070 JavaThread "Build operations" [_thread_blocked, id=1936, stack(0x00000092f9600000,0x00000092f9700000)]
  0x0000020b1382aa10 JavaThread "Build operations Thread 2" [_thread_blocked, id=10128, stack(0x00000092f9700000,0x00000092f9800000)]
  0x0000020b1382b880 JavaThread "Build operations Thread 3" [_thread_blocked, id=11104, stack(0x00000092f9800000,0x00000092f9900000)]
  0x0000020b1382a540 JavaThread "Build operations Thread 4" [_thread_blocked, id=4856, stack(0x00000092f9900000,0x00000092f9a00000)]
  0x0000020b7ee59d20 JavaThread "Build operations Thread 5" [_thread_blocked, id=10468, stack(0x00000092f9a00000,0x00000092f9b00000)]
  0x0000020b7ee576a0 JavaThread "Build operations Thread 6" [_thread_blocked, id=5756, stack(0x00000092f9b00000,0x00000092f9c00000)]
  0x0000020b7ee5a1f0 JavaThread "Build operations Thread 7" [_thread_blocked, id=1348, stack(0x00000092f9c00000,0x00000092f9d00000)]
  0x0000020b7ee5a6c0 JavaThread "Build operations Thread 8" [_thread_blocked, id=1456, stack(0x00000092f9d00000,0x00000092f9e00000)]
  0x0000020b7ee589e0 JavaThread "Build operations Thread 9" [_thread_blocked, id=1848, stack(0x00000092f9e00000,0x00000092f9f00000)]
  0x0000020b7ee5ab90 JavaThread "Build operations Thread 10" [_thread_blocked, id=5628, stack(0x00000092f9f00000,0x00000092fa000000)]
  0x0000020b7ee58510 JavaThread "Build operations Thread 11" [_thread_blocked, id=4412, stack(0x00000092fa000000,0x00000092fa100000)]
  0x0000020b10a2be40 JavaThread "Build operations Thread 12" [_thread_blocked, id=8388, stack(0x00000092fa100000,0x00000092fa200000)]

Other Threads:
=>0x0000020b7ac229f0 VMThread "VM Thread" [stack: 0x00000092ed200000,0x00000092ed300000] [id=7420]
  0x0000020b7ae3a470 WatcherThread [stack: 0x00000092ede00000,0x00000092edf00000] [id=3804]
  0x0000020b6eef9cc0 GCTaskThread "GC Thread#0" [stack: 0x00000092ecd00000,0x00000092ece00000] [id=1904]
  0x0000020b7babb4b0 GCTaskThread "GC Thread#1" [stack: 0x00000092ee100000,0x00000092ee200000] [id=7084]
  0x0000020b7b9c33d0 GCTaskThread "GC Thread#2" [stack: 0x00000092ee200000,0x00000092ee300000] [id=1104]
  0x0000020b7b7fecc0 GCTaskThread "GC Thread#3" [stack: 0x00000092ee300000,0x00000092ee400000] [id=9836]
  0x0000020b7c4a5f60 GCTaskThread "GC Thread#4" [stack: 0x00000092ee000000,0x00000092ee100000] [id=6280]
  0x0000020b7d025d80 GCTaskThread "GC Thread#5" [stack: 0x00000092eef00000,0x00000092ef000000] [id=10108]
  0x0000020b7d514090 GCTaskThread "GC Thread#6" [stack: 0x00000092ef000000,0x00000092ef100000] [id=6856]
  0x0000020b7c6082e0 GCTaskThread "GC Thread#7" [stack: 0x00000092ef100000,0x00000092ef200000] [id=4712]
  0x0000020b7d7bbef0 GCTaskThread "GC Thread#8" [stack: 0x00000092ef200000,0x00000092ef300000] [id=8264]
  0x0000020b7d78f770 GCTaskThread "GC Thread#9" [stack: 0x00000092ef300000,0x00000092ef400000] [id=3340]
  0x0000020b6ef0ab10 ConcurrentGCThread "G1 Main Marker" [stack: 0x00000092ece00000,0x00000092ecf00000] [id=7252]
  0x0000020b6ef0dbe0 ConcurrentGCThread "G1 Conc#0" [stack: 0x00000092ecf00000,0x00000092ed000000] [id=3968]
  0x0000020b7d04d2a0 ConcurrentGCThread "G1 Conc#1" [stack: 0x00000092ef400000,0x00000092ef500000] [id=10500]
  0x0000020b7d3edbd0 ConcurrentGCThread "G1 Conc#2" [stack: 0x00000092ef500000,0x00000092ef600000] [id=8672]
  0x0000020b6ef672d0 ConcurrentGCThread "G1 Refine#0" [stack: 0x00000092ed000000,0x00000092ed100000] [id=9120]
  0x0000020b13aa2f60 ConcurrentGCThread "G1 Refine#1" [stack: 0x00000092f8900000,0x00000092f8a00000] [id=2820]
  0x0000020b13aa3520 ConcurrentGCThread "G1 Refine#2" [stack: 0x00000092f8a00000,0x00000092f8b00000] [id=6984]
  0x0000020b6ef67c00 ConcurrentGCThread "G1 Service" [stack: 0x00000092ed100000,0x00000092ed200000] [id=2776]

Threads with active compile tasks:
C2 CompilerThread0   150887 12115   !   4       java.net.URLClassLoader$1::run (81 bytes)
C2 CompilerThread1   150887 11810   !   4       org.gradle.api.internal.attributes.DefaultImmutableAttributesFactory::doConcatIsolatable (128 bytes)
C2 CompilerThread2   150887 12114       4       java.net.URLClassLoader$1::run (5 bytes)

VM state: at safepoint (normal execution)

VM Mutex/Monitor currently owned by a thread:  ([mutex/lock_event])
[0x0000020b6ee963b0] Threads_lock - owner thread: 0x0000020b7ac229f0
[0x0000020b6ee96a70] Heap_lock - owner thread: 0x0000020b1382aee0

Heap address: 0x0000000080000000, size: 2048 MB, Compressed Oops mode: 32-bit

CDS archive(s) not mapped
Compressed class space mapped at: 0x0000000100000000-0x0000000140000000, reserved size: 1073741824
Narrow klass base: 0x0000000000000000, Narrow klass shift: 3, Narrow klass range: 0x140000000

GC Precious Log:
 CPUs: 12 total, 12 available
 Memory: 8125M
 Large Page Support: Disabled
 NUMA Support: Disabled
 Compressed Oops: Enabled (32-bit)
 Heap Region Size: 1M
 Heap Min Capacity: 8M
 Heap Initial Capacity: 128M
 Heap Max Capacity: 2G
 Pre-touch: Disabled
 Parallel Workers: 10
 Concurrent Workers: 3
 Concurrent Refinement Workers: 10
 Periodic GC: Disabled

Heap:
 garbage-first heap   total 152576K, used 90279K [0x0000000080000000, 0x0000000100000000)
  region size 1024K, 6 young (6144K), 6 survivors (6144K)
 Metaspace       used 88053K, committed 88704K, reserved 1130496K
  class space    used 11991K, committed 12288K, reserved 1048576K

Heap Regions: E=young(eden), S=young(survivor), O=old, HS=humongous(starts), HC=humongous(continues), CS=collection set, F=free, OA=open archive, CA=closed archive, TAMS=top-at-mark-start (previous, next)
|   0|0x0000000080000000, 0x0000000080100000, 0x0000000080100000|100%|HS|  |TAMS 0x0000000080100000, 0x0000000080000000| Complete 
|   1|0x0000000080100000, 0x0000000080200000, 0x0000000080200000|100%|HC|  |TAMS 0x0000000080200000, 0x0000000080100000| Complete 
|   2|0x0000000080200000, 0x0000000080300000, 0x0000000080300000|100%|HC|  |TAMS 0x0000000080300000, 0x0000000080200000| Complete 
|   3|0x0000000080300000, 0x0000000080400000, 0x0000000080400000|100%|HC|  |TAMS 0x0000000080400000, 0x0000000080300000| Complete 
|   4|0x0000000080400000, 0x0000000080500000, 0x0000000080500000|100%| O|  |TAMS 0x0000000080500000, 0x0000000080400000| Untracked 
|   5|0x0000000080500000, 0x0000000080600000, 0x0000000080600000|100%| O|  |TAMS 0x0000000080600000, 0x0000000080500000| Untracked 
|   6|0x0000000080600000, 0x0000000080700000, 0x0000000080700000|100%| O|  |TAMS 0x0000000080700000, 0x0000000080600000| Untracked 
|   7|0x0000000080700000, 0x0000000080800000, 0x0000000080800000|100%| O|  |TAMS 0x0000000080800000, 0x0000000080700000| Untracked 
|   8|0x0000000080800000, 0x0000000080900000, 0x0000000080900000|100%| O|  |TAMS 0x0000000080900000, 0x0000000080800000| Untracked 
|   9|0x0000000080900000, 0x0000000080a00000, 0x0000000080a00000|100%| O|  |TAMS 0x0000000080a00000, 0x0000000080900000| Untracked 
|  10|0x0000000080a00000, 0x0000000080b00000, 0x0000000080b00000|100%| O|  |TAMS 0x0000000080b00000, 0x0000000080a00000| Untracked 
|  11|0x0000000080b00000, 0x0000000080c00000, 0x0000000080c00000|100%| O|  |TAMS 0x0000000080b00000, 0x0000000080b00000| Untracked 
|  12|0x0000000080c00000, 0x0000000080d00000, 0x0000000080d00000|100%| O|  |TAMS 0x0000000080d00000, 0x0000000080c00000| Untracked 
|  13|0x0000000080d00000, 0x0000000080e00000, 0x0000000080e00000|100%| O|  |TAMS 0x0000000080e00000, 0x0000000080d00000| Untracked 
|  14|0x0000000080e00000, 0x0000000080f00000, 0x0000000080f00000|100%| O|  |TAMS 0x0000000080f00000, 0x0000000080e00000| Untracked 
|  15|0x0000000080f00000, 0x0000000081000000, 0x0000000081000000|100%| O|  |TAMS 0x0000000081000000, 0x0000000080f00000| Untracked 
|  16|0x0000000081000000, 0x0000000081100000, 0x0000000081100000|100%| O|  |TAMS 0x0000000081100000, 0x0000000081000000| Untracked 
|  17|0x0000000081100000, 0x0000000081200000, 0x0000000081200000|100%| O|  |TAMS 0x0000000081200000, 0x0000000081100000| Untracked 
|  18|0x0000000081200000, 0x0000000081300000, 0x0000000081300000|100%| O|  |TAMS 0x0000000081300000, 0x0000000081200000| Untracked 
|  19|0x0000000081300000, 0x0000000081400000, 0x0000000081400000|100%| O|  |TAMS 0x0000000081400000, 0x0000000081300000| Untracked 
|  20|0x0000000081400000, 0x0000000081500000, 0x0000000081500000|100%| O|  |TAMS 0x0000000081500000, 0x0000000081400000| Untracked 
|  21|0x0000000081500000, 0x0000000081600000, 0x0000000081600000|100%| O|  |TAMS 0x0000000081600000, 0x0000000081500000| Untracked 
|  22|0x0000000081600000, 0x0000000081700000, 0x0000000081700000|100%| O|  |TAMS 0x0000000081700000, 0x0000000081600000| Untracked 
|  23|0x0000000081700000, 0x0000000081800000, 0x0000000081800000|100%| O|  |TAMS 0x0000000081800000, 0x0000000081700000| Untracked 
|  24|0x0000000081800000, 0x0000000081900000, 0x0000000081900000|100%| O|  |TAMS 0x0000000081900000, 0x0000000081800000| Untracked 
|  25|0x0000000081900000, 0x0000000081a00000, 0x0000000081a00000|100%| O|  |TAMS 0x0000000081a00000, 0x0000000081900000| Untracked 
|  26|0x0000000081a00000, 0x0000000081b00000, 0x0000000081b00000|100%| O|  |TAMS 0x0000000081b00000, 0x0000000081a00000| Untracked 
|  27|0x0000000081b00000, 0x0000000081c00000, 0x0000000081c00000|100%| O|  |TAMS 0x0000000081c00000, 0x0000000081b00000| Untracked 
|  28|0x0000000081c00000, 0x0000000081d00000, 0x0000000081d00000|100%| O|  |TAMS 0x0000000081d00000, 0x0000000081c00000| Untracked 
|  29|0x0000000081d00000, 0x0000000081e00000, 0x0000000081e00000|100%| O|  |TAMS 0x0000000081e00000, 0x0000000081d00000| Untracked 
|  30|0x0000000081e00000, 0x0000000081f00000, 0x0000000081f00000|100%| O|  |TAMS 0x0000000081f00000, 0x0000000081e00000| Untracked 
|  31|0x0000000081f00000, 0x0000000082000000, 0x0000000082000000|100%| O|  |TAMS 0x0000000082000000, 0x0000000081f00000| Untracked 
|  32|0x0000000082000000, 0x0000000082100000, 0x0000000082100000|100%| O|  |TAMS 0x0000000082100000, 0x0000000082000000| Untracked 
|  33|0x0000000082100000, 0x0000000082200000, 0x0000000082200000|100%|HS|  |TAMS 0x0000000082200000, 0x0000000082100000| Complete 
|  34|0x0000000082200000, 0x0000000082300000, 0x0000000082300000|100%|HS|  |TAMS 0x0000000082300000, 0x0000000082200000| Complete 
|  35|0x0000000082300000, 0x0000000082400000, 0x0000000082400000|100%| O|  |TAMS 0x0000000082400000, 0x0000000082300000| Untracked 
|  36|0x0000000082400000, 0x0000000082500000, 0x0000000082500000|100%| O|  |TAMS 0x0000000082500000, 0x0000000082400000| Untracked 
|  37|0x0000000082500000, 0x0000000082600000, 0x0000000082600000|100%| O|  |TAMS 0x0000000082600000, 0x0000000082500000| Untracked 
|  38|0x0000000082600000, 0x0000000082700000, 0x0000000082700000|100%| O|  |TAMS 0x0000000082700000, 0x0000000082600000| Untracked 
|  39|0x0000000082700000, 0x0000000082800000, 0x0000000082800000|100%| O|  |TAMS 0x0000000082800000, 0x0000000082700000| Untracked 
|  40|0x0000000082800000, 0x0000000082900000, 0x0000000082900000|100%| O|  |TAMS 0x0000000082900000, 0x0000000082800000| Untracked 
|  41|0x0000000082900000, 0x0000000082a00000, 0x0000000082a00000|100%| O|  |TAMS 0x0000000082a00000, 0x0000000082900000| Untracked 
|  42|0x0000000082a00000, 0x0000000082b00000, 0x0000000082b00000|100%| O|  |TAMS 0x0000000082b00000, 0x0000000082a00000| Untracked 
|  43|0x0000000082b00000, 0x0000000082c00000, 0x0000000082c00000|100%| O|  |TAMS 0x0000000082c00000, 0x0000000082b00000| Untracked 
|  44|0x0000000082c00000, 0x0000000082d00000, 0x0000000082d00000|100%| O|  |TAMS 0x0000000082d00000, 0x0000000082c00000| Untracked 
|  45|0x0000000082d00000, 0x0000000082e00000, 0x0000000082e00000|100%| O|  |TAMS 0x0000000082e00000, 0x0000000082d00000| Untracked 
|  46|0x0000000082e00000, 0x0000000082f00000, 0x0000000082f00000|100%| O|  |TAMS 0x0000000082f00000, 0x0000000082e00000| Untracked 
|  47|0x0000000082f00000, 0x0000000083000000, 0x0000000083000000|100%| O|  |TAMS 0x0000000083000000, 0x0000000082f00000| Untracked 
|  48|0x0000000083000000, 0x0000000083100000, 0x0000000083100000|100%| O|  |TAMS 0x0000000083100000, 0x0000000083000000| Untracked 
|  49|0x0000000083100000, 0x0000000083200000, 0x0000000083200000|100%| O|  |TAMS 0x0000000083200000, 0x0000000083100000| Untracked 
|  50|0x0000000083200000, 0x0000000083300000, 0x0000000083300000|100%| O|  |TAMS 0x0000000083300000, 0x0000000083200000| Untracked 
|  51|0x0000000083300000, 0x0000000083400000, 0x0000000083400000|100%| O|  |TAMS 0x0000000083400000, 0x0000000083300000| Untracked 
|  52|0x0000000083400000, 0x0000000083500000, 0x0000000083500000|100%| O|  |TAMS 0x0000000083500000, 0x0000000083400000| Untracked 
|  53|0x0000000083500000, 0x0000000083600000, 0x0000000083600000|100%| O|  |TAMS 0x0000000083600000, 0x0000000083500000| Untracked 
|  54|0x0000000083600000, 0x0000000083700000, 0x0000000083700000|100%| O|  |TAMS 0x0000000083700000, 0x0000000083600000| Untracked 
|  55|0x0000000083700000, 0x0000000083800000, 0x0000000083800000|100%| O|  |TAMS 0x0000000083800000, 0x0000000083700000| Untracked 
|  56|0x0000000083800000, 0x0000000083900000, 0x0000000083900000|100%| O|  |TAMS 0x0000000083900000, 0x0000000083800000| Untracked 
|  57|0x0000000083900000, 0x0000000083a00000, 0x0000000083a00000|100%| O|  |TAMS 0x0000000083a00000, 0x0000000083900000| Untracked 
|  58|0x0000000083a00000, 0x0000000083b00000, 0x0000000083b00000|100%| O|  |TAMS 0x0000000083b00000, 0x0000000083a00000| Untracked 
|  59|0x0000000083b00000, 0x0000000083c00000, 0x0000000083c00000|100%| O|  |TAMS 0x0000000083c00000, 0x0000000083b00000| Untracked 
|  60|0x0000000083c00000, 0x0000000083d00000, 0x0000000083d00000|100%| O|  |TAMS 0x0000000083d00000, 0x0000000083c00000| Untracked 
|  61|0x0000000083d00000, 0x0000000083e00000, 0x0000000083e00000|100%| O|  |TAMS 0x0000000083e00000, 0x0000000083d00000| Untracked 
|  62|0x0000000083e00000, 0x0000000083f00000, 0x0000000083f00000|100%| O|  |TAMS 0x0000000083f00000, 0x0000000083e00000| Untracked 
|  63|0x0000000083f00000, 0x0000000084000000, 0x0000000084000000|100%| O|  |TAMS 0x0000000084000000, 0x0000000083f00000| Untracked 
|  64|0x0000000084000000, 0x0000000084100000, 0x0000000084100000|100%| O|  |TAMS 0x0000000084100000, 0x0000000084000000| Untracked 
|  65|0x0000000084100000, 0x0000000084200000, 0x0000000084200000|100%| O|  |TAMS 0x0000000084200000, 0x0000000084100000| Untracked 
|  66|0x0000000084200000, 0x0000000084300000, 0x0000000084300000|100%| O|  |TAMS 0x0000000084300000, 0x0000000084200000| Untracked 
|  67|0x0000000084300000, 0x0000000084400000, 0x0000000084400000|100%| O|  |TAMS 0x0000000084400000, 0x0000000084300000| Untracked 
|  68|0x0000000084400000, 0x0000000084500000, 0x0000000084500000|100%| O|  |TAMS 0x0000000084500000, 0x0000000084400000| Untracked 
|  69|0x0000000084500000, 0x0000000084600000, 0x0000000084600000|100%| O|  |TAMS 0x0000000084600000, 0x0000000084500000| Untracked 
|  70|0x0000000084600000, 0x0000000084700000, 0x0000000084700000|100%| O|  |TAMS 0x0000000084700000, 0x0000000084600000| Untracked 
|  71|0x0000000084700000, 0x0000000084800000, 0x0000000084800000|100%| O|  |TAMS 0x0000000084800000, 0x0000000084700000| Untracked 
|  72|0x0000000084800000, 0x0000000084800000, 0x0000000084900000|  0%| F|  |TAMS 0x0000000084800000, 0x0000000084800000| Untracked 
|  73|0x0000000084900000, 0x0000000084a00000, 0x0000000084a00000|100%| O|  |TAMS 0x0000000084a00000, 0x0000000084900000| Untracked 
|  74|0x0000000084a00000, 0x0000000084b00000, 0x0000000084b00000|100%| O|  |TAMS 0x0000000084b00000, 0x0000000084a00000| Untracked 
|  75|0x0000000084b00000, 0x0000000084c00000, 0x0000000084c00000|100%| O|  |TAMS 0x0000000084c00000, 0x0000000084b00000| Untracked 
|  76|0x0000000084c00000, 0x0000000084d00000, 0x0000000084d00000|100%| O|  |TAMS 0x0000000084d00000, 0x0000000084c00000| Untracked 
|  77|0x0000000084d00000, 0x0000000084e00000, 0x0000000084e00000|100%| O|  |TAMS 0x0000000084e00000, 0x0000000084d00000| Untracked 
|  78|0x0000000084e00000, 0x0000000084f00000, 0x0000000084f00000|100%| O|  |TAMS 0x0000000084e89000, 0x0000000084e00000| Untracked 
|  79|0x0000000084f00000, 0x0000000085000000, 0x0000000085000000|100%| O|  |TAMS 0x0000000084f00000, 0x0000000084f00000| Untracked 
|  80|0x0000000085000000, 0x0000000085100000, 0x0000000085100000|100%| O|  |TAMS 0x0000000085000000, 0x0000000085000000| Untracked 
|  81|0x0000000085100000, 0x0000000085200000, 0x0000000085200000|100%| O|  |TAMS 0x0000000085100000, 0x0000000085100000| Untracked 
|  82|0x0000000085200000, 0x0000000085300000, 0x0000000085300000|100%| O|  |TAMS 0x0000000085200000, 0x0000000085200000| Untracked 
|  83|0x0000000085300000, 0x0000000085329c00, 0x0000000085400000| 16%| O|  |TAMS 0x0000000085300000, 0x0000000085300000| Untracked 
|  84|0x0000000085400000, 0x0000000085400000, 0x0000000085500000|  0%| F|  |TAMS 0x0000000085400000, 0x0000000085400000| Untracked 
|  85|0x0000000085500000, 0x0000000085500000, 0x0000000085600000|  0%| F|  |TAMS 0x0000000085500000, 0x0000000085500000| Untracked 
|  86|0x0000000085600000, 0x0000000085600000, 0x0000000085700000|  0%| F|  |TAMS 0x0000000085600000, 0x0000000085600000| Untracked 
|  87|0x0000000085700000, 0x0000000085700000, 0x0000000085800000|  0%| F|  |TAMS 0x0000000085700000, 0x0000000085700000| Untracked 
|  88|0x0000000085800000, 0x0000000085800000, 0x0000000085900000|  0%| F|  |TAMS 0x0000000085800000, 0x0000000085800000| Untracked 
|  89|0x0000000085900000, 0x0000000085900000, 0x0000000085a00000|  0%| F|  |TAMS 0x0000000085900000, 0x0000000085900000| Untracked 
|  90|0x0000000085a00000, 0x0000000085a00000, 0x0000000085b00000|  0%| F|  |TAMS 0x0000000085a00000, 0x0000000085a00000| Untracked 
|  91|0x0000000085b00000, 0x0000000085b00000, 0x0000000085c00000|  0%| F|  |TAMS 0x0000000085b00000, 0x0000000085b00000| Untracked 
|  92|0x0000000085c00000, 0x0000000085c00000, 0x0000000085d00000|  0%| F|  |TAMS 0x0000000085c00000, 0x0000000085c00000| Untracked 
|  93|0x0000000085d00000, 0x0000000085d00000, 0x0000000085e00000|  0%| F|  |TAMS 0x0000000085d00000, 0x0000000085d00000| Untracked 
|  94|0x0000000085e00000, 0x0000000085e00000, 0x0000000085f00000|  0%| F|  |TAMS 0x0000000085e00000, 0x0000000085e00000| Untracked 
|  95|0x0000000085f00000, 0x0000000085f00000, 0x0000000086000000|  0%| F|  |TAMS 0x0000000085f00000, 0x0000000085f00000| Untracked 
|  96|0x0000000086000000, 0x0000000086000000, 0x0000000086100000|  0%| F|  |TAMS 0x0000000086000000, 0x0000000086000000| Untracked 
|  97|0x0000000086100000, 0x0000000086100000, 0x0000000086200000|  0%| F|  |TAMS 0x0000000086100000, 0x0000000086100000| Untracked 
|  98|0x0000000086200000, 0x0000000086200000, 0x0000000086300000|  0%| F|  |TAMS 0x0000000086200000, 0x0000000086200000| Untracked 
|  99|0x0000000086300000, 0x0000000086300000, 0x0000000086400000|  0%| F|  |TAMS 0x0000000086300000, 0x0000000086300000| Untracked 
| 100|0x0000000086400000, 0x0000000086400000, 0x0000000086500000|  0%| F|  |TAMS 0x0000000086400000, 0x0000000086400000| Untracked 
| 101|0x0000000086500000, 0x0000000086500000, 0x0000000086600000|  0%| F|  |TAMS 0x0000000086500000, 0x0000000086500000| Untracked 
| 102|0x0000000086600000, 0x0000000086700000, 0x0000000086700000|100%| S|CS|TAMS 0x0000000086600000, 0x0000000086600000| Complete 
| 103|0x0000000086700000, 0x0000000086800000, 0x0000000086800000|100%| S|CS|TAMS 0x0000000086700000, 0x0000000086700000| Complete 
| 104|0x0000000086800000, 0x0000000086900000, 0x0000000086900000|100%| S|CS|TAMS 0x0000000086800000, 0x0000000086800000| Complete 
| 105|0x0000000086900000, 0x0000000086a00000, 0x0000000086a00000|100%| S|CS|TAMS 0x0000000086900000, 0x0000000086900000| Complete 
| 106|0x0000000086a00000, 0x0000000086b00000, 0x0000000086b00000|100%| S|CS|TAMS 0x0000000086a00000, 0x0000000086a00000| Complete 
| 107|0x0000000086b00000, 0x0000000086c00000, 0x0000000086c00000|100%| S|CS|TAMS 0x0000000086b00000, 0x0000000086b00000| Complete 
| 108|0x0000000086c00000, 0x0000000086c00000, 0x0000000086d00000|  0%| F|  |TAMS 0x0000000086c00000, 0x0000000086c00000| Untracked 
| 109|0x0000000086d00000, 0x0000000086d00000, 0x0000000086e00000|  0%| F|  |TAMS 0x0000000086d00000, 0x0000000086d00000| Untracked 
| 110|0x0000000086e00000, 0x0000000086e00000, 0x0000000086f00000|  0%| F|  |TAMS 0x0000000086e00000, 0x0000000086e00000| Untracked 
| 111|0x0000000086f00000, 0x0000000086f00000, 0x0000000087000000|  0%| F|  |TAMS 0x0000000086f00000, 0x0000000086f00000| Untracked 
| 112|0x0000000087000000, 0x0000000087000000, 0x0000000087100000|  0%| F|  |TAMS 0x0000000087000000, 0x0000000087000000| Untracked 
| 113|0x0000000087100000, 0x0000000087100000, 0x0000000087200000|  0%| F|  |TAMS 0x0000000087100000, 0x0000000087100000| Untracked 
| 114|0x0000000087200000, 0x0000000087200000, 0x0000000087300000|  0%| F|  |TAMS 0x0000000087200000, 0x0000000087200000| Untracked 
| 115|0x0000000087300000, 0x0000000087300000, 0x0000000087400000|  0%| F|  |TAMS 0x0000000087300000, 0x0000000087300000| Untracked 
| 116|0x0000000087400000, 0x0000000087400000, 0x0000000087500000|  0%| F|  |TAMS 0x0000000087400000, 0x0000000087400000| Untracked 
| 117|0x0000000087500000, 0x0000000087500000, 0x0000000087600000|  0%| F|  |TAMS 0x0000000087500000, 0x0000000087500000| Untracked 
| 118|0x0000000087600000, 0x0000000087600000, 0x0000000087700000|  0%| F|  |TAMS 0x0000000087600000, 0x0000000087600000| Untracked 
| 119|0x0000000087700000, 0x0000000087700000, 0x0000000087800000|  0%| F|  |TAMS 0x0000000087700000, 0x0000000087700000| Untracked 
| 120|0x0000000087800000, 0x0000000087800000, 0x0000000087900000|  0%| F|  |TAMS 0x0000000087800000, 0x0000000087800000| Untracked 
| 121|0x0000000087900000, 0x0000000087900000, 0x0000000087a00000|  0%| F|  |TAMS 0x0000000087900000, 0x0000000087900000| Untracked 
| 122|0x0000000087a00000, 0x0000000087a00000, 0x0000000087b00000|  0%| F|  |TAMS 0x0000000087a00000, 0x0000000087a00000| Untracked 
| 123|0x0000000087b00000, 0x0000000087b00000, 0x0000000087c00000|  0%| F|  |TAMS 0x0000000087b00000, 0x0000000087b00000| Untracked 
| 124|0x0000000087c00000, 0x0000000087c00000, 0x0000000087d00000|  0%| F|  |TAMS 0x0000000087c00000, 0x0000000087c00000| Untracked 
| 125|0x0000000087d00000, 0x0000000087d00000, 0x0000000087e00000|  0%| F|  |TAMS 0x0000000087d00000, 0x0000000087d00000| Untracked 
| 126|0x0000000087e00000, 0x0000000087e00000, 0x0000000087f00000|  0%| F|  |TAMS 0x0000000087e00000, 0x0000000087e00000| Untracked 
| 127|0x0000000087f00000, 0x0000000087f00000, 0x0000000088000000|  0%| F|  |TAMS 0x0000000087f00000, 0x0000000087f00000| Untracked 
| 128|0x0000000088000000, 0x0000000088000000, 0x0000000088100000|  0%| F|  |TAMS 0x0000000088000000, 0x0000000088000000| Untracked 
| 129|0x0000000088100000, 0x0000000088100000, 0x0000000088200000|  0%| F|  |TAMS 0x0000000088100000, 0x0000000088100000| Untracked 
| 130|0x0000000088200000, 0x0000000088200000, 0x0000000088300000|  0%| F|  |TAMS 0x0000000088200000, 0x0000000088200000| Untracked 
| 131|0x0000000088300000, 0x0000000088300000, 0x0000000088400000|  0%| F|  |TAMS 0x0000000088300000, 0x0000000088300000| Untracked 
| 132|0x0000000088400000, 0x0000000088400000, 0x0000000088500000|  0%| F|  |TAMS 0x0000000088400000, 0x0000000088400000| Untracked 
| 133|0x0000000088500000, 0x0000000088500000, 0x0000000088600000|  0%| F|  |TAMS 0x0000000088500000, 0x0000000088500000| Untracked 
| 134|0x0000000088600000, 0x0000000088600000, 0x0000000088700000|  0%| F|  |TAMS 0x0000000088600000, 0x0000000088600000| Untracked 
| 135|0x0000000088700000, 0x0000000088700000, 0x0000000088800000|  0%| F|  |TAMS 0x0000000088700000, 0x0000000088700000| Untracked 
| 136|0x0000000088800000, 0x0000000088800000, 0x0000000088900000|  0%| F|  |TAMS 0x0000000088800000, 0x0000000088800000| Untracked 
| 137|0x0000000088900000, 0x0000000088900000, 0x0000000088a00000|  0%| F|  |TAMS 0x0000000088900000, 0x0000000088900000| Untracked 
| 138|0x0000000088a00000, 0x0000000088a00000, 0x0000000088b00000|  0%| F|  |TAMS 0x0000000088a00000, 0x0000000088a00000| Untracked 
| 139|0x0000000088b00000, 0x0000000088b00000, 0x0000000088c00000|  0%| F|  |TAMS 0x0000000088b00000, 0x0000000088b00000| Untracked 
| 140|0x0000000088c00000, 0x0000000088c00000, 0x0000000088d00000|  0%| F|  |TAMS 0x0000000088c00000, 0x0000000088c00000| Untracked 
| 141|0x0000000088d00000, 0x0000000088d00000, 0x0000000088e00000|  0%| F|  |TAMS 0x0000000088d00000, 0x0000000088d00000| Untracked 
| 142|0x0000000088e00000, 0x0000000088e00000, 0x0000000088f00000|  0%| F|  |TAMS 0x0000000088e00000, 0x0000000088e00000| Untracked 
| 143|0x0000000088f00000, 0x0000000088f00000, 0x0000000089000000|  0%| F|  |TAMS 0x0000000088f00000, 0x0000000088f00000| Untracked 
| 144|0x0000000089000000, 0x0000000089000000, 0x0000000089100000|  0%| F|  |TAMS 0x0000000089000000, 0x0000000089000000| Untracked 
| 145|0x0000000089100000, 0x0000000089100000, 0x0000000089200000|  0%| F|  |TAMS 0x0000000089100000, 0x0000000089100000| Untracked 
| 146|0x0000000089200000, 0x0000000089200000, 0x0000000089300000|  0%| F|  |TAMS 0x0000000089200000, 0x0000000089200000| Untracked 
| 147|0x0000000089300000, 0x0000000089300000, 0x0000000089400000|  0%| F|  |TAMS 0x0000000089300000, 0x0000000089300000| Untracked 
| 148|0x0000000089400000, 0x0000000089400000, 0x0000000089500000|  0%| F|  |TAMS 0x0000000089400000, 0x0000000089400000| Untracked 

Card table byte_map: [0x0000020b72ce0000,0x0000020b730e0000] _byte_map_base: 0x0000020b728e0000

Marking Bits (Prev, Next): (CMBitMap*) 0x0000020b6eefa220, (CMBitMap*) 0x0000020b6eefa1e0
 Prev Bits: [0x0000020b754e0000, 0x0000020b774e0000)
 Next Bits: [0x0000020b734e0000, 0x0000020b754e0000)

Polling page: 0x0000020b6e670000

Metaspace:

Usage:
  Non-class:     74.28 MB used.
      Class:     11.71 MB used.
       Both:     85.99 MB used.

Virtual space:
  Non-class space:       80.00 MB reserved,      74.62 MB ( 93%) committed,  10 nodes.
      Class space:        1.00 GB reserved,      12.00 MB (  1%) committed,  1 nodes.
             Both:        1.08 GB reserved,      86.62 MB (  8%) committed. 

Chunk freelists:
   Non-Class:  1.36 MB
       Class:  3.98 MB
        Both:  5.34 MB

MaxMetaspaceSize: unlimited
CompressedClassSpaceSize: 1.00 GB
Initial GC threshold: 21.00 MB
Current GC threshold: 140.00 MB
CDS: off
MetaspaceReclaimPolicy: balanced
 - commit_granule_bytes: 65536.
 - commit_granule_words: 8192.
 - virtual_space_node_default_size: 1048576.
 - enlarge_chunks_in_place: 1.
 - new_chunks_are_fully_committed: 0.
 - uncommit_free_chunks: 1.
 - use_allocation_guard: 0.
 - handle_deallocations: 1.


Internal statistics:

num_allocs_failed_limit: 6.
num_arena_births: 942.
num_arena_deaths: 20.
num_vsnodes_births: 11.
num_vsnodes_deaths: 0.
num_space_committed: 1386.
num_space_uncommitted: 0.
num_chunks_returned_to_freelist: 36.
num_chunks_taken_from_freelist: 4221.
num_chunk_merges: 19.
num_chunk_splits: 2700.
num_chunks_enlarged: 1716.
num_purges: 2.
num_inconsistent_stats: 0.

CodeHeap 'non-profiled nmethods': size=120000Kb used=6135Kb max_used=6135Kb free=113865Kb
 bounds [0x0000020b07ad0000, 0x0000020b080d0000, 0x0000020b0f000000]
CodeHeap 'profiled nmethods': size=120000Kb used=20328Kb max_used=20328Kb free=99671Kb
 bounds [0x0000020b00000000, 0x0000020b013e0000, 0x0000020b07530000]
CodeHeap 'non-nmethods': size=5760Kb used=2371Kb max_used=2441Kb free=3388Kb
 bounds [0x0000020b07530000, 0x0000020b077a0000, 0x0000020b07ad0000]
 total_blobs=11420 nmethods=10517 adapters=815
 compilation: enabled
              stopped_count=0, restarted_count=0
 full_count=0

Compilation events (20 events):
Event: 150.821 Thread 0x0000020b7ac8dcd0 12144       3       org.gradle.api.internal.tasks.compile.incremental.deps.ClassSetAnalysisData$Serializer$$Lambda$1436/0x0000000100bfb320::get (8 bytes)
Event: 150.821 Thread 0x0000020b7ac8dcd0 nmethod 12144 0x0000020b013d7510 code [0x0000020b013d76a0, 0x0000020b013d77f8]
Event: 150.821 Thread 0x0000020b7ac8dcd0 12147       3       org.gradle.api.internal.tasks.compile.incremental.deps.ClassSetAnalysisData$Serializer::lambda$read$0 (2 bytes)
Event: 150.821 Thread 0x0000020b7ac8dcd0 nmethod 12147 0x0000020b000eb410 code [0x0000020b000eb5a0, 0x0000020b000eb698]
Event: 150.821 Thread 0x0000020b7ac8dcd0 12146       1       com.google.common.collect.SingletonImmutableSet::isPartialView (2 bytes)
Event: 150.821 Thread 0x0000020b7ac8dcd0 nmethod 12146 0x0000020b080cd910 code [0x0000020b080cdaa0, 0x0000020b080cdb78]
Event: 150.830 Thread 0x0000020b7ac8dcd0 12152       3       org.gradle.api.internal.tasks.compile.incremental.compilerapi.deps.DependentsSet$DefaultDependentsSet::<init> (8 bytes)
Event: 150.830 Thread 0x0000020b7ac8dcd0 nmethod 12152 0x0000020b013d7890 code [0x0000020b013d7a40, 0x0000020b013d7dd8]
Event: 150.830 Thread 0x0000020b7ac8dcd0 12154       3       org.gradle.api.internal.tasks.compile.incremental.compilerapi.deps.DependentsSet::dependents (52 bytes)
Event: 150.830 Thread 0x0000020b7ac8dcd0 nmethod 12154 0x0000020b013d7f10 code [0x0000020b013d8160, 0x0000020b013d8a28]
Event: 150.830 Thread 0x0000020b7ac8dcd0 12153       3       org.gradle.api.internal.tasks.compile.incremental.compilerapi.deps.DependentsSet$DefaultDependentsSet::<init> (21 bytes)
Event: 150.830 Thread 0x0000020b7ac8dcd0 nmethod 12153 0x0000020b013d8d10 code [0x0000020b013d8ec0, 0x0000020b013d91f8]
Event: 150.838 Thread 0x0000020b7ac8dcd0 12157       3       com.google.common.collect.ImmutableSet$Builder::build (32 bytes)
Event: 150.838 Thread 0x0000020b7ac8dcd0 nmethod 12157 0x0000020b013d9310 code [0x0000020b013d94e0, 0x0000020b013d9928]
Event: 150.839 Thread 0x0000020b7ac8dcd0 12160   !   3       org.gradle.internal.serialize.kryo.KryoBackedDecoder::readInt (15 bytes)
Event: 150.840 Thread 0x0000020b7ac8dcd0 nmethod 12160 0x0000020b013d9a90 code [0x0000020b013d9c80, 0x0000020b013da188]
Event: 150.845 Thread 0x0000020b7ac8dcd0 12163       2       it.unimi.dsi.fastutil.ints.IntOpenHashSet::add (120 bytes)
Event: 150.846 Thread 0x0000020b7ac8dcd0 nmethod 12163 0x0000020b013da390 code [0x0000020b013da560, 0x0000020b013da898]
Event: 150.846 Thread 0x0000020b7ac8dcd0 12164       2       it.unimi.dsi.fastutil.HashCommon::mix (12 bytes)
Event: 150.846 Thread 0x0000020b7ac8dcd0 nmethod 12164 0x0000020b0081f890 code [0x0000020b0081fa20, 0x0000020b0081fb18]

GC Heap History (20 events):
Event: 8.087 GC heap after
{Heap after GC invocations=27 (full 0):
 garbage-first heap   total 125952K, used 64068K [0x0000000080000000, 0x0000000100000000)
  region size 1024K, 6 young (6144K), 6 survivors (6144K)
 Metaspace       used 80839K, committed 81472K, reserved 1122304K
  class space    used 11015K, committed 11328K, reserved 1048576K
}
Event: 8.345 GC heap before
{Heap before GC invocations=27 (full 0):
 garbage-first heap   total 125952K, used 99908K [0x0000000080000000, 0x0000000100000000)
  region size 1024K, 41 young (41984K), 6 survivors (6144K)
 Metaspace       used 81592K, committed 82240K, reserved 1122304K
  class space    used 11109K, committed 11392K, reserved 1048576K
}
Event: 8.352 GC heap after
{Heap after GC invocations=28 (full 0):
 garbage-first heap   total 125952K, used 69050K [0x0000000080000000, 0x0000000100000000)
  region size 1024K, 6 young (6144K), 6 survivors (6144K)
 Metaspace       used 81592K, committed 82240K, reserved 1122304K
  class space    used 11109K, committed 11392K, reserved 1048576K
}
Event: 8.776 GC heap before
{Heap before GC invocations=29 (full 0):
 garbage-first heap   total 126976K, used 99770K [0x0000000080000000, 0x0000000100000000)
  region size 1024K, 37 young (37888K), 6 survivors (6144K)
 Metaspace       used 83556K, committed 84224K, reserved 1122304K
  class space    used 11491K, committed 11776K, reserved 1048576K
}
Event: 8.783 GC heap after
{Heap after GC invocations=30 (full 0):
 garbage-first heap   total 126976K, used 73538K [0x0000000080000000, 0x0000000100000000)
  region size 1024K, 5 young (5120K), 5 survivors (5120K)
 Metaspace       used 83556K, committed 84224K, reserved 1122304K
  class space    used 11491K, committed 11776K, reserved 1048576K
}
Event: 8.789 GC heap before
{Heap before GC invocations=30 (full 0):
 garbage-first heap   total 126976K, used 74562K [0x0000000080000000, 0x0000000100000000)
  region size 1024K, 6 young (6144K), 5 survivors (5120K)
 Metaspace       used 83610K, committed 84224K, reserved 1122304K
  class space    used 11502K, committed 11776K, reserved 1048576K
}
Event: 8.794 GC heap after
{Heap after GC invocations=31 (full 0):
 garbage-first heap   total 152576K, used 74091K [0x0000000080000000, 0x0000000100000000)
  region size 1024K, 1 young (1024K), 1 survivors (1024K)
 Metaspace       used 83610K, committed 84224K, reserved 1122304K
  class space    used 11502K, committed 11776K, reserved 1048576K
}
Event: 9.043 GC heap before
{Heap before GC invocations=31 (full 0):
 garbage-first heap   total 152576K, used 120171K [0x0000000080000000, 0x0000000100000000)
  region size 1024K, 47 young (48128K), 1 survivors (1024K)
 Metaspace       used 84362K, committed 85056K, reserved 1122304K
  class space    used 11683K, committed 11968K, reserved 1048576K
}
Event: 9.047 GC heap after
{Heap after GC invocations=32 (full 0):
 garbage-first heap   total 152576K, used 76417K [0x0000000080000000, 0x0000000100000000)
  region size 1024K, 4 young (4096K), 4 survivors (4096K)
 Metaspace       used 84362K, committed 85056K, reserved 1122304K
  class space    used 11683K, committed 11968K, reserved 1048576K
}
Event: 9.386 GC heap before
{Heap before GC invocations=33 (full 0):
 garbage-first heap   total 152576K, used 120449K [0x0000000080000000, 0x0000000100000000)
  region size 1024K, 48 young (49152K), 4 survivors (4096K)
 Metaspace       used 84965K, committed 85632K, reserved 1130496K
  class space    used 11735K, committed 12032K, reserved 1048576K
}
Event: 9.392 GC heap after
{Heap after GC invocations=34 (full 0):
 garbage-first heap   total 152576K, used 79646K [0x0000000080000000, 0x0000000100000000)
  region size 1024K, 6 young (6144K), 6 survivors (6144K)
 Metaspace       used 84965K, committed 85632K, reserved 1130496K
  class space    used 11735K, committed 12032K, reserved 1048576K
}
Event: 9.423 GC heap before
{Heap before GC invocations=34 (full 0):
 garbage-first heap   total 152576K, used 80670K [0x0000000080000000, 0x0000000100000000)
  region size 1024K, 7 young (7168K), 6 survivors (6144K)
 Metaspace       used 85063K, committed 85696K, reserved 1130496K
  class space    used 11753K, committed 12032K, reserved 1048576K
}
Event: 9.428 GC heap after
{Heap after GC invocations=35 (full 0):
 garbage-first heap   total 152576K, used 80420K [0x0000000080000000, 0x0000000100000000)
  region size 1024K, 1 young (1024K), 1 survivors (1024K)
 Metaspace       used 85063K, committed 85696K, reserved 1130496K
  class space    used 11753K, committed 12032K, reserved 1048576K
}
Event: 9.627 GC heap before
{Heap before GC invocations=35 (full 0):
 garbage-first heap   total 152576K, used 122404K [0x0000000080000000, 0x0000000100000000)
  region size 1024K, 43 young (44032K), 1 survivors (1024K)
 Metaspace       used 85333K, committed 85952K, reserved 1130496K
  class space    used 11760K, committed 12032K, reserved 1048576K
}
Event: 9.631 GC heap after
{Heap after GC invocations=36 (full 0):
 garbage-first heap   total 152576K, used 82190K [0x0000000080000000, 0x0000000100000000)
  region size 1024K, 3 young (3072K), 3 survivors (3072K)
 Metaspace       used 85333K, committed 85952K, reserved 1130496K
  class space    used 11760K, committed 12032K, reserved 1048576K
}
Event: 150.370 GC heap before
{Heap before GC invocations=37 (full 0):
 garbage-first heap   total 152576K, used 124174K [0x0000000080000000, 0x0000000100000000)
  region size 1024K, 45 young (46080K), 3 survivors (3072K)
 Metaspace       used 86417K, committed 87104K, reserved 1130496K
  class space    used 11864K, committed 12160K, reserved 1048576K
}
Event: 150.375 GC heap after
{Heap after GC invocations=38 (full 0):
 garbage-first heap   total 152576K, used 85244K [0x0000000080000000, 0x0000000100000000)
  region size 1024K, 6 young (6144K), 6 survivors (6144K)
 Metaspace       used 86417K, committed 87104K, reserved 1130496K
  class space    used 11864K, committed 12160K, reserved 1048576K
}
Event: 150.377 GC heap before
{Heap before GC invocations=38 (full 0):
 garbage-first heap   total 152576K, used 86268K [0x0000000080000000, 0x0000000100000000)
  region size 1024K, 7 young (7168K), 6 survivors (6144K)
 Metaspace       used 86417K, committed 87104K, reserved 1130496K
  class space    used 11864K, committed 12160K, reserved 1048576K
}
Event: 150.381 GC heap after
{Heap after GC invocations=39 (full 0):
 garbage-first heap   total 152576K, used 84732K [0x0000000080000000, 0x0000000100000000)
  region size 1024K, 1 young (1024K), 1 survivors (1024K)
 Metaspace       used 86417K, committed 87104K, reserved 1130496K
  class space    used 11864K, committed 12160K, reserved 1048576K
}
Event: 150.847 GC heap before
{Heap before GC invocations=39 (full 0):
 garbage-first heap   total 152576K, used 124668K [0x0000000080000000, 0x0000000100000000)
  region size 1024K, 41 young (41984K), 1 survivors (1024K)
 Metaspace       used 88053K, committed 88704K, reserved 1130496K
  class space    used 11991K, committed 12288K, reserved 1048576K
}

Dll operation events (2 events):
Event: 0.006 Loaded shared library C:\Program Files\Android\Android Studio\jbr\bin\java.dll
Event: 0.381 Loaded shared library C:\Program Files\Android\Android Studio\jbr\bin\verify.dll

Deoptimization events (20 events):
Event: 150.745 Thread 0x0000020b138668a0 Uncommon trap: trap_request=0xffffffc6 fr.pc=0x0000020b07b2a508 relative=0x0000000000000348
Event: 150.745 Thread 0x0000020b138668a0 Uncommon trap: reason=bimorphic_or_optimized_type_check action=maybe_recompile pc=0x0000020b07b2a508 method=java.util.ArrayList$ArrayListSpliterator.tryAdvance(Ljava/util/function/Consumer;)Z @ 48 c2
Event: 150.745 Thread 0x0000020b138668a0 DEOPT PACKING pc=0x0000020b07b2a508 sp=0x00000092f7efba70
Event: 150.745 Thread 0x0000020b138668a0 DEOPT UNPACKING pc=0x0000020b075869a3 sp=0x00000092f7efba00 mode 2
Event: 150.780 Thread 0x0000020b138668a0 Uncommon trap: trap_request=0xffffffc6 fr.pc=0x0000020b07f119e4 relative=0x0000000000000964
Event: 150.780 Thread 0x0000020b138668a0 Uncommon trap: reason=bimorphic_or_optimized_type_check action=maybe_recompile pc=0x0000020b07f119e4 method=com.google.common.collect.AbstractMapBasedMultimap$WrappedCollection.refreshIfEmpty()V @ 59 c2
Event: 150.780 Thread 0x0000020b138668a0 DEOPT PACKING pc=0x0000020b07f119e4 sp=0x00000092f7efadb0
Event: 150.780 Thread 0x0000020b138668a0 DEOPT UNPACKING pc=0x0000020b075869a3 sp=0x00000092f7efad68 mode 2
Event: 150.780 Thread 0x0000020b138668a0 Uncommon trap: trap_request=0xffffffc6 fr.pc=0x0000020b07f119e4 relative=0x0000000000000964
Event: 150.780 Thread 0x0000020b138668a0 Uncommon trap: reason=bimorphic_or_optimized_type_check action=maybe_recompile pc=0x0000020b07f119e4 method=com.google.common.collect.AbstractMapBasedMultimap$WrappedCollection.refreshIfEmpty()V @ 59 c2
Event: 150.780 Thread 0x0000020b138668a0 DEOPT PACKING pc=0x0000020b07f119e4 sp=0x00000092f7efad70
Event: 150.780 Thread 0x0000020b138668a0 DEOPT UNPACKING pc=0x0000020b075869a3 sp=0x00000092f7efad28 mode 2
Event: 150.780 Thread 0x0000020b138668a0 Uncommon trap: trap_request=0xffffffc6 fr.pc=0x0000020b07f119e4 relative=0x0000000000000964
Event: 150.780 Thread 0x0000020b138668a0 Uncommon trap: reason=bimorphic_or_optimized_type_check action=maybe_recompile pc=0x0000020b07f119e4 method=com.google.common.collect.AbstractMapBasedMultimap$WrappedCollection.refreshIfEmpty()V @ 59 c2
Event: 150.780 Thread 0x0000020b138668a0 DEOPT PACKING pc=0x0000020b07f119e4 sp=0x00000092f7efadc0
Event: 150.780 Thread 0x0000020b138668a0 DEOPT UNPACKING pc=0x0000020b075869a3 sp=0x00000092f7efad78 mode 2
Event: 150.837 Thread 0x0000020b1382aee0 Uncommon trap: trap_request=0xffffff45 fr.pc=0x0000020b0809a88c relative=0x0000000000000a6c
Event: 150.837 Thread 0x0000020b1382aee0 Uncommon trap: reason=unstable_if action=reinterpret pc=0x0000020b0809a88c method=com.google.common.collect.ImmutableSet$RegularSetBuilderImpl.hashFloodingDetected([Ljava/lang/Object;)Z @ 25 c2
Event: 150.837 Thread 0x0000020b1382aee0 DEOPT PACKING pc=0x0000020b0809a88c sp=0x00000092f95fe310
Event: 150.837 Thread 0x0000020b1382aee0 DEOPT UNPACKING pc=0x0000020b075869a3 sp=0x00000092f95fe1f8 mode 2

Classes unloaded (10 events):
Event: 9.697 Thread 0x0000020b7ac229f0 Unloading class 0x0000000100ba2800 'java/lang/invoke/LambdaForm$DMH+0x0000000100ba2800'
Event: 9.697 Thread 0x0000020b7ac229f0 Unloading class 0x0000000100ba2400 'java/lang/invoke/LambdaForm$DMH+0x0000000100ba2400'
Event: 9.697 Thread 0x0000020b7ac229f0 Unloading class 0x0000000100ba2000 'java/lang/invoke/LambdaForm$DMH+0x0000000100ba2000'
Event: 9.697 Thread 0x0000020b7ac229f0 Unloading class 0x0000000100ba1c00 'java/lang/invoke/LambdaForm$DMH+0x0000000100ba1c00'
Event: 9.697 Thread 0x0000020b7ac229f0 Unloading class 0x0000000100ba1800 'java/lang/invoke/LambdaForm$DMH+0x0000000100ba1800'
Event: 9.697 Thread 0x0000020b7ac229f0 Unloading class 0x0000000100ba0800 'java/lang/invoke/LambdaForm$DMH+0x0000000100ba0800'
Event: 9.697 Thread 0x0000020b7ac229f0 Unloading class 0x0000000100ba0c00 'java/lang/invoke/LambdaForm$DMH+0x0000000100ba0c00'
Event: 9.697 Thread 0x0000020b7ac229f0 Unloading class 0x0000000100ba1400 'java/lang/invoke/LambdaForm$DMH+0x0000000100ba1400'
Event: 9.697 Thread 0x0000020b7ac229f0 Unloading class 0x0000000100ba1000 'java/lang/invoke/LambdaForm$DMH+0x0000000100ba1000'
Event: 9.697 Thread 0x0000020b7ac229f0 Unloading class 0x0000000100ba0000 'java/lang/invoke/LambdaForm$DMH+0x0000000100ba0000'

Classes redefined (0 events):
No events

Internal exceptions (20 events):
Event: 9.501 Thread 0x0000020b0fac5c40 Exception <a 'sun/nio/fs/WindowsException'{0x0000000088e18450}> (0x0000000088e18450) 
thrown [s\src\hotspot\share\prims\jni.cpp, line 517]
Event: 9.694 Thread 0x0000020b15de4580 Exception <a 'sun/nio/fs/WindowsException'{0x0000000088e67ed8}> (0x0000000088e67ed8) 
thrown [s\src\hotspot\share\prims\jni.cpp, line 517]
Event: 9.741 Thread 0x0000020b15de53f0 Exception <a 'sun/nio/fs/WindowsException'{0x000000008866dd48}> (0x000000008866dd48) 
thrown [s\src\hotspot\share\prims\jni.cpp, line 517]
Event: 9.807 Thread 0x0000020b7ac73ae0 Exception <a 'sun/nio/fs/WindowsException'{0x000000008846e080}> (0x000000008846e080) 
thrown [s\src\hotspot\share\prims\jni.cpp, line 517]
Event: 9.807 Thread 0x0000020b7ac73ae0 Exception <a 'sun/nio/fs/WindowsException'{0x000000008846e470}> (0x000000008846e470) 
thrown [s\src\hotspot\share\prims\jni.cpp, line 517]
Event: 9.807 Thread 0x0000020b7ac73ae0 Exception <a 'sun/nio/fs/WindowsException'{0x0000000088470348}> (0x0000000088470348) 
thrown [s\src\hotspot\share\prims\jni.cpp, line 517]
Event: 11.496 Thread 0x0000020b7ac71e00 Implicit null exception at 0x0000020b07b097f2 to 0x0000020b07b09dbc
Event: 11.497 Thread 0x0000020b7ac71e00 Implicit null exception at 0x0000020b07b87a72 to 0x0000020b07b8815c
Event: 150.139 Thread 0x0000020b7da6bd50 Implicit null exception at 0x0000020b07e64e03 to 0x0000020b07e64fc4
Event: 150.183 Thread 0x0000020b13c78960 Implicit null exception at 0x0000020b07c75634 to 0x0000020b07c7c000
Event: 150.195 Thread 0x0000020b13c78960 Implicit null exception at 0x0000020b0808e24e to 0x0000020b0808ec60
Event: 150.195 Thread 0x0000020b13c78960 Implicit null exception at 0x0000020b08091084 to 0x0000020b08091208
Event: 150.416 Thread 0x0000020b13c78960 Exception <a 'sun/nio/fs/WindowsException'{0x000000008902d410}> (0x000000008902d410) 
thrown [s\src\hotspot\share\prims\jni.cpp, line 517]
Event: 150.471 Thread 0x0000020b13c78960 Exception <a 'java/lang/NoClassDefFoundError'{0x0000000088d7e0a0}: org/jetbrains/kotlin/gradle/plugin/KotlinBasePluginWrapper> (0x0000000088d7e0a0) 
thrown [s\src\hotspot\share\oops\constantPool.cpp, line 835]
Event: 150.514 Thread 0x0000020b13c78960 Exception <a 'sun/nio/fs/WindowsException'{0x0000000088af1d58}> (0x0000000088af1d58) 
thrown [s\src\hotspot\share\prims\jni.cpp, line 517]
Event: 150.520 Thread 0x0000020b13c78960 Exception <a 'sun/nio/fs/WindowsException'{0x0000000088990340}> (0x0000000088990340) 
thrown [s\src\hotspot\share\prims\jni.cpp, line 517]
Event: 150.521 Thread 0x0000020b13c78960 Exception <a 'sun/nio/fs/WindowsException'{0x00000000889916b8}> (0x00000000889916b8) 
thrown [s\src\hotspot\share\prims\jni.cpp, line 517]
Event: 150.521 Thread 0x0000020b13c78960 Exception <a 'sun/nio/fs/WindowsException'{0x0000000088992a80}> (0x0000000088992a80) 
thrown [s\src\hotspot\share\prims\jni.cpp, line 517]
Event: 150.521 Thread 0x0000020b13c78960 Exception <a 'sun/nio/fs/WindowsException'{0x0000000088993e48}> (0x0000000088993e48) 
thrown [s\src\hotspot\share\prims\jni.cpp, line 517]
Event: 150.574 Thread 0x0000020b1382ca20 Exception <a 'sun/nio/fs/WindowsException'{0x000000008855d428}> (0x000000008855d428) 
thrown [s\src\hotspot\share\prims\jni.cpp, line 517]

VM Operations (20 events):
Event: 102.274 Executing VM operation: Cleanup done
Event: 112.355 Executing VM operation: Cleanup
Event: 112.355 Executing VM operation: Cleanup done
Event: 122.431 Executing VM operation: Cleanup
Event: 122.432 Executing VM operation: Cleanup done
Event: 150.328 Executing VM operation: ICBufferFull
Event: 150.329 Executing VM operation: ICBufferFull done
Event: 150.370 Executing VM operation: G1CollectForAllocation
Event: 150.375 Executing VM operation: G1CollectForAllocation done
Event: 150.377 Executing VM operation: G1CollectForAllocation
Event: 150.381 Executing VM operation: G1CollectForAllocation done
Event: 150.500 Executing VM operation: ICBufferFull
Event: 150.500 Executing VM operation: ICBufferFull done
Event: 150.605 Executing VM operation: ICBufferFull
Event: 150.605 Executing VM operation: ICBufferFull done
Event: 150.636 Executing VM operation: ICBufferFull
Event: 150.636 Executing VM operation: ICBufferFull done
Event: 150.726 Executing VM operation: ICBufferFull
Event: 150.726 Executing VM operation: ICBufferFull done
Event: 150.847 Executing VM operation: G1CollectForAllocation

Events (20 events):
Event: 150.568 Thread 0x0000020b15de5d90 Thread added: 0x0000020b15de5d90
Event: 150.744 loading class java/util/LinkedList$LLSpliterator
Event: 150.744 loading class java/util/LinkedList$LLSpliterator done
Event: 150.795 Thread 0x0000020b1382aee0 Thread added: 0x0000020b1382aee0
Event: 150.826 Thread 0x0000020b1382a070 Thread added: 0x0000020b1382a070
Event: 150.826 Thread 0x0000020b1382aa10 Thread added: 0x0000020b1382aa10
Event: 150.826 Thread 0x0000020b1382b880 Thread added: 0x0000020b1382b880
Event: 150.826 Thread 0x0000020b1382a540 Thread added: 0x0000020b1382a540
Event: 150.826 Thread 0x0000020b7ee59d20 Thread added: 0x0000020b7ee59d20
Event: 150.827 Thread 0x0000020b7ee576a0 Thread added: 0x0000020b7ee576a0
Event: 150.827 Thread 0x0000020b7ee5a1f0 Thread added: 0x0000020b7ee5a1f0
Event: 150.827 Thread 0x0000020b7ee5a6c0 Thread added: 0x0000020b7ee5a6c0
Event: 150.827 Thread 0x0000020b7ee589e0 Thread added: 0x0000020b7ee589e0
Event: 150.827 Thread 0x0000020b7ee5ab90 Thread added: 0x0000020b7ee5ab90
Event: 150.827 Thread 0x0000020b7ee58510 Thread added: 0x0000020b7ee58510
Event: 150.828 Thread 0x0000020b10a2be40 Thread added: 0x0000020b10a2be40
Event: 150.833 loading class java/util/PrimitiveIterator$OfInt
Event: 150.833 loading class java/util/PrimitiveIterator
Event: 150.833 loading class java/util/PrimitiveIterator done
Event: 150.833 loading class java/util/PrimitiveIterator$OfInt done


Dynamic libraries:
0x00007ff75f3d0000 - 0x00007ff75f3da000 	C:\Program Files\Android\Android Studio\jbr\bin\java.exe
0x00007fff13c30000 - 0x00007fff13e28000 	C:\WINDOWS\SYSTEM32\ntdll.dll
0x00007fff13340000 - 0x00007fff133ff000 	C:\WINDOWS\System32\KERNEL32.DLL
0x00007fff116d0000 - 0x00007fff119aa000 	C:\WINDOWS\System32\KERNELBASE.dll
0x00007fff114c0000 - 0x00007fff115c0000 	C:\WINDOWS\System32\ucrtbase.dll
0x00007fff07890000 - 0x00007fff078a7000 	C:\Program Files\Android\Android Studio\jbr\bin\jli.dll
0x00007fff07730000 - 0x00007fff0774b000 	C:\Program Files\Android\Android Studio\jbr\bin\VCRUNTIME140.dll
0x00007fff12390000 - 0x00007fff1252d000 	C:\WINDOWS\System32\USER32.dll
0x00007ffefd630000 - 0x00007ffefd8ca000 	C:\WINDOWS\WinSxS\amd64_microsoft.windows.common-controls_6595b64144ccf1df_6.0.19041.1110_none_60b5254171f9507e\COMCTL32.dll
0x00007fff11bc0000 - 0x00007fff11be2000 	C:\WINDOWS\System32\win32u.dll
0x00007fff13b50000 - 0x00007fff13bee000 	C:\WINDOWS\System32\msvcrt.dll
0x00007fff13310000 - 0x00007fff1333b000 	C:\WINDOWS\System32\GDI32.dll
0x00007fff115c0000 - 0x00007fff116d0000 	C:\WINDOWS\System32\gdi32full.dll
0x00007fff11340000 - 0x00007fff113dd000 	C:\WINDOWS\System32\msvcp_win.dll
0x00007fff12560000 - 0x00007fff12590000 	C:\WINDOWS\System32\IMM32.DLL
0x00007fff0c4e0000 - 0x00007fff0c4ec000 	C:\Program Files\Android\Android Studio\jbr\bin\vcruntime140_1.dll
0x00007fff046b0000 - 0x00007fff0473d000 	C:\Program Files\Android\Android Studio\jbr\bin\msvcp140.dll
0x00007ffee5020000 - 0x00007ffee5c8d000 	C:\Program Files\Android\Android Studio\jbr\bin\server\jvm.dll
0x00007fff12070000 - 0x00007fff1211e000 	C:\WINDOWS\System32\ADVAPI32.dll
0x00007fff11c90000 - 0x00007fff11d2c000 	C:\WINDOWS\System32\sechost.dll
0x00007fff13150000 - 0x00007fff13276000 	C:\WINDOWS\System32\RPCRT4.dll
0x00007fff0eb50000 - 0x00007fff0eb59000 	C:\WINDOWS\SYSTEM32\WSOCK32.dll
0x00007fff041f0000 - 0x00007fff04217000 	C:\WINDOWS\SYSTEM32\WINMM.dll
0x00007fff0b6a0000 - 0x00007fff0b6aa000 	C:\WINDOWS\SYSTEM32\VERSION.dll
0x00007fff12ed0000 - 0x00007fff12f3b000 	C:\WINDOWS\System32\WS2_32.dll
0x00007fff0f220000 - 0x00007fff0f232000 	C:\WINDOWS\SYSTEM32\kernel.appcore.dll
0x00007fff0cf80000 - 0x00007fff0cf8a000 	C:\Program Files\Android\Android Studio\jbr\bin\jimage.dll
0x00007fff03770000 - 0x00007fff03954000 	C:\WINDOWS\SYSTEM32\DBGHELP.DLL
0x00007ffefcb50000 - 0x00007ffefcb84000 	C:\WINDOWS\SYSTEM32\dbgcore.DLL
0x00007fff113e0000 - 0x00007fff11462000 	C:\WINDOWS\System32\bcryptPrimitives.dll
0x00007fff0afd0000 - 0x00007fff0aff5000 	C:\Program Files\Android\Android Studio\jbr\bin\java.dll
0x00007fff0af50000 - 0x00007fff0af68000 	C:\Program Files\Android\Android Studio\jbr\bin\zip.dll
0x00007fff13400000 - 0x00007fff13b44000 	C:\WINDOWS\System32\SHELL32.dll
0x00007fff0f420000 - 0x00007fff0fbb3000 	C:\WINDOWS\SYSTEM32\windows.storage.dll
0x00007fff12b70000 - 0x00007fff12ec4000 	C:\WINDOWS\System32\combase.dll
0x00007fff10d30000 - 0x00007fff10d5e000 	C:\WINDOWS\SYSTEM32\Wldp.dll
0x00007fff12a60000 - 0x00007fff12b0d000 	C:\WINDOWS\System32\SHCORE.dll
0x00007fff12b10000 - 0x00007fff12b65000 	C:\WINDOWS\System32\shlwapi.dll
0x00007fff11280000 - 0x00007fff1129f000 	C:\WINDOWS\SYSTEM32\profapi.dll
0x00007fff099a0000 - 0x00007fff099b9000 	C:\Program Files\Android\Android Studio\jbr\bin\net.dll
0x00007fff0b590000 - 0x00007fff0b69a000 	C:\WINDOWS\SYSTEM32\WINHTTP.dll
0x00007fff10a20000 - 0x00007fff10a8a000 	C:\WINDOWS\system32\mswsock.dll
0x00007fff08500000 - 0x00007fff08516000 	C:\Program Files\Android\Android Studio\jbr\bin\nio.dll
0x00007fff0af40000 - 0x00007fff0af50000 	C:\Program Files\Android\Android Studio\jbr\bin\verify.dll
0x00007fff086a0000 - 0x00007fff086c7000 	C:\Users\Pasha\.gradle\native\68d5fa5c4cc2d200863cafc0d521ce42e7d3e7ee720ec0a83991735586a16f82\windows-amd64\native-platform.dll
0x00007ffef2c00000 - 0x00007ffef2d44000 	C:\Users\Pasha\.gradle\native\e376f236ea51e6404a007f0833ffe2c6e607c4080706a723a18a27aeea778392\windows-amd64\native-platform-file-events.dll
0x00007fff0c640000 - 0x00007fff0c649000 	C:\Program Files\Android\Android Studio\jbr\bin\management.dll
0x00007fff0b8d0000 - 0x00007fff0b8db000 	C:\Program Files\Android\Android Studio\jbr\bin\management_ext.dll
0x00007fff12550000 - 0x00007fff12558000 	C:\WINDOWS\System32\PSAPI.DLL
0x00007fff10c20000 - 0x00007fff10c38000 	C:\WINDOWS\SYSTEM32\CRYPTSP.dll
0x00007fff10340000 - 0x00007fff10374000 	C:\WINDOWS\system32\rsaenh.dll
0x00007fff11bf0000 - 0x00007fff11c17000 	C:\WINDOWS\System32\bcrypt.dll
0x00007fff11200000 - 0x00007fff1122e000 	C:\WINDOWS\SYSTEM32\USERENV.dll
0x00007fff10c10000 - 0x00007fff10c1c000 	C:\WINDOWS\SYSTEM32\CRYPTBASE.dll
0x00007fff10710000 - 0x00007fff1074c000 	C:\WINDOWS\SYSTEM32\IPHLPAPI.DLL
0x00007fff11f40000 - 0x00007fff11f48000 	C:\WINDOWS\System32\NSI.dll
0x00007fff0bc70000 - 0x00007fff0bc87000 	C:\WINDOWS\SYSTEM32\dhcpcsvc6.DLL
0x00007fff0bc50000 - 0x00007fff0bc6d000 	C:\WINDOWS\SYSTEM32\dhcpcsvc.DLL
0x00007fff10750000 - 0x00007fff1081b000 	C:\WINDOWS\SYSTEM32\DNSAPI.dll
0x00007fff0a070000 - 0x00007fff0a077000 	C:\WINDOWS\system32\wshunix.dll

dbghelp: loaded successfully - version: 4.0.5 - missing functions: none
symbol engine: initialized successfully - sym options: 0x614 - pdb path: .;C:\Program Files\Android\Android Studio\jbr\bin;C:\WINDOWS\SYSTEM32;C:\WINDOWS\WinSxS\amd64_microsoft.windows.common-controls_6595b64144ccf1df_6.0.19041.1110_none_60b5254171f9507e;C:\Program Files\Android\Android Studio\jbr\bin\server;C:\Users\Pasha\.gradle\native\68d5fa5c4cc2d200863cafc0d521ce42e7d3e7ee720ec0a83991735586a16f82\windows-amd64;C:\Users\Pasha\.gradle\native\e376f236ea51e6404a007f0833ffe2c6e607c4080706a723a18a27aeea778392\windows-amd64

VM Arguments:
jvm_args: --add-opens=java.base/java.util=ALL-UNNAMED --add-opens=java.base/java.lang=ALL-UNNAMED --add-opens=java.base/java.lang.invoke=ALL-UNNAMED --add-opens=java.prefs/java.util.prefs=ALL-UNNAMED --add-opens=java.base/java.nio.charset=ALL-UNNAMED --add-opens=java.base/java.net=ALL-UNNAMED --add-opens=java.base/java.util.concurrent.atomic=ALL-UNNAMED -Xmx2048m -Dfile.encoding=UTF-8 -Duser.country=RU -Duser.language=ru -Duser.variant 
java_command: org.gradle.launcher.daemon.bootstrap.GradleDaemon 8.0
java_class_path (initial): C:\Users\Pasha\.gradle\wrapper\dists\gradle-8.0-bin\ca5e32bp14vu59qr306oxotwh\gradle-8.0\lib\gradle-launcher-8.0.jar
Launcher Type: SUN_STANDARD

[Global flags]
     intx CICompilerCount                          = 4                                         {product} {ergonomic}
     uint ConcGCThreads                            = 3                                         {product} {ergonomic}
     uint G1ConcRefinementThreads                  = 10                                        {product} {ergonomic}
   size_t G1HeapRegionSize                         = 1048576                                   {product} {ergonomic}
    uintx GCDrainStackTargetSize                   = 64                                        {product} {ergonomic}
   size_t InitialHeapSize                          = 134217728                                 {product} {ergonomic}
   size_t MarkStackSize                            = 4194304                                   {product} {ergonomic}
   size_t MaxHeapSize                              = 2147483648                                {product} {command line}
   size_t MaxNewSize                               = 1287651328                                {product} {ergonomic}
   size_t MinHeapDeltaBytes                        = 1048576                                   {product} {ergonomic}
   size_t MinHeapSize                              = 8388608                                   {product} {ergonomic}
    uintx NonNMethodCodeHeapSize                   = 5839372                                {pd product} {ergonomic}
    uintx NonProfiledCodeHeapSize                  = 122909434                              {pd product} {ergonomic}
    uintx ProfiledCodeHeapSize                     = 122909434                              {pd product} {ergonomic}
    uintx ReservedCodeCacheSize                    = 251658240                              {pd product} {ergonomic}
     bool SegmentedCodeCache                       = true                                      {product} {ergonomic}
   size_t SoftMaxHeapSize                          = 2147483648                             {manageable} {ergonomic}
     bool UseCompressedClassPointers               = true                           {product lp64_product} {ergonomic}
     bool UseCompressedOops                        = true                           {product lp64_product} {ergonomic}
     bool UseG1GC                                  = true                                      {product} {ergonomic}
     bool UseLargePagesIndividualAllocation        = false                                  {pd product} {ergonomic}

Logging:
Log output configuration:
 #0: stdout all=warning uptime,level,tags
 #1: stderr all=off uptime,level,tags

Environment Variables:
PATH=C:\WINDOWS\system32;C:\WINDOWS;C:\WINDOWS\System32\Wbem;C:\WINDOWS\System32\WindowsPowerShell\v1.0\;C:\WINDOWS\System32\OpenSSH\;C:\Program Files (x86)\NVIDIA Corporation\PhysX\Common;C:\Users\Pasha\AppData\Local\Microsoft\WindowsApps;
USERNAME=Pasha
OS=Windows_NT
PROCESSOR_IDENTIFIER=AMD64 Family 23 Model 1 Stepping 1, AuthenticAMD
TMP=C:\Users\Pasha\AppData\Local\Temp
TEMP=C:\Users\Pasha\AppData\Local\Temp



---------------  S Y S T E M  ---------------

OS:
 Windows 10 , 64 bit Build 19041 (10.0.19041.2788)
OS uptime: 2 days 23:19 hours

CPU: total 12 (initial active 12) (12 cores per cpu, 2 threads per core) family 23 model 1 stepping 1 microcode 0x0, cx8, cmov, fxsr, ht, mmx, 3dnowpref, sse, sse2, sse3, ssse3, sse4a, sse4.1, sse4.2, popcnt, lzcnt, tsc, tscinvbit, avx, avx2, aes, clmul, bmi1, bmi2, adx, sha, fma, vzeroupper, clflush, clflushopt

Memory: 4k page, system-wide physical 8125M (2110M free)
TotalPageFile size 8125M (AvailPageFile size 286M)
current process WorkingSet (physical memory assigned to process): 419M, peak: 419M
current process commit charge ("private bytes"): 461M, peak: 758M

vm_info: OpenJDK 64-Bit Server VM (17.0.6+0-b2043.56-9586694) for windows-amd64 JRE (17.0.6+0-b2043.56-9586694), built on Feb  9 2023 20:06:20 by "androidbuild" with MS VC++ 16.10 / 16.11 (VS2019)

END.
