#
# There is insufficient memory for the Java Runtime Environment to continue.
# Native memory allocation (malloc) failed to allocate 2146864 bytes for Chunk::new
# Possible reasons:
#   The system is out of physical RAM or swap space
#   The process is running with CompressedOops enabled, and the Java Heap may be blocking the growth of the native heap
# Possible solutions:
#   Reduce memory load on the system
#   Increase physical memory or swap space
#   Check if swap backing store is full
#   Decrease Java heap size (-Xmx/-Xms)
#   Decrease number of Java threads
#   Decrease Java thread stack sizes (-Xss)
#   Set larger code cache with -XX:ReservedCodeCacheSize=
#   JVM is running with Unscaled Compressed Oops mode in which the Java heap is
#     placed in the first 4GB address space. The Java Heap base address is the
#     maximum limit for the native heap growth. Please use -XX:HeapBaseMinAddress
#     to set the Java Heap base and to place the Java Heap above 4GB virtual address.
# This output file may be truncated or incomplete.
#
#  Out of Memory Error (arena.cpp:189), pid=7496, tid=10600
#
# JRE version: OpenJDK Runtime Environment (17.0.6) (build 17.0.6+0-b2043.56-9586694)
# Java VM: OpenJDK 64-Bit Server VM (17.0.6+0-b2043.56-9586694, mixed mode, tiered, compressed oops, compressed class ptrs, g1 gc, windows-amd64)
# No core dump will be written. Minidumps are not enabled by default on client versions of Windows
#

---------------  S U M M A R Y ------------

Command Line: --add-opens=java.base/java.util=ALL-UNNAMED --add-opens=java.base/java.lang=ALL-UNNAMED --add-opens=java.base/java.lang.invoke=ALL-UNNAMED --add-opens=java.prefs/java.util.prefs=ALL-UNNAMED --add-opens=java.base/java.nio.charset=ALL-UNNAMED --add-opens=java.base/java.net=ALL-UNNAMED --add-opens=java.base/java.util.concurrent.atomic=ALL-UNNAMED -Xmx2048m -Dfile.encoding=UTF-8 -Duser.country=RU -Duser.language=ru -Duser.variant org.gradle.launcher.daemon.bootstrap.GradleDaemon 8.0

Host: AMD Ryzen 5 1600 Six-Core Processor            , 12 cores, 7G,  Windows 10 , 64 bit Build 19041 (10.0.19041.2788)
Time: Wed Apr 26 18:56:59 2023 RTZ 4 (s 10 , 64 bit Build 19041 (10.0.19041.2788) elapsed time: 8.131878 seconds (0d 0h 0m 8s)

---------------  T H R E A D  ---------------

Current thread (0x00000156118180a0):  JavaThread "C2 CompilerThread1" daemon [_thread_in_native, id=10600, stack(0x0000002b45200000,0x0000002b45300000)]


Current CompileTask:
C2:   8131 8323       4       java.beans.Introspector::addMethod (196 bytes)

Stack: [0x0000002b45200000,0x0000002b45300000]
Native frames: (J=compiled Java code, j=interpreted, Vv=VM code, C=native code)
V  [jvm.dll+0x683b4a]
V  [jvm.dll+0x842654]
V  [jvm.dll+0x843dfe]
V  [jvm.dll+0x844463]
V  [jvm.dll+0x249b75]
V  [jvm.dll+0xabcac]
V  [jvm.dll+0xac27c]
V  [jvm.dll+0x368857]
V  [jvm.dll+0x1bd0b8]
V  [jvm.dll+0x21c359]
V  [jvm.dll+0x21b621]
V  [jvm.dll+0x1a4fdd]
V  [jvm.dll+0x22b098]
V  [jvm.dll+0x229159]
V  [jvm.dll+0x7f809c]
V  [jvm.dll+0x7f25fa]
V  [jvm.dll+0x682985]
C  [ucrtbase.dll+0x21bb2]
C  [KERNEL32.DLL+0x17604]
C  [ntdll.dll+0x526a1]


---------------  P R O C E S S  ---------------

Threads class SMR info:
_java_thread_list=0x0000015612e787d0, length=184, elements={
0x00000156765e7e70, 0x000001567f8f2250, 0x000001567f8f3fe0, 0x000001567f92a180,
0x000001567f92ab40, 0x000001567f92b400, 0x000001567f91fdd0, 0x000001567f922010,
0x000001567f93a920, 0x000001567f941880, 0x000001567face820, 0x000001567fad1db0,
0x00000156118180a0, 0x0000015611842970, 0x000001561218cf60, 0x0000015612400ec0,
0x0000015612b9d680, 0x0000015613fb7cd0, 0x000001561295e120, 0x0000015612be06b0,
0x00000156138a68e0, 0x0000015613a37ed0, 0x0000015613a38d40, 0x0000015613a3a080,
0x0000015613a383a0, 0x0000015613a37060, 0x0000015613a38870, 0x0000015613a39210,
0x0000015613a396e0, 0x0000015613a3a550, 0x0000015613a39bb0, 0x0000015613a3aa20,
0x0000015613a37530, 0x0000015613a37a00, 0x0000015616e4bbe0, 0x0000015616e4c0b0,
0x0000015616e4a8a0, 0x0000015616e4c580, 0x0000015616e51c20, 0x0000015616e4f5a0,
0x0000015616e4ad70, 0x0000015616e4b240, 0x0000015616e4b710, 0x0000015616e4ca50,
0x0000015616e4ec00, 0x0000015616e4fa70, 0x0000015616e4f0d0, 0x0000015616e4cf20,
0x0000015616e4d3f0, 0x0000015616e50db0, 0x0000015616e4d8c0, 0x0000015616e51280,
0x0000015616e4dd90, 0x0000015616e4e260, 0x0000015616e4e730, 0x0000015616e51750,
0x0000015616af6090, 0x0000015616afbc00, 0x0000015616af6a30, 0x0000015616af8240,
0x0000015616af6560, 0x0000015616af6f00, 0x0000015616afa8c0, 0x0000015616af73d0,
0x0000015616afc5a0, 0x0000015616af78a0, 0x0000015616afad90, 0x0000015616afca70,
0x0000015616af7d70, 0x0000015616afcf40, 0x0000015616af8710, 0x0000015616af8be0,
0x0000015616af90b0, 0x0000015616af9580, 0x0000015616afd410, 0x0000015616af9a50,
0x0000015616af9f20, 0x0000015616afd8e0, 0x0000015616afb260, 0x0000015616afa3f0,
0x0000015616afb730, 0x0000015616afc0d0, 0x00000156176eda30, 0x00000156176ea540,
0x00000156176e79f0, 0x00000156176eaa10, 0x00000156176ed560, 0x00000156176e6b80,
0x00000156176e9ba0, 0x00000156176e7ec0, 0x00000156176eaee0, 0x00000156176ec220,
0x00000156176ecbc0, 0x00000156176e8390, 0x00000156176e9200, 0x00000156176eb3b0,
0x00000156176ea070, 0x00000156176e8860, 0x00000156176eb880, 0x00000156176edf00,
0x00000156176e8d30, 0x00000156176ebd50, 0x00000156176e7050, 0x00000156176ec6f0,
0x00000156176ed090, 0x00000156176e96d0, 0x00000156176e66b0, 0x00000156176e7520,
0x0000015617f2af10, 0x0000015617f29bd0, 0x0000015617f305b0, 0x0000015617f2f270,
0x0000015617f2b3e0, 0x0000015617f2b8b0, 0x0000015617f2df30, 0x0000015617f2d0c0,
0x0000015617f2bd80, 0x0000015617f2cbf0, 0x0000015617f2d590, 0x0000015617f2a0a0,
0x0000015617f30a80, 0x0000015617f2f740, 0x0000015617f2da60, 0x0000015617f2e400,
0x0000015617f2fc10, 0x0000015617f2c250, 0x0000015617f2e8d0, 0x0000015617f2eda0,
0x0000015617f2c720, 0x0000015617f300e0, 0x0000015617f29700, 0x0000015617f29230,
0x0000015617f2a570, 0x0000015617f2aa40, 0x00000156176cd1f0, 0x00000156176c7b50,
0x00000156176ce060, 0x00000156176c8020, 0x00000156176c9d00, 0x00000156176cc380,
0x00000156176c9360, 0x00000156176ceed0, 0x00000156176c7680, 0x00000156176cea00,
0x00000156176cc850, 0x00000156176c84f0, 0x00000156176c89c0, 0x00000156176c8e90,
0x00000156176c9830, 0x00000156176ca1d0, 0x00000156176ca6a0, 0x00000156176cb040,
0x00000156176cb510, 0x00000156176cab70, 0x00000156176ccd20, 0x00000156176cb9e0,
0x00000156176cbeb0, 0x00000156176cd6c0, 0x00000156176cdb90, 0x00000156176ce530,
0x00000156176d3520, 0x00000156176d56d0, 0x00000156176d5ba0, 0x00000156176d6070,
0x00000156176d0500, 0x00000156176d2b80, 0x00000156176d39f0, 0x00000156176d3ec0,
0x00000156176d09d0, 0x00000156176d1370, 0x00000156176d6a10, 0x00000156176d4860,
0x00000156176d6ee0, 0x00000156176cf690, 0x00000156176d0ea0, 0x00000156176d5200,
0x00000156176d1d10, 0x00000156176cfb60, 0x00000156176d0030, 0x00000156176d21e0,
0x00000156176d26b0, 0x00000156176d3050, 0x000001561a837240, 0x000001561a835560
}

Java Threads: ( => current thread )
  0x00000156765e7e70 JavaThread "main" [_thread_blocked, id=948, stack(0x0000002b43f00000,0x0000002b44000000)]
  0x000001567f8f2250 JavaThread "Reference Handler" daemon [_thread_blocked, id=7128, stack(0x0000002b44600000,0x0000002b44700000)]
  0x000001567f8f3fe0 JavaThread "Finalizer" daemon [_thread_blocked, id=4976, stack(0x0000002b44700000,0x0000002b44800000)]
  0x000001567f92a180 JavaThread "Signal Dispatcher" daemon [_thread_blocked, id=7484, stack(0x0000002b44800000,0x0000002b44900000)]
  0x000001567f92ab40 JavaThread "Attach Listener" daemon [_thread_blocked, id=10452, stack(0x0000002b44900000,0x0000002b44a00000)]
  0x000001567f92b400 JavaThread "Service Thread" daemon [_thread_blocked, id=10772, stack(0x0000002b44a00000,0x0000002b44b00000)]
  0x000001567f91fdd0 JavaThread "Monitor Deflation Thread" daemon [_thread_blocked, id=10392, stack(0x0000002b44b00000,0x0000002b44c00000)]
  0x000001567f922010 JavaThread "C2 CompilerThread0" daemon [_thread_blocked, id=10880, stack(0x0000002b44c00000,0x0000002b44d00000)]
  0x000001567f93a920 JavaThread "C1 CompilerThread0" daemon [_thread_blocked, id=2484, stack(0x0000002b44d00000,0x0000002b44e00000)]
  0x000001567f941880 JavaThread "Sweeper thread" daemon [_thread_blocked, id=7112, stack(0x0000002b44e00000,0x0000002b44f00000)]
  0x000001567face820 JavaThread "Common-Cleaner" daemon [_thread_blocked, id=4800, stack(0x0000002b44f00000,0x0000002b45000000)]
  0x000001567fad1db0 JavaThread "Notification Thread" daemon [_thread_blocked, id=9388, stack(0x0000002b45000000,0x0000002b45100000)]
=>0x00000156118180a0 JavaThread "C2 CompilerThread1" daemon [_thread_in_native, id=10600, stack(0x0000002b45200000,0x0000002b45300000)]
  0x0000015611842970 JavaThread "C2 CompilerThread2" daemon [_thread_in_native, id=10888, stack(0x0000002b45300000,0x0000002b45400000)]
  0x000001561218cf60 JavaThread "Daemon health stats" [_thread_blocked, id=9800, stack(0x0000002b45800000,0x0000002b45900000)]
  0x0000015612400ec0 JavaThread "Incoming local TCP Connector on port 63632" [_thread_in_native, id=4836, stack(0x0000002b45900000,0x0000002b45a00000)]
  0x0000015612b9d680 JavaThread "Daemon periodic checks" [_thread_blocked, id=8000, stack(0x0000002b45a00000,0x0000002b45b00000)]
  0x0000015613fb7cd0 JavaThread "Daemon" [_thread_blocked, id=11236, stack(0x0000002b45b00000,0x0000002b45c00000)]
  0x000001561295e120 JavaThread "Handler for socket connection from /127.0.0.1:63632 to /127.0.0.1:63633" [_thread_in_native, id=1500, stack(0x0000002b45c00000,0x0000002b45d00000)]
  0x0000015612be06b0 JavaThread "Cancel handler" [_thread_blocked, id=6148, stack(0x0000002b45d00000,0x0000002b45e00000)]
  0x00000156138a68e0 JavaThread "Daemon worker" [_thread_blocked, id=2076, stack(0x0000002b45e00000,0x0000002b45f00000)]
  0x0000015613a37ed0 JavaThread "Asynchronous log dispatcher for DefaultDaemonConnection: socket connection from /127.0.0.1:63632 to /127.0.0.1:63633" [_thread_blocked, id=11140, stack(0x0000002b45f00000,0x0000002b46000000)]
  0x0000015613a38d40 JavaThread "Stdin handler" [_thread_blocked, id=10596, stack(0x0000002b46000000,0x0000002b46100000)]
  0x0000015613a3a080 JavaThread "Daemon client event forwarder" [_thread_in_vm, id=1956, stack(0x0000002b46100000,0x0000002b46200000)]
  0x0000015613a383a0 JavaThread "Cache worker for journal cache (C:\Users\Pasha\.gradle\caches\journal-1)" [_thread_blocked, id=652, stack(0x0000002b46900000,0x0000002b46a00000)]
  0x0000015613a37060 JavaThread "File lock request listener" [_thread_in_native, id=9356, stack(0x0000002b46a00000,0x0000002b46b00000)]
  0x0000015613a38870 JavaThread "Cache worker for file hash cache (C:\Users\Pasha\.gradle\caches\8.0\fileHashes)" [_thread_blocked, id=6336, stack(0x0000002b46b00000,0x0000002b46c00000)]
  0x0000015613a39210 JavaThread "File watcher server" daemon [_thread_in_native, id=1224, stack(0x0000002b46c00000,0x0000002b46d00000)]
  0x0000015613a396e0 JavaThread "File watcher consumer" daemon [_thread_blocked, id=9560, stack(0x0000002b46d00000,0x0000002b46e00000)]
  0x0000015613a3a550 JavaThread "Cache worker for checksums cache (C:\Users\Pasha\AndroidStudioProjects\MyApplication9\.gradle\8.0\checksums)" [_thread_blocked, id=1732, stack(0x0000002b46e00000,0x0000002b46f00000)]
  0x0000015613a39bb0 JavaThread "Cache worker for cache directory md-rule (C:\Users\Pasha\.gradle\caches\8.0\md-rule)" [_thread_blocked, id=8840, stack(0x0000002b46f00000,0x0000002b47000000)]
  0x0000015613a3aa20 JavaThread "Cache worker for file content cache (C:\Users\Pasha\.gradle\caches\8.0\fileContent)" [_thread_blocked, id=8424, stack(0x0000002b47000000,0x0000002b47100000)]
  0x0000015613a37530 JavaThread "Cache worker for file hash cache (C:\Users\Pasha\AndroidStudioProjects\MyApplication9\.gradle\8.0\fileHashes)" [_thread_blocked, id=6960, stack(0x0000002b47100000,0x0000002b47200000)]
  0x0000015613a37a00 JavaThread "Cache worker for cache directory md-supplier (C:\Users\Pasha\.gradle\caches\8.0\md-supplier)" [_thread_blocked, id=8300, stack(0x0000002b47200000,0x0000002b47300000)]
  0x0000015616e4bbe0 JavaThread "Cache worker for execution history cache (C:\Users\Pasha\.gradle\caches\8.0\executionHistory)" [_thread_blocked, id=9920, stack(0x0000002b47300000,0x0000002b47400000)]
  0x0000015616e4c0b0 JavaThread "jar transforms" [_thread_blocked, id=4988, stack(0x0000002b47400000,0x0000002b47500000)]
  0x0000015616e4a8a0 JavaThread "jar transforms Thread 2" [_thread_blocked, id=4872, stack(0x0000002b47500000,0x0000002b47600000)]
  0x0000015616e4c580 JavaThread "jar transforms Thread 3" [_thread_blocked, id=11256, stack(0x0000002b47600000,0x0000002b47700000)]
  0x0000015616e51c20 JavaThread "jar transforms Thread 4" [_thread_blocked, id=8996, stack(0x0000002b47700000,0x0000002b47800000)]
  0x0000015616e4f5a0 JavaThread "Cache worker for dependencies-accessors (C:\Users\Pasha\AndroidStudioProjects\MyApplication9\.gradle\8.0\dependencies-accessors)" [_thread_blocked, id=2328, stack(0x0000002b47800000,0x0000002b47900000)]
  0x0000015616e4ad70 JavaThread "jar transforms Thread 5" [_thread_blocked, id=10644, stack(0x0000002b47900000,0x0000002b47a00000)]
  0x0000015616e4b240 JavaThread "Cache worker for Build Output Cleanup Cache (C:\Users\Pasha\AndroidStudioProjects\MyApplication9\.gradle\buildOutputCleanup)" [_thread_blocked, id=8880, stack(0x0000002b47a00000,0x0000002b47b00000)]
  0x0000015616e4b710 JavaThread "Unconstrained build operations" [_thread_blocked, id=3352, stack(0x0000002b47b00000,0x0000002b47c00000)]
  0x0000015616e4ca50 JavaThread "Unconstrained build operations Thread 2" [_thread_blocked, id=7184, stack(0x0000002b47c00000,0x0000002b47d00000)]
  0x0000015616e4ec00 JavaThread "Unconstrained build operations Thread 3" [_thread_blocked, id=5284, stack(0x0000002b47d00000,0x0000002b47e00000)]
  0x0000015616e4fa70 JavaThread "Unconstrained build operations Thread 4" [_thread_blocked, id=8160, stack(0x0000002b47e00000,0x0000002b47f00000)]
  0x0000015616e4f0d0 JavaThread "Unconstrained build operations Thread 5" [_thread_blocked, id=7696, stack(0x0000002b47f00000,0x0000002b48000000)]
  0x0000015616e4cf20 JavaThread "Unconstrained build operations Thread 6" [_thread_blocked, id=9328, stack(0x0000002b48000000,0x0000002b48100000)]
  0x0000015616e4d3f0 JavaThread "Unconstrained build operations Thread 7" [_thread_blocked, id=1132, stack(0x0000002b48100000,0x0000002b48200000)]
  0x0000015616e50db0 JavaThread "Unconstrained build operations Thread 8" [_thread_blocked, id=7872, stack(0x0000002b48200000,0x0000002b48300000)]
  0x0000015616e4d8c0 JavaThread "Unconstrained build operations Thread 9" [_thread_blocked, id=6052, stack(0x0000002b48300000,0x0000002b48400000)]
  0x0000015616e51280 JavaThread "Unconstrained build operations Thread 10" [_thread_blocked, id=5780, stack(0x0000002b48400000,0x0000002b48500000)]
  0x0000015616e4dd90 JavaThread "Unconstrained build operations Thread 11" [_thread_blocked, id=2392, stack(0x0000002b48500000,0x0000002b48600000)]
  0x0000015616e4e260 JavaThread "Unconstrained build operations Thread 12" [_thread_blocked, id=5912, stack(0x0000002b48600000,0x0000002b48700000)]
  0x0000015616e4e730 JavaThread "Unconstrained build operations Thread 13" [_thread_blocked, id=1188, stack(0x0000002b48700000,0x0000002b48800000)]
  0x0000015616e51750 JavaThread "Unconstrained build operations Thread 14" [_thread_blocked, id=8976, stack(0x0000002b48800000,0x0000002b48900000)]
  0x0000015616af6090 JavaThread "Unconstrained build operations Thread 15" [_thread_blocked, id=5564, stack(0x0000002b48900000,0x0000002b48a00000)]
  0x0000015616afbc00 JavaThread "Unconstrained build operations Thread 16" [_thread_blocked, id=7116, stack(0x0000002b48a00000,0x0000002b48b00000)]
  0x0000015616af6a30 JavaThread "Unconstrained build operations Thread 17" [_thread_blocked, id=2804, stack(0x0000002b48b00000,0x0000002b48c00000)]
  0x0000015616af8240 JavaThread "Unconstrained build operations Thread 18" [_thread_blocked, id=8572, stack(0x0000002b48c00000,0x0000002b48d00000)]
  0x0000015616af6560 JavaThread "Unconstrained build operations Thread 19" [_thread_blocked, id=6248, stack(0x0000002b48d00000,0x0000002b48e00000)]
  0x0000015616af6f00 JavaThread "Unconstrained build operations Thread 20" [_thread_blocked, id=9804, stack(0x0000002b48e00000,0x0000002b48f00000)]
  0x0000015616afa8c0 JavaThread "Unconstrained build operations Thread 21" [_thread_blocked, id=7572, stack(0x0000002b48f00000,0x0000002b49000000)]
  0x0000015616af73d0 JavaThread "Unconstrained build operations Thread 22" [_thread_blocked, id=11088, stack(0x0000002b49000000,0x0000002b49100000)]
  0x0000015616afc5a0 JavaThread "Unconstrained build operations Thread 23" [_thread_blocked, id=9056, stack(0x0000002b49100000,0x0000002b49200000)]
  0x0000015616af78a0 JavaThread "Unconstrained build operations Thread 24" [_thread_blocked, id=6024, stack(0x0000002b49200000,0x0000002b49300000)]
  0x0000015616afad90 JavaThread "Unconstrained build operations Thread 25" [_thread_blocked, id=4704, stack(0x0000002b49300000,0x0000002b49400000)]
  0x0000015616afca70 JavaThread "Unconstrained build operations Thread 26" [_thread_blocked, id=1692, stack(0x0000002b49400000,0x0000002b49500000)]
  0x0000015616af7d70 JavaThread "Unconstrained build operations Thread 27" [_thread_blocked, id=11240, stack(0x0000002b49500000,0x0000002b49600000)]
  0x0000015616afcf40 JavaThread "Unconstrained build operations Thread 28" [_thread_blocked, id=4336, stack(0x0000002b49600000,0x0000002b49700000)]
  0x0000015616af8710 JavaThread "Unconstrained build operations Thread 29" [_thread_blocked, id=5784, stack(0x0000002b49700000,0x0000002b49800000)]
  0x0000015616af8be0 JavaThread "Unconstrained build operations Thread 30" [_thread_blocked, id=10352, stack(0x0000002b49800000,0x0000002b49900000)]
  0x0000015616af90b0 JavaThread "Unconstrained build operations Thread 31" [_thread_blocked, id=6932, stack(0x0000002b49900000,0x0000002b49a00000)]
  0x0000015616af9580 JavaThread "Unconstrained build operations Thread 32" [_thread_blocked, id=6240, stack(0x0000002b49a00000,0x0000002b49b00000)]
  0x0000015616afd410 JavaThread "Unconstrained build operations Thread 33" [_thread_blocked, id=5716, stack(0x0000002b49b00000,0x0000002b49c00000)]
  0x0000015616af9a50 JavaThread "Unconstrained build operations Thread 34" [_thread_blocked, id=3264, stack(0x0000002b49c00000,0x0000002b49d00000)]
  0x0000015616af9f20 JavaThread "Unconstrained build operations Thread 35" [_thread_blocked, id=2988, stack(0x0000002b49d00000,0x0000002b49e00000)]
  0x0000015616afd8e0 JavaThread "Unconstrained build operations Thread 36" [_thread_blocked, id=9304, stack(0x0000002b49e00000,0x0000002b49f00000)]
  0x0000015616afb260 JavaThread "Unconstrained build operations Thread 37" [_thread_blocked, id=7632, stack(0x0000002b49f00000,0x0000002b4a000000)]
  0x0000015616afa3f0 JavaThread "Unconstrained build operations Thread 38" [_thread_blocked, id=3260, stack(0x0000002b4a000000,0x0000002b4a100000)]
  0x0000015616afb730 JavaThread "Unconstrained build operations Thread 39" [_thread_blocked, id=10364, stack(0x0000002b4a100000,0x0000002b4a200000)]
  0x0000015616afc0d0 JavaThread "Unconstrained build operations Thread 40" [_thread_blocked, id=2604, stack(0x0000002b4a200000,0x0000002b4a300000)]
  0x00000156176eda30 JavaThread "Unconstrained build operations Thread 41" [_thread_blocked, id=10616, stack(0x0000002b4a300000,0x0000002b4a400000)]
  0x00000156176ea540 JavaThread "Unconstrained build operations Thread 42" [_thread_blocked, id=8732, stack(0x0000002b4a400000,0x0000002b4a500000)]
  0x00000156176e79f0 JavaThread "Unconstrained build operations Thread 43" [_thread_blocked, id=9488, stack(0x0000002b4a500000,0x0000002b4a600000)]
  0x00000156176eaa10 JavaThread "Unconstrained build operations Thread 44" [_thread_blocked, id=10564, stack(0x0000002b4a600000,0x0000002b4a700000)]
  0x00000156176ed560 JavaThread "Unconstrained build operations Thread 45" [_thread_blocked, id=9540, stack(0x0000002b4a700000,0x0000002b4a800000)]
  0x00000156176e6b80 JavaThread "Unconstrained build operations Thread 46" [_thread_blocked, id=7592, stack(0x0000002b4a800000,0x0000002b4a900000)]
  0x00000156176e9ba0 JavaThread "Unconstrained build operations Thread 47" [_thread_blocked, id=808, stack(0x0000002b4a900000,0x0000002b4aa00000)]
  0x00000156176e7ec0 JavaThread "Unconstrained build operations Thread 48" [_thread_blocked, id=1572, stack(0x0000002b4aa00000,0x0000002b4ab00000)]
  0x00000156176eaee0 JavaThread "Unconstrained build operations Thread 49" [_thread_blocked, id=3040, stack(0x0000002b4ab00000,0x0000002b4ac00000)]
  0x00000156176ec220 JavaThread "Unconstrained build operations Thread 50" [_thread_blocked, id=2920, stack(0x0000002b4ac00000,0x0000002b4ad00000)]
  0x00000156176ecbc0 JavaThread "Unconstrained build operations Thread 51" [_thread_blocked, id=5400, stack(0x0000002b4ad00000,0x0000002b4ae00000)]
  0x00000156176e8390 JavaThread "Unconstrained build operations Thread 52" [_thread_blocked, id=1764, stack(0x0000002b4ae00000,0x0000002b4af00000)]
  0x00000156176e9200 JavaThread "Unconstrained build operations Thread 53" [_thread_blocked, id=10864, stack(0x0000002b4af00000,0x0000002b4b000000)]
  0x00000156176eb3b0 JavaThread "Unconstrained build operations Thread 54" [_thread_blocked, id=8872, stack(0x0000002b4b000000,0x0000002b4b100000)]
  0x00000156176ea070 JavaThread "Unconstrained build operations Thread 55" [_thread_blocked, id=7704, stack(0x0000002b4b100000,0x0000002b4b200000)]
  0x00000156176e8860 JavaThread "Unconstrained build operations Thread 56" [_thread_blocked, id=2272, stack(0x0000002b4b200000,0x0000002b4b300000)]
  0x00000156176eb880 JavaThread "Unconstrained build operations Thread 57" [_thread_blocked, id=7904, stack(0x0000002b4b300000,0x0000002b4b400000)]
  0x00000156176edf00 JavaThread "Unconstrained build operations Thread 58" [_thread_blocked, id=7092, stack(0x0000002b4b400000,0x0000002b4b500000)]
  0x00000156176e8d30 JavaThread "Unconstrained build operations Thread 59" [_thread_blocked, id=2772, stack(0x0000002b4b500000,0x0000002b4b600000)]
  0x00000156176ebd50 JavaThread "Unconstrained build operations Thread 60" [_thread_blocked, id=10784, stack(0x0000002b4b600000,0x0000002b4b700000)]
  0x00000156176e7050 JavaThread "Unconstrained build operations Thread 61" [_thread_blocked, id=6820, stack(0x0000002b4b700000,0x0000002b4b800000)]
  0x00000156176ec6f0 JavaThread "Unconstrained build operations Thread 62" [_thread_blocked, id=1436, stack(0x0000002b4b800000,0x0000002b4b900000)]
  0x00000156176ed090 JavaThread "Unconstrained build operations Thread 63" [_thread_blocked, id=9596, stack(0x0000002b4b900000,0x0000002b4ba00000)]
  0x00000156176e96d0 JavaThread "Unconstrained build operations Thread 64" [_thread_blocked, id=3676, stack(0x0000002b4ba00000,0x0000002b4bb00000)]
  0x00000156176e66b0 JavaThread "Unconstrained build operations Thread 65" [_thread_blocked, id=616, stack(0x0000002b4bb00000,0x0000002b4bc00000)]
  0x00000156176e7520 JavaThread "Unconstrained build operations Thread 66" [_thread_blocked, id=10972, stack(0x0000002b4bc00000,0x0000002b4bd00000)]
  0x0000015617f2af10 JavaThread "Unconstrained build operations Thread 67" [_thread_blocked, id=6676, stack(0x0000002b4bd00000,0x0000002b4be00000)]
  0x0000015617f29bd0 JavaThread "Unconstrained build operations Thread 68" [_thread_blocked, id=8084, stack(0x0000002b4be00000,0x0000002b4bf00000)]
  0x0000015617f305b0 JavaThread "Unconstrained build operations Thread 69" [_thread_blocked, id=9532, stack(0x0000002b4bf00000,0x0000002b4c000000)]
  0x0000015617f2f270 JavaThread "Unconstrained build operations Thread 70" [_thread_blocked, id=3536, stack(0x0000002b4c000000,0x0000002b4c100000)]
  0x0000015617f2b3e0 JavaThread "Unconstrained build operations Thread 71" [_thread_blocked, id=10008, stack(0x0000002b4c100000,0x0000002b4c200000)]
  0x0000015617f2b8b0 JavaThread "Unconstrained build operations Thread 72" [_thread_blocked, id=7048, stack(0x0000002b4c200000,0x0000002b4c300000)]
  0x0000015617f2df30 JavaThread "Unconstrained build operations Thread 73" [_thread_blocked, id=6760, stack(0x0000002b4c300000,0x0000002b4c400000)]
  0x0000015617f2d0c0 JavaThread "Unconstrained build operations Thread 74" [_thread_blocked, id=4124, stack(0x0000002b4c400000,0x0000002b4c500000)]
  0x0000015617f2bd80 JavaThread "Unconstrained build operations Thread 75" [_thread_blocked, id=5212, stack(0x0000002b4c500000,0x0000002b4c600000)]
  0x0000015617f2cbf0 JavaThread "Unconstrained build operations Thread 76" [_thread_blocked, id=4600, stack(0x0000002b4c600000,0x0000002b4c700000)]
  0x0000015617f2d590 JavaThread "Unconstrained build operations Thread 77" [_thread_blocked, id=4880, stack(0x0000002b4c700000,0x0000002b4c800000)]
  0x0000015617f2a0a0 JavaThread "Unconstrained build operations Thread 78" [_thread_blocked, id=6832, stack(0x0000002b4c800000,0x0000002b4c900000)]
  0x0000015617f30a80 JavaThread "Unconstrained build operations Thread 79" [_thread_blocked, id=10632, stack(0x0000002b4c900000,0x0000002b4ca00000)]
  0x0000015617f2f740 JavaThread "Unconstrained build operations Thread 80" [_thread_blocked, id=8804, stack(0x0000002b4ca00000,0x0000002b4cb00000)]
  0x0000015617f2da60 JavaThread "Unconstrained build operations Thread 81" [_thread_blocked, id=3512, stack(0x0000002b4cb00000,0x0000002b4cc00000)]
  0x0000015617f2e400 JavaThread "Unconstrained build operations Thread 82" [_thread_blocked, id=4968, stack(0x0000002b4cc00000,0x0000002b4cd00000)]
  0x0000015617f2fc10 JavaThread "Unconstrained build operations Thread 83" [_thread_blocked, id=10684, stack(0x0000002b4cd00000,0x0000002b4ce00000)]
  0x0000015617f2c250 JavaThread "Unconstrained build operations Thread 84" [_thread_blocked, id=3604, stack(0x0000002b4ce00000,0x0000002b4cf00000)]
  0x0000015617f2e8d0 JavaThread "Unconstrained build operations Thread 85" [_thread_blocked, id=5180, stack(0x0000002b4cf00000,0x0000002b4d000000)]
  0x0000015617f2eda0 JavaThread "Unconstrained build operations Thread 86" [_thread_blocked, id=11136, stack(0x0000002b4d000000,0x0000002b4d100000)]
  0x0000015617f2c720 JavaThread "Unconstrained build operations Thread 87" [_thread_blocked, id=7088, stack(0x0000002b4d100000,0x0000002b4d200000)]
  0x0000015617f300e0 JavaThread "Unconstrained build operations Thread 88" [_thread_blocked, id=6272, stack(0x0000002b4d200000,0x0000002b4d300000)]
  0x0000015617f29700 JavaThread "Unconstrained build operations Thread 89" [_thread_blocked, id=5976, stack(0x0000002b4d300000,0x0000002b4d400000)]
  0x0000015617f29230 JavaThread "Unconstrained build operations Thread 90" [_thread_blocked, id=5360, stack(0x0000002b4d400000,0x0000002b4d500000)]
  0x0000015617f2a570 JavaThread "Unconstrained build operations Thread 91" [_thread_blocked, id=10952, stack(0x0000002b4d500000,0x0000002b4d600000)]
  0x0000015617f2aa40 JavaThread "Unconstrained build operations Thread 92" [_thread_blocked, id=8400, stack(0x0000002b4d600000,0x0000002b4d700000)]
  0x00000156176cd1f0 JavaThread "Unconstrained build operations Thread 93" [_thread_blocked, id=2904, stack(0x0000002b4d700000,0x0000002b4d800000)]
  0x00000156176c7b50 JavaThread "Unconstrained build operations Thread 94" [_thread_blocked, id=9052, stack(0x0000002b4d800000,0x0000002b4d900000)]
  0x00000156176ce060 JavaThread "Unconstrained build operations Thread 95" [_thread_blocked, id=9892, stack(0x0000002b4d900000,0x0000002b4da00000)]
  0x00000156176c8020 JavaThread "Unconstrained build operations Thread 96" [_thread_blocked, id=10512, stack(0x0000002b4da00000,0x0000002b4db00000)]
  0x00000156176c9d00 JavaThread "Unconstrained build operations Thread 97" [_thread_blocked, id=5376, stack(0x0000002b4db00000,0x0000002b4dc00000)]
  0x00000156176cc380 JavaThread "Unconstrained build operations Thread 98" [_thread_blocked, id=8384, stack(0x0000002b4dc00000,0x0000002b4dd00000)]
  0x00000156176c9360 JavaThread "Unconstrained build operations Thread 99" [_thread_blocked, id=7000, stack(0x0000002b4dd00000,0x0000002b4de00000)]
  0x00000156176ceed0 JavaThread "Unconstrained build operations Thread 100" [_thread_blocked, id=6816, stack(0x0000002b4de00000,0x0000002b4df00000)]
  0x00000156176c7680 JavaThread "Unconstrained build operations Thread 101" [_thread_blocked, id=3416, stack(0x0000002b4df00000,0x0000002b4e000000)]
  0x00000156176cea00 JavaThread "Unconstrained build operations Thread 102" [_thread_blocked, id=7144, stack(0x0000002b4e000000,0x0000002b4e100000)]
  0x00000156176cc850 JavaThread "Unconstrained build operations Thread 103" [_thread_blocked, id=5228, stack(0x0000002b4e100000,0x0000002b4e200000)]
  0x00000156176c84f0 JavaThread "Unconstrained build operations Thread 104" [_thread_blocked, id=9704, stack(0x0000002b4e200000,0x0000002b4e300000)]
  0x00000156176c89c0 JavaThread "Unconstrained build operations Thread 105" [_thread_blocked, id=2284, stack(0x0000002b4e300000,0x0000002b4e400000)]
  0x00000156176c8e90 JavaThread "Unconstrained build operations Thread 106" [_thread_blocked, id=8112, stack(0x0000002b4e400000,0x0000002b4e500000)]
  0x00000156176c9830 JavaThread "Unconstrained build operations Thread 107" [_thread_blocked, id=8500, stack(0x0000002b4e500000,0x0000002b4e600000)]
  0x00000156176ca1d0 JavaThread "Unconstrained build operations Thread 108" [_thread_blocked, id=3400, stack(0x0000002b4e600000,0x0000002b4e700000)]
  0x00000156176ca6a0 JavaThread "Unconstrained build operations Thread 109" [_thread_blocked, id=1980, stack(0x0000002b4e700000,0x0000002b4e800000)]
  0x00000156176cb040 JavaThread "Unconstrained build operations Thread 110" [_thread_blocked, id=10504, stack(0x0000002b4e800000,0x0000002b4e900000)]
  0x00000156176cb510 JavaThread "Unconstrained build operations Thread 111" [_thread_blocked, id=1988, stack(0x0000002b4e900000,0x0000002b4ea00000)]
  0x00000156176cab70 JavaThread "Unconstrained build operations Thread 112" [_thread_blocked, id=5516, stack(0x0000002b4ea00000,0x0000002b4eb00000)]
  0x00000156176ccd20 JavaThread "Unconstrained build operations Thread 113" [_thread_blocked, id=9300, stack(0x0000002b4eb00000,0x0000002b4ec00000)]
  0x00000156176cb9e0 JavaThread "Unconstrained build operations Thread 114" [_thread_blocked, id=4000, stack(0x0000002b4ec00000,0x0000002b4ed00000)]
  0x00000156176cbeb0 JavaThread "Unconstrained build operations Thread 115" [_thread_blocked, id=6572, stack(0x0000002b4ed00000,0x0000002b4ee00000)]
  0x00000156176cd6c0 JavaThread "Unconstrained build operations Thread 116" [_thread_blocked, id=6204, stack(0x0000002b4ee00000,0x0000002b4ef00000)]
  0x00000156176cdb90 JavaThread "Unconstrained build operations Thread 117" [_thread_blocked, id=9232, stack(0x0000002b4ef00000,0x0000002b4f000000)]
  0x00000156176ce530 JavaThread "Unconstrained build operations Thread 118" [_thread_blocked, id=8632, stack(0x0000002b4f000000,0x0000002b4f100000)]
  0x00000156176d3520 JavaThread "Unconstrained build operations Thread 119" [_thread_blocked, id=7788, stack(0x0000002b4f100000,0x0000002b4f200000)]
  0x00000156176d56d0 JavaThread "Unconstrained build operations Thread 120" [_thread_blocked, id=5908, stack(0x0000002b4f200000,0x0000002b4f300000)]
  0x00000156176d5ba0 JavaThread "jar transforms Thread 6" [_thread_blocked, id=10220, stack(0x0000002b4f300000,0x0000002b4f400000)]
  0x00000156176d6070 JavaThread "jar transforms Thread 7" [_thread_blocked, id=9616, stack(0x0000002b4f400000,0x0000002b4f500000)]
  0x00000156176d0500 JavaThread "jar transforms Thread 8" [_thread_blocked, id=1720, stack(0x0000002b4f500000,0x0000002b4f600000)]
  0x00000156176d2b80 JavaThread "jar transforms Thread 9" [_thread_blocked, id=1964, stack(0x0000002b4f600000,0x0000002b4f700000)]
  0x00000156176d39f0 JavaThread "jar transforms Thread 10" [_thread_blocked, id=9652, stack(0x0000002b4f700000,0x0000002b4f800000)]
  0x00000156176d3ec0 JavaThread "jar transforms Thread 11" [_thread_blocked, id=4016, stack(0x0000002b4f800000,0x0000002b4f900000)]
  0x00000156176d09d0 JavaThread "jar transforms Thread 12" [_thread_blocked, id=1848, stack(0x0000002b4f900000,0x0000002b4fa00000)]
  0x00000156176d1370 JavaThread "build event listener" [_thread_in_Java, id=4596, stack(0x0000002b4fa00000,0x0000002b4fb00000)]
  0x00000156176d6a10 JavaThread "Memory manager" [_thread_blocked, id=2148, stack(0x0000002b4fb00000,0x0000002b4fc00000)]
  0x00000156176d4860 JavaThread "included builds" [_thread_blocked, id=10476, stack(0x0000002b4ff00000,0x0000002b50000000)]
  0x00000156176d6ee0 JavaThread "Execution worker" [_thread_blocked, id=6712, stack(0x0000002b50000000,0x0000002b50100000)]
  0x00000156176cf690 JavaThread "Execution worker Thread 2" [_thread_in_Java, id=7212, stack(0x0000002b50100000,0x0000002b50200000)]
  0x00000156176d0ea0 JavaThread "Execution worker Thread 3" [_thread_blocked, id=10456, stack(0x0000002b50200000,0x0000002b50300000)]
  0x00000156176d5200 JavaThread "Execution worker Thread 4" [_thread_blocked, id=928, stack(0x0000002b50300000,0x0000002b50400000)]
  0x00000156176d1d10 JavaThread "Execution worker Thread 5" [_thread_blocked, id=5756, stack(0x0000002b50400000,0x0000002b50500000)]
  0x00000156176cfb60 JavaThread "Execution worker Thread 6" [_thread_blocked, id=9252, stack(0x0000002b50500000,0x0000002b50600000)]
  0x00000156176d0030 JavaThread "Execution worker Thread 7" [_thread_blocked, id=7992, stack(0x0000002b50600000,0x0000002b50700000)]
  0x00000156176d21e0 JavaThread "Execution worker Thread 8" [_thread_blocked, id=9376, stack(0x0000002b50700000,0x0000002b50800000)]
  0x00000156176d26b0 JavaThread "Execution worker Thread 9" [_thread_blocked, id=5992, stack(0x0000002b50800000,0x0000002b50900000)]
  0x00000156176d3050 JavaThread "Execution worker Thread 10" [_thread_blocked, id=2704, stack(0x0000002b50900000,0x0000002b50a00000)]
  0x000001561a837240 JavaThread "Execution worker Thread 11" [_thread_blocked, id=8348, stack(0x0000002b50a00000,0x0000002b50b00000)]
  0x000001561a835560 JavaThread "Cache worker for execution history cache (C:\Users\Pasha\AndroidStudioProjects\MyApplication9\.gradle\8.0\executionHistory)" [_thread_blocked, id=7416, stack(0x0000002b50b00000,0x0000002b50c00000)]

Other Threads:
  0x000001567f8e01c0 VMThread "VM Thread" [stack: 0x0000002b44500000,0x0000002b44600000] [id=2792]
  0x000001567665f410 WatcherThread [stack: 0x0000002b45100000,0x0000002b45200000] [id=9204]
  0x00000156766465e0 GCTaskThread "GC Thread#0" [stack: 0x0000002b44000000,0x0000002b44100000] [id=2224]
  0x0000015611f33970 GCTaskThread "GC Thread#1" [stack: 0x0000002b45400000,0x0000002b45500000] [id=10860]
  0x0000015611f33c20 GCTaskThread "GC Thread#2" [stack: 0x0000002b45500000,0x0000002b45600000] [id=8716]
  0x0000015611f4b910 GCTaskThread "GC Thread#3" [stack: 0x0000002b45600000,0x0000002b45700000] [id=1940]
  0x0000015612baa250 GCTaskThread "GC Thread#4" [stack: 0x0000002b45700000,0x0000002b45800000] [id=4672]
  0x00000156138a6db0 GCTaskThread "GC Thread#5" [stack: 0x0000002b46200000,0x0000002b46300000] [id=3996]
  0x0000015612ca3430 GCTaskThread "GC Thread#6" [stack: 0x0000002b46300000,0x0000002b46400000] [id=7776]
  0x000001561273b970 GCTaskThread "GC Thread#7" [stack: 0x0000002b46400000,0x0000002b46500000] [id=5236]
  0x0000015612f61440 GCTaskThread "GC Thread#8" [stack: 0x0000002b46500000,0x0000002b46600000] [id=6268]
  0x0000015612c737b0 GCTaskThread "GC Thread#9" [stack: 0x0000002b46600000,0x0000002b46700000] [id=3024]
  0x0000015676657430 ConcurrentGCThread "G1 Main Marker" [stack: 0x0000002b44100000,0x0000002b44200000] [id=1040]
  0x00000156766584f0 ConcurrentGCThread "G1 Conc#0" [stack: 0x0000002b44200000,0x0000002b44300000] [id=6972]
  0x0000015612c7ef30 ConcurrentGCThread "G1 Conc#1" [stack: 0x0000002b46700000,0x0000002b46800000] [id=5428]
  0x0000015613867230 ConcurrentGCThread "G1 Conc#2" [stack: 0x0000002b46800000,0x0000002b46900000] [id=6092]
  0x00000156766bebf0 ConcurrentGCThread "G1 Refine#0" [stack: 0x0000002b44300000,0x0000002b44400000] [id=3684]
  0x0000015616b14e80 ConcurrentGCThread "G1 Refine#1" [stack: 0x0000002b4fc00000,0x0000002b4fd00000] [id=2692]
  0x0000015616b15160 ConcurrentGCThread "G1 Refine#2" [stack: 0x0000002b4fd00000,0x0000002b4fe00000] [id=9220]
  0x0000015616b15440 ConcurrentGCThread "G1 Refine#3" [stack: 0x0000002b4fe00000,0x0000002b4ff00000] [id=8980]
  0x000001567f719ed0 ConcurrentGCThread "G1 Service" [stack: 0x0000002b44400000,0x0000002b44500000] [id=5916]

Threads with active compile tasks:
C1 CompilerThread0     8159 8517       3       java.io.ObjectStreamClass::lookup (26 bytes)
C2 CompilerThread1     8159 8323       4       java.beans.Introspector::addMethod (196 bytes)
C2 CompilerThread2     8160 8352  s!   4       java.beans.PropertyDescriptor::getWriteMethod (152 bytes)

VM state: not at safepoint (normal execution)

VM Mutex/Monitor currently owned by a thread: None

Heap address: 0x0000000080000000, size: 2048 MB, Compressed Oops mode: 32-bit

CDS archive(s) not mapped
Compressed class space mapped at: 0x0000000100000000-0x0000000140000000, reserved size: 1073741824
Narrow klass base: 0x0000000000000000, Narrow klass shift: 3, Narrow klass range: 0x140000000

GC Precious Log:
 CPUs: 12 total, 12 available
 Memory: 8125M
 Large Page Support: Disabled
 NUMA Support: Disabled
 Compressed Oops: Enabled (32-bit)
 Heap Region Size: 1M
 Heap Min Capacity: 8M
 Heap Initial Capacity: 128M
 Heap Max Capacity: 2G
 Pre-touch: Disabled
 Parallel Workers: 10
 Concurrent Workers: 3
 Concurrent Refinement Workers: 10
 Periodic GC: Disabled

Heap:
 garbage-first heap   total 141312K, used 102967K [0x0000000080000000, 0x0000000100000000)
  region size 1024K, 43 young (44032K), 7 survivors (7168K)
 Metaspace       used 83074K, committed 83712K, reserved 1122304K
  class space    used 11434K, committed 11776K, reserved 1048576K

Heap Regions: E=young(eden), S=young(survivor), O=old, HS=humongous(starts), HC=humongous(continues), CS=collection set, F=free, OA=open archive, CA=closed archive, TAMS=top-at-mark-start (previous, next)
|   0|0x0000000080000000, 0x0000000080100000, 0x0000000080100000|100%|HS|  |TAMS 0x0000000080100000, 0x0000000080000000| Complete 
|   1|0x0000000080100000, 0x0000000080200000, 0x0000000080200000|100%|HC|  |TAMS 0x0000000080200000, 0x0000000080100000| Complete 
|   2|0x0000000080200000, 0x0000000080300000, 0x0000000080300000|100%|HC|  |TAMS 0x0000000080300000, 0x0000000080200000| Complete 
|   3|0x0000000080300000, 0x0000000080400000, 0x0000000080400000|100%|HC|  |TAMS 0x0000000080400000, 0x0000000080300000| Complete 
|   4|0x0000000080400000, 0x0000000080500000, 0x0000000080500000|100%| O|  |TAMS 0x0000000080500000, 0x0000000080400000| Untracked 
|   5|0x0000000080500000, 0x0000000080600000, 0x0000000080600000|100%| O|  |TAMS 0x0000000080600000, 0x0000000080500000| Untracked 
|   6|0x0000000080600000, 0x0000000080700000, 0x0000000080700000|100%| O|  |TAMS 0x0000000080700000, 0x0000000080600000| Untracked 
|   7|0x0000000080700000, 0x0000000080800000, 0x0000000080800000|100%| O|  |TAMS 0x0000000080800000, 0x0000000080700000| Untracked 
|   8|0x0000000080800000, 0x0000000080900000, 0x0000000080900000|100%| O|  |TAMS 0x0000000080900000, 0x0000000080800000| Untracked 
|   9|0x0000000080900000, 0x0000000080a00000, 0x0000000080a00000|100%| O|  |TAMS 0x0000000080a00000, 0x0000000080900000| Untracked 
|  10|0x0000000080a00000, 0x0000000080b00000, 0x0000000080b00000|100%| O|  |TAMS 0x0000000080b00000, 0x0000000080a00000| Untracked 
|  11|0x0000000080b00000, 0x0000000080b91200, 0x0000000080c00000| 56%| O|  |TAMS 0x0000000080b91200, 0x0000000080b00000| Untracked 
|  12|0x0000000080c00000, 0x0000000080d00000, 0x0000000080d00000|100%| O|  |TAMS 0x0000000080d00000, 0x0000000080c00000| Untracked 
|  13|0x0000000080d00000, 0x0000000080e00000, 0x0000000080e00000|100%| O|  |TAMS 0x0000000080e00000, 0x0000000080d00000| Untracked 
|  14|0x0000000080e00000, 0x0000000080f00000, 0x0000000080f00000|100%| O|  |TAMS 0x0000000080f00000, 0x0000000080e00000| Untracked 
|  15|0x0000000080f00000, 0x0000000081000000, 0x0000000081000000|100%| O|  |TAMS 0x0000000081000000, 0x0000000080f00000| Untracked 
|  16|0x0000000081000000, 0x0000000081100000, 0x0000000081100000|100%| O|  |TAMS 0x0000000081100000, 0x0000000081000000| Untracked 
|  17|0x0000000081100000, 0x0000000081200000, 0x0000000081200000|100%| O|  |TAMS 0x0000000081200000, 0x0000000081100000| Untracked 
|  18|0x0000000081200000, 0x0000000081300000, 0x0000000081300000|100%| O|  |TAMS 0x0000000081300000, 0x0000000081200000| Untracked 
|  19|0x0000000081300000, 0x0000000081400000, 0x0000000081400000|100%| O|  |TAMS 0x0000000081400000, 0x0000000081300000| Untracked 
|  20|0x0000000081400000, 0x0000000081500000, 0x0000000081500000|100%| O|  |TAMS 0x0000000081500000, 0x0000000081400000| Untracked 
|  21|0x0000000081500000, 0x0000000081600000, 0x0000000081600000|100%| O|  |TAMS 0x0000000081600000, 0x0000000081500000| Untracked 
|  22|0x0000000081600000, 0x0000000081700000, 0x0000000081700000|100%| O|  |TAMS 0x0000000081700000, 0x0000000081600000| Untracked 
|  23|0x0000000081700000, 0x0000000081800000, 0x0000000081800000|100%| O|  |TAMS 0x0000000081700000, 0x0000000081700000| Untracked 
|  24|0x0000000081800000, 0x0000000081900000, 0x0000000081900000|100%| O|  |TAMS 0x0000000081900000, 0x0000000081800000| Untracked 
|  25|0x0000000081900000, 0x0000000081a00000, 0x0000000081a00000|100%|HS|  |TAMS 0x0000000081a00000, 0x0000000081900000| Complete 
|  26|0x0000000081a00000, 0x0000000081b00000, 0x0000000081b00000|100%| O|  |TAMS 0x0000000081b00000, 0x0000000081a00000| Untracked 
|  27|0x0000000081b00000, 0x0000000081c00000, 0x0000000081c00000|100%| O|  |TAMS 0x0000000081c00000, 0x0000000081b00000| Untracked 
|  28|0x0000000081c00000, 0x0000000081d00000, 0x0000000081d00000|100%| O|  |TAMS 0x0000000081d00000, 0x0000000081c00000| Untracked 
|  29|0x0000000081d00000, 0x0000000081e00000, 0x0000000081e00000|100%| O|  |TAMS 0x0000000081e00000, 0x0000000081d00000| Untracked 
|  30|0x0000000081e00000, 0x0000000081f00000, 0x0000000081f00000|100%| O|  |TAMS 0x0000000081f00000, 0x0000000081e00000| Untracked 
|  31|0x0000000081f00000, 0x0000000082000000, 0x0000000082000000|100%| O|  |TAMS 0x0000000082000000, 0x0000000081f00000| Untracked 
|  32|0x0000000082000000, 0x0000000082100000, 0x0000000082100000|100%| O|  |TAMS 0x0000000082100000, 0x0000000082000000| Untracked 
|  33|0x0000000082100000, 0x0000000082200000, 0x0000000082200000|100%| O|  |TAMS 0x0000000082200000, 0x0000000082100000| Untracked 
|  34|0x0000000082200000, 0x0000000082300000, 0x0000000082300000|100%|HS|  |TAMS 0x0000000082300000, 0x0000000082200000| Complete 
|  35|0x0000000082300000, 0x0000000082400000, 0x0000000082400000|100%| O|  |TAMS 0x0000000082400000, 0x0000000082300000| Untracked 
|  36|0x0000000082400000, 0x0000000082500000, 0x0000000082500000|100%| O|  |TAMS 0x0000000082500000, 0x0000000082400000| Untracked 
|  37|0x0000000082500000, 0x0000000082600000, 0x0000000082600000|100%| O|  |TAMS 0x0000000082600000, 0x0000000082500000| Untracked 
|  38|0x0000000082600000, 0x0000000082700000, 0x0000000082700000|100%| O|  |TAMS 0x0000000082700000, 0x0000000082600000| Untracked 
|  39|0x0000000082700000, 0x0000000082800000, 0x0000000082800000|100%| O|  |TAMS 0x0000000082800000, 0x0000000082700000| Untracked 
|  40|0x0000000082800000, 0x0000000082900000, 0x0000000082900000|100%| O|  |TAMS 0x0000000082900000, 0x0000000082800000| Untracked 
|  41|0x0000000082900000, 0x0000000082a00000, 0x0000000082a00000|100%| O|  |TAMS 0x0000000082a00000, 0x0000000082900000| Untracked 
|  42|0x0000000082a00000, 0x0000000082b00000, 0x0000000082b00000|100%| O|  |TAMS 0x0000000082b00000, 0x0000000082a00000| Untracked 
|  43|0x0000000082b00000, 0x0000000082c00000, 0x0000000082c00000|100%| O|  |TAMS 0x0000000082c00000, 0x0000000082b00000| Untracked 
|  44|0x0000000082c00000, 0x0000000082d00000, 0x0000000082d00000|100%| O|  |TAMS 0x0000000082d00000, 0x0000000082c00000| Untracked 
|  45|0x0000000082d00000, 0x0000000082e00000, 0x0000000082e00000|100%| O|  |TAMS 0x0000000082e00000, 0x0000000082d00000| Untracked 
|  46|0x0000000082e00000, 0x0000000082f00000, 0x0000000082f00000|100%| O|  |TAMS 0x0000000082f00000, 0x0000000082e00000| Untracked 
|  47|0x0000000082f00000, 0x0000000083000000, 0x0000000083000000|100%| O|  |TAMS 0x0000000082f77400, 0x0000000082f00000| Untracked 
|  48|0x0000000083000000, 0x0000000083100000, 0x0000000083100000|100%| O|  |TAMS 0x0000000083000000, 0x0000000083000000| Untracked 
|  49|0x0000000083100000, 0x0000000083200000, 0x0000000083200000|100%| O|  |TAMS 0x0000000083100000, 0x0000000083100000| Untracked 
|  50|0x0000000083200000, 0x0000000083300000, 0x0000000083300000|100%| O|  |TAMS 0x0000000083200000, 0x0000000083200000| Untracked 
|  51|0x0000000083300000, 0x0000000083400000, 0x0000000083400000|100%| O|  |TAMS 0x0000000083400000, 0x0000000083300000| Untracked 
|  52|0x0000000083400000, 0x0000000083500000, 0x0000000083500000|100%| O|  |TAMS 0x0000000083500000, 0x0000000083400000| Untracked 
|  53|0x0000000083500000, 0x0000000083600000, 0x0000000083600000|100%| O|  |TAMS 0x0000000083500000, 0x0000000083500000| Untracked 
|  54|0x0000000083600000, 0x0000000083700000, 0x0000000083700000|100%| O|  |TAMS 0x0000000083600000, 0x0000000083600000| Untracked 
|  55|0x0000000083700000, 0x0000000083800000, 0x0000000083800000|100%| O|  |TAMS 0x0000000083700000, 0x0000000083700000| Untracked 
|  56|0x0000000083800000, 0x0000000083900000, 0x0000000083900000|100%| O|  |TAMS 0x0000000083800000, 0x0000000083800000| Untracked 
|  57|0x0000000083900000, 0x0000000083a00000, 0x0000000083a00000|100%| O|  |TAMS 0x0000000083900000, 0x0000000083900000| Untracked 
|  58|0x0000000083a00000, 0x0000000083afcc00, 0x0000000083b00000| 98%| O|  |TAMS 0x0000000083a00000, 0x0000000083a00000| Untracked 
|  59|0x0000000083b00000, 0x0000000083b00000, 0x0000000083c00000|  0%| F|  |TAMS 0x0000000083b00000, 0x0000000083b00000| Untracked 
|  60|0x0000000083c00000, 0x0000000083c00000, 0x0000000083d00000|  0%| F|  |TAMS 0x0000000083c00000, 0x0000000083c00000| Untracked 
|  61|0x0000000083d00000, 0x0000000083d00000, 0x0000000083e00000|  0%| F|  |TAMS 0x0000000083d00000, 0x0000000083d00000| Untracked 
|  62|0x0000000083e00000, 0x0000000083e00000, 0x0000000083f00000|  0%| F|  |TAMS 0x0000000083e00000, 0x0000000083e00000| Untracked 
|  63|0x0000000083f00000, 0x0000000083f00000, 0x0000000084000000|  0%| F|  |TAMS 0x0000000083f00000, 0x0000000083f00000| Untracked 
|  64|0x0000000084000000, 0x0000000084000000, 0x0000000084100000|  0%| F|  |TAMS 0x0000000084000000, 0x0000000084000000| Untracked 
|  65|0x0000000084100000, 0x0000000084100000, 0x0000000084200000|  0%| F|  |TAMS 0x0000000084100000, 0x0000000084100000| Untracked 
|  66|0x0000000084200000, 0x0000000084200000, 0x0000000084300000|  0%| F|  |TAMS 0x0000000084200000, 0x0000000084200000| Untracked 
|  67|0x0000000084300000, 0x0000000084300000, 0x0000000084400000|  0%| F|  |TAMS 0x0000000084300000, 0x0000000084300000| Untracked 
|  68|0x0000000084400000, 0x0000000084400000, 0x0000000084500000|  0%| F|  |TAMS 0x0000000084400000, 0x0000000084400000| Untracked 
|  69|0x0000000084500000, 0x0000000084500000, 0x0000000084600000|  0%| F|  |TAMS 0x0000000084500000, 0x0000000084500000| Untracked 
|  70|0x0000000084600000, 0x0000000084600000, 0x0000000084700000|  0%| F|  |TAMS 0x0000000084600000, 0x0000000084600000| Untracked 
|  71|0x0000000084700000, 0x0000000084700000, 0x0000000084800000|  0%| F|  |TAMS 0x0000000084700000, 0x0000000084700000| Untracked 
|  72|0x0000000084800000, 0x0000000084800000, 0x0000000084900000|  0%| F|  |TAMS 0x0000000084800000, 0x0000000084800000| Untracked 
|  73|0x0000000084900000, 0x0000000084900000, 0x0000000084a00000|  0%| F|  |TAMS 0x0000000084900000, 0x0000000084900000| Untracked 
|  74|0x0000000084a00000, 0x0000000084a00000, 0x0000000084b00000|  0%| F|  |TAMS 0x0000000084a00000, 0x0000000084a00000| Untracked 
|  75|0x0000000084b00000, 0x0000000084b00000, 0x0000000084c00000|  0%| F|  |TAMS 0x0000000084b00000, 0x0000000084b00000| Untracked 
|  76|0x0000000084c00000, 0x0000000084c00000, 0x0000000084d00000|  0%| F|  |TAMS 0x0000000084c00000, 0x0000000084c00000| Untracked 
|  77|0x0000000084d00000, 0x0000000084e00000, 0x0000000084e00000|100%| S|CS|TAMS 0x0000000084d00000, 0x0000000084d00000| Complete 
|  78|0x0000000084e00000, 0x0000000084f00000, 0x0000000084f00000|100%| S|CS|TAMS 0x0000000084e00000, 0x0000000084e00000| Complete 
|  79|0x0000000084f00000, 0x0000000085000000, 0x0000000085000000|100%| S|CS|TAMS 0x0000000084f00000, 0x0000000084f00000| Complete 
|  80|0x0000000085000000, 0x0000000085100000, 0x0000000085100000|100%| S|CS|TAMS 0x0000000085000000, 0x0000000085000000| Complete 
|  81|0x0000000085100000, 0x0000000085200000, 0x0000000085200000|100%| S|CS|TAMS 0x0000000085100000, 0x0000000085100000| Complete 
|  82|0x0000000085200000, 0x0000000085300000, 0x0000000085300000|100%| S|CS|TAMS 0x0000000085200000, 0x0000000085200000| Complete 
|  83|0x0000000085300000, 0x0000000085300000, 0x0000000085400000|  0%| F|  |TAMS 0x0000000085300000, 0x0000000085300000| Untracked 
|  84|0x0000000085400000, 0x0000000085400000, 0x0000000085500000|  0%| F|  |TAMS 0x0000000085400000, 0x0000000085400000| Untracked 
|  85|0x0000000085500000, 0x0000000085500000, 0x0000000085600000|  0%| F|  |TAMS 0x0000000085500000, 0x0000000085500000| Untracked 
|  86|0x0000000085600000, 0x0000000085600000, 0x0000000085700000|  0%| F|  |TAMS 0x0000000085600000, 0x0000000085600000| Untracked 
|  87|0x0000000085700000, 0x0000000085700000, 0x0000000085800000|  0%| F|  |TAMS 0x0000000085700000, 0x0000000085700000| Untracked 
|  88|0x0000000085800000, 0x0000000085800000, 0x0000000085900000|  0%| F|  |TAMS 0x0000000085800000, 0x0000000085800000| Untracked 
|  89|0x0000000085900000, 0x0000000085900000, 0x0000000085a00000|  0%| F|  |TAMS 0x0000000085900000, 0x0000000085900000| Untracked 
|  90|0x0000000085a00000, 0x0000000085b00000, 0x0000000085b00000|100%| S|CS|TAMS 0x0000000085a00000, 0x0000000085a00000| Complete 
|  91|0x0000000085b00000, 0x0000000085b00000, 0x0000000085c00000|  0%| F|  |TAMS 0x0000000085b00000, 0x0000000085b00000| Untracked 
|  92|0x0000000085c00000, 0x0000000085c00000, 0x0000000085d00000|  0%| F|  |TAMS 0x0000000085c00000, 0x0000000085c00000| Untracked 
|  93|0x0000000085d00000, 0x0000000085d00000, 0x0000000085e00000|  0%| F|  |TAMS 0x0000000085d00000, 0x0000000085d00000| Untracked 
|  94|0x0000000085e00000, 0x0000000085e00000, 0x0000000085f00000|  0%| F|  |TAMS 0x0000000085e00000, 0x0000000085e00000| Untracked 
|  95|0x0000000085f00000, 0x0000000085f00000, 0x0000000086000000|  0%| F|  |TAMS 0x0000000085f00000, 0x0000000085f00000| Untracked 
|  96|0x0000000086000000, 0x0000000086000000, 0x0000000086100000|  0%| F|  |TAMS 0x0000000086000000, 0x0000000086000000| Untracked 
|  97|0x0000000086100000, 0x0000000086100000, 0x0000000086200000|  0%| F|  |TAMS 0x0000000086100000, 0x0000000086100000| Untracked 
|  98|0x0000000086200000, 0x0000000086200000, 0x0000000086300000|  0%| F|  |TAMS 0x0000000086200000, 0x0000000086200000| Untracked 
|  99|0x0000000086300000, 0x0000000086300000, 0x0000000086400000|  0%| F|  |TAMS 0x0000000086300000, 0x0000000086300000| Untracked 
| 100|0x0000000086400000, 0x0000000086400000, 0x0000000086500000|  0%| F|  |TAMS 0x0000000086400000, 0x0000000086400000| Untracked 
| 101|0x0000000086500000, 0x0000000086500000, 0x0000000086600000|  0%| F|  |TAMS 0x0000000086500000, 0x0000000086500000| Untracked 
| 102|0x0000000086600000, 0x00000000866f13a8, 0x0000000086700000| 94%| E|  |TAMS 0x0000000086600000, 0x0000000086600000| Complete 
| 103|0x0000000086700000, 0x0000000086800000, 0x0000000086800000|100%| E|CS|TAMS 0x0000000086700000, 0x0000000086700000| Complete 
| 104|0x0000000086800000, 0x0000000086900000, 0x0000000086900000|100%| E|CS|TAMS 0x0000000086800000, 0x0000000086800000| Complete 
| 105|0x0000000086900000, 0x0000000086a00000, 0x0000000086a00000|100%| E|CS|TAMS 0x0000000086900000, 0x0000000086900000| Complete 
| 106|0x0000000086a00000, 0x0000000086b00000, 0x0000000086b00000|100%| E|CS|TAMS 0x0000000086a00000, 0x0000000086a00000| Complete 
| 107|0x0000000086b00000, 0x0000000086c00000, 0x0000000086c00000|100%| E|CS|TAMS 0x0000000086b00000, 0x0000000086b00000| Complete 
| 108|0x0000000086c00000, 0x0000000086d00000, 0x0000000086d00000|100%| E|CS|TAMS 0x0000000086c00000, 0x0000000086c00000| Complete 
| 109|0x0000000086d00000, 0x0000000086e00000, 0x0000000086e00000|100%| E|CS|TAMS 0x0000000086d00000, 0x0000000086d00000| Complete 
| 110|0x0000000086e00000, 0x0000000086f00000, 0x0000000086f00000|100%| E|CS|TAMS 0x0000000086e00000, 0x0000000086e00000| Complete 
| 111|0x0000000086f00000, 0x0000000087000000, 0x0000000087000000|100%| E|CS|TAMS 0x0000000086f00000, 0x0000000086f00000| Complete 
| 112|0x0000000087000000, 0x0000000087100000, 0x0000000087100000|100%| E|CS|TAMS 0x0000000087000000, 0x0000000087000000| Complete 
| 113|0x0000000087100000, 0x0000000087200000, 0x0000000087200000|100%| E|CS|TAMS 0x0000000087100000, 0x0000000087100000| Complete 
| 114|0x0000000087200000, 0x0000000087300000, 0x0000000087300000|100%| E|CS|TAMS 0x0000000087200000, 0x0000000087200000| Complete 
| 115|0x0000000087300000, 0x0000000087400000, 0x0000000087400000|100%| E|CS|TAMS 0x0000000087300000, 0x0000000087300000| Complete 
| 116|0x0000000087400000, 0x0000000087500000, 0x0000000087500000|100%| E|CS|TAMS 0x0000000087400000, 0x0000000087400000| Complete 
| 117|0x0000000087500000, 0x0000000087600000, 0x0000000087600000|100%| E|CS|TAMS 0x0000000087500000, 0x0000000087500000| Complete 
| 118|0x0000000087600000, 0x0000000087700000, 0x0000000087700000|100%| E|CS|TAMS 0x0000000087600000, 0x0000000087600000| Complete 
| 119|0x0000000087700000, 0x0000000087800000, 0x0000000087800000|100%| E|CS|TAMS 0x0000000087700000, 0x0000000087700000| Complete 
| 120|0x0000000087800000, 0x0000000087900000, 0x0000000087900000|100%| E|CS|TAMS 0x0000000087800000, 0x0000000087800000| Complete 
| 121|0x0000000087900000, 0x0000000087a00000, 0x0000000087a00000|100%| E|CS|TAMS 0x0000000087900000, 0x0000000087900000| Complete 
| 122|0x0000000087a00000, 0x0000000087b00000, 0x0000000087b00000|100%| E|CS|TAMS 0x0000000087a00000, 0x0000000087a00000| Complete 
| 123|0x0000000087b00000, 0x0000000087c00000, 0x0000000087c00000|100%| E|CS|TAMS 0x0000000087b00000, 0x0000000087b00000| Complete 
| 124|0x0000000087c00000, 0x0000000087d00000, 0x0000000087d00000|100%| E|CS|TAMS 0x0000000087c00000, 0x0000000087c00000| Complete 
| 125|0x0000000087d00000, 0x0000000087e00000, 0x0000000087e00000|100%| E|CS|TAMS 0x0000000087d00000, 0x0000000087d00000| Complete 
| 126|0x0000000087e00000, 0x0000000087f00000, 0x0000000087f00000|100%| E|CS|TAMS 0x0000000087e00000, 0x0000000087e00000| Complete 
| 127|0x0000000087f00000, 0x0000000088000000, 0x0000000088000000|100%| E|CS|TAMS 0x0000000087f00000, 0x0000000087f00000| Complete 
| 128|0x0000000088000000, 0x0000000088100000, 0x0000000088100000|100%| E|CS|TAMS 0x0000000088000000, 0x0000000088000000| Complete 
| 129|0x0000000088100000, 0x0000000088200000, 0x0000000088200000|100%| E|CS|TAMS 0x0000000088100000, 0x0000000088100000| Complete 
| 130|0x0000000088200000, 0x0000000088300000, 0x0000000088300000|100%| E|CS|TAMS 0x0000000088200000, 0x0000000088200000| Complete 
| 131|0x0000000088300000, 0x0000000088400000, 0x0000000088400000|100%| E|CS|TAMS 0x0000000088300000, 0x0000000088300000| Complete 
| 132|0x0000000088400000, 0x0000000088500000, 0x0000000088500000|100%| E|CS|TAMS 0x0000000088400000, 0x0000000088400000| Complete 
| 133|0x0000000088500000, 0x0000000088600000, 0x0000000088600000|100%| E|CS|TAMS 0x0000000088500000, 0x0000000088500000| Complete 
| 134|0x0000000088600000, 0x0000000088700000, 0x0000000088700000|100%| E|CS|TAMS 0x0000000088600000, 0x0000000088600000| Complete 
| 135|0x0000000088700000, 0x0000000088800000, 0x0000000088800000|100%| E|CS|TAMS 0x0000000088700000, 0x0000000088700000| Complete 
| 136|0x0000000088800000, 0x0000000088900000, 0x0000000088900000|100%| E|CS|TAMS 0x0000000088800000, 0x0000000088800000| Complete 
| 137|0x0000000088900000, 0x0000000088a00000, 0x0000000088a00000|100%| E|CS|TAMS 0x0000000088900000, 0x0000000088900000| Complete 

Card table byte_map: [0x000001567a410000,0x000001567a810000] _byte_map_base: 0x000001567a010000

Marking Bits (Prev, Next): (CMBitMap*) 0x0000015676646b40, (CMBitMap*) 0x0000015676646b00
 Prev Bits: [0x000001567cc10000, 0x000001567ec10000)
 Next Bits: [0x000001567ac10000, 0x000001567cc10000)

Polling page: 0x0000015674550000

Metaspace:

Usage:
  Non-class:     70.01 MB used.
      Class:     11.18 MB used.
       Both:     81.18 MB used.

Virtual space:
  Non-class space:       72.00 MB reserved,      70.38 MB ( 98%) committed,  9 nodes.
      Class space:        1.00 GB reserved,      11.50 MB (  1%) committed,  1 nodes.
             Both:        1.07 GB reserved,      81.88 MB (  7%) committed. 

Chunk freelists:
   Non-Class:  1.53 MB
       Class:  502.00 KB
        Both:  2.02 MB

MaxMetaspaceSize: unlimited
CompressedClassSpaceSize: 1.00 GB
Initial GC threshold: 21.00 MB
Current GC threshold: 107.50 MB
CDS: off
MetaspaceReclaimPolicy: balanced
 - commit_granule_bytes: 65536.
 - commit_granule_words: 8192.
 - virtual_space_node_default_size: 1048576.
 - enlarge_chunks_in_place: 1.
 - new_chunks_are_fully_committed: 0.
 - uncommit_free_chunks: 1.
 - use_allocation_guard: 0.
 - handle_deallocations: 1.


Internal statistics:

num_allocs_failed_limit: 6.
num_arena_births: 790.
num_arena_deaths: 0.
num_vsnodes_births: 10.
num_vsnodes_deaths: 0.
num_space_committed: 1310.
num_space_uncommitted: 0.
num_chunks_returned_to_freelist: 6.
num_chunks_taken_from_freelist: 3750.
num_chunk_merges: 6.
num_chunk_splits: 2469.
num_chunks_enlarged: 1648.
num_purges: 0.
num_inconsistent_stats: 0.

CodeHeap 'non-profiled nmethods': size=120000Kb used=5011Kb max_used=5011Kb free=114988Kb
 bounds [0x0000015607ad0000, 0x0000015607fc0000, 0x000001560f000000]
CodeHeap 'profiled nmethods': size=120000Kb used=15377Kb max_used=15377Kb free=104622Kb
 bounds [0x0000015600000000, 0x0000015600f10000, 0x0000015607530000]
CodeHeap 'non-nmethods': size=5760Kb used=2365Kb max_used=2453Kb free=3394Kb
 bounds [0x0000015607530000, 0x00000156077a0000, 0x0000015607ad0000]
 total_blobs=8596 nmethods=7701 adapters=807
 compilation: enabled
              stopped_count=0, restarted_count=0
 full_count=0

Compilation events (20 events):
Event: 8.117 Thread 0x000001567f93a920 8471       3       org.gradle.internal.watch.vfs.impl.WatchingVirtualFileSystem::updateNotifyingListeners (47 bytes)
Event: 8.118 Thread 0x000001567f93a920 nmethod 8471 0x0000015600ee7090 code [0x0000015600ee73a0, 0x0000015600ee88e8]
Event: 8.118 Thread 0x000001567f93a920 8472       3       org.gradle.internal.watch.registry.impl.SnapshotCollectingDiffListener::<init> (27 bytes)
Event: 8.119 Thread 0x000001567f93a920 nmethod 8472 0x0000015600ee8f90 code [0x0000015600ee9180, 0x0000015600ee9818]
Event: 8.119 Thread 0x000001567f93a920 8473       3       com.google.common.collect.ImmutableMap::entrySet (5 bytes)
Event: 8.119 Thread 0x000001567f93a920 nmethod 8473 0x0000015600ee9a10 code [0x0000015600ee9bc0, 0x0000015600ee9d88]
Event: 8.120 Thread 0x000001567f93a920 8474       3       java.lang.invoke.MethodHandles$Lookup::restrictReceiver (127 bytes)
Event: 8.120 Thread 0x000001567f93a920 nmethod 8474 0x0000015600ee9e10 code [0x0000015600eea020, 0x0000015600eea528]
Event: 8.120 Thread 0x000001567f93a920 8475       3       org.gradle.internal.watch.vfs.impl.WatchingVirtualFileSystem$$Lambda$362/0x00000001004c1800::get (12 bytes)
Event: 8.121 Thread 0x000001567f93a920 nmethod 8475 0x0000015600eea790 code [0x0000015600eea940, 0x0000015600eeab88]
Event: 8.121 Thread 0x000001567f93a920 8476       3       org.gradle.internal.watch.vfs.impl.WatchingVirtualFileSystem::lambda$withWatcherChangeErrorHandling$7 (8 bytes)
Event: 8.121 Thread 0x000001567f93a920 nmethod 8476 0x0000015600eeac90 code [0x0000015600eeae40, 0x0000015600eeafe8]
Event: 8.121 Thread 0x000001567f93a920 8477       3       org.gradle.internal.snapshot.EmptyChildMap::withNode (7 bytes)
Event: 8.121 Thread 0x000001567f93a920 nmethod 8477 0x0000015600eeb110 code [0x0000015600eeb2c0, 0x0000015600eeb488]
Event: 8.121 Thread 0x000001567f93a920 8478       3       org.gradle.internal.snapshot.SingletonChildMap::access$100 (7 bytes)
Event: 8.121 Thread 0x000001567f93a920 nmethod 8478 0x0000015600eeb590 code [0x0000015600eeb720, 0x0000015600eeb848]
Event: 8.121 Thread 0x000001567f93a920 8479       3       org.gradle.internal.snapshot.SingletonChildMap::withReplacedChild (43 bytes)
Event: 8.122 Thread 0x000001567f922010 nmethod 8354 0x0000015607faaa10 code [0x0000015607faad40, 0x0000015607fae810]
Event: 8.122 Thread 0x000001567f93a920 nmethod 8479 0x0000015600eeb910 code [0x0000015600eebb00, 0x0000015600eebf28]
Event: 8.122 Thread 0x000001567f922010 8463  s    4       java.io.BufferedInputStream::read (113 bytes)

GC Heap History (20 events):
Event: 4.949 GC heap before
{Heap before GC invocations=15 (full 0):
 garbage-first heap   total 82944K, used 62838K [0x0000000080000000, 0x0000000100000000)
  region size 1024K, 22 young (22528K), 4 survivors (4096K)
 Metaspace       used 55739K, committed 56128K, reserved 1097728K
  class space    used 7398K, committed 7552K, reserved 1048576K
}
Event: 4.952 GC heap after
{Heap after GC invocations=16 (full 0):
 garbage-first heap   total 82944K, used 45438K [0x0000000080000000, 0x0000000100000000)
  region size 1024K, 1 young (1024K), 1 survivors (1024K)
 Metaspace       used 55739K, committed 56128K, reserved 1097728K
  class space    used 7398K, committed 7552K, reserved 1048576K
}
Event: 5.201 GC heap before
{Heap before GC invocations=17 (full 0):
 garbage-first heap   total 82944K, used 64894K [0x0000000080000000, 0x0000000100000000)
  region size 1024K, 20 young (20480K), 1 survivors (1024K)
 Metaspace       used 58691K, committed 59200K, reserved 1105920K
  class space    used 7785K, committed 8000K, reserved 1048576K
}
Event: 5.203 GC heap after
{Heap after GC invocations=18 (full 0):
 garbage-first heap   total 82944K, used 46010K [0x0000000080000000, 0x0000000100000000)
  region size 1024K, 2 young (2048K), 2 survivors (2048K)
 Metaspace       used 58691K, committed 59200K, reserved 1105920K
  class space    used 7785K, committed 8000K, reserved 1048576K
}
Event: 5.444 GC heap before
{Heap before GC invocations=18 (full 0):
 garbage-first heap   total 82944K, used 61370K [0x0000000080000000, 0x0000000100000000)
  region size 1024K, 18 young (18432K), 2 survivors (2048K)
 Metaspace       used 62380K, committed 62848K, reserved 1105920K
  class space    used 8255K, committed 8448K, reserved 1048576K
}
Event: 5.447 GC heap after
{Heap after GC invocations=19 (full 0):
 garbage-first heap   total 82944K, used 47821K [0x0000000080000000, 0x0000000100000000)
  region size 1024K, 3 young (3072K), 3 survivors (3072K)
 Metaspace       used 62380K, committed 62848K, reserved 1105920K
  class space    used 8255K, committed 8448K, reserved 1048576K
}
Event: 5.582 GC heap before
{Heap before GC invocations=20 (full 0):
 garbage-first heap   total 101376K, used 70349K [0x0000000080000000, 0x0000000100000000)
  region size 1024K, 20 young (20480K), 3 survivors (3072K)
 Metaspace       used 63155K, committed 63680K, reserved 1105920K
  class space    used 8371K, committed 8576K, reserved 1048576K
}
Event: 5.585 GC heap after
{Heap after GC invocations=21 (full 0):
 garbage-first heap   total 101376K, used 49771K [0x0000000080000000, 0x0000000100000000)
  region size 1024K, 3 young (3072K), 3 survivors (3072K)
 Metaspace       used 63155K, committed 63680K, reserved 1105920K
  class space    used 8371K, committed 8576K, reserved 1048576K
}
Event: 5.598 GC heap before
{Heap before GC invocations=21 (full 0):
 garbage-first heap   total 101376K, used 50795K [0x0000000080000000, 0x0000000100000000)
  region size 1024K, 4 young (4096K), 3 survivors (3072K)
 Metaspace       used 63347K, committed 63872K, reserved 1105920K
  class space    used 8387K, committed 8576K, reserved 1048576K
}
Event: 5.600 GC heap after
{Heap after GC invocations=22 (full 0):
 garbage-first heap   total 101376K, used 49645K [0x0000000080000000, 0x0000000100000000)
  region size 1024K, 1 young (1024K), 1 survivors (1024K)
 Metaspace       used 63347K, committed 63872K, reserved 1105920K
  class space    used 8387K, committed 8576K, reserved 1048576K
}
Event: 5.856 GC heap before
{Heap before GC invocations=22 (full 0):
 garbage-first heap   total 101376K, used 75245K [0x0000000080000000, 0x0000000100000000)
  region size 1024K, 26 young (26624K), 1 survivors (1024K)
 Metaspace       used 65265K, committed 65792K, reserved 1114112K
  class space    used 8619K, committed 8832K, reserved 1048576K
}
Event: 5.859 GC heap after
{Heap after GC invocations=23 (full 0):
 garbage-first heap   total 141312K, used 52007K [0x0000000080000000, 0x0000000100000000)
  region size 1024K, 3 young (3072K), 3 survivors (3072K)
 Metaspace       used 65265K, committed 65792K, reserved 1114112K
  class space    used 8619K, committed 8832K, reserved 1048576K
}
Event: 6.255 GC heap before
{Heap before GC invocations=24 (full 0):
 garbage-first heap   total 141312K, used 99111K [0x0000000080000000, 0x0000000100000000)
  region size 1024K, 49 young (50176K), 3 survivors (3072K)
 Metaspace       used 67523K, committed 68032K, reserved 1114112K
  class space    used 8920K, committed 9152K, reserved 1048576K
}
Event: 6.258 GC heap after
{Heap after GC invocations=25 (full 0):
 garbage-first heap   total 141312K, used 54777K [0x0000000080000000, 0x0000000100000000)
  region size 1024K, 6 young (6144K), 6 survivors (6144K)
 Metaspace       used 67523K, committed 68032K, reserved 1114112K
  class space    used 8920K, committed 9152K, reserved 1048576K
}
Event: 6.833 GC heap before
{Heap before GC invocations=25 (full 0):
 garbage-first heap   total 141312K, used 104953K [0x0000000080000000, 0x0000000100000000)
  region size 1024K, 55 young (56320K), 6 survivors (6144K)
 Metaspace       used 72988K, committed 73600K, reserved 1114112K
  class space    used 9872K, committed 10176K, reserved 1048576K
}
Event: 6.838 GC heap after
{Heap after GC invocations=26 (full 0):
 garbage-first heap   total 141312K, used 58281K [0x0000000080000000, 0x0000000100000000)
  region size 1024K, 7 young (7168K), 7 survivors (7168K)
 Metaspace       used 72988K, committed 73600K, reserved 1114112K
  class space    used 9872K, committed 10176K, reserved 1048576K
}
Event: 7.422 GC heap before
{Heap before GC invocations=26 (full 0):
 garbage-first heap   total 141312K, used 107433K [0x0000000080000000, 0x0000000100000000)
  region size 1024K, 55 young (56320K), 7 survivors (7168K)
 Metaspace       used 78114K, committed 78720K, reserved 1122304K
  class space    used 10673K, committed 10944K, reserved 1048576K
}
Event: 7.427 GC heap after
{Heap after GC invocations=27 (full 0):
 garbage-first heap   total 141312K, used 61939K [0x0000000080000000, 0x0000000100000000)
  region size 1024K, 7 young (7168K), 7 survivors (7168K)
 Metaspace       used 78114K, committed 78720K, reserved 1122304K
  class space    used 10673K, committed 10944K, reserved 1048576K
}
Event: 7.881 GC heap before
{Heap before GC invocations=27 (full 0):
 garbage-first heap   total 141312K, used 110067K [0x0000000080000000, 0x0000000100000000)
  region size 1024K, 54 young (55296K), 7 survivors (7168K)
 Metaspace       used 81597K, committed 82176K, reserved 1122304K
  class space    used 11117K, committed 11392K, reserved 1048576K
}
Event: 7.888 GC heap after
{Heap after GC invocations=28 (full 0):
 garbage-first heap   total 141312K, used 67127K [0x0000000080000000, 0x0000000100000000)
  region size 1024K, 7 young (7168K), 7 survivors (7168K)
 Metaspace       used 81597K, committed 82176K, reserved 1122304K
  class space    used 11117K, committed 11392K, reserved 1048576K
}

Dll operation events (2 events):
Event: 0.005 Loaded shared library C:\Program Files\Android\Android Studio\jbr\bin\java.dll
Event: 0.347 Loaded shared library C:\Program Files\Android\Android Studio\jbr\bin\verify.dll

Deoptimization events (20 events):
Event: 8.032 Thread 0x00000156176cf690 Uncommon trap: trap_request=0xffffffde fr.pc=0x0000015607b01c14 relative=0x0000000000001474
Event: 8.033 Thread 0x00000156176cf690 Uncommon trap: reason=class_check action=maybe_recompile pc=0x0000015607b01c14 method=java.util.concurrent.ConcurrentHashMap.putVal(Ljava/lang/Object;Ljava/lang/Object;Z)Ljava/lang/Object; @ 242 c2
Event: 8.033 Thread 0x00000156176cf690 DEOPT PACKING pc=0x0000015607b01c14 sp=0x0000002b501fdcb0
Event: 8.033 Thread 0x00000156176cf690 DEOPT UNPACKING pc=0x00000156075869a3 sp=0x0000002b501fdc30 mode 2
Event: 8.053 Thread 0x00000156176d1d10 Uncommon trap: trap_request=0xffffffde fr.pc=0x0000015607bc9430 relative=0x0000000000000670
Event: 8.053 Thread 0x00000156176d1d10 Uncommon trap: reason=class_check action=maybe_recompile pc=0x0000015607bc9430 method=java.util.Collections$SetFromMap.remove(Ljava/lang/Object;)Z @ 5 c2
Event: 8.053 Thread 0x00000156176d1d10 DEOPT PACKING pc=0x0000015607bc9430 sp=0x0000002b504fe710
Event: 8.053 Thread 0x00000156176d1d10 DEOPT UNPACKING pc=0x00000156075869a3 sp=0x0000002b504fe6f8 mode 2
Event: 8.082 Thread 0x00000156176d4860 Uncommon trap: trap_request=0xffffffde fr.pc=0x0000015607d3ca9c relative=0x000000000000017c
Event: 8.082 Thread 0x00000156176d4860 Uncommon trap: reason=class_check action=maybe_recompile pc=0x0000015607d3ca9c method=java.util.stream.StreamOpFlag.fromCharacteristics(Ljava/util/Spliterator;)I @ 14 c2
Event: 8.082 Thread 0x00000156176d4860 DEOPT PACKING pc=0x0000015607d3ca9c sp=0x0000002b4fffd0d0
Event: 8.082 Thread 0x00000156176d4860 DEOPT UNPACKING pc=0x00000156075869a3 sp=0x0000002b4fffcfb8 mode 2
Event: 8.085 Thread 0x00000156176d4860 Uncommon trap: trap_request=0xffffffde fr.pc=0x0000015607d3ca9c relative=0x000000000000017c
Event: 8.085 Thread 0x00000156176d4860 Uncommon trap: reason=class_check action=maybe_recompile pc=0x0000015607d3ca9c method=java.util.stream.StreamOpFlag.fromCharacteristics(Ljava/util/Spliterator;)I @ 14 c2
Event: 8.085 Thread 0x00000156176d4860 DEOPT PACKING pc=0x0000015607d3ca9c sp=0x0000002b4fffd0d0
Event: 8.085 Thread 0x00000156176d4860 DEOPT UNPACKING pc=0x00000156075869a3 sp=0x0000002b4fffcfb8 mode 2
Event: 8.111 Thread 0x00000156176d4860 Uncommon trap: trap_request=0xffffff45 fr.pc=0x0000015607ef8bf8 relative=0x00000000000001d8
Event: 8.111 Thread 0x00000156176d4860 Uncommon trap: reason=unstable_if action=reinterpret pc=0x0000015607ef8bf8 method=com.google.common.collect.RegularImmutableSet.contains(Ljava/lang/Object;)Z @ 11 c2
Event: 8.111 Thread 0x00000156176d4860 DEOPT PACKING pc=0x0000015607ef8bf8 sp=0x0000002b4fffa160
Event: 8.111 Thread 0x00000156176d4860 DEOPT UNPACKING pc=0x00000156075869a3 sp=0x0000002b4fffa0f8 mode 2

Classes unloaded (0 events):
No events

Classes redefined (0 events):
No events

Internal exceptions (20 events):
Event: 7.992 Thread 0x00000156138a68e0 Exception <a 'java/lang/ClassNotFoundException'{0x0000000087432018}: com/android/build/gradle/internal/tasks/SigningConfigVersionsWriterTaskBeanInfo> (0x0000000087432018) 
thrown [s\src\hotspot\share\classfile\systemDictionary.cpp, line 256]
Event: 7.993 Thread 0x00000156138a68e0 Exception <a 'java/lang/ClassNotFoundException'{0x000000008743daf8}: com/android/build/gradle/internal/tasks/SigningConfigVersionsWriterTaskCustomizer> (0x000000008743daf8) 
thrown [s\src\hotspot\share\classfile\systemDictionary.cpp, line 256]
Event: 7.993 Thread 0x00000156138a68e0 Exception <a 'java/lang/ClassNotFoundException'{0x00000000874642f0}: com/android/build/gradle/internal/tasks/SigningConfigVersionsWriterTask_DecoratedCustomizer> (0x00000000874642f0) 
thrown [s\src\hotspot\share\classfile\systemDictionary.cpp, line 256]
Event: 7.997 Thread 0x00000156138a68e0 Exception <a 'java/lang/ClassNotFoundException'{0x0000000087365858}: com/android/build/gradle/tasks/PackageApplication_DecoratedBeanInfo> (0x0000000087365858) 
thrown [s\src\hotspot\share\classfile\systemDictionary.cpp, line 256]
Event: 7.997 Thread 0x00000156138a68e0 Exception <a 'java/lang/ClassNotFoundException'{0x0000000087371240}: com/android/build/gradle/tasks/PackageApplicationBeanInfo> (0x0000000087371240) 
thrown [s\src\hotspot\share\classfile\systemDictionary.cpp, line 256]
Event: 7.998 Thread 0x00000156138a68e0 Exception <a 'java/lang/ClassNotFoundException'{0x000000008737d988}: com/android/build/gradle/tasks/PackageAndroidArtifactBeanInfo> (0x000000008737d988) 
thrown [s\src\hotspot\share\classfile\systemDictionary.cpp, line 256]
Event: 7.998 Thread 0x00000156138a68e0 Exception <a 'java/lang/ClassNotFoundException'{0x0000000087389628}: com/android/build/gradle/tasks/PackageAndroidArtifactCustomizer> (0x0000000087389628) 
thrown [s\src\hotspot\share\classfile\systemDictionary.cpp, line 256]
Event: 8.000 Thread 0x00000156138a68e0 Exception <a 'java/lang/ClassNotFoundException'{0x00000000873e19b0}: com/android/build/gradle/tasks/PackageApplicationCustomizer> (0x00000000873e19b0) 
thrown [s\src\hotspot\share\classfile\systemDictionary.cpp, line 256]
Event: 8.001 Thread 0x00000156138a68e0 Exception <a 'java/lang/ClassNotFoundException'{0x0000000087209048}: com/android/build/gradle/tasks/PackageApplication_DecoratedCustomizer> (0x0000000087209048) 
thrown [s\src\hotspot\share\classfile\systemDictionary.cpp, line 256]
Event: 8.004 Thread 0x00000156138a68e0 Exception <a 'java/lang/ClassNotFoundException'{0x00000000872edbf8}: com/android/build/gradle/internal/tasks/ListingFileRedirectTask_DecoratedBeanInfo> (0x00000000872edbf8) 
thrown [s\src\hotspot\share\classfile\systemDictionary.cpp, line 256]
Event: 8.005 Thread 0x00000156138a68e0 Exception <a 'java/lang/ClassNotFoundException'{0x00000000872f9878}: com/android/build/gradle/internal/tasks/ListingFileRedirectTaskBeanInfo> (0x00000000872f9878) 
thrown [s\src\hotspot\share\classfile\systemDictionary.cpp, line 256]
Event: 8.005 Thread 0x00000156138a68e0 Exception <a 'java/lang/ClassNotFoundException'{0x0000000087105760}: com/android/build/gradle/internal/tasks/ListingFileRedirectTaskCustomizer> (0x0000000087105760) 
thrown [s\src\hotspot\share\classfile\systemDictionary.cpp, line 256]
Event: 8.006 Thread 0x00000156138a68e0 Exception <a 'java/lang/ClassNotFoundException'{0x0000000087122120}: com/android/build/gradle/internal/tasks/ListingFileRedirectTask_DecoratedCustomizer> (0x0000000087122120) 
thrown [s\src\hotspot\share\classfile\systemDictionary.cpp, line 256]
Event: 8.010 Thread 0x00000156138a68e0 Exception <a 'java/lang/NoSuchMethodError'{0x00000000871880c0}: 'java.lang.Object java.lang.invoke.DirectMethodHandle$Holder.newInvokeSpecial(java.lang.Object, java.lang.Object, java.lang.Object, java.lang.Object, int, java.lang.Object)'> (0x00000000871880c0) 
thrown [s\src\hotspot\share\interpreter\linkResolver.cpp, line 771]
Event: 8.010 Thread 0x00000156138a68e0 Exception <a 'java/lang/NoSuchMethodError'{0x000000008718ce80}: 'java.lang.Object java.lang.invoke.Invokers$Holder.linkToTargetMethod(java.lang.Object, java.lang.Object, java.lang.Object, int, java.lang.Object, java.lang.Object)'> (0x000000008718ce80) 
thrown [s\src\hotspot\share\interpreter\linkResolver.cpp, line 771]
Event: 8.056 Thread 0x00000156176d4860 Exception <a 'java/lang/NoSuchMethodError'{0x0000000086f56868}: 'void java.lang.invoke.DirectMethodHandle$Holder.invokeInterface(java.lang.Object, java.lang.Object, java.lang.Object, java.lang.Object)'> (0x0000000086f56868) 
thrown [s\src\hotspot\share\interpreter\linkResolver.cpp, line 771]
Event: 8.085 Thread 0x0000015613a3a080 Exception <a 'java/lang/NoSuchMethodError'{0x0000000086b8cc30}: static Lorg/gradle/internal/build/event/types/DefaultTaskStartedProgressEvent;.<clinit>()V> (0x0000000086b8cc30) 
thrown [s\src\hotspot\share\prims\jni.cpp, line 1108]
Event: 8.086 Thread 0x0000015613a3a080 Exception <a 'java/lang/NoSuchMethodError'{0x0000000086b991f0}: static Lorg/gradle/internal/build/event/types/DefaultTaskDescriptor;.<clinit>()V> (0x0000000086b991f0) 
thrown [s\src\hotspot\share\prims\jni.cpp, line 1108]
Event: 8.089 Thread 0x00000156176d4860 Exception <a 'java/lang/IncompatibleClassChangeError'{0x0000000086bc9eb0}: Found class java.lang.Object, but interface was expected> (0x0000000086bc9eb0) 
thrown [s\src\hotspot\share\interpreter\linkResolver.cpp, line 838]
Event: 8.117 Thread 0x00000156176d4860 Exception <a 'java/lang/IncompatibleClassChangeError'{0x0000000086af5388}: Found class java.lang.Object, but interface was expected> (0x0000000086af5388) 
thrown [s\src\hotspot\share\interpreter\linkResolver.cpp, line 838]

VM Operations (20 events):
Event: 7.510 Executing VM operation: HandshakeAllThreads
Event: 7.510 Executing VM operation: HandshakeAllThreads done
Event: 7.554 Executing VM operation: HandshakeAllThreads
Event: 7.554 Executing VM operation: HandshakeAllThreads done
Event: 7.637 Executing VM operation: HandshakeAllThreads
Event: 7.638 Executing VM operation: HandshakeAllThreads done
Event: 7.700 Executing VM operation: ICBufferFull
Event: 7.700 Executing VM operation: ICBufferFull done
Event: 7.786 Executing VM operation: HandshakeAllThreads
Event: 7.786 Executing VM operation: HandshakeAllThreads done
Event: 7.881 Executing VM operation: G1CollectForAllocation
Event: 7.888 Executing VM operation: G1CollectForAllocation done
Event: 8.052 Executing VM operation: HandshakeAllThreads
Event: 8.052 Executing VM operation: HandshakeAllThreads done
Event: 8.074 Executing VM operation: HandshakeAllThreads
Event: 8.075 Executing VM operation: HandshakeAllThreads done
Event: 8.076 Executing VM operation: HandshakeAllThreads
Event: 8.077 Executing VM operation: HandshakeAllThreads done
Event: 8.125 Executing VM operation: HandshakeAllThreads
Event: 8.125 Executing VM operation: HandshakeAllThreads done

Events (20 events):
Event: 7.825 loading class java/lang/ClassCustomizer done
Event: 7.945 loading class java/io/FilterReader
Event: 7.945 loading class java/io/FilterReader done
Event: 8.026 Thread 0x00000156176d4860 Thread added: 0x00000156176d4860
Event: 8.032 Thread 0x00000156176d6ee0 Thread added: 0x00000156176d6ee0
Event: 8.032 Thread 0x00000156176cf690 Thread added: 0x00000156176cf690
Event: 8.032 Thread 0x00000156176d0ea0 Thread added: 0x00000156176d0ea0
Event: 8.032 Thread 0x00000156176d5200 Thread added: 0x00000156176d5200
Event: 8.032 Thread 0x00000156176d1d10 Thread added: 0x00000156176d1d10
Event: 8.033 Thread 0x00000156176cfb60 Thread added: 0x00000156176cfb60
Event: 8.033 Thread 0x00000156176d0030 Thread added: 0x00000156176d0030
Event: 8.033 Thread 0x00000156176d21e0 Thread added: 0x00000156176d21e0
Event: 8.033 Thread 0x00000156176d26b0 Thread added: 0x00000156176d26b0
Event: 8.033 Thread 0x00000156176d3050 Thread added: 0x00000156176d3050
Event: 8.033 Thread 0x000001561a837240 Thread added: 0x000001561a837240
Event: 8.059 Thread 0x000001561a835560 Thread added: 0x000001561a835560
Event: 8.082 loading class java/util/TreeMap$KeySpliterator
Event: 8.082 loading class java/util/TreeMap$TreeMapSpliterator
Event: 8.082 loading class java/util/TreeMap$TreeMapSpliterator done
Event: 8.082 loading class java/util/TreeMap$KeySpliterator done


Dynamic libraries:
0x00007ff75f3d0000 - 0x00007ff75f3da000 	C:\Program Files\Android\Android Studio\jbr\bin\java.exe
0x00007fff13c30000 - 0x00007fff13e28000 	C:\WINDOWS\SYSTEM32\ntdll.dll
0x00007fff13340000 - 0x00007fff133ff000 	C:\WINDOWS\System32\KERNEL32.DLL
0x00007fff116d0000 - 0x00007fff119aa000 	C:\WINDOWS\System32\KERNELBASE.dll
0x00007fff114c0000 - 0x00007fff115c0000 	C:\WINDOWS\System32\ucrtbase.dll
0x00007fff099c0000 - 0x00007fff099d7000 	C:\Program Files\Android\Android Studio\jbr\bin\jli.dll
0x00007fff099a0000 - 0x00007fff099bb000 	C:\Program Files\Android\Android Studio\jbr\bin\VCRUNTIME140.dll
0x00007fff12390000 - 0x00007fff1252d000 	C:\WINDOWS\System32\USER32.dll
0x00007fff11bc0000 - 0x00007fff11be2000 	C:\WINDOWS\System32\win32u.dll
0x00007ffefd630000 - 0x00007ffefd8ca000 	C:\WINDOWS\WinSxS\amd64_microsoft.windows.common-controls_6595b64144ccf1df_6.0.19041.1110_none_60b5254171f9507e\COMCTL32.dll
0x00007fff13310000 - 0x00007fff1333b000 	C:\WINDOWS\System32\GDI32.dll
0x00007fff13b50000 - 0x00007fff13bee000 	C:\WINDOWS\System32\msvcrt.dll
0x00007fff115c0000 - 0x00007fff116d0000 	C:\WINDOWS\System32\gdi32full.dll
0x00007fff11340000 - 0x00007fff113dd000 	C:\WINDOWS\System32\msvcp_win.dll
0x00007fff12560000 - 0x00007fff12590000 	C:\WINDOWS\System32\IMM32.DLL
0x00007fff08430000 - 0x00007fff0843c000 	C:\Program Files\Android\Android Studio\jbr\bin\vcruntime140_1.dll
0x00007ffeff420000 - 0x00007ffeff4ad000 	C:\Program Files\Android\Android Studio\jbr\bin\msvcp140.dll
0x00007ffee6ad0000 - 0x00007ffee773d000 	C:\Program Files\Android\Android Studio\jbr\bin\server\jvm.dll
0x00007fff12070000 - 0x00007fff1211e000 	C:\WINDOWS\System32\ADVAPI32.dll
0x00007fff11c90000 - 0x00007fff11d2c000 	C:\WINDOWS\System32\sechost.dll
0x00007fff13150000 - 0x00007fff13276000 	C:\WINDOWS\System32\RPCRT4.dll
0x00007fff041f0000 - 0x00007fff04217000 	C:\WINDOWS\SYSTEM32\WINMM.dll
0x00007fff0eb50000 - 0x00007fff0eb59000 	C:\WINDOWS\SYSTEM32\WSOCK32.dll
0x00007fff0b6a0000 - 0x00007fff0b6aa000 	C:\WINDOWS\SYSTEM32\VERSION.dll
0x00007fff12ed0000 - 0x00007fff12f3b000 	C:\WINDOWS\System32\WS2_32.dll
0x00007fff0f220000 - 0x00007fff0f232000 	C:\WINDOWS\SYSTEM32\kernel.appcore.dll
0x00007fff0cf80000 - 0x00007fff0cf8a000 	C:\Program Files\Android\Android Studio\jbr\bin\jimage.dll
0x00007fff03770000 - 0x00007fff03954000 	C:\WINDOWS\SYSTEM32\DBGHELP.DLL
0x00007ffefcb50000 - 0x00007ffefcb84000 	C:\WINDOWS\SYSTEM32\dbgcore.DLL
0x00007fff113e0000 - 0x00007fff11462000 	C:\WINDOWS\System32\bcryptPrimitives.dll
0x00007fff0afd0000 - 0x00007fff0aff5000 	C:\Program Files\Android\Android Studio\jbr\bin\java.dll
0x00007fff08400000 - 0x00007fff08418000 	C:\Program Files\Android\Android Studio\jbr\bin\zip.dll
0x00007fff13400000 - 0x00007fff13b44000 	C:\WINDOWS\System32\SHELL32.dll
0x00007fff0f420000 - 0x00007fff0fbb3000 	C:\WINDOWS\SYSTEM32\windows.storage.dll
0x00007fff12b70000 - 0x00007fff12ec4000 	C:\WINDOWS\System32\combase.dll
0x00007fff10d30000 - 0x00007fff10d5e000 	C:\WINDOWS\SYSTEM32\Wldp.dll
0x00007fff12a60000 - 0x00007fff12b0d000 	C:\WINDOWS\System32\SHCORE.dll
0x00007fff12b10000 - 0x00007fff12b65000 	C:\WINDOWS\System32\shlwapi.dll
0x00007fff11280000 - 0x00007fff1129f000 	C:\WINDOWS\SYSTEM32\profapi.dll
0x00007fff0ca60000 - 0x00007fff0ca79000 	C:\Program Files\Android\Android Studio\jbr\bin\net.dll
0x00007fff0b590000 - 0x00007fff0b69a000 	C:\WINDOWS\SYSTEM32\WINHTTP.dll
0x00007fff10a20000 - 0x00007fff10a8a000 	C:\WINDOWS\system32\mswsock.dll
0x00007fff08080000 - 0x00007fff08096000 	C:\Program Files\Android\Android Studio\jbr\bin\nio.dll
0x00007fff0b8d0000 - 0x00007fff0b8e0000 	C:\Program Files\Android\Android Studio\jbr\bin\verify.dll
0x00007ffeff530000 - 0x00007ffeff557000 	C:\Users\Pasha\.gradle\native\68d5fa5c4cc2d200863cafc0d521ce42e7d3e7ee720ec0a83991735586a16f82\windows-amd64\native-platform.dll
0x00007ffeec260000 - 0x00007ffeec3a4000 	C:\Users\Pasha\.gradle\native\e376f236ea51e6404a007f0833ffe2c6e607c4080706a723a18a27aeea778392\windows-amd64\native-platform-file-events.dll
0x00007fff0c640000 - 0x00007fff0c649000 	C:\Program Files\Android\Android Studio\jbr\bin\management.dll
0x00007fff0c4e0000 - 0x00007fff0c4eb000 	C:\Program Files\Android\Android Studio\jbr\bin\management_ext.dll
0x00007fff12550000 - 0x00007fff12558000 	C:\WINDOWS\System32\PSAPI.DLL
0x00007fff10c20000 - 0x00007fff10c38000 	C:\WINDOWS\SYSTEM32\CRYPTSP.dll
0x00007fff10340000 - 0x00007fff10374000 	C:\WINDOWS\system32\rsaenh.dll
0x00007fff11bf0000 - 0x00007fff11c17000 	C:\WINDOWS\System32\bcrypt.dll
0x00007fff11200000 - 0x00007fff1122e000 	C:\WINDOWS\SYSTEM32\USERENV.dll
0x00007fff10c10000 - 0x00007fff10c1c000 	C:\WINDOWS\SYSTEM32\CRYPTBASE.dll
0x00007fff10710000 - 0x00007fff1074c000 	C:\WINDOWS\SYSTEM32\IPHLPAPI.DLL
0x00007fff11f40000 - 0x00007fff11f48000 	C:\WINDOWS\System32\NSI.dll
0x00007fff0bc70000 - 0x00007fff0bc87000 	C:\WINDOWS\SYSTEM32\dhcpcsvc6.DLL
0x00007fff0bc50000 - 0x00007fff0bc6d000 	C:\WINDOWS\SYSTEM32\dhcpcsvc.DLL
0x00007fff10750000 - 0x00007fff1081b000 	C:\WINDOWS\SYSTEM32\DNSAPI.dll
0x00007fff0af40000 - 0x00007fff0af47000 	C:\WINDOWS\system32\wshunix.dll

dbghelp: loaded successfully - version: 4.0.5 - missing functions: none
symbol engine: initialized successfully - sym options: 0x614 - pdb path: .;C:\Program Files\Android\Android Studio\jbr\bin;C:\WINDOWS\SYSTEM32;C:\WINDOWS\WinSxS\amd64_microsoft.windows.common-controls_6595b64144ccf1df_6.0.19041.1110_none_60b5254171f9507e;C:\Program Files\Android\Android Studio\jbr\bin\server;C:\Users\Pasha\.gradle\native\68d5fa5c4cc2d200863cafc0d521ce42e7d3e7ee720ec0a83991735586a16f82\windows-amd64;C:\Users\Pasha\.gradle\native\e376f236ea51e6404a007f0833ffe2c6e607c4080706a723a18a27aeea778392\windows-amd64

VM Arguments:
jvm_args: --add-opens=java.base/java.util=ALL-UNNAMED --add-opens=java.base/java.lang=ALL-UNNAMED --add-opens=java.base/java.lang.invoke=ALL-UNNAMED --add-opens=java.prefs/java.util.prefs=ALL-UNNAMED --add-opens=java.base/java.nio.charset=ALL-UNNAMED --add-opens=java.base/java.net=ALL-UNNAMED --add-opens=java.base/java.util.concurrent.atomic=ALL-UNNAMED -Xmx2048m -Dfile.encoding=UTF-8 -Duser.country=RU -Duser.language=ru -Duser.variant 
java_command: org.gradle.launcher.daemon.bootstrap.GradleDaemon 8.0
java_class_path (initial): C:\Users\Pasha\.gradle\wrapper\dists\gradle-8.0-bin\ca5e32bp14vu59qr306oxotwh\gradle-8.0\lib\gradle-launcher-8.0.jar
Launcher Type: SUN_STANDARD

[Global flags]
     intx CICompilerCount                          = 4                                         {product} {ergonomic}
     uint ConcGCThreads                            = 3                                         {product} {ergonomic}
     uint G1ConcRefinementThreads                  = 10                                        {product} {ergonomic}
   size_t G1HeapRegionSize                         = 1048576                                   {product} {ergonomic}
    uintx GCDrainStackTargetSize                   = 64                                        {product} {ergonomic}
   size_t InitialHeapSize                          = 134217728                                 {product} {ergonomic}
   size_t MarkStackSize                            = 4194304                                   {product} {ergonomic}
   size_t MaxHeapSize                              = 2147483648                                {product} {command line}
   size_t MaxNewSize                               = 1287651328                                {product} {ergonomic}
   size_t MinHeapDeltaBytes                        = 1048576                                   {product} {ergonomic}
   size_t MinHeapSize                              = 8388608                                   {product} {ergonomic}
    uintx NonNMethodCodeHeapSize                   = 5839372                                {pd product} {ergonomic}
    uintx NonProfiledCodeHeapSize                  = 122909434                              {pd product} {ergonomic}
    uintx ProfiledCodeHeapSize                     = 122909434                              {pd product} {ergonomic}
    uintx ReservedCodeCacheSize                    = 251658240                              {pd product} {ergonomic}
     bool SegmentedCodeCache                       = true                                      {product} {ergonomic}
   size_t SoftMaxHeapSize                          = 2147483648                             {manageable} {ergonomic}
     bool UseCompressedClassPointers               = true                           {product lp64_product} {ergonomic}
     bool UseCompressedOops                        = true                           {product lp64_product} {ergonomic}
     bool UseG1GC                                  = true                                      {product} {ergonomic}
     bool UseLargePagesIndividualAllocation        = false                                  {pd product} {ergonomic}

Logging:
Log output configuration:
 #0: stdout all=warning uptime,level,tags
 #1: stderr all=off uptime,level,tags

Environment Variables:
PATH=C:\WINDOWS\system32;C:\WINDOWS;C:\WINDOWS\System32\Wbem;C:\WINDOWS\System32\WindowsPowerShell\v1.0\;C:\WINDOWS\System32\OpenSSH\;C:\Program Files (x86)\NVIDIA Corporation\PhysX\Common;C:\Users\Pasha\AppData\Local\Microsoft\WindowsApps;
USERNAME=Pasha
OS=Windows_NT
PROCESSOR_IDENTIFIER=AMD64 Family 23 Model 1 Stepping 1, AuthenticAMD
TMP=C:\Users\Pasha\AppData\Local\Temp
TEMP=C:\Users\Pasha\AppData\Local\Temp



---------------  S Y S T E M  ---------------

OS:
 Windows 10 , 64 bit Build 19041 (10.0.19041.2788)
OS uptime: 2 days 21:24 hours

CPU: total 12 (initial active 12) (12 cores per cpu, 2 threads per core) family 23 model 1 stepping 1 microcode 0x0, cx8, cmov, fxsr, ht, mmx, 3dnowpref, sse, sse2, sse3, ssse3, sse4a, sse4.1, sse4.2, popcnt, lzcnt, tsc, tscinvbit, avx, avx2, aes, clmul, bmi1, bmi2, adx, sha, fma, vzeroupper, clflush, clflushopt

Memory: 4k page, system-wide physical 8125M (1683M free)
TotalPageFile size 8125M (AvailPageFile size 5M)
current process WorkingSet (physical memory assigned to process): 386M, peak: 388M
current process commit charge ("private bytes"): 431M, peak: 432M

vm_info: OpenJDK 64-Bit Server VM (17.0.6+0-b2043.56-9586694) for windows-amd64 JRE (17.0.6+0-b2043.56-9586694), built on Feb  9 2023 20:06:20 by "androidbuild" with MS VC++ 16.10 / 16.11 (VS2019)

END.
