#
# There is insufficient memory for the Java Runtime Environment to continue.
# Native memory allocation (mmap) failed to map 8388608 bytes for G1 virtual space
# Possible reasons:
#   The system is out of physical RAM or swap space
#   The process is running with CompressedOops enabled, and the Java Heap may be blocking the growth of the native heap
# Possible solutions:
#   Reduce memory load on the system
#   Increase physical memory or swap space
#   Check if swap backing store is full
#   Decrease Java heap size (-Xmx/-Xms)
#   Decrease number of Java threads
#   Decrease Java thread stack sizes (-Xss)
#   Set larger code cache with -XX:ReservedCodeCacheSize=
#   JVM is running with Unscaled Compressed Oops mode in which the Java heap is
#     placed in the first 4GB address space. The Java Heap base address is the
#     maximum limit for the native heap growth. Please use -XX:HeapBaseMinAddress
#     to set the Java Heap base and to place the Java Heap above 4GB virtual address.
# This output file may be truncated or incomplete.
#
#  Out of Memory Error (os_windows.cpp:3769), pid=6552, tid=9564
#
# JRE version: OpenJDK Runtime Environment (17.0.6) (build 17.0.6+0-b2043.56-9586694)
# Java VM: OpenJDK 64-Bit Server VM (17.0.6+0-b2043.56-9586694, mixed mode, tiered, compressed oops, compressed class ptrs, g1 gc, windows-amd64)
# No core dump will be written. Minidumps are not enabled by default on client versions of Windows
#

---------------  S U M M A R Y ------------

Command Line: --add-opens=java.base/java.util=ALL-UNNAMED --add-opens=java.base/java.lang=ALL-UNNAMED --add-opens=java.base/java.lang.invoke=ALL-UNNAMED --add-opens=java.prefs/java.util.prefs=ALL-UNNAMED --add-opens=java.base/java.nio.charset=ALL-UNNAMED --add-opens=java.base/java.net=ALL-UNNAMED --add-opens=java.base/java.util.concurrent.atomic=ALL-UNNAMED -Xmx2048m -Dfile.encoding=UTF-8 -Duser.country=RU -Duser.language=ru -Duser.variant org.gradle.launcher.daemon.bootstrap.GradleDaemon 8.0

Host: AMD Ryzen 5 1600 Six-Core Processor            , 12 cores, 7G,  Windows 10 , 64 bit Build 19041 (10.0.19041.2788)
Time: Tue Apr 25 23:04:20 2023 RTZ 4 (s 10 , 64 bit Build 19041 (10.0.19041.2788) elapsed time: 8.117163 seconds (0d 0h 0m 8s)

---------------  T H R E A D  ---------------

Current thread (0x000001d686f69a00):  VMThread "VM Thread" [stack: 0x000000351cb00000,0x000000351cc00000] [id=9564]

Stack: [0x000000351cb00000,0x000000351cc00000]
Native frames: (J=compiled Java code, j=interpreted, Vv=VM code, C=native code)
V  [jvm.dll+0x683b4a]
V  [jvm.dll+0x842654]
V  [jvm.dll+0x843dfe]
V  [jvm.dll+0x844463]
V  [jvm.dll+0x249b75]
V  [jvm.dll+0x680a19]
V  [jvm.dll+0x674f0a]
V  [jvm.dll+0x309acb]
V  [jvm.dll+0x310f86]
V  [jvm.dll+0x3608ee]
V  [jvm.dll+0x360b1f]
V  [jvm.dll+0x2dfbf8]
V  [jvm.dll+0x2e2ce6]
V  [jvm.dll+0x2ed478]
V  [jvm.dll+0x322150]
V  [jvm.dll+0x84893b]
V  [jvm.dll+0x849674]
V  [jvm.dll+0x849b8d]
V  [jvm.dll+0x849f64]
V  [jvm.dll+0x84a030]
V  [jvm.dll+0x7f25fa]
V  [jvm.dll+0x682985]
C  [ucrtbase.dll+0x21bb2]
C  [KERNEL32.DLL+0x17604]
C  [ntdll.dll+0x526a1]

VM_Operation (0x000000351c7ff370): G1Concurrent, mode: safepoint, requested by thread 0x000001d6eccb62c0


---------------  P R O C E S S  ---------------

Threads class SMR info:
_java_thread_list=0x000001d68e415690, length=171, elements={
0x000001d6eab2cff0, 0x000001d687812250, 0x000001d687812fd0, 0x000001d686f8ea80,
0x000001d68782f400, 0x000001d68782fcc0, 0x000001d687830580, 0x000001d687831220,
0x000001d687850030, 0x000001d687852940, 0x000001d6879b3540, 0x000001d6879d10f0,
0x000001d687acf590, 0x000001d687acd4f0, 0x000001d68aad71e0, 0x000001d68a435260,
0x000001d688b7cbb0, 0x000001d6894de660, 0x000001d68a598490, 0x000001d68a30dd30,
0x000001d68a30f540, 0x000001d68a30e6d0, 0x000001d68a30c050, 0x000001d68a30e200,
0x000001d68a30d390, 0x000001d68a30c520, 0x000001d68a30cec0, 0x000001d68a30eba0,
0x000001d68a30f070, 0x000001d68a30c9f0, 0x000001d68a30fa10, 0x000001d68a30d860,
0x000001d68c30c3d0, 0x000001d68c30a220, 0x000001d68c306390, 0x000001d68c30bf00,
0x000001d68c30a6f0, 0x000001d68c30c8a0, 0x000001d68c30d240, 0x000001d68c30ba30,
0x000001d68c3059f0, 0x000001d68c306860, 0x000001d68c309d50, 0x000001d68c306d30,
0x000001d68c3093b0, 0x000001d68c30b090, 0x000001d68c30b560, 0x000001d68c3076d0,
0x000001d68c307ba0, 0x000001d68c308070, 0x000001d68c308540, 0x000001d68c308a10,
0x000001d68c309880, 0x000001d68a845440, 0x000001d68a846c50, 0x000001d68a83fda0,
0x000001d68a843290, 0x000001d68a841f50, 0x000001d68a846780, 0x000001d68a845910,
0x000001d68a844100, 0x000001d68a843760, 0x000001d68a840c10, 0x000001d68a8410e0,
0x000001d68a8462b0, 0x000001d68a843c30, 0x000001d68a847120, 0x000001d68a8475f0,
0x000001d68a840270, 0x000001d68a844f70, 0x000001d68a8445d0, 0x000001d68a840740,
0x000001d68a845de0, 0x000001d68a8415b0, 0x000001d68a844aa0, 0x000001d68a841a80,
0x000001d68a842420, 0x000001d68a8428f0, 0x000001d68a842dc0, 0x000001d689192ba0,
0x000001d689190520, 0x000001d689193a10, 0x000001d689191d30, 0x000001d689196f00,
0x000001d689195220, 0x000001d689193070, 0x000001d6891956f0, 0x000001d689194880,
0x000001d689193540, 0x000001d689191860, 0x000001d689190ec0, 0x000001d689195bc0,
0x000001d689192200, 0x000001d6891973d0, 0x000001d6891926d0, 0x000001d689193ee0,
0x000001d6891909f0, 0x000001d6891943b0, 0x000001d689194d50, 0x000001d689191390,
0x000001d689196090, 0x000001d689196560, 0x000001d689196a30, 0x000001d6891978a0,
0x000001d689197d70, 0x000001d68aadff60, 0x000001d68aae5fa0, 0x000001d68aae4790,
0x000001d68aae4c60, 0x000001d68aae2ab0, 0x000001d68aae0430, 0x000001d68aae5600,
0x000001d68aae0dd0, 0x000001d68aae12a0, 0x000001d68aae5ad0, 0x000001d68aae5130,
0x000001d68aae2f80, 0x000001d68aae2110, 0x000001d68aae0900, 0x000001d68aae1770,
0x000001d68aae6470, 0x000001d68aae6940, 0x000001d68aae3450, 0x000001d68aae77b0,
0x000001d68aae3920, 0x000001d68aae1c40, 0x000001d68aae3df0, 0x000001d68aae6e10,
0x000001d68aae25e0, 0x000001d68aae42c0, 0x000001d68aae72e0, 0x000001d68d7d5540,
0x000001d68d7d2520, 0x000001d68d7d3390, 0x000001d68d7d5070, 0x000001d68d7d46d0,
0x000001d68d7d2050, 0x000001d68d7d4200, 0x000001d68d7d3d30, 0x000001d68d7d8090,
0x000001d68d7d4ba0, 0x000001d68d7d11e0, 0x000001d68d7d6d50, 0x000001d68d7d3860,
0x000001d68d7d5a10, 0x000001d68d7d5ee0, 0x000001d68d7d6880, 0x000001d68d7d0d10,
0x000001d68d7d1b80, 0x000001d68d7d63b0, 0x000001d68d7d0840, 0x000001d68d7d16b0,
0x000001d68d7d7220, 0x000001d68d7d76f0, 0x000001d68d7d29f0, 0x000001d68d7d2ec0,
0x000001d68d7d7bc0, 0x000001d68a6f9240, 0x000001d68a6f3200, 0x000001d68a6f6220,
0x000001d68a6f66f0, 0x000001d68a6f5880, 0x000001d68a6f6bc0, 0x000001d68a6f88a0,
0x000001d68a6f7090, 0x000001d68a6f36d0, 0x000001d68a6f9710, 0x000001d68a6f8d70,
0x000001d68a6f3ba0, 0x000001d68a6f4a10, 0x000001d68a6f7560
}

Java Threads: ( => current thread )
  0x000001d6eab2cff0 JavaThread "main" [_thread_blocked, id=8716, stack(0x000000351c500000,0x000000351c600000)]
  0x000001d687812250 JavaThread "Reference Handler" daemon [_thread_blocked, id=4976, stack(0x000000351cc00000,0x000000351cd00000)]
  0x000001d687812fd0 JavaThread "Finalizer" daemon [_thread_blocked, id=5828, stack(0x000000351cd00000,0x000000351ce00000)]
  0x000001d686f8ea80 JavaThread "Signal Dispatcher" daemon [_thread_blocked, id=964, stack(0x000000351ce00000,0x000000351cf00000)]
  0x000001d68782f400 JavaThread "Attach Listener" daemon [_thread_blocked, id=4552, stack(0x000000351cf00000,0x000000351d000000)]
  0x000001d68782fcc0 JavaThread "Service Thread" daemon [_thread_blocked, id=9008, stack(0x000000351d000000,0x000000351d100000)]
  0x000001d687830580 JavaThread "Monitor Deflation Thread" daemon [_thread_blocked, id=5528, stack(0x000000351d100000,0x000000351d200000)]
  0x000001d687831220 JavaThread "C2 CompilerThread0" daemon [_thread_in_native, id=7728, stack(0x000000351d200000,0x000000351d300000)]
  0x000001d687850030 JavaThread "C1 CompilerThread0" daemon [_thread_blocked, id=7996, stack(0x000000351d300000,0x000000351d400000)]
  0x000001d687852940 JavaThread "Sweeper thread" daemon [_thread_blocked, id=10364, stack(0x000000351d400000,0x000000351d500000)]
  0x000001d6879b3540 JavaThread "Common-Cleaner" daemon [_thread_blocked, id=1528, stack(0x000000351d500000,0x000000351d600000)]
  0x000001d6879d10f0 JavaThread "Notification Thread" daemon [_thread_blocked, id=6072, stack(0x000000351d600000,0x000000351d700000)]
  0x000001d687acf590 JavaThread "C2 CompilerThread1" daemon [_thread_in_native, id=2256, stack(0x000000351d800000,0x000000351d900000)]
  0x000001d687acd4f0 JavaThread "C2 CompilerThread2" daemon [_thread_blocked, id=10700, stack(0x000000351d900000,0x000000351da00000)]
  0x000001d68aad71e0 JavaThread "Daemon health stats" [_thread_blocked, id=5548, stack(0x000000351de00000,0x000000351df00000)]
  0x000001d68a435260 JavaThread "Incoming local TCP Connector on port 60685" [_thread_in_native, id=4892, stack(0x000000351df00000,0x000000351e000000)]
  0x000001d688b7cbb0 JavaThread "Daemon periodic checks" [_thread_blocked, id=6676, stack(0x000000351e000000,0x000000351e100000)]
  0x000001d6894de660 JavaThread "Daemon" [_thread_blocked, id=7616, stack(0x000000351e100000,0x000000351e200000)]
  0x000001d68a598490 JavaThread "Handler for socket connection from /127.0.0.1:60685 to /127.0.0.1:60686" [_thread_in_native, id=8460, stack(0x000000351e200000,0x000000351e300000)]
  0x000001d68a30dd30 JavaThread "Cancel handler" [_thread_blocked, id=9448, stack(0x000000351e300000,0x000000351e400000)]
  0x000001d68a30f540 JavaThread "Daemon worker" [_thread_blocked, id=8432, stack(0x000000351e400000,0x000000351e500000)]
  0x000001d68a30e6d0 JavaThread "Asynchronous log dispatcher for DefaultDaemonConnection: socket connection from /127.0.0.1:60685 to /127.0.0.1:60686" [_thread_blocked, id=10340, stack(0x000000351e500000,0x000000351e600000)]
  0x000001d68a30c050 JavaThread "Stdin handler" [_thread_blocked, id=1992, stack(0x000000351e600000,0x000000351e700000)]
  0x000001d68a30e200 JavaThread "Daemon client event forwarder" [_thread_blocked, id=9944, stack(0x000000351e700000,0x000000351e800000)]
  0x000001d68a30d390 JavaThread "Cache worker for journal cache (C:\Users\Pasha\.gradle\caches\journal-1)" [_thread_blocked, id=2140, stack(0x000000351ef00000,0x000000351f000000)]
  0x000001d68a30c520 JavaThread "File lock request listener" [_thread_in_native, id=3724, stack(0x000000351f000000,0x000000351f100000)]
  0x000001d68a30cec0 JavaThread "Cache worker for file hash cache (C:\Users\Pasha\.gradle\caches\8.0\fileHashes)" [_thread_blocked, id=7468, stack(0x000000351f100000,0x000000351f200000)]
  0x000001d68a30eba0 JavaThread "File watcher server" daemon [_thread_in_native, id=7624, stack(0x000000351f200000,0x000000351f300000)]
  0x000001d68a30f070 JavaThread "File watcher consumer" daemon [_thread_blocked, id=6008, stack(0x000000351f300000,0x000000351f400000)]
  0x000001d68a30c9f0 JavaThread "Cache worker for checksums cache (C:\Users\Pasha\AndroidStudioProjects\MyApplication9\.gradle\8.0\checksums)" [_thread_blocked, id=6928, stack(0x000000351f400000,0x000000351f500000)]
  0x000001d68a30fa10 JavaThread "Cache worker for cache directory md-rule (C:\Users\Pasha\.gradle\caches\8.0\md-rule)" [_thread_blocked, id=5236, stack(0x000000351f500000,0x000000351f600000)]
  0x000001d68a30d860 JavaThread "Cache worker for file content cache (C:\Users\Pasha\.gradle\caches\8.0\fileContent)" [_thread_blocked, id=10000, stack(0x000000351f600000,0x000000351f700000)]
  0x000001d68c30c3d0 JavaThread "Cache worker for file hash cache (C:\Users\Pasha\AndroidStudioProjects\MyApplication9\.gradle\8.0\fileHashes)" [_thread_blocked, id=10576, stack(0x000000351f700000,0x000000351f800000)]
  0x000001d68c30a220 JavaThread "Cache worker for cache directory md-supplier (C:\Users\Pasha\.gradle\caches\8.0\md-supplier)" [_thread_blocked, id=2336, stack(0x000000351f800000,0x000000351f900000)]
  0x000001d68c306390 JavaThread "Cache worker for execution history cache (C:\Users\Pasha\.gradle\caches\8.0\executionHistory)" [_thread_blocked, id=8644, stack(0x000000351f900000,0x000000351fa00000)]
  0x000001d68c30bf00 JavaThread "jar transforms" [_thread_blocked, id=2724, stack(0x000000351fa00000,0x000000351fb00000)]
  0x000001d68c30a6f0 JavaThread "jar transforms Thread 2" [_thread_blocked, id=7020, stack(0x000000351fb00000,0x000000351fc00000)]
  0x000001d68c30c8a0 JavaThread "jar transforms Thread 3" [_thread_blocked, id=6268, stack(0x000000351fc00000,0x000000351fd00000)]
  0x000001d68c30d240 JavaThread "jar transforms Thread 4" [_thread_blocked, id=11052, stack(0x000000351fd00000,0x000000351fe00000)]
  0x000001d68c30ba30 JavaThread "Cache worker for dependencies-accessors (C:\Users\Pasha\AndroidStudioProjects\MyApplication9\.gradle\8.0\dependencies-accessors)" [_thread_blocked, id=4740, stack(0x000000351fe00000,0x000000351ff00000)]
  0x000001d68c3059f0 JavaThread "jar transforms Thread 5" [_thread_blocked, id=1044, stack(0x0000003520000000,0x0000003520100000)]
  0x000001d68c306860 JavaThread "Cache worker for Build Output Cleanup Cache (C:\Users\Pasha\AndroidStudioProjects\MyApplication9\.gradle\buildOutputCleanup)" [_thread_blocked, id=11012, stack(0x0000003520100000,0x0000003520200000)]
  0x000001d68c309d50 JavaThread "Unconstrained build operations" [_thread_blocked, id=3996, stack(0x0000003520200000,0x0000003520300000)]
  0x000001d68c306d30 JavaThread "Unconstrained build operations Thread 2" [_thread_blocked, id=8060, stack(0x0000003520300000,0x0000003520400000)]
  0x000001d68c3093b0 JavaThread "Unconstrained build operations Thread 3" [_thread_blocked, id=10876, stack(0x0000003520400000,0x0000003520500000)]
  0x000001d68c30b090 JavaThread "Unconstrained build operations Thread 4" [_thread_blocked, id=3592, stack(0x0000003520500000,0x0000003520600000)]
  0x000001d68c30b560 JavaThread "Unconstrained build operations Thread 5" [_thread_blocked, id=5072, stack(0x0000003520600000,0x0000003520700000)]
  0x000001d68c3076d0 JavaThread "Unconstrained build operations Thread 6" [_thread_blocked, id=6100, stack(0x0000003520700000,0x0000003520800000)]
  0x000001d68c307ba0 JavaThread "Unconstrained build operations Thread 7" [_thread_blocked, id=7632, stack(0x0000003520800000,0x0000003520900000)]
  0x000001d68c308070 JavaThread "Unconstrained build operations Thread 8" [_thread_blocked, id=10424, stack(0x0000003520900000,0x0000003520a00000)]
  0x000001d68c308540 JavaThread "Unconstrained build operations Thread 9" [_thread_blocked, id=10808, stack(0x0000003520a00000,0x0000003520b00000)]
  0x000001d68c308a10 JavaThread "Unconstrained build operations Thread 10" [_thread_blocked, id=10676, stack(0x0000003520b00000,0x0000003520c00000)]
  0x000001d68c309880 JavaThread "Unconstrained build operations Thread 11" [_thread_blocked, id=8088, stack(0x0000003520c00000,0x0000003520d00000)]
  0x000001d68a845440 JavaThread "Unconstrained build operations Thread 12" [_thread_blocked, id=10728, stack(0x0000003520d00000,0x0000003520e00000)]
  0x000001d68a846c50 JavaThread "Unconstrained build operations Thread 13" [_thread_blocked, id=6328, stack(0x0000003520e00000,0x0000003520f00000)]
  0x000001d68a83fda0 JavaThread "Unconstrained build operations Thread 14" [_thread_blocked, id=10256, stack(0x0000003520f00000,0x0000003521000000)]
  0x000001d68a843290 JavaThread "Unconstrained build operations Thread 15" [_thread_blocked, id=8924, stack(0x0000003521000000,0x0000003521100000)]
  0x000001d68a841f50 JavaThread "Unconstrained build operations Thread 16" [_thread_blocked, id=6384, stack(0x0000003521100000,0x0000003521200000)]
  0x000001d68a846780 JavaThread "Unconstrained build operations Thread 17" [_thread_blocked, id=5208, stack(0x0000003521200000,0x0000003521300000)]
  0x000001d68a845910 JavaThread "Unconstrained build operations Thread 18" [_thread_blocked, id=1428, stack(0x0000003521300000,0x0000003521400000)]
  0x000001d68a844100 JavaThread "Unconstrained build operations Thread 19" [_thread_blocked, id=6836, stack(0x0000003521400000,0x0000003521500000)]
  0x000001d68a843760 JavaThread "Unconstrained build operations Thread 20" [_thread_blocked, id=5540, stack(0x0000003521500000,0x0000003521600000)]
  0x000001d68a840c10 JavaThread "Unconstrained build operations Thread 21" [_thread_blocked, id=5012, stack(0x0000003521600000,0x0000003521700000)]
  0x000001d68a8410e0 JavaThread "Unconstrained build operations Thread 22" [_thread_blocked, id=1364, stack(0x0000003521700000,0x0000003521800000)]
  0x000001d68a8462b0 JavaThread "Unconstrained build operations Thread 23" [_thread_blocked, id=1724, stack(0x0000003521800000,0x0000003521900000)]
  0x000001d68a843c30 JavaThread "Unconstrained build operations Thread 24" [_thread_blocked, id=11152, stack(0x0000003521900000,0x0000003521a00000)]
  0x000001d68a847120 JavaThread "Unconstrained build operations Thread 25" [_thread_blocked, id=4156, stack(0x0000003521a00000,0x0000003521b00000)]
  0x000001d68a8475f0 JavaThread "Unconstrained build operations Thread 26" [_thread_blocked, id=1160, stack(0x0000003521b00000,0x0000003521c00000)]
  0x000001d68a840270 JavaThread "Unconstrained build operations Thread 27" [_thread_blocked, id=7420, stack(0x0000003521c00000,0x0000003521d00000)]
  0x000001d68a844f70 JavaThread "Unconstrained build operations Thread 28" [_thread_blocked, id=6204, stack(0x0000003521d00000,0x0000003521e00000)]
  0x000001d68a8445d0 JavaThread "Unconstrained build operations Thread 29" [_thread_blocked, id=10880, stack(0x0000003521e00000,0x0000003521f00000)]
  0x000001d68a840740 JavaThread "Unconstrained build operations Thread 30" [_thread_blocked, id=5792, stack(0x0000003521f00000,0x0000003522000000)]
  0x000001d68a845de0 JavaThread "Unconstrained build operations Thread 31" [_thread_blocked, id=828, stack(0x0000003522000000,0x0000003522100000)]
  0x000001d68a8415b0 JavaThread "Unconstrained build operations Thread 32" [_thread_blocked, id=4152, stack(0x0000003522100000,0x0000003522200000)]
  0x000001d68a844aa0 JavaThread "Unconstrained build operations Thread 33" [_thread_blocked, id=5424, stack(0x0000003522200000,0x0000003522300000)]
  0x000001d68a841a80 JavaThread "Unconstrained build operations Thread 34" [_thread_blocked, id=11036, stack(0x0000003522300000,0x0000003522400000)]
  0x000001d68a842420 JavaThread "Unconstrained build operations Thread 35" [_thread_blocked, id=5076, stack(0x0000003522400000,0x0000003522500000)]
  0x000001d68a8428f0 JavaThread "Unconstrained build operations Thread 36" [_thread_blocked, id=3556, stack(0x0000003522500000,0x0000003522600000)]
  0x000001d68a842dc0 JavaThread "Unconstrained build operations Thread 37" [_thread_blocked, id=8468, stack(0x0000003522600000,0x0000003522700000)]
  0x000001d689192ba0 JavaThread "Unconstrained build operations Thread 38" [_thread_blocked, id=7648, stack(0x0000003522700000,0x0000003522800000)]
  0x000001d689190520 JavaThread "Unconstrained build operations Thread 39" [_thread_blocked, id=10884, stack(0x0000003522800000,0x0000003522900000)]
  0x000001d689193a10 JavaThread "Unconstrained build operations Thread 40" [_thread_blocked, id=3776, stack(0x0000003522900000,0x0000003522a00000)]
  0x000001d689191d30 JavaThread "Unconstrained build operations Thread 41" [_thread_blocked, id=2808, stack(0x0000003522a00000,0x0000003522b00000)]
  0x000001d689196f00 JavaThread "Unconstrained build operations Thread 42" [_thread_blocked, id=2844, stack(0x0000003522b00000,0x0000003522c00000)]
  0x000001d689195220 JavaThread "Unconstrained build operations Thread 43" [_thread_blocked, id=2240, stack(0x0000003522c00000,0x0000003522d00000)]
  0x000001d689193070 JavaThread "Unconstrained build operations Thread 44" [_thread_blocked, id=4724, stack(0x0000003522d00000,0x0000003522e00000)]
  0x000001d6891956f0 JavaThread "Unconstrained build operations Thread 45" [_thread_blocked, id=10180, stack(0x0000003522e00000,0x0000003522f00000)]
  0x000001d689194880 JavaThread "Unconstrained build operations Thread 46" [_thread_blocked, id=6116, stack(0x0000003522f00000,0x0000003523000000)]
  0x000001d689193540 JavaThread "Unconstrained build operations Thread 47" [_thread_blocked, id=6020, stack(0x0000003523000000,0x0000003523100000)]
  0x000001d689191860 JavaThread "Unconstrained build operations Thread 48" [_thread_blocked, id=10512, stack(0x0000003523100000,0x0000003523200000)]
  0x000001d689190ec0 JavaThread "Unconstrained build operations Thread 49" [_thread_blocked, id=704, stack(0x0000003523200000,0x0000003523300000)]
  0x000001d689195bc0 JavaThread "Unconstrained build operations Thread 50" [_thread_blocked, id=7544, stack(0x0000003523300000,0x0000003523400000)]
  0x000001d689192200 JavaThread "Unconstrained build operations Thread 51" [_thread_blocked, id=1916, stack(0x0000003523400000,0x0000003523500000)]
  0x000001d6891973d0 JavaThread "Unconstrained build operations Thread 52" [_thread_blocked, id=7456, stack(0x0000003523500000,0x0000003523600000)]
  0x000001d6891926d0 JavaThread "Unconstrained build operations Thread 53" [_thread_blocked, id=3604, stack(0x0000003523600000,0x0000003523700000)]
  0x000001d689193ee0 JavaThread "Unconstrained build operations Thread 54" [_thread_blocked, id=7552, stack(0x0000003523700000,0x0000003523800000)]
  0x000001d6891909f0 JavaThread "Unconstrained build operations Thread 55" [_thread_blocked, id=6752, stack(0x0000003523800000,0x0000003523900000)]
  0x000001d6891943b0 JavaThread "Unconstrained build operations Thread 56" [_thread_blocked, id=9244, stack(0x0000003523900000,0x0000003523a00000)]
  0x000001d689194d50 JavaThread "Unconstrained build operations Thread 57" [_thread_blocked, id=6832, stack(0x0000003523a00000,0x0000003523b00000)]
  0x000001d689191390 JavaThread "Unconstrained build operations Thread 58" [_thread_blocked, id=2332, stack(0x0000003523b00000,0x0000003523c00000)]
  0x000001d689196090 JavaThread "Unconstrained build operations Thread 59" [_thread_blocked, id=1316, stack(0x0000003523c00000,0x0000003523d00000)]
  0x000001d689196560 JavaThread "Unconstrained build operations Thread 60" [_thread_blocked, id=9364, stack(0x0000003523d00000,0x0000003523e00000)]
  0x000001d689196a30 JavaThread "Unconstrained build operations Thread 61" [_thread_blocked, id=7896, stack(0x0000003523e00000,0x0000003523f00000)]
  0x000001d6891978a0 JavaThread "Unconstrained build operations Thread 62" [_thread_blocked, id=6236, stack(0x0000003523f00000,0x0000003524000000)]
  0x000001d689197d70 JavaThread "Unconstrained build operations Thread 63" [_thread_blocked, id=5504, stack(0x0000003524000000,0x0000003524100000)]
  0x000001d68aadff60 JavaThread "Unconstrained build operations Thread 64" [_thread_blocked, id=1172, stack(0x0000003524100000,0x0000003524200000)]
  0x000001d68aae5fa0 JavaThread "Unconstrained build operations Thread 65" [_thread_blocked, id=9224, stack(0x0000003524200000,0x0000003524300000)]
  0x000001d68aae4790 JavaThread "Unconstrained build operations Thread 66" [_thread_blocked, id=2280, stack(0x0000003524300000,0x0000003524400000)]
  0x000001d68aae4c60 JavaThread "Unconstrained build operations Thread 67" [_thread_blocked, id=7548, stack(0x0000003524400000,0x0000003524500000)]
  0x000001d68aae2ab0 JavaThread "Unconstrained build operations Thread 68" [_thread_blocked, id=5296, stack(0x0000003524500000,0x0000003524600000)]
  0x000001d68aae0430 JavaThread "Unconstrained build operations Thread 69" [_thread_blocked, id=7372, stack(0x0000003524600000,0x0000003524700000)]
  0x000001d68aae5600 JavaThread "Unconstrained build operations Thread 70" [_thread_blocked, id=5928, stack(0x0000003524700000,0x0000003524800000)]
  0x000001d68aae0dd0 JavaThread "Unconstrained build operations Thread 71" [_thread_blocked, id=3808, stack(0x0000003524800000,0x0000003524900000)]
  0x000001d68aae12a0 JavaThread "Unconstrained build operations Thread 72" [_thread_blocked, id=9056, stack(0x0000003524900000,0x0000003524a00000)]
  0x000001d68aae5ad0 JavaThread "Unconstrained build operations Thread 73" [_thread_blocked, id=7768, stack(0x0000003524a00000,0x0000003524b00000)]
  0x000001d68aae5130 JavaThread "Unconstrained build operations Thread 74" [_thread_blocked, id=7532, stack(0x0000003524b00000,0x0000003524c00000)]
  0x000001d68aae2f80 JavaThread "Unconstrained build operations Thread 75" [_thread_blocked, id=808, stack(0x0000003524c00000,0x0000003524d00000)]
  0x000001d68aae2110 JavaThread "Unconstrained build operations Thread 76" [_thread_blocked, id=7272, stack(0x0000003524d00000,0x0000003524e00000)]
  0x000001d68aae0900 JavaThread "Unconstrained build operations Thread 77" [_thread_blocked, id=10912, stack(0x0000003524e00000,0x0000003524f00000)]
  0x000001d68aae1770 JavaThread "Unconstrained build operations Thread 78" [_thread_blocked, id=8276, stack(0x0000003524f00000,0x0000003525000000)]
  0x000001d68aae6470 JavaThread "Unconstrained build operations Thread 79" [_thread_blocked, id=8584, stack(0x0000003525000000,0x0000003525100000)]
  0x000001d68aae6940 JavaThread "Unconstrained build operations Thread 80" [_thread_blocked, id=10724, stack(0x0000003525100000,0x0000003525200000)]
  0x000001d68aae3450 JavaThread "Unconstrained build operations Thread 81" [_thread_blocked, id=5468, stack(0x0000003525200000,0x0000003525300000)]
  0x000001d68aae77b0 JavaThread "Unconstrained build operations Thread 82" [_thread_blocked, id=6936, stack(0x0000003525300000,0x0000003525400000)]
  0x000001d68aae3920 JavaThread "Unconstrained build operations Thread 83" [_thread_blocked, id=4932, stack(0x0000003525400000,0x0000003525500000)]
  0x000001d68aae1c40 JavaThread "Unconstrained build operations Thread 84" [_thread_blocked, id=11068, stack(0x0000003525500000,0x0000003525600000)]
  0x000001d68aae3df0 JavaThread "Unconstrained build operations Thread 85" [_thread_blocked, id=6824, stack(0x0000003525600000,0x0000003525700000)]
  0x000001d68aae6e10 JavaThread "Unconstrained build operations Thread 86" [_thread_blocked, id=8640, stack(0x0000003525700000,0x0000003525800000)]
  0x000001d68aae25e0 JavaThread "Unconstrained build operations Thread 87" [_thread_blocked, id=9012, stack(0x0000003525800000,0x0000003525900000)]
  0x000001d68aae42c0 JavaThread "Unconstrained build operations Thread 88" [_thread_blocked, id=3552, stack(0x0000003525900000,0x0000003525a00000)]
  0x000001d68aae72e0 JavaThread "Unconstrained build operations Thread 89" [_thread_blocked, id=6164, stack(0x0000003525a00000,0x0000003525b00000)]
  0x000001d68d7d5540 JavaThread "Unconstrained build operations Thread 90" [_thread_blocked, id=6180, stack(0x0000003525b00000,0x0000003525c00000)]
  0x000001d68d7d2520 JavaThread "Unconstrained build operations Thread 91" [_thread_blocked, id=9716, stack(0x0000003525c00000,0x0000003525d00000)]
  0x000001d68d7d3390 JavaThread "Unconstrained build operations Thread 92" [_thread_blocked, id=7248, stack(0x0000003525d00000,0x0000003525e00000)]
  0x000001d68d7d5070 JavaThread "Unconstrained build operations Thread 93" [_thread_blocked, id=8968, stack(0x0000003525e00000,0x0000003525f00000)]
  0x000001d68d7d46d0 JavaThread "Unconstrained build operations Thread 94" [_thread_blocked, id=7204, stack(0x0000003525f00000,0x0000003526000000)]
  0x000001d68d7d2050 JavaThread "Unconstrained build operations Thread 95" [_thread_blocked, id=8724, stack(0x0000003526000000,0x0000003526100000)]
  0x000001d68d7d4200 JavaThread "Unconstrained build operations Thread 96" [_thread_blocked, id=9036, stack(0x0000003526100000,0x0000003526200000)]
  0x000001d68d7d3d30 JavaThread "Unconstrained build operations Thread 97" [_thread_blocked, id=2044, stack(0x0000003526200000,0x0000003526300000)]
  0x000001d68d7d8090 JavaThread "Unconstrained build operations Thread 98" [_thread_blocked, id=172, stack(0x0000003526300000,0x0000003526400000)]
  0x000001d68d7d4ba0 JavaThread "Unconstrained build operations Thread 99" [_thread_blocked, id=8476, stack(0x0000003526400000,0x0000003526500000)]
  0x000001d68d7d11e0 JavaThread "Unconstrained build operations Thread 100" [_thread_blocked, id=11232, stack(0x0000003526500000,0x0000003526600000)]
  0x000001d68d7d6d50 JavaThread "Unconstrained build operations Thread 101" [_thread_blocked, id=9700, stack(0x0000003526600000,0x0000003526700000)]
  0x000001d68d7d3860 JavaThread "Unconstrained build operations Thread 102" [_thread_blocked, id=1200, stack(0x0000003526700000,0x0000003526800000)]
  0x000001d68d7d5a10 JavaThread "Unconstrained build operations Thread 103" [_thread_blocked, id=2784, stack(0x0000003526800000,0x0000003526900000)]
  0x000001d68d7d5ee0 JavaThread "Unconstrained build operations Thread 104" [_thread_blocked, id=5124, stack(0x0000003526900000,0x0000003526a00000)]
  0x000001d68d7d6880 JavaThread "Unconstrained build operations Thread 105" [_thread_blocked, id=10916, stack(0x0000003526a00000,0x0000003526b00000)]
  0x000001d68d7d0d10 JavaThread "Unconstrained build operations Thread 106" [_thread_blocked, id=5908, stack(0x0000003526b00000,0x0000003526c00000)]
  0x000001d68d7d1b80 JavaThread "Unconstrained build operations Thread 107" [_thread_blocked, id=264, stack(0x0000003526c00000,0x0000003526d00000)]
  0x000001d68d7d63b0 JavaThread "Unconstrained build operations Thread 108" [_thread_blocked, id=6712, stack(0x0000003526d00000,0x0000003526e00000)]
  0x000001d68d7d0840 JavaThread "Unconstrained build operations Thread 109" [_thread_blocked, id=10176, stack(0x0000003526e00000,0x0000003526f00000)]
  0x000001d68d7d16b0 JavaThread "Unconstrained build operations Thread 110" [_thread_blocked, id=4772, stack(0x0000003526f00000,0x0000003527000000)]
  0x000001d68d7d7220 JavaThread "Unconstrained build operations Thread 111" [_thread_blocked, id=8752, stack(0x0000003527000000,0x0000003527100000)]
  0x000001d68d7d76f0 JavaThread "Unconstrained build operations Thread 112" [_thread_blocked, id=7980, stack(0x0000003527100000,0x0000003527200000)]
  0x000001d68d7d29f0 JavaThread "Unconstrained build operations Thread 113" [_thread_blocked, id=9932, stack(0x0000003527200000,0x0000003527300000)]
  0x000001d68d7d2ec0 JavaThread "Unconstrained build operations Thread 114" [_thread_blocked, id=8344, stack(0x0000003527300000,0x0000003527400000)]
  0x000001d68d7d7bc0 JavaThread "Unconstrained build operations Thread 115" [_thread_blocked, id=1912, stack(0x0000003527400000,0x0000003527500000)]
  0x000001d68a6f9240 JavaThread "Unconstrained build operations Thread 116" [_thread_blocked, id=7772, stack(0x0000003527500000,0x0000003527600000)]
  0x000001d68a6f3200 JavaThread "Unconstrained build operations Thread 117" [_thread_blocked, id=3088, stack(0x0000003527600000,0x0000003527700000)]
  0x000001d68a6f6220 JavaThread "Unconstrained build operations Thread 118" [_thread_blocked, id=4104, stack(0x0000003527700000,0x0000003527800000)]
  0x000001d68a6f66f0 JavaThread "Unconstrained build operations Thread 119" [_thread_blocked, id=7172, stack(0x0000003527800000,0x0000003527900000)]
  0x000001d68a6f5880 JavaThread "Unconstrained build operations Thread 120" [_thread_blocked, id=3012, stack(0x0000003527900000,0x0000003527a00000)]
  0x000001d68a6f6bc0 JavaThread "jar transforms Thread 6" [_thread_blocked, id=9536, stack(0x0000003527a00000,0x0000003527b00000)]
  0x000001d68a6f88a0 JavaThread "jar transforms Thread 7" [_thread_blocked, id=8424, stack(0x0000003527b00000,0x0000003527c00000)]
  0x000001d68a6f7090 JavaThread "jar transforms Thread 8" [_thread_blocked, id=10940, stack(0x0000003527c00000,0x0000003527d00000)]
  0x000001d68a6f36d0 JavaThread "jar transforms Thread 9" [_thread_blocked, id=9600, stack(0x0000003527d00000,0x0000003527e00000)]
  0x000001d68a6f9710 JavaThread "jar transforms Thread 10" [_thread_blocked, id=6608, stack(0x0000003527e00000,0x0000003527f00000)]
  0x000001d68a6f8d70 JavaThread "jar transforms Thread 11" [_thread_blocked, id=4620, stack(0x0000003527f00000,0x0000003528000000)]
  0x000001d68a6f3ba0 JavaThread "jar transforms Thread 12" [_thread_blocked, id=10104, stack(0x0000003528000000,0x0000003528100000)]
  0x000001d68a6f4a10 JavaThread "build event listener" [_thread_blocked, id=3972, stack(0x0000003528100000,0x0000003528200000)]
  0x000001d68a6f7560 JavaThread "Memory manager" [_thread_blocked, id=6264, stack(0x0000003528200000,0x0000003528300000)]

Other Threads:
=>0x000001d686f69a00 VMThread "VM Thread" [stack: 0x000000351cb00000,0x000000351cc00000] [id=9564]
  0x000001d6eccbf060 WatcherThread [stack: 0x000000351d700000,0x000000351d800000] [id=2040]
  0x000001d6ecca5470 GCTaskThread "GC Thread#0" [stack: 0x000000351c600000,0x000000351c700000] [id=10572]
  0x000001d687df4d40 GCTaskThread "GC Thread#1" [stack: 0x000000351da00000,0x000000351db00000] [id=9968]
  0x000001d68813d640 GCTaskThread "GC Thread#2" [stack: 0x000000351db00000,0x000000351dc00000] [id=5104]
  0x000001d68809d410 GCTaskThread "GC Thread#3" [stack: 0x000000351dc00000,0x000000351dd00000] [id=8376]
  0x000001d6890b42e0 GCTaskThread "GC Thread#4" [stack: 0x000000351dd00000,0x000000351de00000] [id=4168]
  0x000001d68a598d70 GCTaskThread "GC Thread#5" [stack: 0x000000351e800000,0x000000351e900000] [id=3916]
  0x000001d68a684a80 GCTaskThread "GC Thread#6" [stack: 0x000000351e900000,0x000000351ea00000] [id=3396]
  0x000001d688e90100 GCTaskThread "GC Thread#7" [stack: 0x000000351ea00000,0x000000351eb00000] [id=7052]
  0x000001d68925c800 GCTaskThread "GC Thread#8" [stack: 0x000000351eb00000,0x000000351ec00000] [id=6788]
  0x000001d68a78f300 GCTaskThread "GC Thread#9" [stack: 0x000000351ec00000,0x000000351ed00000] [id=6408]
  0x000001d6eccb62c0 ConcurrentGCThread "G1 Main Marker" [stack: 0x000000351c700000,0x000000351c800000] [id=3532]
  0x000001d6eccb9390 ConcurrentGCThread "G1 Conc#0" [stack: 0x000000351c800000,0x000000351c900000] [id=10228]
  0x000001d68a0edff0 ConcurrentGCThread "G1 Conc#1" [stack: 0x000000351ed00000,0x000000351ee00000] [id=6692]
  0x000001d6892cdc00 ConcurrentGCThread "G1 Conc#2" [stack: 0x000000351ee00000,0x000000351ef00000] [id=9492]
  0x000001d686dc20c0 ConcurrentGCThread "G1 Refine#0" [stack: 0x000000351c900000,0x000000351ca00000] [id=3336]
  0x000001d68acaa7a0 ConcurrentGCThread "G1 Refine#1" [stack: 0x000000351ff00000,0x0000003520000000] [id=9744]
  0x000001d686dc29f0 ConcurrentGCThread "G1 Service" [stack: 0x000000351ca00000,0x000000351cb00000] [id=4160]

Threads with active compile tasks:
C2 CompilerThread0     8144 8369       4       groovy.lang.MetaMethod::getMopName (105 bytes)
C2 CompilerThread1     8144 8312       4       groovy.lang.MetaClassImpl$1MOPIter::methodNameAction (325 bytes)
C2 CompilerThread2     8144 8318       4       java.beans.Introspector::addMethod (196 bytes)

VM state: at safepoint (normal execution)

VM Mutex/Monitor currently owned by a thread:  ([mutex/lock_event])
[0x000001d6ecc495f0] Threads_lock - owner thread: 0x000001d686f69a00
[0x000001d6ecc49cb0] Heap_lock - owner thread: 0x000001d6eccb62c0

Heap address: 0x0000000080000000, size: 2048 MB, Compressed Oops mode: 32-bit

CDS archive(s) not mapped
Compressed class space mapped at: 0x0000000100000000-0x0000000140000000, reserved size: 1073741824
Narrow klass base: 0x0000000000000000, Narrow klass shift: 3, Narrow klass range: 0x140000000

GC Precious Log:
 CPUs: 12 total, 12 available
 Memory: 8125M
 Large Page Support: Disabled
 NUMA Support: Disabled
 Compressed Oops: Enabled (32-bit)
 Heap Region Size: 1M
 Heap Min Capacity: 8M
 Heap Initial Capacity: 128M
 Heap Max Capacity: 2G
 Pre-touch: Disabled
 Parallel Workers: 10
 Concurrent Workers: 3
 Concurrent Refinement Workers: 10
 Periodic GC: Disabled

Heap:
 garbage-first heap   total 121856K, used 76445K [0x0000000080000000, 0x0000000100000000)
  region size 1024K, 12 young (12288K), 5 survivors (5120K)
 Metaspace       used 81598K, committed 82176K, reserved 1122304K
  class space    used 11116K, committed 11392K, reserved 1048576K

Heap Regions: E=young(eden), S=young(survivor), O=old, HS=humongous(starts), HC=humongous(continues), CS=collection set, F=free, OA=open archive, CA=closed archive, TAMS=top-at-mark-start (previous, next)
|   0|0x0000000080000000, 0x0000000080100000, 0x0000000080100000|100%|HS|  |TAMS 0x0000000080100000, 0x0000000080000000| Complete 
|   1|0x0000000080100000, 0x0000000080200000, 0x0000000080200000|100%|HC|  |TAMS 0x0000000080200000, 0x0000000080100000| Complete 
|   2|0x0000000080200000, 0x0000000080300000, 0x0000000080300000|100%|HC|  |TAMS 0x0000000080300000, 0x0000000080200000| Complete 
|   3|0x0000000080300000, 0x0000000080400000, 0x0000000080400000|100%|HC|  |TAMS 0x0000000080400000, 0x0000000080300000| Complete 
|   4|0x0000000080400000, 0x0000000080500000, 0x0000000080500000|100%| O|  |TAMS 0x0000000080500000, 0x0000000080400000| Untracked 
|   5|0x0000000080500000, 0x0000000080600000, 0x0000000080600000|100%| O|  |TAMS 0x0000000080600000, 0x0000000080500000| Untracked 
|   6|0x0000000080600000, 0x0000000080700000, 0x0000000080700000|100%| O|  |TAMS 0x0000000080700000, 0x0000000080600000| Untracked 
|   7|0x0000000080700000, 0x0000000080800000, 0x0000000080800000|100%| O|  |TAMS 0x0000000080800000, 0x0000000080700000| Untracked 
|   8|0x0000000080800000, 0x0000000080900000, 0x0000000080900000|100%| O|  |TAMS 0x0000000080900000, 0x0000000080800000| Untracked 
|   9|0x0000000080900000, 0x0000000080a00000, 0x0000000080a00000|100%| O|  |TAMS 0x0000000080a00000, 0x0000000080900000| Untracked 
|  10|0x0000000080a00000, 0x0000000080b00000, 0x0000000080b00000|100%| O|  |TAMS 0x0000000080b00000, 0x0000000080a00000| Untracked 
|  11|0x0000000080b00000, 0x0000000080c00000, 0x0000000080c00000|100%| O|  |TAMS 0x0000000080c00000, 0x0000000080b00000| Untracked 
|  12|0x0000000080c00000, 0x0000000080d00000, 0x0000000080d00000|100%| O|  |TAMS 0x0000000080d00000, 0x0000000080c00000| Updating 
|  13|0x0000000080d00000, 0x0000000080e00000, 0x0000000080e00000|100%| O|  |TAMS 0x0000000080e00000, 0x0000000080d00000| Untracked 
|  14|0x0000000080e00000, 0x0000000080f00000, 0x0000000080f00000|100%| O|  |TAMS 0x0000000080f00000, 0x0000000080e00000| Untracked 
|  15|0x0000000080f00000, 0x0000000081000000, 0x0000000081000000|100%| O|  |TAMS 0x0000000081000000, 0x0000000080f00000| Untracked 
|  16|0x0000000081000000, 0x0000000081100000, 0x0000000081100000|100%| O|  |TAMS 0x0000000081100000, 0x0000000081000000| Untracked 
|  17|0x0000000081100000, 0x0000000081200000, 0x0000000081200000|100%| O|  |TAMS 0x0000000081200000, 0x0000000081100000| Untracked 
|  18|0x0000000081200000, 0x0000000081300000, 0x0000000081300000|100%| O|  |TAMS 0x0000000081300000, 0x0000000081200000| Untracked 
|  19|0x0000000081300000, 0x0000000081400000, 0x0000000081400000|100%| O|  |TAMS 0x0000000081400000, 0x0000000081300000| Untracked 
|  20|0x0000000081400000, 0x0000000081500000, 0x0000000081500000|100%| O|  |TAMS 0x0000000081500000, 0x0000000081400000| Updating 
|  21|0x0000000081500000, 0x0000000081600000, 0x0000000081600000|100%| O|  |TAMS 0x0000000081600000, 0x0000000081500000| Untracked 
|  22|0x0000000081600000, 0x0000000081700000, 0x0000000081700000|100%| O|  |TAMS 0x0000000081700000, 0x0000000081600000| Untracked 
|  23|0x0000000081700000, 0x0000000081800000, 0x0000000081800000|100%| O|  |TAMS 0x0000000081800000, 0x0000000081700000| Updating 
|  24|0x0000000081800000, 0x0000000081900000, 0x0000000081900000|100%|HS|  |TAMS 0x0000000081900000, 0x0000000081800000| Complete 
|  25|0x0000000081900000, 0x0000000081a00000, 0x0000000081a00000|100%| O|  |TAMS 0x0000000081a00000, 0x0000000081900000| Untracked 
|  26|0x0000000081a00000, 0x0000000081b00000, 0x0000000081b00000|100%| O|  |TAMS 0x0000000081b00000, 0x0000000081a00000| Untracked 
|  27|0x0000000081b00000, 0x0000000081c00000, 0x0000000081c00000|100%| O|  |TAMS 0x0000000081c00000, 0x0000000081b00000| Untracked 
|  28|0x0000000081c00000, 0x0000000081d00000, 0x0000000081d00000|100%| O|  |TAMS 0x0000000081d00000, 0x0000000081c00000| Untracked 
|  29|0x0000000081d00000, 0x0000000081e00000, 0x0000000081e00000|100%| O|  |TAMS 0x0000000081e00000, 0x0000000081d00000| Untracked 
|  30|0x0000000081e00000, 0x0000000081f00000, 0x0000000081f00000|100%| O|  |TAMS 0x0000000081f00000, 0x0000000081e00000| Untracked 
|  31|0x0000000081f00000, 0x0000000082000000, 0x0000000082000000|100%| O|  |TAMS 0x0000000082000000, 0x0000000081f00000| Untracked 
|  32|0x0000000082000000, 0x0000000082100000, 0x0000000082100000|100%| O|  |TAMS 0x0000000082100000, 0x0000000082000000| Untracked 
|  33|0x0000000082100000, 0x0000000082200000, 0x0000000082200000|100%|HS|  |TAMS 0x0000000082200000, 0x0000000082100000| Complete 
|  34|0x0000000082200000, 0x0000000082300000, 0x0000000082300000|100%| O|  |TAMS 0x0000000082300000, 0x0000000082200000| Untracked 
|  35|0x0000000082300000, 0x0000000082400000, 0x0000000082400000|100%| O|  |TAMS 0x0000000082400000, 0x0000000082300000| Updating 
|  36|0x0000000082400000, 0x0000000082500000, 0x0000000082500000|100%| O|  |TAMS 0x0000000082500000, 0x0000000082400000| Untracked 
|  37|0x0000000082500000, 0x0000000082600000, 0x0000000082600000|100%| O|  |TAMS 0x0000000082600000, 0x0000000082500000| Untracked 
|  38|0x0000000082600000, 0x0000000082700000, 0x0000000082700000|100%| O|  |TAMS 0x0000000082700000, 0x0000000082600000| Updating 
|  39|0x0000000082700000, 0x0000000082800000, 0x0000000082800000|100%| O|  |TAMS 0x0000000082800000, 0x0000000082700000| Untracked 
|  40|0x0000000082800000, 0x0000000082900000, 0x0000000082900000|100%| O|  |TAMS 0x0000000082900000, 0x0000000082800000| Untracked 
|  41|0x0000000082900000, 0x0000000082900000, 0x0000000082a00000|  0%| F|  |TAMS 0x0000000082900000, 0x0000000082900000| Untracked 
|  42|0x0000000082a00000, 0x0000000082b00000, 0x0000000082b00000|100%| O|  |TAMS 0x0000000082b00000, 0x0000000082a00000| Untracked 
|  43|0x0000000082b00000, 0x0000000082c00000, 0x0000000082c00000|100%| O|  |TAMS 0x0000000082c00000, 0x0000000082b00000| Updating 
|  44|0x0000000082c00000, 0x0000000082d00000, 0x0000000082d00000|100%| O|  |TAMS 0x0000000082d00000, 0x0000000082c00000| Untracked 
|  45|0x0000000082d00000, 0x0000000082e00000, 0x0000000082e00000|100%| O|  |TAMS 0x0000000082e00000, 0x0000000082d00000| Updating 
|  46|0x0000000082e00000, 0x0000000082f00000, 0x0000000082f00000|100%| O|  |TAMS 0x0000000082f00000, 0x0000000082e00000| Untracked 
|  47|0x0000000082f00000, 0x0000000083000000, 0x0000000083000000|100%| O|  |TAMS 0x0000000083000000, 0x0000000082f00000| Untracked 
|  48|0x0000000083000000, 0x0000000083100000, 0x0000000083100000|100%| O|  |TAMS 0x0000000083100000, 0x0000000083000000| Updating 
|  49|0x0000000083100000, 0x0000000083200000, 0x0000000083200000|100%| O|  |TAMS 0x0000000083200000, 0x0000000083100000| Updating 
|  50|0x0000000083200000, 0x0000000083300000, 0x0000000083300000|100%| O|  |TAMS 0x0000000083300000, 0x0000000083200000| Untracked 
|  51|0x0000000083300000, 0x0000000083400000, 0x0000000083400000|100%| O|  |TAMS 0x0000000083400000, 0x0000000083300000| Untracked 
|  52|0x0000000083400000, 0x0000000083500000, 0x0000000083500000|100%| O|  |TAMS 0x0000000083500000, 0x0000000083400000| Untracked 
|  53|0x0000000083500000, 0x0000000083600000, 0x0000000083600000|100%| O|  |TAMS 0x0000000083600000, 0x0000000083500000| Untracked 
|  54|0x0000000083600000, 0x0000000083700000, 0x0000000083700000|100%| O|  |TAMS 0x0000000083700000, 0x0000000083600000| Untracked 
|  55|0x0000000083700000, 0x0000000083800000, 0x0000000083800000|100%| O|  |TAMS 0x0000000083800000, 0x0000000083700000| Untracked 
|  56|0x0000000083800000, 0x0000000083900000, 0x0000000083900000|100%| O|  |TAMS 0x0000000083900000, 0x0000000083800000| Untracked 
|  57|0x0000000083900000, 0x0000000083a00000, 0x0000000083a00000|100%| O|  |TAMS 0x0000000083a00000, 0x0000000083900000| Untracked 
|  58|0x0000000083a00000, 0x0000000083b00000, 0x0000000083b00000|100%| O|  |TAMS 0x0000000083b00000, 0x0000000083a00000| Untracked 
|  59|0x0000000083b00000, 0x0000000083c00000, 0x0000000083c00000|100%| O|  |TAMS 0x0000000083c00000, 0x0000000083b00000| Untracked 
|  60|0x0000000083c00000, 0x0000000083d00000, 0x0000000083d00000|100%| O|  |TAMS 0x0000000083d00000, 0x0000000083c00000| Untracked 
|  61|0x0000000083d00000, 0x0000000083e00000, 0x0000000083e00000|100%| O|  |TAMS 0x0000000083e00000, 0x0000000083d00000| Untracked 
|  62|0x0000000083e00000, 0x0000000083f00000, 0x0000000083f00000|100%| O|  |TAMS 0x0000000083f00000, 0x0000000083e00000| Untracked 
|  63|0x0000000083f00000, 0x0000000084000000, 0x0000000084000000|100%| O|  |TAMS 0x0000000084000000, 0x0000000083f00000| Updating 
|  64|0x0000000084000000, 0x00000000840a7600, 0x0000000084100000| 65%| O|  |TAMS 0x0000000084034800, 0x0000000084000000| Updating 
|  65|0x0000000084100000, 0x0000000084100000, 0x0000000084200000|  0%| F|  |TAMS 0x0000000084100000, 0x0000000084100000| Untracked 
|  66|0x0000000084200000, 0x0000000084200000, 0x0000000084300000|  0%| F|  |TAMS 0x0000000084200000, 0x0000000084200000| Untracked 
|  67|0x0000000084300000, 0x0000000084300000, 0x0000000084400000|  0%| F|  |TAMS 0x0000000084300000, 0x0000000084300000| Untracked 
|  68|0x0000000084400000, 0x0000000084400000, 0x0000000084500000|  0%| F|  |TAMS 0x0000000084400000, 0x0000000084400000| Untracked 
|  69|0x0000000084500000, 0x0000000084500000, 0x0000000084600000|  0%| F|  |TAMS 0x0000000084500000, 0x0000000084500000| Untracked 
|  70|0x0000000084600000, 0x0000000084600000, 0x0000000084700000|  0%| F|  |TAMS 0x0000000084600000, 0x0000000084600000| Untracked 
|  71|0x0000000084700000, 0x0000000084700000, 0x0000000084800000|  0%| F|  |TAMS 0x0000000084700000, 0x0000000084700000| Untracked 
|  72|0x0000000084800000, 0x0000000084800000, 0x0000000084900000|  0%| F|  |TAMS 0x0000000084800000, 0x0000000084800000| Untracked 
|  73|0x0000000084900000, 0x0000000084900000, 0x0000000084a00000|  0%| F|  |TAMS 0x0000000084900000, 0x0000000084900000| Untracked 
|  74|0x0000000084a00000, 0x0000000084a00000, 0x0000000084b00000|  0%| F|  |TAMS 0x0000000084a00000, 0x0000000084a00000| Untracked 
|  75|0x0000000084b00000, 0x0000000084b00000, 0x0000000084c00000|  0%| F|  |TAMS 0x0000000084b00000, 0x0000000084b00000| Untracked 
|  76|0x0000000084c00000, 0x0000000084c00000, 0x0000000084d00000|  0%| F|  |TAMS 0x0000000084c00000, 0x0000000084c00000| Untracked 
|  77|0x0000000084d00000, 0x0000000084d00000, 0x0000000084e00000|  0%| F|  |TAMS 0x0000000084d00000, 0x0000000084d00000| Untracked 
|  78|0x0000000084e00000, 0x0000000084e00000, 0x0000000084f00000|  0%| F|  |TAMS 0x0000000084e00000, 0x0000000084e00000| Untracked 
|  79|0x0000000084f00000, 0x0000000084f00000, 0x0000000085000000|  0%| F|  |TAMS 0x0000000084f00000, 0x0000000084f00000| Untracked 
|  80|0x0000000085000000, 0x0000000085000000, 0x0000000085100000|  0%| F|  |TAMS 0x0000000085000000, 0x0000000085000000| Untracked 
|  81|0x0000000085100000, 0x0000000085200000, 0x0000000085200000|100%| S|CS|TAMS 0x0000000085100000, 0x0000000085100000| Complete 
|  82|0x0000000085200000, 0x0000000085300000, 0x0000000085300000|100%| S|CS|TAMS 0x0000000085200000, 0x0000000085200000| Complete 
|  83|0x0000000085300000, 0x0000000085400000, 0x0000000085400000|100%| S|CS|TAMS 0x0000000085300000, 0x0000000085300000| Complete 
|  84|0x0000000085400000, 0x0000000085500000, 0x0000000085500000|100%| S|CS|TAMS 0x0000000085400000, 0x0000000085400000| Complete 
|  85|0x0000000085500000, 0x0000000085600000, 0x0000000085600000|100%| S|CS|TAMS 0x0000000085500000, 0x0000000085500000| Complete 
|  86|0x0000000085600000, 0x0000000085600000, 0x0000000085700000|  0%| F|  |TAMS 0x0000000085600000, 0x0000000085600000| Untracked 
|  87|0x0000000085700000, 0x0000000085700000, 0x0000000085800000|  0%| F|  |TAMS 0x0000000085700000, 0x0000000085700000| Untracked 
|  88|0x0000000085800000, 0x0000000085800000, 0x0000000085900000|  0%| F|  |TAMS 0x0000000085800000, 0x0000000085800000| Untracked 
|  89|0x0000000085900000, 0x0000000085900000, 0x0000000085a00000|  0%| F|  |TAMS 0x0000000085900000, 0x0000000085900000| Untracked 
|  90|0x0000000085a00000, 0x0000000085a00000, 0x0000000085b00000|  0%| F|  |TAMS 0x0000000085a00000, 0x0000000085a00000| Untracked 
|  91|0x0000000085b00000, 0x0000000085b00000, 0x0000000085c00000|  0%| F|  |TAMS 0x0000000085b00000, 0x0000000085b00000| Untracked 
|  92|0x0000000085c00000, 0x0000000085c00000, 0x0000000085d00000|  0%| F|  |TAMS 0x0000000085c00000, 0x0000000085c00000| Untracked 
|  93|0x0000000085d00000, 0x0000000085d00000, 0x0000000085e00000|  0%| F|  |TAMS 0x0000000085d00000, 0x0000000085d00000| Untracked 
|  94|0x0000000085e00000, 0x0000000085e00000, 0x0000000085f00000|  0%| F|  |TAMS 0x0000000085e00000, 0x0000000085e00000| Untracked 
|  95|0x0000000085f00000, 0x0000000085f00000, 0x0000000086000000|  0%| F|  |TAMS 0x0000000085f00000, 0x0000000085f00000| Untracked 
|  96|0x0000000086000000, 0x0000000086000000, 0x0000000086100000|  0%| F|  |TAMS 0x0000000086000000, 0x0000000086000000| Untracked 
|  97|0x0000000086100000, 0x0000000086100000, 0x0000000086200000|  0%| F|  |TAMS 0x0000000086100000, 0x0000000086100000| Untracked 
|  98|0x0000000086200000, 0x0000000086200000, 0x0000000086300000|  0%| F|  |TAMS 0x0000000086200000, 0x0000000086200000| Untracked 
|  99|0x0000000086300000, 0x0000000086300000, 0x0000000086400000|  0%| F|  |TAMS 0x0000000086300000, 0x0000000086300000| Untracked 
| 100|0x0000000086400000, 0x0000000086400000, 0x0000000086500000|  0%| F|  |TAMS 0x0000000086400000, 0x0000000086400000| Untracked 
| 101|0x0000000086500000, 0x0000000086500000, 0x0000000086600000|  0%| F|  |TAMS 0x0000000086500000, 0x0000000086500000| Untracked 
| 102|0x0000000086600000, 0x0000000086600000, 0x0000000086700000|  0%| F|  |TAMS 0x0000000086600000, 0x0000000086600000| Untracked 
| 103|0x0000000086700000, 0x0000000086700000, 0x0000000086800000|  0%| F|  |TAMS 0x0000000086700000, 0x0000000086700000| Untracked 
| 104|0x0000000086800000, 0x0000000086800000, 0x0000000086900000|  0%| F|  |TAMS 0x0000000086800000, 0x0000000086800000| Untracked 
| 105|0x0000000086900000, 0x0000000086900000, 0x0000000086a00000|  0%| F|  |TAMS 0x0000000086900000, 0x0000000086900000| Untracked 
| 106|0x0000000086a00000, 0x0000000086a00000, 0x0000000086b00000|  0%| F|  |TAMS 0x0000000086a00000, 0x0000000086a00000| Untracked 
| 107|0x0000000086b00000, 0x0000000086b00000, 0x0000000086c00000|  0%| F|  |TAMS 0x0000000086b00000, 0x0000000086b00000| Untracked 
| 108|0x0000000086c00000, 0x0000000086c00000, 0x0000000086d00000|  0%| F|  |TAMS 0x0000000086c00000, 0x0000000086c00000| Untracked 
| 109|0x0000000086d00000, 0x0000000086d00000, 0x0000000086e00000|  0%| F|  |TAMS 0x0000000086d00000, 0x0000000086d00000| Untracked 
| 110|0x0000000086e00000, 0x0000000086e00000, 0x0000000086f00000|  0%| F|  |TAMS 0x0000000086e00000, 0x0000000086e00000| Untracked 
| 111|0x0000000086f00000, 0x0000000086f00000, 0x0000000087000000|  0%| F|  |TAMS 0x0000000086f00000, 0x0000000086f00000| Untracked 
| 112|0x0000000087000000, 0x0000000087100000, 0x0000000087100000|100%| E|  |TAMS 0x0000000087000000, 0x0000000087000000| Complete 
| 113|0x0000000087100000, 0x0000000087200000, 0x0000000087200000|100%| E|CS|TAMS 0x0000000087100000, 0x0000000087100000| Complete 
| 114|0x0000000087200000, 0x0000000087300000, 0x0000000087300000|100%| E|CS|TAMS 0x0000000087200000, 0x0000000087200000| Complete 
| 115|0x0000000087300000, 0x0000000087400000, 0x0000000087400000|100%| E|CS|TAMS 0x0000000087300000, 0x0000000087300000| Complete 
| 116|0x0000000087400000, 0x0000000087500000, 0x0000000087500000|100%| E|CS|TAMS 0x0000000087400000, 0x0000000087400000| Complete 
| 117|0x0000000087500000, 0x0000000087600000, 0x0000000087600000|100%| E|CS|TAMS 0x0000000087500000, 0x0000000087500000| Complete 
| 127|0x0000000087f00000, 0x0000000088000000, 0x0000000088000000|100%| E|CS|TAMS 0x0000000087f00000, 0x0000000087f00000| Complete 

Card table byte_map: [0x000001d6ffa70000,0x000001d6ffe70000] _byte_map_base: 0x000001d6ff670000

Marking Bits (Prev, Next): (CMBitMap*) 0x000001d6ecca5990, (CMBitMap*) 0x000001d6ecca59d0
 Prev Bits: [0x000001d680400000, 0x000001d682400000)
 Next Bits: [0x000001d682400000, 0x000001d684400000)

Polling page: 0x000001d6eabf0000

Metaspace:

Usage:
  Non-class:     68.83 MB used.
      Class:     10.86 MB used.
       Both:     79.69 MB used.

Virtual space:
  Non-class space:       72.00 MB reserved,      69.12 MB ( 96%) committed,  9 nodes.
      Class space:        1.00 GB reserved,      11.12 MB (  1%) committed,  1 nodes.
             Both:        1.07 GB reserved,      80.25 MB (  7%) committed. 

Chunk freelists:
   Non-Class:  2.69 MB
       Class:  861.00 KB
        Both:  3.53 MB

MaxMetaspaceSize: unlimited
CompressedClassSpaceSize: 1.00 GB
Initial GC threshold: 21.00 MB
Current GC threshold: 127.12 MB
CDS: off
MetaspaceReclaimPolicy: balanced
 - commit_granule_bytes: 65536.
 - commit_granule_words: 8192.
 - virtual_space_node_default_size: 1048576.
 - enlarge_chunks_in_place: 1.
 - new_chunks_are_fully_committed: 0.
 - uncommit_free_chunks: 1.
 - use_allocation_guard: 0.
 - handle_deallocations: 1.


Internal statistics:

num_allocs_failed_limit: 9.
num_arena_births: 738.
num_arena_deaths: 0.
num_vsnodes_births: 10.
num_vsnodes_deaths: 0.
num_space_committed: 1284.
num_space_uncommitted: 0.
num_chunks_returned_to_freelist: 9.
num_chunks_taken_from_freelist: 3604.
num_chunk_merges: 6.
num_chunk_splits: 2395.
num_chunks_enlarged: 1591.
num_purges: 0.
num_inconsistent_stats: 0.

CodeHeap 'non-profiled nmethods': size=120000Kb used=4906Kb max_used=4906Kb free=115093Kb
 bounds [0x000001d6f7bf0000, 0x000001d6f80c0000, 0x000001d6ff120000]
CodeHeap 'profiled nmethods': size=120000Kb used=15024Kb max_used=15024Kb free=104975Kb
 bounds [0x000001d6f0120000, 0x000001d6f0fd0000, 0x000001d6f7650000]
CodeHeap 'non-nmethods': size=5760Kb used=2362Kb max_used=2432Kb free=3397Kb
 bounds [0x000001d6f7650000, 0x000001d6f78c0000, 0x000001d6f7bf0000]
 total_blobs=8472 nmethods=7580 adapters=803
 compilation: enabled
              stopped_count=0, restarted_count=0
 full_count=0

Compilation events (20 events):
Event: 8.081 Thread 0x000001d687850030 8402       3       java.beans.ThreadGroupContext::getContext (16 bytes)
Event: 8.081 Thread 0x000001d687850030 nmethod 8402 0x000001d6f0fc5f10 code [0x000001d6f0fc60c0, 0x000001d6f0fc6388]
Event: 8.081 Thread 0x000001d687850030 8403   !   3       java.beans.WeakIdentityMap::get (278 bytes)
Event: 8.083 Thread 0x000001d687850030 nmethod 8403 0x000001d6f0fc6490 code [0x000001d6f0fc67a0, 0x000001d6f0fc7d28]
Event: 8.083 Thread 0x000001d687850030 8404   !   3       java.beans.WeakIdentityMap::removeStaleEntries (151 bytes)
Event: 8.084 Thread 0x000001d687850030 nmethod 8404 0x000001d6f0fc8790 code [0x000001d6f0fc89e0, 0x000001d6f0fc9738]
Event: 8.084 Thread 0x000001d687850030 8405       3       java.beans.WeakIdentityMap$Entry::isMatched (22 bytes)
Event: 8.084 Thread 0x000001d687850030 nmethod 8405 0x000001d6f0fc9e10 code [0x000001d6f0fc9fa0, 0x000001d6f0fca1f8]
Event: 8.104 Thread 0x000001d687850030 8407       3       java.util.HashMap$Values::iterator (12 bytes)
Event: 8.104 Thread 0x000001d687850030 nmethod 8407 0x000001d6f0fca290 code [0x000001d6f0fca440, 0x000001d6f0fca6a8]
Event: 8.104 Thread 0x000001d687850030 8408       3       java.util.HashMap$ValueIterator::<init> (11 bytes)
Event: 8.104 Thread 0x000001d687850030 nmethod 8408 0x000001d6f0fca790 code [0x000001d6f0fca940, 0x000001d6f0fcaac8]
Event: 8.105 Thread 0x000001d687850030 8409       3       org.codehaus.groovy.reflection.ClassInfo::getWeakMetaClass (21 bytes)
Event: 8.105 Thread 0x000001d687850030 nmethod 8409 0x000001d6f0fcab90 code [0x000001d6f0fcad40, 0x000001d6f0fcb0e8]
Event: 8.105 Thread 0x000001d687850030 8410       3       org.codehaus.groovy.reflection.ClassInfo::isValidWeakMetaClass (30 bytes)
Event: 8.105 Thread 0x000001d687850030 nmethod 8410 0x000001d6f0fcb210 code [0x000001d6f0fcb3c0, 0x000001d6f0fcb778]
Event: 8.109 Thread 0x000001d687850030 8412       1       groovy.lang.MetaClassImpl::getTheClass (5 bytes)
Event: 8.110 Thread 0x000001d687850030 nmethod 8412 0x000001d6f80ba590 code [0x000001d6f80ba720, 0x000001d6f80ba7f8]
Event: 8.110 Thread 0x000001d687850030 8413       3       java.util.ComparableTimSort::mergeCollapse (134 bytes)
Event: 8.111 Thread 0x000001d687850030 nmethod 8413 0x000001d6f0fcb810 code [0x000001d6f0fcb9e0, 0x000001d6f0fcbf08]

GC Heap History (20 events):
Event: 5.842 GC heap before
{Heap before GC invocations=21 (full 0):
 garbage-first heap   total 101376K, used 76146K [0x0000000080000000, 0x0000000100000000)
  region size 1024K, 24 young (24576K), 4 survivors (4096K)
 Metaspace       used 64425K, committed 64896K, reserved 1105920K
  class space    used 8512K, committed 8704K, reserved 1048576K
}
Event: 5.845 GC heap after
{Heap after GC invocations=22 (full 0):
 garbage-first heap   total 101376K, used 52207K [0x0000000080000000, 0x0000000100000000)
  region size 1024K, 2 young (2048K), 2 survivors (2048K)
 Metaspace       used 64425K, committed 64896K, reserved 1105920K
  class space    used 8512K, committed 8704K, reserved 1048576K
}
Event: 6.056 GC heap before
{Heap before GC invocations=22 (full 0):
 garbage-first heap   total 101376K, used 74735K [0x0000000080000000, 0x0000000100000000)
  region size 1024K, 24 young (24576K), 2 survivors (2048K)
 Metaspace       used 66243K, committed 66816K, reserved 1114112K
  class space    used 8743K, committed 9024K, reserved 1048576K
}
Event: 6.059 GC heap after
{Heap after GC invocations=23 (full 0):
 garbage-first heap   total 101376K, used 54188K [0x0000000080000000, 0x0000000100000000)
  region size 1024K, 2 young (2048K), 2 survivors (2048K)
 Metaspace       used 66243K, committed 66816K, reserved 1114112K
  class space    used 8743K, committed 9024K, reserved 1048576K
}
Event: 6.271 GC heap before
{Heap before GC invocations=24 (full 0):
 garbage-first heap   total 101376K, used 77740K [0x0000000080000000, 0x0000000100000000)
  region size 1024K, 25 young (25600K), 2 survivors (2048K)
 Metaspace       used 67482K, committed 68096K, reserved 1114112K
  class space    used 8918K, committed 9216K, reserved 1048576K
}
Event: 6.274 GC heap after
{Heap after GC invocations=25 (full 0):
 garbage-first heap   total 101376K, used 54875K [0x0000000080000000, 0x0000000100000000)
  region size 1024K, 4 young (4096K), 4 survivors (4096K)
 Metaspace       used 67482K, committed 68096K, reserved 1114112K
  class space    used 8918K, committed 9216K, reserved 1048576K
}
Event: 6.280 GC heap before
{Heap before GC invocations=25 (full 0):
 garbage-first heap   total 101376K, used 55899K [0x0000000080000000, 0x0000000100000000)
  region size 1024K, 5 young (5120K), 4 survivors (4096K)
 Metaspace       used 67482K, committed 68096K, reserved 1114112K
  class space    used 8918K, committed 9216K, reserved 1048576K
}
Event: 6.282 GC heap after
{Heap after GC invocations=26 (full 0):
 garbage-first heap   total 121856K, used 54290K [0x0000000080000000, 0x0000000100000000)
  region size 1024K, 1 young (1024K), 1 survivors (1024K)
 Metaspace       used 67482K, committed 68096K, reserved 1114112K
  class space    used 8918K, committed 9216K, reserved 1048576K
}
Event: 6.567 GC heap before
{Heap before GC invocations=26 (full 0):
 garbage-first heap   total 121856K, used 90130K [0x0000000080000000, 0x0000000100000000)
  region size 1024K, 36 young (36864K), 1 survivors (1024K)
 Metaspace       used 69219K, committed 69760K, reserved 1114112K
  class space    used 9161K, committed 9408K, reserved 1048576K
}
Event: 6.569 GC heap after
{Heap after GC invocations=27 (full 0):
 garbage-first heap   total 121856K, used 57005K [0x0000000080000000, 0x0000000100000000)
  region size 1024K, 3 young (3072K), 3 survivors (3072K)
 Metaspace       used 69219K, committed 69760K, reserved 1114112K
  class space    used 9161K, committed 9408K, reserved 1048576K
}
Event: 6.993 GC heap before
{Heap before GC invocations=27 (full 0):
 garbage-first heap   total 121856K, used 92845K [0x0000000080000000, 0x0000000100000000)
  region size 1024K, 38 young (38912K), 3 survivors (3072K)
 Metaspace       used 73508K, committed 74112K, reserved 1114112K
  class space    used 9957K, committed 10240K, reserved 1048576K
}
Event: 6.996 GC heap after
{Heap after GC invocations=28 (full 0):
 garbage-first heap   total 121856K, used 59315K [0x0000000080000000, 0x0000000100000000)
  region size 1024K, 3 young (3072K), 3 survivors (3072K)
 Metaspace       used 73508K, committed 74112K, reserved 1114112K
  class space    used 9957K, committed 10240K, reserved 1048576K
}
Event: 7.429 GC heap before
{Heap before GC invocations=28 (full 0):
 garbage-first heap   total 121856K, used 95155K [0x0000000080000000, 0x0000000100000000)
  region size 1024K, 38 young (38912K), 3 survivors (3072K)
 Metaspace       used 77241K, committed 77760K, reserved 1122304K
  class space    used 10502K, committed 10752K, reserved 1048576K
}
Event: 7.433 GC heap after
{Heap after GC invocations=29 (full 0):
 garbage-first heap   total 121856K, used 61833K [0x0000000080000000, 0x0000000100000000)
  region size 1024K, 5 young (5120K), 5 survivors (5120K)
 Metaspace       used 77241K, committed 77760K, reserved 1122304K
  class space    used 10502K, committed 10752K, reserved 1048576K
}
Event: 7.858 GC heap before
{Heap before GC invocations=30 (full 0):
 garbage-first heap   total 121856K, used 96649K [0x0000000080000000, 0x0000000100000000)
  region size 1024K, 39 young (39936K), 5 survivors (5120K)
 Metaspace       used 81049K, committed 81664K, reserved 1122304K
  class space    used 11046K, committed 11328K, reserved 1048576K
}
Event: 7.863 GC heap after
{Heap after GC invocations=31 (full 0):
 garbage-first heap   total 121856K, used 65119K [0x0000000080000000, 0x0000000100000000)
  region size 1024K, 4 young (4096K), 4 survivors (4096K)
 Metaspace       used 81049K, committed 81664K, reserved 1122304K
  class space    used 11046K, committed 11328K, reserved 1048576K
}
Event: 7.884 GC heap before
{Heap before GC invocations=31 (full 0):
 garbage-first heap   total 121856K, used 66143K [0x0000000080000000, 0x0000000100000000)
  region size 1024K, 5 young (5120K), 4 survivors (4096K)
 Metaspace       used 81209K, committed 81792K, reserved 1122304K
  class space    used 11070K, committed 11328K, reserved 1048576K
}
Event: 7.887 GC heap after
{Heap after GC invocations=32 (full 0):
 garbage-first heap   total 121856K, used 65373K [0x0000000080000000, 0x0000000100000000)
  region size 1024K, 1 young (1024K), 1 survivors (1024K)
 Metaspace       used 81209K, committed 81792K, reserved 1122304K
  class space    used 11070K, committed 11328K, reserved 1048576K
}
Event: 8.067 GC heap before
{Heap before GC invocations=32 (full 0):
 garbage-first heap   total 121856K, used 98141K [0x0000000080000000, 0x0000000100000000)
  region size 1024K, 33 young (33792K), 1 survivors (1024K)
 Metaspace       used 81581K, committed 82176K, reserved 1122304K
  class space    used 11115K, committed 11392K, reserved 1048576K
}
Event: 8.071 GC heap after
{Heap after GC invocations=33 (full 0):
 garbage-first heap   total 121856K, used 70301K [0x0000000080000000, 0x0000000100000000)
  region size 1024K, 5 young (5120K), 5 survivors (5120K)
 Metaspace       used 81581K, committed 82176K, reserved 1122304K
  class space    used 11115K, committed 11392K, reserved 1048576K
}

Dll operation events (2 events):
Event: 0.006 Loaded shared library C:\Program Files\Android\Android Studio\jbr\bin\java.dll
Event: 0.361 Loaded shared library C:\Program Files\Android\Android Studio\jbr\bin\verify.dll

Deoptimization events (20 events):
Event: 7.853 Thread 0x000001d68a30f540 Uncommon trap: trap_request=0xffffff76 fr.pc=0x000001d6f8099da4 relative=0x0000000000000084
Event: 7.853 Thread 0x000001d68a30f540 Uncommon trap: reason=predicate action=maybe_recompile pc=0x000001d6f8099da4 method=java.util.TimSort.binarySort([Ljava/lang/Object;IIILjava/util/Comparator;)V @ 34 c2
Event: 7.853 Thread 0x000001d68a30f540 DEOPT PACKING pc=0x000001d6f8099da4 sp=0x000000351e4f9fb0
Event: 7.853 Thread 0x000001d68a30f540 DEOPT UNPACKING pc=0x000001d6f76a69a3 sp=0x000000351e4f9f60 mode 2
Event: 7.888 Thread 0x000001d68a30f540 Uncommon trap: trap_request=0xffffff45 fr.pc=0x000001d6f8015758 relative=0x0000000000000618
Event: 7.888 Thread 0x000001d68a30f540 Uncommon trap: reason=unstable_if action=reinterpret pc=0x000001d6f8015758 method=java.util.HashMap$HashIterator.<init>(Ljava/util/HashMap;)V @ 45 c2
Event: 7.888 Thread 0x000001d68a30f540 DEOPT PACKING pc=0x000001d6f8015758 sp=0x000000351e4fbdb0
Event: 7.888 Thread 0x000001d68a30f540 DEOPT UNPACKING pc=0x000001d6f76a69a3 sp=0x000000351e4fbc40 mode 2
Event: 7.945 Thread 0x000001d68a30f540 Uncommon trap: trap_request=0xffffff45 fr.pc=0x000001d6f7d2df58 relative=0x00000000000011d8
Event: 7.945 Thread 0x000001d68a30f540 Uncommon trap: reason=unstable_if action=reinterpret pc=0x000001d6f7d2df58 method=org.codehaus.groovy.reflection.CachedMethod.compareToMethod(Ljava/lang/reflect/Method;)I @ 71 c2
Event: 7.945 Thread 0x000001d68a30f540 DEOPT PACKING pc=0x000001d6f7d2df58 sp=0x000000351e4f77d0
Event: 7.945 Thread 0x000001d68a30f540 DEOPT UNPACKING pc=0x000001d6f76a69a3 sp=0x000000351e4f7730 mode 2
Event: 7.947 Thread 0x000001d68a30f540 Uncommon trap: trap_request=0xffffff45 fr.pc=0x000001d6f7c33f70 relative=0x00000000000011b0
Event: 7.947 Thread 0x000001d68a30f540 Uncommon trap: reason=unstable_if action=reinterpret pc=0x000001d6f7c33f70 method=java.lang.ClassLoader.checkCerts(Ljava/lang/String;Ljava/security/CodeSource;)V @ 30 c2
Event: 7.947 Thread 0x000001d68a30f540 DEOPT PACKING pc=0x000001d6f7c33f70 sp=0x000000351e4f7990
Event: 7.947 Thread 0x000001d68a30f540 DEOPT UNPACKING pc=0x000001d6f76a69a3 sp=0x000000351e4f7908 mode 2
Event: 7.947 Thread 0x000001d68a30f540 Uncommon trap: trap_request=0xffffff45 fr.pc=0x000001d6f7e659d4 relative=0x0000000000000ad4
Event: 7.947 Thread 0x000001d68a30f540 Uncommon trap: reason=unstable_if action=reinterpret pc=0x000001d6f7e659d4 method=java.lang.ClassLoader.loadClass(Ljava/lang/String;Z)Ljava/lang/Class; @ 29 c2
Event: 7.947 Thread 0x000001d68a30f540 DEOPT PACKING pc=0x000001d6f7e659d4 sp=0x000000351e4f3a40
Event: 7.947 Thread 0x000001d68a30f540 DEOPT UNPACKING pc=0x000001d6f76a69a3 sp=0x000000351e4f3a08 mode 2

Classes unloaded (0 events):
No events

Classes redefined (0 events):
No events

Internal exceptions (20 events):
Event: 8.087 Thread 0x000001d68a30f540 Exception <a 'java/lang/ClassNotFoundException'{0x0000000087497c28}: com/android/build/gradle/internal/tasks/DexArchiveBuilderTaskBeanInfo> (0x0000000087497c28) 
thrown [s\src\hotspot\share\classfile\systemDictionary.cpp, line 256]
Event: 8.087 Thread 0x000001d68a30f540 Exception <a 'java/lang/ClassNotFoundException'{0x00000000874a35c0}: com/android/build/gradle/internal/tasks/DexArchiveBuilderTaskCustomizer> (0x00000000874a35c0) 
thrown [s\src\hotspot\share\classfile\systemDictionary.cpp, line 256]
Event: 8.088 Thread 0x000001d68a30f540 Exception <a 'java/lang/ClassNotFoundException'{0x00000000874d30b0}: com/android/build/gradle/internal/tasks/DexArchiveBuilderTask_DecoratedCustomizer> (0x00000000874d30b0) 
thrown [s\src\hotspot\share\classfile\systemDictionary.cpp, line 256]
Event: 8.091 Thread 0x000001d68a30f540 Exception <a 'java/lang/ClassNotFoundException'{0x000000008738c378}: com/android/build/gradle/internal/tasks/MergeNativeLibsTask_DecoratedBeanInfo> (0x000000008738c378) 
thrown [s\src\hotspot\share\classfile\systemDictionary.cpp, line 256]
Event: 8.092 Thread 0x000001d68a30f540 Exception <a 'java/lang/ClassNotFoundException'{0x0000000087397f78}: com/android/build/gradle/internal/tasks/MergeNativeLibsTaskBeanInfo> (0x0000000087397f78) 
thrown [s\src\hotspot\share\classfile\systemDictionary.cpp, line 256]
Event: 8.092 Thread 0x000001d68a30f540 Exception <a 'java/lang/ClassNotFoundException'{0x00000000873a38a0}: com/android/build/gradle/internal/tasks/MergeNativeLibsTaskCustomizer> (0x00000000873a38a0) 
thrown [s\src\hotspot\share\classfile\systemDictionary.cpp, line 256]
Event: 8.094 Thread 0x000001d68a30f540 Exception <a 'java/lang/ClassNotFoundException'{0x00000000873d2610}: com/android/build/gradle/internal/tasks/MergeNativeLibsTask_DecoratedCustomizer> (0x00000000873d2610) 
thrown [s\src\hotspot\share\classfile\systemDictionary.cpp, line 256]
Event: 8.097 Thread 0x000001d68a30f540 Exception <a 'java/lang/ClassNotFoundException'{0x0000000087274d28}: com/android/build/gradle/internal/tasks/StripDebugSymbolsTask_DecoratedBeanInfo> (0x0000000087274d28) 
thrown [s\src\hotspot\share\classfile\systemDictionary.cpp, line 256]
Event: 8.098 Thread 0x000001d68a30f540 Exception <a 'java/lang/ClassNotFoundException'{0x0000000087280c28}: com/android/build/gradle/internal/tasks/StripDebugSymbolsTaskBeanInfo> (0x0000000087280c28) 
thrown [s\src\hotspot\share\classfile\systemDictionary.cpp, line 256]
Event: 8.098 Thread 0x000001d68a30f540 Exception <a 'java/lang/ClassNotFoundException'{0x000000008728c5c0}: com/android/build/gradle/internal/tasks/StripDebugSymbolsTaskCustomizer> (0x000000008728c5c0) 
thrown [s\src\hotspot\share\classfile\systemDictionary.cpp, line 256]
Event: 8.099 Thread 0x000001d68a30f540 Exception <a 'java/lang/ClassNotFoundException'{0x00000000872afe88}: com/android/build/gradle/internal/tasks/StripDebugSymbolsTask_DecoratedCustomizer> (0x00000000872afe88) 
thrown [s\src\hotspot\share\classfile\systemDictionary.cpp, line 256]
Event: 8.102 Thread 0x000001d68a30f540 Exception <a 'java/lang/ClassNotFoundException'{0x000000008714b8a8}: com/android/build/gradle/internal/tasks/ValidateSigningTask_DecoratedBeanInfo> (0x000000008714b8a8) 
thrown [s\src\hotspot\share\classfile\systemDictionary.cpp, line 256]
Event: 8.103 Thread 0x000001d68a30f540 Exception <a 'java/lang/ClassNotFoundException'{0x00000000871574a8}: com/android/build/gradle/internal/tasks/ValidateSigningTaskBeanInfo> (0x00000000871574a8) 
thrown [s\src\hotspot\share\classfile\systemDictionary.cpp, line 256]
Event: 8.103 Thread 0x000001d68a30f540 Exception <a 'java/lang/ClassNotFoundException'{0x0000000087162dd0}: com/android/build/gradle/internal/tasks/ValidateSigningTaskCustomizer> (0x0000000087162dd0) 
thrown [s\src\hotspot\share\classfile\systemDictionary.cpp, line 256]
Event: 8.104 Thread 0x000001d68a30f540 Exception <a 'java/lang/ClassNotFoundException'{0x0000000087181eb8}: com/android/build/gradle/internal/tasks/ValidateSigningTask_DecoratedCustomizer> (0x0000000087181eb8) 
thrown [s\src\hotspot\share\classfile\systemDictionary.cpp, line 256]
Event: 8.107 Thread 0x000001d68a30f540 Exception <a 'java/lang/ClassNotFoundException'{0x00000000870193d8}: com/android/build/gradle/internal/tasks/AppMetadataTask_DecoratedBeanInfo> (0x00000000870193d8) 
thrown [s\src\hotspot\share\classfile\systemDictionary.cpp, line 256]
Event: 8.107 Thread 0x000001d68a30f540 Exception <a 'java/lang/ClassNotFoundException'{0x0000000087024f68}: com/android/build/gradle/internal/tasks/AppMetadataTaskBeanInfo> (0x0000000087024f68) 
thrown [s\src\hotspot\share\classfile\systemDictionary.cpp, line 256]
Event: 8.108 Thread 0x000001d68a30f540 Exception <a 'java/lang/ClassNotFoundException'{0x0000000087030868}: com/android/build/gradle/internal/tasks/AppMetadataTaskCustomizer> (0x0000000087030868) 
thrown [s\src\hotspot\share\classfile\systemDictionary.cpp, line 256]
Event: 8.108 Thread 0x000001d68a30f540 Exception <a 'java/lang/ClassNotFoundException'{0x00000000870518d8}: com/android/build/gradle/internal/tasks/AppMetadataTask_DecoratedCustomizer> (0x00000000870518d8) 
thrown [s\src\hotspot\share\classfile\systemDictionary.cpp, line 256]
Event: 8.111 Thread 0x000001d68a30f540 Exception <a 'java/lang/ClassNotFoundException'{0x00000000870ee1e8}: com/android/build/gradle/internal/tasks/SigningConfigVersionsWriterTask_DecoratedBeanInfo> (0x00000000870ee1e8) 
thrown [s\src\hotspot\share\classfile\systemDictionary.cpp, line 256]

VM Operations (20 events):
Event: 7.475 Executing VM operation: G1Concurrent done
Event: 7.489 Executing VM operation: HandshakeAllThreads
Event: 7.489 Executing VM operation: HandshakeAllThreads done
Event: 7.613 Executing VM operation: HandshakeAllThreads
Event: 7.613 Executing VM operation: HandshakeAllThreads done
Event: 7.656 Executing VM operation: HandshakeAllThreads
Event: 7.656 Executing VM operation: HandshakeAllThreads done
Event: 7.721 Executing VM operation: ICBufferFull
Event: 7.721 Executing VM operation: ICBufferFull done
Event: 7.740 Executing VM operation: HandshakeAllThreads
Event: 7.740 Executing VM operation: HandshakeAllThreads done
Event: 7.858 Executing VM operation: G1CollectForAllocation
Event: 7.863 Executing VM operation: G1CollectForAllocation done
Event: 7.884 Executing VM operation: G1CollectForAllocation
Event: 7.887 Executing VM operation: G1CollectForAllocation done
Event: 7.902 Executing VM operation: HandshakeAllThreads
Event: 7.902 Executing VM operation: HandshakeAllThreads done
Event: 8.067 Executing VM operation: G1CollectForAllocation
Event: 8.071 Executing VM operation: G1CollectForAllocation done
Event: 8.112 Executing VM operation: G1Concurrent

Events (20 events):
Event: 7.645 loading class java/util/EnumMap$EnumMapIterator done
Event: 7.645 loading class java/util/EnumMap$EntryIterator done
Event: 7.645 loading class java/util/EnumMap$EntryIterator$Entry
Event: 7.645 loading class java/util/EnumMap$EntryIterator$Entry done
Event: 7.653 loading class jdk/internal/reflect/UnsafeBooleanFieldAccessorImpl
Event: 7.653 loading class jdk/internal/reflect/UnsafeBooleanFieldAccessorImpl done
Event: 7.876 loading class java/util/IdentityHashMap$KeyIterator
Event: 7.876 loading class java/util/IdentityHashMap$IdentityHashMapIterator
Event: 7.876 loading class java/util/IdentityHashMap$IdentityHashMapIterator done
Event: 7.876 loading class java/util/IdentityHashMap$KeyIterator done
Event: 7.942 loading class java/lang/ClassBeanInfo
Event: 7.942 loading class java/lang/ClassBeanInfo done
Event: 7.942 loading class java/lang/ClassBeanInfo
Event: 7.942 loading class java/lang/ClassBeanInfo done
Event: 7.942 loading class java/lang/ClassCustomizer
Event: 7.942 loading class java/lang/ClassCustomizer done
Event: 7.942 loading class java/lang/ClassCustomizer
Event: 7.942 loading class java/lang/ClassCustomizer done
Event: 8.055 loading class java/io/FilterReader
Event: 8.056 loading class java/io/FilterReader done


Dynamic libraries:
0x00007ff73a160000 - 0x00007ff73a16a000 	C:\Program Files\Android\Android Studio\jbr\bin\java.exe
0x00007fff13c30000 - 0x00007fff13e28000 	C:\WINDOWS\SYSTEM32\ntdll.dll
0x00007fff13340000 - 0x00007fff133ff000 	C:\WINDOWS\System32\KERNEL32.DLL
0x00007fff116d0000 - 0x00007fff119aa000 	C:\WINDOWS\System32\KERNELBASE.dll
0x00007fff114c0000 - 0x00007fff115c0000 	C:\WINDOWS\System32\ucrtbase.dll
0x00007fff04cb0000 - 0x00007fff04cc7000 	C:\Program Files\Android\Android Studio\jbr\bin\jli.dll
0x00007fff05bc0000 - 0x00007fff05bdb000 	C:\Program Files\Android\Android Studio\jbr\bin\VCRUNTIME140.dll
0x00007fff12390000 - 0x00007fff1252d000 	C:\WINDOWS\System32\USER32.dll
0x00007fff11bc0000 - 0x00007fff11be2000 	C:\WINDOWS\System32\win32u.dll
0x00007ffefd630000 - 0x00007ffefd8ca000 	C:\WINDOWS\WinSxS\amd64_microsoft.windows.common-controls_6595b64144ccf1df_6.0.19041.1110_none_60b5254171f9507e\COMCTL32.dll
0x00007fff13310000 - 0x00007fff1333b000 	C:\WINDOWS\System32\GDI32.dll
0x00007fff13b50000 - 0x00007fff13bee000 	C:\WINDOWS\System32\msvcrt.dll
0x00007fff115c0000 - 0x00007fff116d0000 	C:\WINDOWS\System32\gdi32full.dll
0x00007fff11340000 - 0x00007fff113dd000 	C:\WINDOWS\System32\msvcp_win.dll
0x00007fff12560000 - 0x00007fff12590000 	C:\WINDOWS\System32\IMM32.DLL
0x00007fff04ac0000 - 0x00007fff04acc000 	C:\Program Files\Android\Android Studio\jbr\bin\vcruntime140_1.dll
0x00007ffef4650000 - 0x00007ffef46dd000 	C:\Program Files\Android\Android Studio\jbr\bin\msvcp140.dll
0x00007ffee6380000 - 0x00007ffee6fed000 	C:\Program Files\Android\Android Studio\jbr\bin\server\jvm.dll
0x00007fff12070000 - 0x00007fff1211e000 	C:\WINDOWS\System32\ADVAPI32.dll
0x00007fff11c90000 - 0x00007fff11d2c000 	C:\WINDOWS\System32\sechost.dll
0x00007fff13150000 - 0x00007fff13276000 	C:\WINDOWS\System32\RPCRT4.dll
0x00007fff0ce30000 - 0x00007fff0ce39000 	C:\WINDOWS\SYSTEM32\WSOCK32.dll
0x00007fff041f0000 - 0x00007fff04217000 	C:\WINDOWS\SYSTEM32\WINMM.dll
0x00007fff0b6a0000 - 0x00007fff0b6aa000 	C:\WINDOWS\SYSTEM32\VERSION.dll
0x00007fff12ed0000 - 0x00007fff12f3b000 	C:\WINDOWS\System32\WS2_32.dll
0x00007fff0f220000 - 0x00007fff0f232000 	C:\WINDOWS\SYSTEM32\kernel.appcore.dll
0x00007fff0ca60000 - 0x00007fff0ca6a000 	C:\Program Files\Android\Android Studio\jbr\bin\jimage.dll
0x00007fff03770000 - 0x00007fff03954000 	C:\WINDOWS\SYSTEM32\DBGHELP.DLL
0x00007ffefcb50000 - 0x00007ffefcb84000 	C:\WINDOWS\SYSTEM32\dbgcore.DLL
0x00007fff113e0000 - 0x00007fff11462000 	C:\WINDOWS\System32\bcryptPrimitives.dll
0x00007fff09bd0000 - 0x00007fff09bf5000 	C:\Program Files\Android\Android Studio\jbr\bin\java.dll
0x00007fff0b010000 - 0x00007fff0b028000 	C:\Program Files\Android\Android Studio\jbr\bin\zip.dll
0x00007fff13400000 - 0x00007fff13b44000 	C:\WINDOWS\System32\SHELL32.dll
0x00007fff0f420000 - 0x00007fff0fbb3000 	C:\WINDOWS\SYSTEM32\windows.storage.dll
0x00007fff12b70000 - 0x00007fff12ec4000 	C:\WINDOWS\System32\combase.dll
0x00007fff10d30000 - 0x00007fff10d5e000 	C:\WINDOWS\SYSTEM32\Wldp.dll
0x00007fff12a60000 - 0x00007fff12b0d000 	C:\WINDOWS\System32\SHCORE.dll
0x00007fff12b10000 - 0x00007fff12b65000 	C:\WINDOWS\System32\shlwapi.dll
0x00007fff11280000 - 0x00007fff1129f000 	C:\WINDOWS\SYSTEM32\profapi.dll
0x00007fff0af80000 - 0x00007fff0af99000 	C:\Program Files\Android\Android Studio\jbr\bin\net.dll
0x00007fff0b590000 - 0x00007fff0b69a000 	C:\WINDOWS\SYSTEM32\WINHTTP.dll
0x00007fff10a20000 - 0x00007fff10a8a000 	C:\WINDOWS\system32\mswsock.dll
0x00007fff09bb0000 - 0x00007fff09bc6000 	C:\Program Files\Android\Android Studio\jbr\bin\nio.dll
0x00007fff0af40000 - 0x00007fff0af50000 	C:\Program Files\Android\Android Studio\jbr\bin\verify.dll
0x00007ffefdfe0000 - 0x00007ffefe007000 	C:\Users\Pasha\.gradle\native\68d5fa5c4cc2d200863cafc0d521ce42e7d3e7ee720ec0a83991735586a16f82\windows-amd64\native-platform.dll
0x00007ffef4500000 - 0x00007ffef4644000 	C:\Users\Pasha\.gradle\native\e376f236ea51e6404a007f0833ffe2c6e607c4080706a723a18a27aeea778392\windows-amd64\native-platform-file-events.dll
0x00007fff0c4c0000 - 0x00007fff0c4c9000 	C:\Program Files\Android\Android Studio\jbr\bin\management.dll
0x00007fff0bbb0000 - 0x00007fff0bbbb000 	C:\Program Files\Android\Android Studio\jbr\bin\management_ext.dll
0x00007fff12550000 - 0x00007fff12558000 	C:\WINDOWS\System32\PSAPI.DLL
0x00007fff10c20000 - 0x00007fff10c38000 	C:\WINDOWS\SYSTEM32\CRYPTSP.dll
0x00007fff10340000 - 0x00007fff10374000 	C:\WINDOWS\system32\rsaenh.dll
0x00007fff11bf0000 - 0x00007fff11c17000 	C:\WINDOWS\System32\bcrypt.dll
0x00007fff11200000 - 0x00007fff1122e000 	C:\WINDOWS\SYSTEM32\USERENV.dll
0x00007fff10c10000 - 0x00007fff10c1c000 	C:\WINDOWS\SYSTEM32\CRYPTBASE.dll
0x00007fff10710000 - 0x00007fff1074c000 	C:\WINDOWS\SYSTEM32\IPHLPAPI.DLL
0x00007fff11f40000 - 0x00007fff11f48000 	C:\WINDOWS\System32\NSI.dll
0x00007fff0bc70000 - 0x00007fff0bc87000 	C:\WINDOWS\SYSTEM32\dhcpcsvc6.DLL
0x00007fff0bc50000 - 0x00007fff0bc6d000 	C:\WINDOWS\SYSTEM32\dhcpcsvc.DLL
0x00007fff10750000 - 0x00007fff1081b000 	C:\WINDOWS\SYSTEM32\DNSAPI.dll
0x00007fff09ba0000 - 0x00007fff09ba7000 	C:\WINDOWS\system32\wshunix.dll

dbghelp: loaded successfully - version: 4.0.5 - missing functions: none
symbol engine: initialized successfully - sym options: 0x614 - pdb path: .;C:\Program Files\Android\Android Studio\jbr\bin;C:\WINDOWS\SYSTEM32;C:\WINDOWS\WinSxS\amd64_microsoft.windows.common-controls_6595b64144ccf1df_6.0.19041.1110_none_60b5254171f9507e;C:\Program Files\Android\Android Studio\jbr\bin\server;C:\Users\Pasha\.gradle\native\68d5fa5c4cc2d200863cafc0d521ce42e7d3e7ee720ec0a83991735586a16f82\windows-amd64;C:\Users\Pasha\.gradle\native\e376f236ea51e6404a007f0833ffe2c6e607c4080706a723a18a27aeea778392\windows-amd64

VM Arguments:
jvm_args: --add-opens=java.base/java.util=ALL-UNNAMED --add-opens=java.base/java.lang=ALL-UNNAMED --add-opens=java.base/java.lang.invoke=ALL-UNNAMED --add-opens=java.prefs/java.util.prefs=ALL-UNNAMED --add-opens=java.base/java.nio.charset=ALL-UNNAMED --add-opens=java.base/java.net=ALL-UNNAMED --add-opens=java.base/java.util.concurrent.atomic=ALL-UNNAMED -Xmx2048m -Dfile.encoding=UTF-8 -Duser.country=RU -Duser.language=ru -Duser.variant 
java_command: org.gradle.launcher.daemon.bootstrap.GradleDaemon 8.0
java_class_path (initial): C:\Users\Pasha\.gradle\wrapper\dists\gradle-8.0-bin\ca5e32bp14vu59qr306oxotwh\gradle-8.0\lib\gradle-launcher-8.0.jar
Launcher Type: SUN_STANDARD

[Global flags]
     intx CICompilerCount                          = 4                                         {product} {ergonomic}
     uint ConcGCThreads                            = 3                                         {product} {ergonomic}
     uint G1ConcRefinementThreads                  = 10                                        {product} {ergonomic}
   size_t G1HeapRegionSize                         = 1048576                                   {product} {ergonomic}
    uintx GCDrainStackTargetSize                   = 64                                        {product} {ergonomic}
   size_t InitialHeapSize                          = 134217728                                 {product} {ergonomic}
   size_t MarkStackSize                            = 4194304                                   {product} {ergonomic}
   size_t MaxHeapSize                              = 2147483648                                {product} {command line}
   size_t MaxNewSize                               = 1287651328                                {product} {ergonomic}
   size_t MinHeapDeltaBytes                        = 1048576                                   {product} {ergonomic}
   size_t MinHeapSize                              = 8388608                                   {product} {ergonomic}
    uintx NonNMethodCodeHeapSize                   = 5839372                                {pd product} {ergonomic}
    uintx NonProfiledCodeHeapSize                  = 122909434                              {pd product} {ergonomic}
    uintx ProfiledCodeHeapSize                     = 122909434                              {pd product} {ergonomic}
    uintx ReservedCodeCacheSize                    = 251658240                              {pd product} {ergonomic}
     bool SegmentedCodeCache                       = true                                      {product} {ergonomic}
   size_t SoftMaxHeapSize                          = 2147483648                             {manageable} {ergonomic}
     bool UseCompressedClassPointers               = true                           {product lp64_product} {ergonomic}
     bool UseCompressedOops                        = true                           {product lp64_product} {ergonomic}
     bool UseG1GC                                  = true                                      {product} {ergonomic}
     bool UseLargePagesIndividualAllocation        = false                                  {pd product} {ergonomic}

Logging:
Log output configuration:
 #0: stdout all=warning uptime,level,tags
 #1: stderr all=off uptime,level,tags

Environment Variables:
PATH=C:\WINDOWS\system32;C:\WINDOWS;C:\WINDOWS\System32\Wbem;C:\WINDOWS\System32\WindowsPowerShell\v1.0\;C:\WINDOWS\System32\OpenSSH\;C:\Program Files (x86)\NVIDIA Corporation\PhysX\Common;C:\Users\Pasha\AppData\Local\Microsoft\WindowsApps;
USERNAME=Pasha
OS=Windows_NT
PROCESSOR_IDENTIFIER=AMD64 Family 23 Model 1 Stepping 1, AuthenticAMD
TMP=C:\Users\Pasha\AppData\Local\Temp
TEMP=C:\Users\Pasha\AppData\Local\Temp



---------------  S Y S T E M  ---------------

OS:
 Windows 10 , 64 bit Build 19041 (10.0.19041.2788)
OS uptime: 2 days 1:32 hours

CPU: total 12 (initial active 12) (12 cores per cpu, 2 threads per core) family 23 model 1 stepping 1 microcode 0x0, cx8, cmov, fxsr, ht, mmx, 3dnowpref, sse, sse2, sse3, ssse3, sse4a, sse4.1, sse4.2, popcnt, lzcnt, tsc, tscinvbit, avx, avx2, aes, clmul, bmi1, bmi2, adx, sha, fma, vzeroupper, clflush, clflushopt

Memory: 4k page, system-wide physical 8125M (1840M free)
TotalPageFile size 8125M (AvailPageFile size 11M)
current process WorkingSet (physical memory assigned to process): 362M, peak: 365M
current process commit charge ("private bytes"): 403M, peak: 412M

vm_info: OpenJDK 64-Bit Server VM (17.0.6+0-b2043.56-9586694) for windows-amd64 JRE (17.0.6+0-b2043.56-9586694), built on Feb  9 2023 20:06:20 by "androidbuild" with MS VC++ 16.10 / 16.11 (VS2019)

END.
