#
# There is insufficient memory for the Java Runtime Environment to continue.
# Native memory allocation (mmap) failed to map 16777216 bytes for G1 virtual space
# Possible reasons:
#   The system is out of physical RAM or swap space
#   The process is running with CompressedOops enabled, and the Java Heap may be blocking the growth of the native heap
# Possible solutions:
#   Reduce memory load on the system
#   Increase physical memory or swap space
#   Check if swap backing store is full
#   Decrease Java heap size (-Xmx/-Xms)
#   Decrease number of Java threads
#   Decrease Java thread stack sizes (-Xss)
#   Set larger code cache with -XX:ReservedCodeCacheSize=
#   JVM is running with Unscaled Compressed Oops mode in which the Java heap is
#     placed in the first 4GB address space. The Java Heap base address is the
#     maximum limit for the native heap growth. Please use -XX:HeapBaseMinAddress
#     to set the Java Heap base and to place the Java Heap above 4GB virtual address.
# This output file may be truncated or incomplete.
#
#  Out of Memory Error (os_windows.cpp:3769), pid=7668, tid=10364
#
# JRE version: OpenJDK Runtime Environment (17.0.6) (build 17.0.6+0-b2043.56-9586694)
# Java VM: OpenJDK 64-Bit Server VM (17.0.6+0-b2043.56-9586694, mixed mode, tiered, compressed oops, compressed class ptrs, g1 gc, windows-amd64)
# No core dump will be written. Minidumps are not enabled by default on client versions of Windows
#

---------------  S U M M A R Y ------------

Command Line: --add-opens=java.base/java.util=ALL-UNNAMED --add-opens=java.base/java.lang=ALL-UNNAMED --add-opens=java.base/java.lang.invoke=ALL-UNNAMED --add-opens=java.prefs/java.util.prefs=ALL-UNNAMED --add-opens=java.base/java.nio.charset=ALL-UNNAMED --add-opens=java.base/java.net=ALL-UNNAMED --add-opens=java.base/java.util.concurrent.atomic=ALL-UNNAMED -Xmx2048m -Dfile.encoding=UTF-8 -Duser.country=RU -Duser.language=ru -Duser.variant org.gradle.launcher.daemon.bootstrap.GradleDaemon 8.0

Host: AMD Ryzen 5 1600 Six-Core Processor            , 12 cores, 7G,  Windows 10 , 64 bit Build 19041 (10.0.19041.2788)
Time: Tue Apr 25 23:05:07 2023 RTZ 4 (s 10 , 64 bit Build 19041 (10.0.19041.2788) elapsed time: 8.204523 seconds (0d 0h 0m 8s)

---------------  T H R E A D  ---------------

Current thread (0x000001b324963600):  VMThread "VM Thread" [stack: 0x000000a308900000,0x000000a308a00000] [id=10364]

Stack: [0x000000a308900000,0x000000a308a00000]
Native frames: (J=compiled Java code, j=interpreted, Vv=VM code, C=native code)
V  [jvm.dll+0x683b4a]
V  [jvm.dll+0x842654]
V  [jvm.dll+0x843dfe]
V  [jvm.dll+0x844463]
V  [jvm.dll+0x249b75]
V  [jvm.dll+0x680a19]
V  [jvm.dll+0x674f0a]
V  [jvm.dll+0x309acb]
V  [jvm.dll+0x310f86]
V  [jvm.dll+0x3608ee]
V  [jvm.dll+0x360b1f]
V  [jvm.dll+0x2dfbf8]
V  [jvm.dll+0x2ddec4]
V  [jvm.dll+0x2dd4cc]
V  [jvm.dll+0x321f3b]
V  [jvm.dll+0x84893b]
V  [jvm.dll+0x849674]
V  [jvm.dll+0x849b8d]
V  [jvm.dll+0x849f64]
V  [jvm.dll+0x84a030]
V  [jvm.dll+0x7f25fa]
V  [jvm.dll+0x682985]
C  [ucrtbase.dll+0x21bb2]
C  [KERNEL32.DLL+0x17604]
C  [ntdll.dll+0x526a1]

VM_Operation (0x000000a3090fc000): G1CollectForAllocation, mode: safepoint, requested by thread 0x000001b32543bbf0


---------------  P R O C E S S  ---------------

Threads class SMR info:
_java_thread_list=0x000001b32afa31c0, length=171, elements={
0x000001b30a6c7b70, 0x000001b324967230, 0x000001b324968fc0, 0x000001b32498f3f0,
0x000001b324991cc0, 0x000001b324992580, 0x000001b32543b000, 0x000001b32543bbf0,
0x000001b32543f9f0, 0x000001b325441f10, 0x000001b3255acbc0, 0x000001b3255d0790,
0x000001b3256cd070, 0x000001b3287c3910, 0x000001b3283389f0, 0x000001b326e25bb0,
0x000001b32781b0d0, 0x000001b327c06a40, 0x000001b3265bcc50, 0x000001b327d8aa20,
0x000001b328299fd0, 0x000001b328297e20, 0x000001b328299630, 0x000001b328296fb0,
0x000001b3282982f0, 0x000001b328298c90, 0x000001b32829a4a0, 0x000001b328299160,
0x000001b328297480, 0x000001b32829a970, 0x000001b328297950, 0x000001b32942fc80,
0x000001b32942f7b0, 0x000001b329431960, 0x000001b32942ee10, 0x000001b329430af0,
0x000001b32bbe83a0, 0x000001b329430620, 0x000001b329431490, 0x000001b32be14250,
0x000001b32be19dc0, 0x000001b32be14bf0, 0x000001b32be1a290, 0x000001b32be185b0,
0x000001b32be180e0, 0x000001b32be17270, 0x000001b32be15f30, 0x000001b32be19420,
0x000001b32be18a80, 0x000001b32be17740, 0x000001b32be15a60, 0x000001b32be16400,
0x000001b32be18f50, 0x000001b32be15590, 0x000001b32be1a760, 0x000001b32be1ac30,
0x000001b32be168d0, 0x000001b32be16da0, 0x000001b32be1b100, 0x000001b32be138b0,
0x000001b32be13d80, 0x000001b32862a210, 0x000001b32862bef0, 0x000001b3286310c0,
0x000001b328631590, 0x000001b32862c3c0, 0x000001b32862dbd0, 0x000001b328629d40,
0x000001b32862c890, 0x000001b32862cd60, 0x000001b32862e0a0, 0x000001b32862ba20,
0x000001b32862d230, 0x000001b328630250, 0x000001b32862ef10, 0x000001b328630bf0,
0x000001b32862f8b0, 0x000001b32862a6e0, 0x000001b32862d700, 0x000001b32862e570,
0x000001b32862ea40, 0x000001b32862f3e0, 0x000001b32862abb0, 0x000001b32862b080,
0x000001b32862fd80, 0x000001b328630720, 0x000001b32862b550, 0x000001b32bb97b40,
0x000001b32bb99350, 0x000001b32bb984e0, 0x000001b32bb9b9d0, 0x000001b32bb9d6b0,
0x000001b32bb9bea0, 0x000001b32bb9c370, 0x000001b32bb989b0, 0x000001b32bb98e80,
0x000001b32bb9c840, 0x000001b32bb9cd10, 0x000001b32bb98010, 0x000001b32bb9db80,
0x000001b32bb9a690, 0x000001b32bb9a1c0, 0x000001b32bb9d1e0, 0x000001b32bb97670,
0x000001b32bb971a0, 0x000001b32bb9ab60, 0x000001b32bb99820, 0x000001b32bb99cf0,
0x000001b32bb9e050, 0x000001b32bb96800, 0x000001b32bb9b030, 0x000001b32bb9b500,
0x000001b32bb96cd0, 0x000001b3296f01b0, 0x000001b3296f36a0, 0x000001b3296f4510,
0x000001b3296f0680, 0x000001b3296f14f0, 0x000001b3296f61f0, 0x000001b3296f31d0,
0x000001b3296f4040, 0x000001b3296ee9a0, 0x000001b3296f3b70, 0x000001b3296f5380,
0x000001b3296f5850, 0x000001b3296f19c0, 0x000001b3296ef340, 0x000001b3296f5d20,
0x000001b3296f1e90, 0x000001b3296eee70, 0x000001b3296f2360, 0x000001b3296ef810,
0x000001b3296f2830, 0x000001b3296f49e0, 0x000001b3296efce0, 0x000001b3296f4eb0,
0x000001b3296f0b50, 0x000001b3296f1020, 0x000001b3296f2d00, 0x000001b3287826a0,
0x000001b328786a00, 0x000001b328784d20, 0x000001b3287839e0, 0x000001b328786ed0,
0x000001b328783eb0, 0x000001b328786060, 0x000001b328781830, 0x000001b3287856c0,
0x000001b328786530, 0x000001b3287809c0, 0x000001b328780e90, 0x000001b328784850,
0x000001b328784380, 0x000001b3287873a0, 0x000001b328788210, 0x000001b328787870,
0x000001b328781d00, 0x000001b328787d40, 0x000001b328781360, 0x000001b3287821d0,
0x000001b328782b70, 0x000001b3287851f0, 0x000001b328783040, 0x000001b328785b90,
0x000001b328783510, 0x000001b32c090080, 0x000001b32c0943e0, 0x000001b32c092230,
0x000001b32c08ed40, 0x000001b32c091d60, 0x000001b32c0930a0
}

Java Threads: ( => current thread )
  0x000001b30a6c7b70 JavaThread "main" [_thread_blocked, id=964, stack(0x000000a308300000,0x000000a308400000)]
  0x000001b324967230 JavaThread "Reference Handler" daemon [_thread_blocked, id=2256, stack(0x000000a308a00000,0x000000a308b00000)]
  0x000001b324968fc0 JavaThread "Finalizer" daemon [_thread_blocked, id=10700, stack(0x000000a308b00000,0x000000a308c00000)]
  0x000001b32498f3f0 JavaThread "Signal Dispatcher" daemon [_thread_blocked, id=8716, stack(0x000000a308c00000,0x000000a308d00000)]
  0x000001b324991cc0 JavaThread "Attach Listener" daemon [_thread_blocked, id=6676, stack(0x000000a308d00000,0x000000a308e00000)]
  0x000001b324992580 JavaThread "Service Thread" daemon [_thread_blocked, id=7616, stack(0x000000a308e00000,0x000000a308f00000)]
  0x000001b32543b000 JavaThread "Monitor Deflation Thread" daemon [_thread_blocked, id=8460, stack(0x000000a308f00000,0x000000a309000000)]
  0x000001b32543bbf0 JavaThread "C2 CompilerThread0" daemon [_thread_blocked, id=9448, stack(0x000000a309000000,0x000000a309100000)]
  0x000001b32543f9f0 JavaThread "C1 CompilerThread0" daemon [_thread_blocked, id=8432, stack(0x000000a309100000,0x000000a309200000)]
  0x000001b325441f10 JavaThread "Sweeper thread" daemon [_thread_blocked, id=10340, stack(0x000000a309200000,0x000000a309300000)]
  0x000001b3255acbc0 JavaThread "Common-Cleaner" daemon [_thread_blocked, id=1992, stack(0x000000a309300000,0x000000a309400000)]
  0x000001b3255d0790 JavaThread "Notification Thread" daemon [_thread_blocked, id=3916, stack(0x000000a309400000,0x000000a309500000)]
  0x000001b3256cd070 JavaThread "C2 CompilerThread1" daemon [_thread_in_native, id=7052, stack(0x000000a309600000,0x000000a309700000)]
  0x000001b3287c3910 JavaThread "Daemon health stats" [_thread_blocked, id=7468, stack(0x000000a309c00000,0x000000a309d00000)]
  0x000001b3283389f0 JavaThread "Incoming local TCP Connector on port 60774" [_thread_in_native, id=6008, stack(0x000000a309d00000,0x000000a309e00000)]
  0x000001b326e25bb0 JavaThread "Daemon periodic checks" [_thread_blocked, id=6928, stack(0x000000a309e00000,0x000000a309f00000)]
  0x000001b32781b0d0 JavaThread "Daemon" [_thread_blocked, id=2068, stack(0x000000a309f00000,0x000000a30a000000)]
  0x000001b327c06a40 JavaThread "Handler for socket connection from /127.0.0.1:60774 to /127.0.0.1:60775" [_thread_in_native, id=5236, stack(0x000000a30a000000,0x000000a30a100000)]
  0x000001b3265bcc50 JavaThread "Cancel handler" [_thread_blocked, id=10000, stack(0x000000a30a100000,0x000000a30a200000)]
  0x000001b327d8aa20 JavaThread "Daemon worker" [_thread_blocked, id=4136, stack(0x000000a30a200000,0x000000a30a300000)]
  0x000001b328299fd0 JavaThread "Asynchronous log dispatcher for DefaultDaemonConnection: socket connection from /127.0.0.1:60774 to /127.0.0.1:60775" [_thread_blocked, id=8644, stack(0x000000a30a300000,0x000000a30a400000)]
  0x000001b328297e20 JavaThread "Stdin handler" [_thread_blocked, id=2724, stack(0x000000a30a400000,0x000000a30a500000)]
  0x000001b328299630 JavaThread "Daemon client event forwarder" [_thread_blocked, id=7020, stack(0x000000a30a500000,0x000000a30a600000)]
  0x000001b328296fb0 JavaThread "Cache worker for journal cache (C:\Users\Pasha\.gradle\caches\journal-1)" [_thread_blocked, id=3996, stack(0x000000a30ad00000,0x000000a30ae00000)]
  0x000001b3282982f0 JavaThread "File lock request listener" [_thread_in_native, id=8060, stack(0x000000a30ae00000,0x000000a30af00000)]
  0x000001b328298c90 JavaThread "Cache worker for file hash cache (C:\Users\Pasha\.gradle\caches\8.0\fileHashes)" [_thread_blocked, id=3592, stack(0x000000a30af00000,0x000000a30b000000)]
  0x000001b32829a4a0 JavaThread "File watcher server" daemon [_thread_in_native, id=5072, stack(0x000000a30b000000,0x000000a30b100000)]
  0x000001b328299160 JavaThread "File watcher consumer" daemon [_thread_blocked, id=6100, stack(0x000000a30b100000,0x000000a30b200000)]
  0x000001b328297480 JavaThread "Cache worker for checksums cache (C:\Users\Pasha\AndroidStudioProjects\MyApplication9\.gradle\8.0\checksums)" [_thread_blocked, id=7632, stack(0x000000a30b200000,0x000000a30b300000)]
  0x000001b32829a970 JavaThread "Cache worker for cache directory md-rule (C:\Users\Pasha\.gradle\caches\8.0\md-rule)" [_thread_blocked, id=10424, stack(0x000000a30b300000,0x000000a30b400000)]
  0x000001b328297950 JavaThread "Cache worker for file content cache (C:\Users\Pasha\.gradle\caches\8.0\fileContent)" [_thread_blocked, id=10808, stack(0x000000a30b400000,0x000000a30b500000)]
  0x000001b32942fc80 JavaThread "Cache worker for file hash cache (C:\Users\Pasha\AndroidStudioProjects\MyApplication9\.gradle\8.0\fileHashes)" [_thread_blocked, id=10676, stack(0x000000a30b500000,0x000000a30b600000)]
  0x000001b32942f7b0 JavaThread "Cache worker for cache directory md-supplier (C:\Users\Pasha\.gradle\caches\8.0\md-supplier)" [_thread_blocked, id=8088, stack(0x000000a30b600000,0x000000a30b700000)]
  0x000001b329431960 JavaThread "Cache worker for execution history cache (C:\Users\Pasha\.gradle\caches\8.0\executionHistory)" [_thread_blocked, id=10728, stack(0x000000a309700000,0x000000a309800000)]
  0x000001b32942ee10 JavaThread "jar transforms" [_thread_blocked, id=6328, stack(0x000000a30b700000,0x000000a30b800000)]
  0x000001b329430af0 JavaThread "jar transforms Thread 2" [_thread_blocked, id=10256, stack(0x000000a30b800000,0x000000a30b900000)]
  0x000001b32bbe83a0 JavaThread "C2 CompilerThread2" daemon [_thread_in_native, id=8924, stack(0x000000a30b900000,0x000000a30ba00000)]
  0x000001b329430620 JavaThread "jar transforms Thread 3" [_thread_blocked, id=6384, stack(0x000000a30ba00000,0x000000a30bb00000)]
  0x000001b329431490 JavaThread "jar transforms Thread 4" [_thread_blocked, id=5208, stack(0x000000a30bb00000,0x000000a30bc00000)]
  0x000001b32be14250 JavaThread "Cache worker for dependencies-accessors (C:\Users\Pasha\AndroidStudioProjects\MyApplication9\.gradle\8.0\dependencies-accessors)" [_thread_blocked, id=1428, stack(0x000000a30bc00000,0x000000a30bd00000)]
  0x000001b32be19dc0 JavaThread "jar transforms Thread 5" [_thread_blocked, id=5540, stack(0x000000a30bd00000,0x000000a30be00000)]
  0x000001b32be14bf0 JavaThread "Cache worker for Build Output Cleanup Cache (C:\Users\Pasha\AndroidStudioProjects\MyApplication9\.gradle\buildOutputCleanup)" [_thread_blocked, id=5012, stack(0x000000a30be00000,0x000000a30bf00000)]
  0x000001b32be1a290 JavaThread "Unconstrained build operations" [_thread_blocked, id=1364, stack(0x000000a30bf00000,0x000000a30c000000)]
  0x000001b32be185b0 JavaThread "Unconstrained build operations Thread 2" [_thread_blocked, id=1724, stack(0x000000a30c000000,0x000000a30c100000)]
  0x000001b32be180e0 JavaThread "Unconstrained build operations Thread 3" [_thread_blocked, id=11152, stack(0x000000a30c100000,0x000000a30c200000)]
  0x000001b32be17270 JavaThread "Unconstrained build operations Thread 4" [_thread_blocked, id=4156, stack(0x000000a30c200000,0x000000a30c300000)]
  0x000001b32be15f30 JavaThread "Unconstrained build operations Thread 5" [_thread_blocked, id=1160, stack(0x000000a30c300000,0x000000a30c400000)]
  0x000001b32be19420 JavaThread "Unconstrained build operations Thread 6" [_thread_blocked, id=7420, stack(0x000000a30c400000,0x000000a30c500000)]
  0x000001b32be18a80 JavaThread "Unconstrained build operations Thread 7" [_thread_blocked, id=6204, stack(0x000000a30c500000,0x000000a30c600000)]
  0x000001b32be17740 JavaThread "Unconstrained build operations Thread 8" [_thread_blocked, id=10880, stack(0x000000a30c600000,0x000000a30c700000)]
  0x000001b32be15a60 JavaThread "Unconstrained build operations Thread 9" [_thread_blocked, id=5792, stack(0x000000a30c700000,0x000000a30c800000)]
  0x000001b32be16400 JavaThread "Unconstrained build operations Thread 10" [_thread_blocked, id=828, stack(0x000000a30c800000,0x000000a30c900000)]
  0x000001b32be18f50 JavaThread "Unconstrained build operations Thread 11" [_thread_blocked, id=4152, stack(0x000000a30c900000,0x000000a30ca00000)]
  0x000001b32be15590 JavaThread "Unconstrained build operations Thread 12" [_thread_blocked, id=5424, stack(0x000000a30ca00000,0x000000a30cb00000)]
  0x000001b32be1a760 JavaThread "Unconstrained build operations Thread 13" [_thread_blocked, id=11036, stack(0x000000a30cb00000,0x000000a30cc00000)]
  0x000001b32be1ac30 JavaThread "Unconstrained build operations Thread 14" [_thread_blocked, id=5076, stack(0x000000a30cc00000,0x000000a30cd00000)]
  0x000001b32be168d0 JavaThread "Unconstrained build operations Thread 15" [_thread_blocked, id=3556, stack(0x000000a30cd00000,0x000000a30ce00000)]
  0x000001b32be16da0 JavaThread "Unconstrained build operations Thread 16" [_thread_blocked, id=8468, stack(0x000000a30ce00000,0x000000a30cf00000)]
  0x000001b32be1b100 JavaThread "Unconstrained build operations Thread 17" [_thread_blocked, id=7648, stack(0x000000a30cf00000,0x000000a30d000000)]
  0x000001b32be138b0 JavaThread "Unconstrained build operations Thread 18" [_thread_blocked, id=10884, stack(0x000000a30d000000,0x000000a30d100000)]
  0x000001b32be13d80 JavaThread "Unconstrained build operations Thread 19" [_thread_blocked, id=3776, stack(0x000000a30d100000,0x000000a30d200000)]
  0x000001b32862a210 JavaThread "Unconstrained build operations Thread 20" [_thread_blocked, id=2808, stack(0x000000a30d200000,0x000000a30d300000)]
  0x000001b32862bef0 JavaThread "Unconstrained build operations Thread 21" [_thread_blocked, id=2844, stack(0x000000a30d300000,0x000000a30d400000)]
  0x000001b3286310c0 JavaThread "Unconstrained build operations Thread 22" [_thread_blocked, id=2240, stack(0x000000a30d400000,0x000000a30d500000)]
  0x000001b328631590 JavaThread "Unconstrained build operations Thread 23" [_thread_blocked, id=4724, stack(0x000000a30d500000,0x000000a30d600000)]
  0x000001b32862c3c0 JavaThread "Unconstrained build operations Thread 24" [_thread_blocked, id=10180, stack(0x000000a30d600000,0x000000a30d700000)]
  0x000001b32862dbd0 JavaThread "Unconstrained build operations Thread 25" [_thread_blocked, id=6116, stack(0x000000a30d700000,0x000000a30d800000)]
  0x000001b328629d40 JavaThread "Unconstrained build operations Thread 26" [_thread_blocked, id=6020, stack(0x000000a30d800000,0x000000a30d900000)]
  0x000001b32862c890 JavaThread "Unconstrained build operations Thread 27" [_thread_blocked, id=10512, stack(0x000000a30d900000,0x000000a30da00000)]
  0x000001b32862cd60 JavaThread "Unconstrained build operations Thread 28" [_thread_blocked, id=704, stack(0x000000a30da00000,0x000000a30db00000)]
  0x000001b32862e0a0 JavaThread "Unconstrained build operations Thread 29" [_thread_blocked, id=7544, stack(0x000000a30db00000,0x000000a30dc00000)]
  0x000001b32862ba20 JavaThread "Unconstrained build operations Thread 30" [_thread_blocked, id=1916, stack(0x000000a30dc00000,0x000000a30dd00000)]
  0x000001b32862d230 JavaThread "Unconstrained build operations Thread 31" [_thread_blocked, id=7456, stack(0x000000a30dd00000,0x000000a30de00000)]
  0x000001b328630250 JavaThread "Unconstrained build operations Thread 32" [_thread_blocked, id=3604, stack(0x000000a30de00000,0x000000a30df00000)]
  0x000001b32862ef10 JavaThread "Unconstrained build operations Thread 33" [_thread_blocked, id=7552, stack(0x000000a30df00000,0x000000a30e000000)]
  0x000001b328630bf0 JavaThread "Unconstrained build operations Thread 34" [_thread_blocked, id=6752, stack(0x000000a30e000000,0x000000a30e100000)]
  0x000001b32862f8b0 JavaThread "Unconstrained build operations Thread 35" [_thread_blocked, id=9244, stack(0x000000a30e100000,0x000000a30e200000)]
  0x000001b32862a6e0 JavaThread "Unconstrained build operations Thread 36" [_thread_blocked, id=6832, stack(0x000000a30e200000,0x000000a30e300000)]
  0x000001b32862d700 JavaThread "Unconstrained build operations Thread 37" [_thread_blocked, id=2332, stack(0x000000a30e300000,0x000000a30e400000)]
  0x000001b32862e570 JavaThread "Unconstrained build operations Thread 38" [_thread_blocked, id=1316, stack(0x000000a30e400000,0x000000a30e500000)]
  0x000001b32862ea40 JavaThread "Unconstrained build operations Thread 39" [_thread_blocked, id=9364, stack(0x000000a30e500000,0x000000a30e600000)]
  0x000001b32862f3e0 JavaThread "Unconstrained build operations Thread 40" [_thread_blocked, id=7896, stack(0x000000a30e600000,0x000000a30e700000)]
  0x000001b32862abb0 JavaThread "Unconstrained build operations Thread 41" [_thread_blocked, id=6236, stack(0x000000a30e700000,0x000000a30e800000)]
  0x000001b32862b080 JavaThread "Unconstrained build operations Thread 42" [_thread_blocked, id=5504, stack(0x000000a30e800000,0x000000a30e900000)]
  0x000001b32862fd80 JavaThread "Unconstrained build operations Thread 43" [_thread_blocked, id=1172, stack(0x000000a30e900000,0x000000a30ea00000)]
  0x000001b328630720 JavaThread "Unconstrained build operations Thread 44" [_thread_blocked, id=9224, stack(0x000000a30ea00000,0x000000a30eb00000)]
  0x000001b32862b550 JavaThread "Unconstrained build operations Thread 45" [_thread_blocked, id=2280, stack(0x000000a30eb00000,0x000000a30ec00000)]
  0x000001b32bb97b40 JavaThread "Unconstrained build operations Thread 46" [_thread_blocked, id=7548, stack(0x000000a30ec00000,0x000000a30ed00000)]
  0x000001b32bb99350 JavaThread "Unconstrained build operations Thread 47" [_thread_blocked, id=5296, stack(0x000000a30ed00000,0x000000a30ee00000)]
  0x000001b32bb984e0 JavaThread "Unconstrained build operations Thread 48" [_thread_blocked, id=7372, stack(0x000000a30ee00000,0x000000a30ef00000)]
  0x000001b32bb9b9d0 JavaThread "Unconstrained build operations Thread 49" [_thread_blocked, id=5928, stack(0x000000a30ef00000,0x000000a30f000000)]
  0x000001b32bb9d6b0 JavaThread "Unconstrained build operations Thread 50" [_thread_blocked, id=3808, stack(0x000000a30f000000,0x000000a30f100000)]
  0x000001b32bb9bea0 JavaThread "Unconstrained build operations Thread 51" [_thread_blocked, id=9056, stack(0x000000a30f100000,0x000000a30f200000)]
  0x000001b32bb9c370 JavaThread "Unconstrained build operations Thread 52" [_thread_blocked, id=7768, stack(0x000000a30f200000,0x000000a30f300000)]
  0x000001b32bb989b0 JavaThread "Unconstrained build operations Thread 53" [_thread_blocked, id=7532, stack(0x000000a30f300000,0x000000a30f400000)]
  0x000001b32bb98e80 JavaThread "Unconstrained build operations Thread 54" [_thread_blocked, id=808, stack(0x000000a30f400000,0x000000a30f500000)]
  0x000001b32bb9c840 JavaThread "Unconstrained build operations Thread 55" [_thread_blocked, id=7272, stack(0x000000a30f500000,0x000000a30f600000)]
  0x000001b32bb9cd10 JavaThread "Unconstrained build operations Thread 56" [_thread_blocked, id=10912, stack(0x000000a30f600000,0x000000a30f700000)]
  0x000001b32bb98010 JavaThread "Unconstrained build operations Thread 57" [_thread_blocked, id=8276, stack(0x000000a30f700000,0x000000a30f800000)]
  0x000001b32bb9db80 JavaThread "Unconstrained build operations Thread 58" [_thread_blocked, id=8584, stack(0x000000a30f800000,0x000000a30f900000)]
  0x000001b32bb9a690 JavaThread "Unconstrained build operations Thread 59" [_thread_blocked, id=10724, stack(0x000000a30f900000,0x000000a30fa00000)]
  0x000001b32bb9a1c0 JavaThread "Unconstrained build operations Thread 60" [_thread_blocked, id=5468, stack(0x000000a30fa00000,0x000000a30fb00000)]
  0x000001b32bb9d1e0 JavaThread "Unconstrained build operations Thread 61" [_thread_blocked, id=6936, stack(0x000000a30fb00000,0x000000a30fc00000)]
  0x000001b32bb97670 JavaThread "Unconstrained build operations Thread 62" [_thread_blocked, id=4932, stack(0x000000a30fc00000,0x000000a30fd00000)]
  0x000001b32bb971a0 JavaThread "Unconstrained build operations Thread 63" [_thread_blocked, id=11068, stack(0x000000a30fd00000,0x000000a30fe00000)]
  0x000001b32bb9ab60 JavaThread "Unconstrained build operations Thread 64" [_thread_blocked, id=6824, stack(0x000000a30fe00000,0x000000a30ff00000)]
  0x000001b32bb99820 JavaThread "Unconstrained build operations Thread 65" [_thread_blocked, id=8640, stack(0x000000a30ff00000,0x000000a310000000)]
  0x000001b32bb99cf0 JavaThread "Unconstrained build operations Thread 66" [_thread_blocked, id=9012, stack(0x000000a310000000,0x000000a310100000)]
  0x000001b32bb9e050 JavaThread "Unconstrained build operations Thread 67" [_thread_blocked, id=3552, stack(0x000000a310100000,0x000000a310200000)]
  0x000001b32bb96800 JavaThread "Unconstrained build operations Thread 68" [_thread_blocked, id=6164, stack(0x000000a310200000,0x000000a310300000)]
  0x000001b32bb9b030 JavaThread "Unconstrained build operations Thread 69" [_thread_blocked, id=6180, stack(0x000000a310300000,0x000000a310400000)]
  0x000001b32bb9b500 JavaThread "Unconstrained build operations Thread 70" [_thread_blocked, id=9716, stack(0x000000a310400000,0x000000a310500000)]
  0x000001b32bb96cd0 JavaThread "Unconstrained build operations Thread 71" [_thread_blocked, id=7248, stack(0x000000a310500000,0x000000a310600000)]
  0x000001b3296f01b0 JavaThread "Unconstrained build operations Thread 72" [_thread_blocked, id=8968, stack(0x000000a310600000,0x000000a310700000)]
  0x000001b3296f36a0 JavaThread "Unconstrained build operations Thread 73" [_thread_blocked, id=7204, stack(0x000000a310700000,0x000000a310800000)]
  0x000001b3296f4510 JavaThread "Unconstrained build operations Thread 74" [_thread_blocked, id=8724, stack(0x000000a310800000,0x000000a310900000)]
  0x000001b3296f0680 JavaThread "Unconstrained build operations Thread 75" [_thread_blocked, id=9036, stack(0x000000a310900000,0x000000a310a00000)]
  0x000001b3296f14f0 JavaThread "Unconstrained build operations Thread 76" [_thread_blocked, id=2044, stack(0x000000a310a00000,0x000000a310b00000)]
  0x000001b3296f61f0 JavaThread "Unconstrained build operations Thread 77" [_thread_blocked, id=172, stack(0x000000a310b00000,0x000000a310c00000)]
  0x000001b3296f31d0 JavaThread "Unconstrained build operations Thread 78" [_thread_blocked, id=8476, stack(0x000000a310c00000,0x000000a310d00000)]
  0x000001b3296f4040 JavaThread "Unconstrained build operations Thread 79" [_thread_blocked, id=11232, stack(0x000000a310d00000,0x000000a310e00000)]
  0x000001b3296ee9a0 JavaThread "Unconstrained build operations Thread 80" [_thread_blocked, id=9700, stack(0x000000a310e00000,0x000000a310f00000)]
  0x000001b3296f3b70 JavaThread "Unconstrained build operations Thread 81" [_thread_blocked, id=1200, stack(0x000000a310f00000,0x000000a311000000)]
  0x000001b3296f5380 JavaThread "Unconstrained build operations Thread 82" [_thread_blocked, id=2784, stack(0x000000a311000000,0x000000a311100000)]
  0x000001b3296f5850 JavaThread "Unconstrained build operations Thread 83" [_thread_blocked, id=5124, stack(0x000000a311100000,0x000000a311200000)]
  0x000001b3296f19c0 JavaThread "Unconstrained build operations Thread 84" [_thread_blocked, id=10916, stack(0x000000a311200000,0x000000a311300000)]
  0x000001b3296ef340 JavaThread "Unconstrained build operations Thread 85" [_thread_blocked, id=5908, stack(0x000000a311300000,0x000000a311400000)]
  0x000001b3296f5d20 JavaThread "Unconstrained build operations Thread 86" [_thread_blocked, id=264, stack(0x000000a311400000,0x000000a311500000)]
  0x000001b3296f1e90 JavaThread "Unconstrained build operations Thread 87" [_thread_blocked, id=6712, stack(0x000000a311500000,0x000000a311600000)]
  0x000001b3296eee70 JavaThread "Unconstrained build operations Thread 88" [_thread_blocked, id=10176, stack(0x000000a311600000,0x000000a311700000)]
  0x000001b3296f2360 JavaThread "Unconstrained build operations Thread 89" [_thread_blocked, id=4772, stack(0x000000a311700000,0x000000a311800000)]
  0x000001b3296ef810 JavaThread "Unconstrained build operations Thread 90" [_thread_blocked, id=8752, stack(0x000000a311800000,0x000000a311900000)]
  0x000001b3296f2830 JavaThread "Unconstrained build operations Thread 91" [_thread_blocked, id=7980, stack(0x000000a311900000,0x000000a311a00000)]
  0x000001b3296f49e0 JavaThread "Unconstrained build operations Thread 92" [_thread_blocked, id=9932, stack(0x000000a311a00000,0x000000a311b00000)]
  0x000001b3296efce0 JavaThread "Unconstrained build operations Thread 93" [_thread_blocked, id=8344, stack(0x000000a311b00000,0x000000a311c00000)]
  0x000001b3296f4eb0 JavaThread "Unconstrained build operations Thread 94" [_thread_blocked, id=1912, stack(0x000000a311c00000,0x000000a311d00000)]
  0x000001b3296f0b50 JavaThread "Unconstrained build operations Thread 95" [_thread_blocked, id=7772, stack(0x000000a311d00000,0x000000a311e00000)]
  0x000001b3296f1020 JavaThread "Unconstrained build operations Thread 96" [_thread_blocked, id=3088, stack(0x000000a311e00000,0x000000a311f00000)]
  0x000001b3296f2d00 JavaThread "Unconstrained build operations Thread 97" [_thread_blocked, id=4104, stack(0x000000a311f00000,0x000000a312000000)]
  0x000001b3287826a0 JavaThread "Unconstrained build operations Thread 98" [_thread_blocked, id=7172, stack(0x000000a312000000,0x000000a312100000)]
  0x000001b328786a00 JavaThread "Unconstrained build operations Thread 99" [_thread_blocked, id=3012, stack(0x000000a312100000,0x000000a312200000)]
  0x000001b328784d20 JavaThread "Unconstrained build operations Thread 100" [_thread_blocked, id=9536, stack(0x000000a312200000,0x000000a312300000)]
  0x000001b3287839e0 JavaThread "Unconstrained build operations Thread 101" [_thread_blocked, id=8424, stack(0x000000a312300000,0x000000a312400000)]
  0x000001b328786ed0 JavaThread "Unconstrained build operations Thread 102" [_thread_blocked, id=10940, stack(0x000000a312400000,0x000000a312500000)]
  0x000001b328783eb0 JavaThread "Unconstrained build operations Thread 103" [_thread_blocked, id=9600, stack(0x000000a312500000,0x000000a312600000)]
  0x000001b328786060 JavaThread "Unconstrained build operations Thread 104" [_thread_blocked, id=6608, stack(0x000000a312600000,0x000000a312700000)]
  0x000001b328781830 JavaThread "Unconstrained build operations Thread 105" [_thread_blocked, id=4620, stack(0x000000a312700000,0x000000a312800000)]
  0x000001b3287856c0 JavaThread "Unconstrained build operations Thread 106" [_thread_blocked, id=10104, stack(0x000000a312800000,0x000000a312900000)]
  0x000001b328786530 JavaThread "Unconstrained build operations Thread 107" [_thread_blocked, id=3972, stack(0x000000a312900000,0x000000a312a00000)]
  0x000001b3287809c0 JavaThread "Unconstrained build operations Thread 108" [_thread_blocked, id=6264, stack(0x000000a312a00000,0x000000a312b00000)]
  0x000001b328780e90 JavaThread "Unconstrained build operations Thread 109" [_thread_blocked, id=9564, stack(0x000000a312b00000,0x000000a312c00000)]
  0x000001b328784850 JavaThread "Unconstrained build operations Thread 110" [_thread_blocked, id=1288, stack(0x000000a312c00000,0x000000a312d00000)]
  0x000001b328784380 JavaThread "Unconstrained build operations Thread 111" [_thread_blocked, id=10888, stack(0x000000a312d00000,0x000000a312e00000)]
  0x000001b3287873a0 JavaThread "Unconstrained build operations Thread 112" [_thread_blocked, id=6552, stack(0x000000a312e00000,0x000000a312f00000)]
  0x000001b328788210 JavaThread "Unconstrained build operations Thread 113" [_thread_blocked, id=10244, stack(0x000000a312f00000,0x000000a313000000)]
  0x000001b328787870 JavaThread "Unconstrained build operations Thread 114" [_thread_blocked, id=9896, stack(0x000000a313000000,0x000000a313100000)]
  0x000001b328781d00 JavaThread "Unconstrained build operations Thread 115" [_thread_blocked, id=5340, stack(0x000000a313100000,0x000000a313200000)]
  0x000001b328787d40 JavaThread "Unconstrained build operations Thread 116" [_thread_blocked, id=2060, stack(0x000000a313200000,0x000000a313300000)]
  0x000001b328781360 JavaThread "Unconstrained build operations Thread 117" [_thread_blocked, id=7484, stack(0x000000a313300000,0x000000a313400000)]
  0x000001b3287821d0 JavaThread "Unconstrained build operations Thread 118" [_thread_blocked, id=7592, stack(0x000000a313400000,0x000000a313500000)]
  0x000001b328782b70 JavaThread "Unconstrained build operations Thread 119" [_thread_blocked, id=10172, stack(0x000000a313500000,0x000000a313600000)]
  0x000001b3287851f0 JavaThread "Unconstrained build operations Thread 120" [_thread_blocked, id=10812, stack(0x000000a313600000,0x000000a313700000)]
  0x000001b328783040 JavaThread "jar transforms Thread 6" [_thread_blocked, id=10456, stack(0x000000a313700000,0x000000a313800000)]
  0x000001b328785b90 JavaThread "jar transforms Thread 7" [_thread_blocked, id=8140, stack(0x000000a313800000,0x000000a313900000)]
  0x000001b328783510 JavaThread "jar transforms Thread 8" [_thread_blocked, id=9052, stack(0x000000a313900000,0x000000a313a00000)]
  0x000001b32c090080 JavaThread "jar transforms Thread 9" [_thread_blocked, id=3544, stack(0x000000a313a00000,0x000000a313b00000)]
  0x000001b32c0943e0 JavaThread "jar transforms Thread 10" [_thread_blocked, id=8340, stack(0x000000a313b00000,0x000000a313c00000)]
  0x000001b32c092230 JavaThread "jar transforms Thread 11" [_thread_blocked, id=4992, stack(0x000000a313c00000,0x000000a313d00000)]
  0x000001b32c08ed40 JavaThread "jar transforms Thread 12" [_thread_blocked, id=5512, stack(0x000000a313d00000,0x000000a313e00000)]
  0x000001b32c091d60 JavaThread "build event listener" [_thread_blocked, id=6868, stack(0x000000a313e00000,0x000000a313f00000)]
  0x000001b32c0930a0 JavaThread "Memory manager" [_thread_blocked, id=4460, stack(0x000000a313f00000,0x000000a314000000)]

Other Threads:
=>0x000001b324963600 VMThread "VM Thread" [stack: 0x000000a308900000,0x000000a308a00000] [id=10364]
  0x000001b30a740040 WatcherThread [stack: 0x000000a309500000,0x000000a309600000] [id=3396]
  0x000001b30a7253a0 GCTaskThread "GC Thread#0" [stack: 0x000000a308400000,0x000000a308500000] [id=4552]
  0x000001b325dc4930 GCTaskThread "GC Thread#1" [stack: 0x000000a309800000,0x000000a309900000] [id=6408]
  0x000001b325a77250 GCTaskThread "GC Thread#2" [stack: 0x000000a309900000,0x000000a309a00000] [id=6692]
  0x000001b325dafc60 GCTaskThread "GC Thread#3" [stack: 0x000000a309a00000,0x000000a309b00000] [id=9492]
  0x000001b327fd1830 GCTaskThread "GC Thread#4" [stack: 0x000000a309b00000,0x000000a309c00000] [id=3724]
  0x000001b327a9b780 GCTaskThread "GC Thread#5" [stack: 0x000000a30a600000,0x000000a30a700000] [id=6268]
  0x000001b327a9ba30 GCTaskThread "GC Thread#6" [stack: 0x000000a30a700000,0x000000a30a800000] [id=11052]
  0x000001b327a9bce0 GCTaskThread "GC Thread#7" [stack: 0x000000a30a800000,0x000000a30a900000] [id=4740]
  0x000001b327a9bf90 GCTaskThread "GC Thread#8" [stack: 0x000000a30a900000,0x000000a30aa00000] [id=9744]
  0x000001b326defa60 GCTaskThread "GC Thread#9" [stack: 0x000000a30aa00000,0x000000a30ab00000] [id=9944]
  0x000001b30a7361f0 ConcurrentGCThread "G1 Main Marker" [stack: 0x000000a308500000,0x000000a308600000] [id=9008]
  0x000001b30a736b10 ConcurrentGCThread "G1 Conc#0" [stack: 0x000000a308600000,0x000000a308700000] [id=5528]
  0x000001b326311140 ConcurrentGCThread "G1 Conc#1" [stack: 0x000000a30ab00000,0x000000a30ac00000] [id=1044]
  0x000001b328216060 ConcurrentGCThread "G1 Conc#2" [stack: 0x000000a30ac00000,0x000000a30ad00000] [id=11012]
  0x000001b3247d20c0 ConcurrentGCThread "G1 Refine#0" [stack: 0x000000a308700000,0x000000a308800000] [id=7728]
  0x000001b3247d29f0 ConcurrentGCThread "G1 Service" [stack: 0x000000a308800000,0x000000a308900000] [id=7996]

Threads with active compile tasks:
C2 CompilerThread0     8230 8332       4       groovy.lang.MetaClassImpl$1MOPIter::methodNameAction (325 bytes)
C2 CompilerThread1     8230 8164       4       java.lang.Class::annotationData (44 bytes)
C2 CompilerThread2     8230 8327       4       groovy.lang.MetaClassImpl::addMetaMethodToIndex (65 bytes)

VM state: at safepoint (normal execution)

VM Mutex/Monitor currently owned by a thread:  ([mutex/lock_event])
[0x000001b30a6c3190] Threads_lock - owner thread: 0x000001b324963600
[0x000001b30a6c3850] Heap_lock - owner thread: 0x000001b32543bbf0

Heap address: 0x0000000080000000, size: 2048 MB, Compressed Oops mode: 32-bit

CDS archive(s) not mapped
Compressed class space mapped at: 0x0000000100000000-0x0000000140000000, reserved size: 1073741824
Narrow klass base: 0x0000000000000000, Narrow klass shift: 3, Narrow klass range: 0x140000000

GC Precious Log:
 CPUs: 12 total, 12 available
 Memory: 8125M
 Large Page Support: Disabled
 NUMA Support: Disabled
 Compressed Oops: Enabled (32-bit)
 Heap Region Size: 1M
 Heap Min Capacity: 8M
 Heap Initial Capacity: 128M
 Heap Max Capacity: 2G
 Pre-touch: Disabled
 Parallel Workers: 10
 Concurrent Workers: 3
 Concurrent Refinement Workers: 10
 Periodic GC: Disabled

Heap:
 garbage-first heap   total 131072K, used 66620K [0x0000000080000000, 0x0000000100000000)
  region size 1024K, 5 young (5120K), 5 survivors (5120K)
 Metaspace       used 81555K, committed 82112K, reserved 1122304K
  class space    used 11113K, committed 11392K, reserved 1048576K

Heap Regions: E=young(eden), S=young(survivor), O=old, HS=humongous(starts), HC=humongous(continues), CS=collection set, F=free, OA=open archive, CA=closed archive, TAMS=top-at-mark-start (previous, next)
|   0|0x0000000080000000, 0x0000000080100000, 0x0000000080100000|100%|HS|  |TAMS 0x0000000080100000, 0x0000000080100000| Complete 
|   1|0x0000000080100000, 0x0000000080200000, 0x0000000080200000|100%|HC|  |TAMS 0x0000000080200000, 0x0000000080200000| Complete 
|   2|0x0000000080200000, 0x0000000080300000, 0x0000000080300000|100%|HC|  |TAMS 0x0000000080300000, 0x0000000080300000| Complete 
|   3|0x0000000080300000, 0x0000000080400000, 0x0000000080400000|100%|HC|  |TAMS 0x0000000080400000, 0x0000000080400000| Complete 
|   4|0x0000000080400000, 0x0000000080500000, 0x0000000080500000|100%| O|  |TAMS 0x0000000080500000, 0x0000000080500000| Untracked 
|   5|0x0000000080500000, 0x0000000080600000, 0x0000000080600000|100%| O|  |TAMS 0x0000000080600000, 0x0000000080600000| Untracked 
|   6|0x0000000080600000, 0x0000000080700000, 0x0000000080700000|100%| O|  |TAMS 0x0000000080700000, 0x0000000080700000| Untracked 
|   7|0x0000000080700000, 0x0000000080800000, 0x0000000080800000|100%| O|  |TAMS 0x0000000080800000, 0x0000000080800000| Untracked 
|   8|0x0000000080800000, 0x0000000080900000, 0x0000000080900000|100%| O|  |TAMS 0x0000000080900000, 0x0000000080900000| Untracked 
|   9|0x0000000080900000, 0x0000000080a00000, 0x0000000080a00000|100%| O|  |TAMS 0x0000000080a00000, 0x0000000080a00000| Untracked 
|  10|0x0000000080a00000, 0x0000000080b00000, 0x0000000080b00000|100%| O|  |TAMS 0x0000000080b00000, 0x0000000080b00000| Untracked 
|  11|0x0000000080b00000, 0x0000000080b2e400, 0x0000000080c00000| 18%| O|  |TAMS 0x0000000080b2e400, 0x0000000080b2e400| Untracked 
|  12|0x0000000080c00000, 0x0000000080d00000, 0x0000000080d00000|100%| O|  |TAMS 0x0000000080d00000, 0x0000000080d00000| Untracked 
|  13|0x0000000080d00000, 0x0000000080e00000, 0x0000000080e00000|100%| O|  |TAMS 0x0000000080e00000, 0x0000000080e00000| Untracked 
|  14|0x0000000080e00000, 0x0000000080f00000, 0x0000000080f00000|100%| O|  |TAMS 0x0000000080f00000, 0x0000000080f00000| Untracked 
|  15|0x0000000080f00000, 0x0000000081000000, 0x0000000081000000|100%| O|  |TAMS 0x0000000081000000, 0x0000000081000000| Untracked 
|  16|0x0000000081000000, 0x0000000081100000, 0x0000000081100000|100%| O|  |TAMS 0x0000000081100000, 0x0000000081100000| Untracked 
|  17|0x0000000081100000, 0x0000000081200000, 0x0000000081200000|100%| O|  |TAMS 0x0000000081200000, 0x0000000081200000| Untracked 
|  18|0x0000000081200000, 0x0000000081300000, 0x0000000081300000|100%| O|  |TAMS 0x0000000081300000, 0x0000000081300000| Untracked 
|  19|0x0000000081300000, 0x0000000081400000, 0x0000000081400000|100%| O|  |TAMS 0x0000000081400000, 0x0000000081400000| Untracked 
|  20|0x0000000081400000, 0x0000000081500000, 0x0000000081500000|100%| O|  |TAMS 0x0000000081500000, 0x0000000081500000| Untracked 
|  21|0x0000000081500000, 0x0000000081600000, 0x0000000081600000|100%| O|  |TAMS 0x0000000081600000, 0x0000000081600000| Untracked 
|  22|0x0000000081600000, 0x0000000081700000, 0x0000000081700000|100%| O|  |TAMS 0x0000000081700000, 0x0000000081700000| Untracked 
|  23|0x0000000081700000, 0x0000000081800000, 0x0000000081800000|100%| O|  |TAMS 0x0000000081800000, 0x0000000081800000| Untracked 
|  24|0x0000000081800000, 0x0000000081900000, 0x0000000081900000|100%| O|  |TAMS 0x0000000081900000, 0x0000000081900000| Untracked 
|  25|0x0000000081900000, 0x0000000081a00000, 0x0000000081a00000|100%|HS|  |TAMS 0x0000000081a00000, 0x0000000081a00000| Complete 
|  26|0x0000000081a00000, 0x0000000081b00000, 0x0000000081b00000|100%| O|  |TAMS 0x0000000081b00000, 0x0000000081b00000| Untracked 
|  27|0x0000000081b00000, 0x0000000081c00000, 0x0000000081c00000|100%| O|  |TAMS 0x0000000081c00000, 0x0000000081c00000| Untracked 
|  28|0x0000000081c00000, 0x0000000081d00000, 0x0000000081d00000|100%| O|  |TAMS 0x0000000081d00000, 0x0000000081d00000| Untracked 
|  29|0x0000000081d00000, 0x0000000081e00000, 0x0000000081e00000|100%| O|  |TAMS 0x0000000081e00000, 0x0000000081e00000| Untracked 
|  30|0x0000000081e00000, 0x0000000081f00000, 0x0000000081f00000|100%| O|  |TAMS 0x0000000081f00000, 0x0000000081f00000| Untracked 
|  31|0x0000000081f00000, 0x0000000082000000, 0x0000000082000000|100%| O|  |TAMS 0x0000000082000000, 0x0000000082000000| Untracked 
|  32|0x0000000082000000, 0x0000000082100000, 0x0000000082100000|100%| O|  |TAMS 0x0000000082100000, 0x0000000082100000| Untracked 
|  33|0x0000000082100000, 0x0000000082200000, 0x0000000082200000|100%| O|  |TAMS 0x0000000082200000, 0x0000000082200000| Untracked 
|  34|0x0000000082200000, 0x0000000082300000, 0x0000000082300000|100%|HS|  |TAMS 0x0000000082300000, 0x0000000082300000| Complete 
|  35|0x0000000082300000, 0x0000000082400000, 0x0000000082400000|100%| O|  |TAMS 0x0000000082400000, 0x0000000082400000| Untracked 
|  36|0x0000000082400000, 0x0000000082500000, 0x0000000082500000|100%| O|  |TAMS 0x0000000082500000, 0x0000000082500000| Untracked 
|  37|0x0000000082500000, 0x0000000082600000, 0x0000000082600000|100%| O|  |TAMS 0x0000000082600000, 0x0000000082600000| Untracked 
|  38|0x0000000082600000, 0x0000000082700000, 0x0000000082700000|100%| O|  |TAMS 0x0000000082700000, 0x0000000082700000| Untracked 
|  39|0x0000000082700000, 0x0000000082800000, 0x0000000082800000|100%| O|  |TAMS 0x0000000082800000, 0x0000000082800000| Untracked 
|  40|0x0000000082800000, 0x0000000082900000, 0x0000000082900000|100%| O|  |TAMS 0x0000000082900000, 0x0000000082900000| Untracked 
|  41|0x0000000082900000, 0x0000000082a00000, 0x0000000082a00000|100%| O|  |TAMS 0x0000000082a00000, 0x0000000082a00000| Untracked 
|  42|0x0000000082a00000, 0x0000000082b00000, 0x0000000082b00000|100%| O|  |TAMS 0x0000000082b00000, 0x0000000082b00000| Untracked 
|  43|0x0000000082b00000, 0x0000000082c00000, 0x0000000082c00000|100%| O|  |TAMS 0x0000000082c00000, 0x0000000082c00000| Untracked 
|  44|0x0000000082c00000, 0x0000000082d00000, 0x0000000082d00000|100%| O|  |TAMS 0x0000000082c00000, 0x0000000082d00000| Untracked 
|  45|0x0000000082d00000, 0x0000000082e00000, 0x0000000082e00000|100%| O|  |TAMS 0x0000000082d00000, 0x0000000082e00000| Untracked 
|  46|0x0000000082e00000, 0x0000000082f00000, 0x0000000082f00000|100%| O|  |TAMS 0x0000000082e00000, 0x0000000082f00000| Untracked 
|  47|0x0000000082f00000, 0x0000000083000000, 0x0000000083000000|100%| O|  |TAMS 0x0000000082f00000, 0x0000000083000000| Untracked 
|  48|0x0000000083000000, 0x0000000083100000, 0x0000000083100000|100%| O|  |TAMS 0x0000000083100000, 0x0000000083100000| Untracked 
|  49|0x0000000083100000, 0x0000000083200000, 0x0000000083200000|100%| O|  |TAMS 0x0000000083200000, 0x0000000083200000| Untracked 
|  50|0x0000000083200000, 0x0000000083300000, 0x0000000083300000|100%| O|  |TAMS 0x0000000083300000, 0x0000000083300000| Untracked 
|  51|0x0000000083300000, 0x0000000083400000, 0x0000000083400000|100%| O|  |TAMS 0x0000000083300000, 0x0000000083400000| Untracked 
|  52|0x0000000083400000, 0x0000000083500000, 0x0000000083500000|100%| O|  |TAMS 0x00000000834b2e00, 0x0000000083500000| Untracked 
|  53|0x0000000083500000, 0x0000000083600000, 0x0000000083600000|100%| O|  |TAMS 0x0000000083500000, 0x0000000083600000| Untracked 
|  54|0x0000000083600000, 0x0000000083700000, 0x0000000083700000|100%| O|  |TAMS 0x0000000083600000, 0x0000000083700000| Untracked 
|  55|0x0000000083700000, 0x0000000083800000, 0x0000000083800000|100%| O|  |TAMS 0x0000000083700000, 0x0000000083800000| Untracked 
|  56|0x0000000083800000, 0x0000000083900000, 0x0000000083900000|100%| O|  |TAMS 0x0000000083800000, 0x00000000838bcc00| Untracked 
|  57|0x0000000083900000, 0x0000000083a00000, 0x0000000083a00000|100%| O|  |TAMS 0x0000000083900000, 0x0000000083900000| Untracked 
|  58|0x0000000083a00000, 0x0000000083b00000, 0x0000000083b00000|100%| O|  |TAMS 0x0000000083a00000, 0x0000000083a00000| Untracked 
|  59|0x0000000083b00000, 0x0000000083c00000, 0x0000000083c00000|100%| O|  |TAMS 0x0000000083b00000, 0x0000000083b00000| Untracked 
|  60|0x0000000083c00000, 0x0000000083ce0e00, 0x0000000083d00000| 87%| O|  |TAMS 0x0000000083c00000, 0x0000000083c00000| Untracked 
|  61|0x0000000083d00000, 0x0000000083d00000, 0x0000000083e00000|  0%| F|  |TAMS 0x0000000083d00000, 0x0000000083d00000| Untracked 
|  62|0x0000000083e00000, 0x0000000083e00000, 0x0000000083f00000|  0%| F|  |TAMS 0x0000000083e00000, 0x0000000083e00000| Untracked 
|  63|0x0000000083f00000, 0x0000000083f00000, 0x0000000084000000|  0%| F|  |TAMS 0x0000000083f00000, 0x0000000083f00000| Untracked 
|  64|0x0000000084000000, 0x0000000084000000, 0x0000000084100000|  0%| F|  |TAMS 0x0000000084000000, 0x0000000084000000| Untracked 
|  65|0x0000000084100000, 0x0000000084100000, 0x0000000084200000|  0%| F|  |TAMS 0x0000000084100000, 0x0000000084100000| Untracked 
|  66|0x0000000084200000, 0x0000000084200000, 0x0000000084300000|  0%| F|  |TAMS 0x0000000084200000, 0x0000000084200000| Untracked 
|  67|0x0000000084300000, 0x0000000084300000, 0x0000000084400000|  0%| F|  |TAMS 0x0000000084300000, 0x0000000084300000| Untracked 
|  68|0x0000000084400000, 0x0000000084400000, 0x0000000084500000|  0%| F|  |TAMS 0x0000000084400000, 0x0000000084400000| Untracked 
|  69|0x0000000084500000, 0x0000000084500000, 0x0000000084600000|  0%| F|  |TAMS 0x0000000084500000, 0x0000000084500000| Untracked 
|  70|0x0000000084600000, 0x0000000084600000, 0x0000000084700000|  0%| F|  |TAMS 0x0000000084600000, 0x0000000084600000| Untracked 
|  71|0x0000000084700000, 0x0000000084700000, 0x0000000084800000|  0%| F|  |TAMS 0x0000000084700000, 0x0000000084700000| Untracked 
|  72|0x0000000084800000, 0x0000000084800000, 0x0000000084900000|  0%| F|  |TAMS 0x0000000084800000, 0x0000000084800000| Untracked 
|  73|0x0000000084900000, 0x0000000084900000, 0x0000000084a00000|  0%| F|  |TAMS 0x0000000084900000, 0x0000000084900000| Untracked 
|  74|0x0000000084a00000, 0x0000000084a00000, 0x0000000084b00000|  0%| F|  |TAMS 0x0000000084a00000, 0x0000000084a00000| Untracked 
|  75|0x0000000084b00000, 0x0000000084b00000, 0x0000000084c00000|  0%| F|  |TAMS 0x0000000084b00000, 0x0000000084b00000| Untracked 
|  76|0x0000000084c00000, 0x0000000084c00000, 0x0000000084d00000|  0%| F|  |TAMS 0x0000000084c00000, 0x0000000084c00000| Untracked 
|  77|0x0000000084d00000, 0x0000000084d00000, 0x0000000084e00000|  0%| F|  |TAMS 0x0000000084d00000, 0x0000000084d00000| Untracked 
|  78|0x0000000084e00000, 0x0000000084e00000, 0x0000000084f00000|  0%| F|  |TAMS 0x0000000084e00000, 0x0000000084e00000| Untracked 
|  79|0x0000000084f00000, 0x0000000084f00000, 0x0000000085000000|  0%| F|  |TAMS 0x0000000084f00000, 0x0000000084f00000| Untracked 
|  80|0x0000000085000000, 0x0000000085000000, 0x0000000085100000|  0%| F|  |TAMS 0x0000000085000000, 0x0000000085000000| Untracked 
|  81|0x0000000085100000, 0x0000000085200000, 0x0000000085200000|100%| S|CS|TAMS 0x0000000085100000, 0x0000000085100000| Complete 
|  82|0x0000000085200000, 0x0000000085300000, 0x0000000085300000|100%| S|CS|TAMS 0x0000000085200000, 0x0000000085200000| Complete 
|  83|0x0000000085300000, 0x0000000085400000, 0x0000000085400000|100%| S|CS|TAMS 0x0000000085300000, 0x0000000085300000| Complete 
|  84|0x0000000085400000, 0x0000000085500000, 0x0000000085500000|100%| S|CS|TAMS 0x0000000085400000, 0x0000000085400000| Complete 
|  85|0x0000000085500000, 0x0000000085600000, 0x0000000085600000|100%| S|CS|TAMS 0x0000000085500000, 0x0000000085500000| Complete 
|  86|0x0000000085600000, 0x0000000085600000, 0x0000000085700000|  0%| F|  |TAMS 0x0000000085600000, 0x0000000085600000| Untracked 
|  87|0x0000000085700000, 0x0000000085700000, 0x0000000085800000|  0%| F|  |TAMS 0x0000000085700000, 0x0000000085700000| Untracked 
|  88|0x0000000085800000, 0x0000000085800000, 0x0000000085900000|  0%| F|  |TAMS 0x0000000085800000, 0x0000000085800000| Untracked 
|  89|0x0000000085900000, 0x0000000085900000, 0x0000000085a00000|  0%| F|  |TAMS 0x0000000085900000, 0x0000000085900000| Untracked 
|  90|0x0000000085a00000, 0x0000000085a00000, 0x0000000085b00000|  0%| F|  |TAMS 0x0000000085a00000, 0x0000000085a00000| Untracked 
|  91|0x0000000085b00000, 0x0000000085b00000, 0x0000000085c00000|  0%| F|  |TAMS 0x0000000085b00000, 0x0000000085b00000| Untracked 
|  92|0x0000000085c00000, 0x0000000085c00000, 0x0000000085d00000|  0%| F|  |TAMS 0x0000000085c00000, 0x0000000085c00000| Untracked 
|  93|0x0000000085d00000, 0x0000000085d00000, 0x0000000085e00000|  0%| F|  |TAMS 0x0000000085d00000, 0x0000000085d00000| Untracked 
|  94|0x0000000085e00000, 0x0000000085e00000, 0x0000000085f00000|  0%| F|  |TAMS 0x0000000085e00000, 0x0000000085e00000| Untracked 
|  95|0x0000000085f00000, 0x0000000085f00000, 0x0000000086000000|  0%| F|  |TAMS 0x0000000085f00000, 0x0000000085f00000| Untracked 
|  96|0x0000000086000000, 0x0000000086000000, 0x0000000086100000|  0%| F|  |TAMS 0x0000000086000000, 0x0000000086000000| Untracked 
|  97|0x0000000086100000, 0x0000000086100000, 0x0000000086200000|  0%| F|  |TAMS 0x0000000086100000, 0x0000000086100000| Untracked 
|  98|0x0000000086200000, 0x0000000086200000, 0x0000000086300000|  0%| F|  |TAMS 0x0000000086200000, 0x0000000086200000| Untracked 
|  99|0x0000000086300000, 0x0000000086300000, 0x0000000086400000|  0%| F|  |TAMS 0x0000000086300000, 0x0000000086300000| Untracked 
| 100|0x0000000086400000, 0x0000000086400000, 0x0000000086500000|  0%| F|  |TAMS 0x0000000086400000, 0x0000000086400000| Untracked 
| 101|0x0000000086500000, 0x0000000086500000, 0x0000000086600000|  0%| F|  |TAMS 0x0000000086500000, 0x0000000086500000| Untracked 
| 102|0x0000000086600000, 0x0000000086600000, 0x0000000086700000|  0%| F|  |TAMS 0x0000000086600000, 0x0000000086600000| Untracked 
| 103|0x0000000086700000, 0x0000000086700000, 0x0000000086800000|  0%| F|  |TAMS 0x0000000086700000, 0x0000000086700000| Untracked 
| 104|0x0000000086800000, 0x0000000086800000, 0x0000000086900000|  0%| F|  |TAMS 0x0000000086800000, 0x0000000086800000| Untracked 
| 105|0x0000000086900000, 0x0000000086900000, 0x0000000086a00000|  0%| F|  |TAMS 0x0000000086900000, 0x0000000086900000| Untracked 
| 106|0x0000000086a00000, 0x0000000086a00000, 0x0000000086b00000|  0%| F|  |TAMS 0x0000000086a00000, 0x0000000086a00000| Untracked 
| 107|0x0000000086b00000, 0x0000000086b00000, 0x0000000086c00000|  0%| F|  |TAMS 0x0000000086b00000, 0x0000000086b00000| Untracked 
| 108|0x0000000086c00000, 0x0000000086c00000, 0x0000000086d00000|  0%| F|  |TAMS 0x0000000086c00000, 0x0000000086c00000| Untracked 
| 109|0x0000000086d00000, 0x0000000086d00000, 0x0000000086e00000|  0%| F|  |TAMS 0x0000000086d00000, 0x0000000086d00000| Untracked 
| 110|0x0000000086e00000, 0x0000000086e00000, 0x0000000086f00000|  0%| F|  |TAMS 0x0000000086e00000, 0x0000000086e00000| Untracked 
| 111|0x0000000086f00000, 0x0000000086f00000, 0x0000000087000000|  0%| F|  |TAMS 0x0000000086f00000, 0x0000000086f00000| Untracked 
| 112|0x0000000087000000, 0x0000000087000000, 0x0000000087100000|  0%| F|  |TAMS 0x0000000087000000, 0x0000000087000000| Untracked 
| 113|0x0000000087100000, 0x0000000087100000, 0x0000000087200000|  0%| F|  |TAMS 0x0000000087100000, 0x0000000087100000| Untracked 
| 114|0x0000000087200000, 0x0000000087200000, 0x0000000087300000|  0%| F|  |TAMS 0x0000000087200000, 0x0000000087200000| Untracked 
| 115|0x0000000087300000, 0x0000000087300000, 0x0000000087400000|  0%| F|  |TAMS 0x0000000087300000, 0x0000000087300000| Untracked 
| 116|0x0000000087400000, 0x0000000087400000, 0x0000000087500000|  0%| F|  |TAMS 0x0000000087400000, 0x0000000087400000| Untracked 
| 117|0x0000000087500000, 0x0000000087500000, 0x0000000087600000|  0%| F|  |TAMS 0x0000000087500000, 0x0000000087500000| Untracked 
| 118|0x0000000087600000, 0x0000000087600000, 0x0000000087700000|  0%| F|  |TAMS 0x0000000087600000, 0x0000000087600000| Untracked 
| 119|0x0000000087700000, 0x0000000087700000, 0x0000000087800000|  0%| F|  |TAMS 0x0000000087700000, 0x0000000087700000| Untracked 
| 120|0x0000000087800000, 0x0000000087800000, 0x0000000087900000|  0%| F|  |TAMS 0x0000000087800000, 0x0000000087800000| Untracked 
| 121|0x0000000087900000, 0x0000000087900000, 0x0000000087a00000|  0%| F|  |TAMS 0x0000000087900000, 0x0000000087900000| Untracked 
| 122|0x0000000087a00000, 0x0000000087a00000, 0x0000000087b00000|  0%| F|  |TAMS 0x0000000087a00000, 0x0000000087a00000| Untracked 
| 123|0x0000000087b00000, 0x0000000087b00000, 0x0000000087c00000|  0%| F|  |TAMS 0x0000000087b00000, 0x0000000087b00000| Untracked 
| 124|0x0000000087c00000, 0x0000000087c00000, 0x0000000087d00000|  0%| F|  |TAMS 0x0000000087c00000, 0x0000000087c00000| Untracked 
| 125|0x0000000087d00000, 0x0000000087d00000, 0x0000000087e00000|  0%| F|  |TAMS 0x0000000087d00000, 0x0000000087d00000| Untracked 
| 126|0x0000000087e00000, 0x0000000087e00000, 0x0000000087f00000|  0%| F|  |TAMS 0x0000000087e00000, 0x0000000087e00000| Untracked 
| 127|0x0000000087f00000, 0x0000000087f00000, 0x0000000088000000|  0%| F|  |TAMS 0x0000000087f00000, 0x0000000087f00000| Untracked 

Card table byte_map: [0x000001b31d500000,0x000001b31d900000] _byte_map_base: 0x000001b31d100000

Marking Bits (Prev, Next): (CMBitMap*) 0x000001b30a7258c0, (CMBitMap*) 0x000001b30a725900
 Prev Bits: [0x000001b31dd00000, 0x000001b31fd00000)
 Next Bits: [0x000001b31fd00000, 0x000001b321d00000)

Polling page: 0x000001b308660000

Metaspace:

Usage:
  Non-class:     68.79 MB used.
      Class:     10.85 MB used.
       Both:     79.64 MB used.

Virtual space:
  Non-class space:       72.00 MB reserved,      69.06 MB ( 96%) committed,  9 nodes.
      Class space:        1.00 GB reserved,      11.12 MB (  1%) committed,  1 nodes.
             Both:        1.07 GB reserved,      80.19 MB (  7%) committed. 

Chunk freelists:
   Non-Class:  2.69 MB
       Class:  861.00 KB
        Both:  3.53 MB

MaxMetaspaceSize: unlimited
CompressedClassSpaceSize: 1.00 GB
Initial GC threshold: 21.00 MB
Current GC threshold: 109.31 MB
CDS: off
MetaspaceReclaimPolicy: balanced
 - commit_granule_bytes: 65536.
 - commit_granule_words: 8192.
 - virtual_space_node_default_size: 1048576.
 - enlarge_chunks_in_place: 1.
 - new_chunks_are_fully_committed: 0.
 - uncommit_free_chunks: 1.
 - use_allocation_guard: 0.
 - handle_deallocations: 1.


Internal statistics:

num_allocs_failed_limit: 6.
num_arena_births: 730.
num_arena_deaths: 0.
num_vsnodes_births: 10.
num_vsnodes_deaths: 0.
num_space_committed: 1283.
num_space_uncommitted: 0.
num_chunks_returned_to_freelist: 6.
num_chunks_taken_from_freelist: 3570.
num_chunk_merges: 6.
num_chunk_splits: 2389.
num_chunks_enlarged: 1623.
num_purges: 0.
num_inconsistent_stats: 0.

CodeHeap 'non-profiled nmethods': size=120000Kb used=4851Kb max_used=4851Kb free=115148Kb
 bounds [0x000001b315670000, 0x000001b315b30000, 0x000001b31cba0000]
CodeHeap 'profiled nmethods': size=120000Kb used=14923Kb max_used=14923Kb free=105077Kb
 bounds [0x000001b30dba0000, 0x000001b30ea40000, 0x000001b3150d0000]
CodeHeap 'non-nmethods': size=5760Kb used=2362Kb max_used=2441Kb free=3397Kb
 bounds [0x000001b3150d0000, 0x000001b315340000, 0x000001b315670000]
 total_blobs=8434 nmethods=7543 adapters=803
 compilation: enabled
              stopped_count=0, restarted_count=0
 full_count=0

Compilation events (20 events):
Event: 8.164 Thread 0x000001b32543f9f0 8359   !   3       java.security.AccessController::doPrivileged (22 bytes)
Event: 8.164 Thread 0x000001b32543f9f0 nmethod 8359 0x000001b30ea28810 code [0x000001b30ea28a00, 0x000001b30ea28e68]
Event: 8.164 Thread 0x000001b32543f9f0 8361       3       org.codehaus.groovy.util.ComplexKeyHashMap::resize (103 bytes)
Event: 8.165 Thread 0x000001b32543f9f0 nmethod 8361 0x000001b30ea29090 code [0x000001b30ea29260, 0x000001b30ea29818]
Event: 8.166 Thread 0x000001b32543f9f0 8362       3       org.codehaus.groovy.reflection.CachedClass::getNewMetaMethods (166 bytes)
Event: 8.167 Thread 0x000001b32543f9f0 nmethod 8362 0x000001b30ea29a10 code [0x000001b30ea29d80, 0x000001b30ea2b548]
Event: 8.175 Thread 0x000001b32543f9f0 8364       3       groovy.lang.MetaClassImpl::addElementToList (58 bytes)
Event: 8.175 Thread 0x000001b32543f9f0 nmethod 8364 0x000001b30ea2bd10 code [0x000001b30ea2bf20, 0x000001b30ea2c708]
Event: 8.177 Thread 0x000001b32543f9f0 8366       3       java.util.Arrays$ArrayList::indexOf (62 bytes)
Event: 8.177 Thread 0x000001b32543f9f0 nmethod 8366 0x000001b30ea2c990 code [0x000001b30ea2cb60, 0x000001b30ea2cfe8]
Event: 8.177 Thread 0x000001b32543f9f0 8365       3       java.util.Arrays$ArrayList::contains (14 bytes)
Event: 8.177 Thread 0x000001b32543f9f0 nmethod 8365 0x000001b30ea2d190 code [0x000001b30ea2d340, 0x000001b30ea2d4e8]
Event: 8.179 Thread 0x000001b32543f9f0 8367   !   3       com.sun.beans.introspect.MethodInfo::get (143 bytes)
Event: 8.179 Thread 0x000001b32543f9f0 nmethod 8367 0x000001b30ea2d590 code [0x000001b30ea2d800, 0x000001b30ea2e438]
Event: 8.183 Thread 0x000001b32543f9f0 8368       3       java.beans.Introspector::addPropertyDescriptors (37 bytes)
Event: 8.183 Thread 0x000001b32543f9f0 nmethod 8368 0x000001b30ea2e910 code [0x000001b30ea2eac0, 0x000001b30ea2ed28]
Event: 8.185 Thread 0x000001b32543f9f0 8369       3       groovy.lang.MetaClassImpl::applyStrayPropertyMethods (288 bytes)
Event: 8.187 Thread 0x000001b32543f9f0 nmethod 8369 0x000001b30ea2ee90 code [0x000001b30ea2f340, 0x000001b30ea31c98]
Event: 8.188 Thread 0x000001b32543bbf0 nmethod 8328 0x000001b315b27e10 code [0x000001b315b28160, 0x000001b315b2b980]
Event: 8.188 Thread 0x000001b32543bbf0 8332       4       groovy.lang.MetaClassImpl$1MOPIter::methodNameAction (325 bytes)

GC Heap History (20 events):
Event: 5.242 GC heap after
{Heap after GC invocations=16 (full 0):
 garbage-first heap   total 82944K, used 44384K [0x0000000080000000, 0x0000000100000000)
  region size 1024K, 1 young (1024K), 1 survivors (1024K)
 Metaspace       used 55621K, committed 56064K, reserved 1097728K
  class space    used 7378K, committed 7552K, reserved 1048576K
}
Event: 5.491 GC heap before
{Heap before GC invocations=17 (full 0):
 garbage-first heap   total 82944K, used 63840K [0x0000000080000000, 0x0000000100000000)
  region size 1024K, 20 young (20480K), 1 survivors (1024K)
 Metaspace       used 58611K, committed 59136K, reserved 1105920K
  class space    used 7773K, committed 8000K, reserved 1048576K
}
Event: 5.492 GC heap after
{Heap after GC invocations=18 (full 0):
 garbage-first heap   total 82944K, used 44874K [0x0000000080000000, 0x0000000100000000)
  region size 1024K, 2 young (2048K), 2 survivors (2048K)
 Metaspace       used 58611K, committed 59136K, reserved 1105920K
  class space    used 7773K, committed 8000K, reserved 1048576K
}
Event: 5.754 GC heap before
{Heap before GC invocations=18 (full 0):
 garbage-first heap   total 82944K, used 60234K [0x0000000080000000, 0x0000000100000000)
  region size 1024K, 18 young (18432K), 2 survivors (2048K)
 Metaspace       used 62348K, committed 62848K, reserved 1105920K
  class space    used 8250K, committed 8448K, reserved 1048576K
}
Event: 5.757 GC heap after
{Heap after GC invocations=19 (full 0):
 garbage-first heap   total 82944K, used 46783K [0x0000000080000000, 0x0000000100000000)
  region size 1024K, 3 young (3072K), 3 survivors (3072K)
 Metaspace       used 62348K, committed 62848K, reserved 1105920K
  class space    used 8250K, committed 8448K, reserved 1048576K
}
Event: 5.796 GC heap before
{Heap before GC invocations=20 (full 0):
 garbage-first heap   total 102400K, used 58047K [0x0000000080000000, 0x0000000100000000)
  region size 1024K, 12 young (12288K), 3 survivors (3072K)
 Metaspace       used 62351K, committed 62848K, reserved 1105920K
  class space    used 8250K, committed 8448K, reserved 1048576K
}
Event: 5.800 GC heap after
{Heap after GC invocations=21 (full 0):
 garbage-first heap   total 102400K, used 52681K [0x0000000080000000, 0x0000000100000000)
  region size 1024K, 3 young (3072K), 3 survivors (3072K)
 Metaspace       used 62351K, committed 62848K, reserved 1105920K
  class space    used 8250K, committed 8448K, reserved 1048576K
}
Event: 6.049 GC heap before
{Heap before GC invocations=22 (full 0):
 garbage-first heap   total 102400K, used 76233K [0x0000000080000000, 0x0000000100000000)
  region size 1024K, 24 young (24576K), 3 survivors (3072K)
 Metaspace       used 64485K, committed 64960K, reserved 1105920K
  class space    used 8523K, committed 8704K, reserved 1048576K
}
Event: 6.052 GC heap after
{Heap after GC invocations=23 (full 0):
 garbage-first heap   total 102400K, used 49985K [0x0000000080000000, 0x0000000100000000)
  region size 1024K, 2 young (2048K), 2 survivors (2048K)
 Metaspace       used 64485K, committed 64960K, reserved 1105920K
  class space    used 8523K, committed 8704K, reserved 1048576K
}
Event: 6.299 GC heap before
{Heap before GC invocations=23 (full 0):
 garbage-first heap   total 102400K, used 73537K [0x0000000080000000, 0x0000000100000000)
  region size 1024K, 26 young (26624K), 2 survivors (2048K)
 Metaspace       used 66538K, committed 67072K, reserved 1114112K
  class space    used 8767K, committed 9024K, reserved 1048576K
}
Event: 6.302 GC heap after
{Heap after GC invocations=24 (full 0):
 garbage-first heap   total 122880K, used 52070K [0x0000000080000000, 0x0000000100000000)
  region size 1024K, 4 young (4096K), 4 survivors (4096K)
 Metaspace       used 66538K, committed 67072K, reserved 1114112K
  class space    used 8767K, committed 9024K, reserved 1048576K
}
Event: 6.567 GC heap before
{Heap before GC invocations=25 (full 0):
 garbage-first heap   total 122880K, used 89958K [0x0000000080000000, 0x0000000100000000)
  region size 1024K, 40 young (40960K), 4 survivors (4096K)
 Metaspace       used 67488K, committed 67968K, reserved 1114112K
  class space    used 8916K, committed 9152K, reserved 1048576K
}
Event: 6.572 GC heap after
{Heap after GC invocations=26 (full 0):
 garbage-first heap   total 122880K, used 54487K [0x0000000080000000, 0x0000000100000000)
  region size 1024K, 5 young (5120K), 5 survivors (5120K)
 Metaspace       used 67488K, committed 67968K, reserved 1114112K
  class space    used 8916K, committed 9152K, reserved 1048576K
}
Event: 6.972 GC heap before
{Heap before GC invocations=26 (full 0):
 garbage-first heap   total 122880K, used 91351K [0x0000000080000000, 0x0000000100000000)
  region size 1024K, 41 young (41984K), 5 survivors (5120K)
 Metaspace       used 71549K, committed 72064K, reserved 1114112K
  class space    used 9668K, committed 9920K, reserved 1048576K
}
Event: 6.977 GC heap after
{Heap after GC invocations=27 (full 0):
 garbage-first heap   total 122880K, used 57364K [0x0000000080000000, 0x0000000100000000)
  region size 1024K, 6 young (6144K), 6 survivors (6144K)
 Metaspace       used 71549K, committed 72064K, reserved 1114112K
  class space    used 9668K, committed 9920K, reserved 1048576K
}
Event: 7.442 GC heap before
{Heap before GC invocations=27 (full 0):
 garbage-first heap   total 122880K, used 93204K [0x0000000080000000, 0x0000000100000000)
  region size 1024K, 41 young (41984K), 6 survivors (6144K)
 Metaspace       used 75176K, committed 75776K, reserved 1122304K
  class space    used 10195K, committed 10432K, reserved 1048576K
}
Event: 7.448 GC heap after
{Heap after GC invocations=28 (full 0):
 garbage-first heap   total 122880K, used 60230K [0x0000000080000000, 0x0000000100000000)
  region size 1024K, 6 young (6144K), 6 survivors (6144K)
 Metaspace       used 75176K, committed 75776K, reserved 1122304K
  class space    used 10195K, committed 10432K, reserved 1048576K
}
Event: 7.902 GC heap before
{Heap before GC invocations=28 (full 0):
 garbage-first heap   total 122880K, used 96070K [0x0000000080000000, 0x0000000100000000)
  region size 1024K, 41 young (41984K), 6 survivors (6144K)
 Metaspace       used 80046K, committed 80640K, reserved 1122304K
  class space    used 10909K, committed 11200K, reserved 1048576K
}
Event: 7.907 GC heap after
{Heap after GC invocations=29 (full 0):
 garbage-first heap   total 122880K, used 63117K [0x0000000080000000, 0x0000000100000000)
  region size 1024K, 6 young (6144K), 6 survivors (6144K)
 Metaspace       used 80046K, committed 80640K, reserved 1122304K
  class space    used 10909K, committed 11200K, reserved 1048576K
}
Event: 8.197 GC heap before
{Heap before GC invocations=29 (full 0):
 garbage-first heap   total 122880K, used 97933K [0x0000000080000000, 0x0000000100000000)
  region size 1024K, 40 young (40960K), 6 survivors (6144K)
 Metaspace       used 81555K, committed 82112K, reserved 1122304K
  class space    used 11113K, committed 11392K, reserved 1048576K
}

Dll operation events (2 events):
Event: 0.006 Loaded shared library C:\Program Files\Android\Android Studio\jbr\bin\java.dll
Event: 0.366 Loaded shared library C:\Program Files\Android\Android Studio\jbr\bin\verify.dll

Deoptimization events (20 events):
Event: 8.028 Thread 0x000001b327d8aa20 Uncommon trap: trap_request=0xffffff45 fr.pc=0x000001b315b00410 relative=0x0000000000002950
Event: 8.028 Thread 0x000001b327d8aa20 Uncommon trap: reason=unstable_if action=reinterpret pc=0x000001b315b00410 method=java.util.HashMap.putVal(ILjava/lang/Object;Ljava/lang/Object;ZZ)Ljava/lang/Object; @ 109 c2
Event: 8.028 Thread 0x000001b327d8aa20 DEOPT PACKING pc=0x000001b315b00410 sp=0x000000a30a2f88b0
Event: 8.028 Thread 0x000001b327d8aa20 DEOPT UNPACKING pc=0x000001b3151269a3 sp=0x000000a30a2f8770 mode 2
Event: 8.073 Thread 0x000001b327d8aa20 Uncommon trap: trap_request=0xffffff76 fr.pc=0x000001b315b1cea8 relative=0x0000000000000088
Event: 8.073 Thread 0x000001b327d8aa20 Uncommon trap: reason=predicate action=maybe_recompile pc=0x000001b315b1cea8 method=java.util.TimSort.binarySort([Ljava/lang/Object;IIILjava/util/Comparator;)V @ 34 c2
Event: 8.073 Thread 0x000001b327d8aa20 DEOPT PACKING pc=0x000001b315b1cea8 sp=0x000000a30a2f9e90
Event: 8.073 Thread 0x000001b327d8aa20 DEOPT UNPACKING pc=0x000001b3151269a3 sp=0x000000a30a2f9e40 mode 2
Event: 8.099 Thread 0x000001b327d8aa20 Uncommon trap: trap_request=0xffffff45 fr.pc=0x000001b315735f48 relative=0x0000000000000608
Event: 8.099 Thread 0x000001b327d8aa20 Uncommon trap: reason=unstable_if action=reinterpret pc=0x000001b315735f48 method=java.util.HashMap$HashIterator.<init>(Ljava/util/HashMap;)V @ 45 c2
Event: 8.099 Thread 0x000001b327d8aa20 DEOPT PACKING pc=0x000001b315735f48 sp=0x000000a30a2fbc90
Event: 8.099 Thread 0x000001b327d8aa20 DEOPT UNPACKING pc=0x000001b3151269a3 sp=0x000000a30a2fbb20 mode 2
Event: 8.157 Thread 0x000001b327d8aa20 Uncommon trap: trap_request=0xffffff45 fr.pc=0x000001b315a4ca70 relative=0x00000000000011b0
Event: 8.157 Thread 0x000001b327d8aa20 Uncommon trap: reason=unstable_if action=reinterpret pc=0x000001b315a4ca70 method=java.lang.ClassLoader.checkCerts(Ljava/lang/String;Ljava/security/CodeSource;)V @ 30 c2
Event: 8.157 Thread 0x000001b327d8aa20 DEOPT PACKING pc=0x000001b315a4ca70 sp=0x000000a30a2f7870
Event: 8.158 Thread 0x000001b327d8aa20 DEOPT UNPACKING pc=0x000001b3151269a3 sp=0x000000a30a2f77e8 mode 2
Event: 8.158 Thread 0x000001b327d8aa20 Uncommon trap: trap_request=0xffffff45 fr.pc=0x000001b3158ff154 relative=0x0000000000000ad4
Event: 8.158 Thread 0x000001b327d8aa20 Uncommon trap: reason=unstable_if action=reinterpret pc=0x000001b3158ff154 method=java.lang.ClassLoader.loadClass(Ljava/lang/String;Z)Ljava/lang/Class; @ 29 c2
Event: 8.158 Thread 0x000001b327d8aa20 DEOPT PACKING pc=0x000001b3158ff154 sp=0x000000a30a2f3920
Event: 8.158 Thread 0x000001b327d8aa20 DEOPT UNPACKING pc=0x000001b3151269a3 sp=0x000000a30a2f38e8 mode 2

Classes unloaded (0 events):
No events

Classes redefined (0 events):
No events

Internal exceptions (20 events):
Event: 8.173 Thread 0x000001b327d8aa20 Exception <a 'java/lang/ClassNotFoundException'{0x0000000085a4bfd8}: com/android/build/gradle/tasks/JavaPreCompileTaskBeanInfo> (0x0000000085a4bfd8) 
thrown [s\src\hotspot\share\classfile\systemDictionary.cpp, line 256]
Event: 8.173 Thread 0x000001b327d8aa20 Exception <a 'java/lang/ClassNotFoundException'{0x0000000085a576f8}: com/android/build/gradle/tasks/JavaPreCompileTaskCustomizer> (0x0000000085a576f8) 
thrown [s\src\hotspot\share\classfile\systemDictionary.cpp, line 256]
Event: 8.174 Thread 0x000001b327d8aa20 Exception <a 'java/lang/ClassNotFoundException'{0x0000000085a77ce8}: com/android/build/gradle/tasks/JavaPreCompileTask_DecoratedCustomizer> (0x0000000085a77ce8) 
thrown [s\src\hotspot\share\classfile\systemDictionary.cpp, line 256]
Event: 8.177 Thread 0x000001b327d8aa20 Exception <a 'java/lang/ClassNotFoundException'{0x0000000085917320}: com/android/build/gradle/internal/tasks/CheckAarMetadataTask_DecoratedBeanInfo> (0x0000000085917320) 
thrown [s\src\hotspot\share\classfile\systemDictionary.cpp, line 256]
Event: 8.177 Thread 0x000001b327d8aa20 Exception <a 'java/lang/ClassNotFoundException'{0x0000000085922f28}: com/android/build/gradle/internal/tasks/CheckAarMetadataTaskBeanInfo> (0x0000000085922f28) 
thrown [s\src\hotspot\share\classfile\systemDictionary.cpp, line 256]
Event: 8.178 Thread 0x000001b327d8aa20 Exception <a 'java/lang/ClassNotFoundException'{0x000000008592e868}: com/android/build/gradle/internal/tasks/CheckAarMetadataTaskCustomizer> (0x000000008592e868) 
thrown [s\src\hotspot\share\classfile\systemDictionary.cpp, line 256]
Event: 8.179 Thread 0x000001b327d8aa20 Exception <a 'java/lang/ClassNotFoundException'{0x000000008595a0b8}: com/android/build/gradle/internal/tasks/CheckAarMetadataTask_DecoratedCustomizer> (0x000000008595a0b8) 
thrown [s\src\hotspot\share\classfile\systemDictionary.cpp, line 256]
Event: 8.182 Thread 0x000001b327d8aa20 Exception <a 'java/lang/ClassNotFoundException'{0x00000000859ffd10}: com/android/build/gradle/tasks/GenerateResValues_DecoratedBeanInfo> (0x00000000859ffd10) 
thrown [s\src\hotspot\share\classfile\systemDictionary.cpp, line 256]
Event: 8.182 Thread 0x000001b327d8aa20 Exception <a 'java/lang/ClassNotFoundException'{0x000000008580bba8}: com/android/build/gradle/tasks/GenerateResValuesBeanInfo> (0x000000008580bba8) 
thrown [s\src\hotspot\share\classfile\systemDictionary.cpp, line 256]
Event: 8.183 Thread 0x000001b327d8aa20 Exception <a 'java/lang/ClassNotFoundException'{0x00000000858172b0}: com/android/build/gradle/tasks/GenerateResValuesCustomizer> (0x00000000858172b0) 
thrown [s\src\hotspot\share\classfile\systemDictionary.cpp, line 256]
Event: 8.184 Thread 0x000001b327d8aa20 Exception <a 'java/lang/ClassNotFoundException'{0x0000000085835090}: com/android/build/gradle/tasks/GenerateResValues_DecoratedCustomizer> (0x0000000085835090) 
thrown [s\src\hotspot\share\classfile\systemDictionary.cpp, line 256]
Event: 8.187 Thread 0x000001b327d8aa20 Exception <a 'java/lang/ClassNotFoundException'{0x00000000858d56c8}: com/android/build/gradle/tasks/MapSourceSetPathsTask_DecoratedBeanInfo> (0x00000000858d56c8) 
thrown [s\src\hotspot\share\classfile\systemDictionary.cpp, line 256]
Event: 8.188 Thread 0x000001b327d8aa20 Exception <a 'java/lang/ClassNotFoundException'{0x00000000858e10d0}: com/android/build/gradle/tasks/MapSourceSetPathsTaskBeanInfo> (0x00000000858e10d0) 
thrown [s\src\hotspot\share\classfile\systemDictionary.cpp, line 256]
Event: 8.188 Thread 0x000001b327d8aa20 Exception <a 'java/lang/ClassNotFoundException'{0x00000000858ec810}: com/android/build/gradle/tasks/MapSourceSetPathsTaskCustomizer> (0x00000000858ec810) 
thrown [s\src\hotspot\share\classfile\systemDictionary.cpp, line 256]
Event: 8.189 Thread 0x000001b327d8aa20 Exception <a 'java/lang/ClassNotFoundException'{0x000000008571c998}: com/android/build/gradle/tasks/MapSourceSetPathsTask_DecoratedCustomizer> (0x000000008571c998) 
thrown [s\src\hotspot\share\classfile\systemDictionary.cpp, line 256]
Event: 8.194 Thread 0x000001b327d8aa20 Exception <a 'java/lang/ClassNotFoundException'{0x000000008560af98}: com/android/build/gradle/tasks/MergeResources_DecoratedBeanInfo> (0x000000008560af98) 
thrown [s\src\hotspot\share\classfile\systemDictionary.cpp, line 256]
Event: 8.195 Thread 0x000001b327d8aa20 Exception <a 'java/lang/ClassNotFoundException'{0x00000000856168b0}: com/android/build/gradle/tasks/MergeResourcesBeanInfo> (0x00000000856168b0) 
thrown [s\src\hotspot\share\classfile\systemDictionary.cpp, line 256]
Event: 8.195 Thread 0x000001b327d8aa20 Exception <a 'java/lang/ClassNotFoundException'{0x0000000085623478}: com/android/build/gradle/internal/tasks/NewIncrementalTaskBeanInfo> (0x0000000085623478) 
thrown [s\src\hotspot\share\classfile\systemDictionary.cpp, line 256]
Event: 8.195 Thread 0x000001b327d8aa20 Exception <a 'java/lang/ClassNotFoundException'{0x000000008562fae8}: com/android/build/gradle/internal/tasks/NewIncrementalTaskCustomizer> (0x000000008562fae8) 
thrown [s\src\hotspot\share\classfile\systemDictionary.cpp, line 256]
Event: 8.196 Thread 0x000001b327d8aa20 Exception <a 'java/lang/ClassNotFoundException'{0x0000000085649b68}: com/android/build/gradle/tasks/MergeResourcesCustomizer> (0x0000000085649b68) 
thrown [s\src\hotspot\share\classfile\systemDictionary.cpp, line 256]

VM Operations (20 events):
Event: 7.544 Executing VM operation: HandshakeAllThreads done
Event: 7.619 Executing VM operation: HandshakeAllThreads
Event: 7.619 Executing VM operation: HandshakeAllThreads done
Event: 7.701 Executing VM operation: HandshakeAllThreads
Event: 7.701 Executing VM operation: HandshakeAllThreads done
Event: 7.797 Executing VM operation: ICBufferFull
Event: 7.797 Executing VM operation: ICBufferFull done
Event: 7.825 Executing VM operation: HandshakeAllThreads
Event: 7.826 Executing VM operation: HandshakeAllThreads done
Event: 7.867 Executing VM operation: HandshakeAllThreads
Event: 7.867 Executing VM operation: HandshakeAllThreads done
Event: 7.902 Executing VM operation: G1CollectForAllocation
Event: 7.907 Executing VM operation: G1CollectForAllocation done
Event: 7.957 Executing VM operation: HandshakeAllThreads
Event: 7.957 Executing VM operation: HandshakeAllThreads done
Event: 8.113 Executing VM operation: HandshakeAllThreads
Event: 8.113 Executing VM operation: HandshakeAllThreads done
Event: 8.151 Executing VM operation: ICBufferFull
Event: 8.152 Executing VM operation: ICBufferFull done
Event: 8.197 Executing VM operation: G1CollectForAllocation

Events (20 events):
Event: 7.855 loading class java/util/EnumMap$EntryIterator
Event: 7.855 loading class java/util/EnumMap$EnumMapIterator
Event: 7.856 loading class java/util/EnumMap$EnumMapIterator done
Event: 7.856 loading class java/util/EnumMap$EntryIterator done
Event: 7.856 loading class java/util/EnumMap$EntryIterator$Entry
Event: 7.856 loading class java/util/EnumMap$EntryIterator$Entry done
Event: 7.864 loading class jdk/internal/reflect/UnsafeBooleanFieldAccessorImpl
Event: 7.864 loading class jdk/internal/reflect/UnsafeBooleanFieldAccessorImpl done
Event: 8.090 loading class java/util/IdentityHashMap$KeyIterator
Event: 8.090 loading class java/util/IdentityHashMap$IdentityHashMapIterator
Event: 8.090 loading class java/util/IdentityHashMap$IdentityHashMapIterator done
Event: 8.090 loading class java/util/IdentityHashMap$KeyIterator done
Event: 8.153 loading class java/lang/ClassBeanInfo
Event: 8.153 loading class java/lang/ClassBeanInfo done
Event: 8.153 loading class java/lang/ClassBeanInfo
Event: 8.153 loading class java/lang/ClassBeanInfo done
Event: 8.153 loading class java/lang/ClassCustomizer
Event: 8.153 loading class java/lang/ClassCustomizer done
Event: 8.153 loading class java/lang/ClassCustomizer
Event: 8.153 loading class java/lang/ClassCustomizer done


Dynamic libraries:
0x00007ff73a160000 - 0x00007ff73a16a000 	C:\Program Files\Android\Android Studio\jbr\bin\java.exe
0x00007fff13c30000 - 0x00007fff13e28000 	C:\WINDOWS\SYSTEM32\ntdll.dll
0x00007fff13340000 - 0x00007fff133ff000 	C:\WINDOWS\System32\KERNEL32.DLL
0x00007fff116d0000 - 0x00007fff119aa000 	C:\WINDOWS\System32\KERNELBASE.dll
0x00007fff114c0000 - 0x00007fff115c0000 	C:\WINDOWS\System32\ucrtbase.dll
0x00007fff03a70000 - 0x00007fff03a87000 	C:\Program Files\Android\Android Studio\jbr\bin\jli.dll
0x00007ffeee7b0000 - 0x00007ffeee7cb000 	C:\Program Files\Android\Android Studio\jbr\bin\VCRUNTIME140.dll
0x00007fff12390000 - 0x00007fff1252d000 	C:\WINDOWS\System32\USER32.dll
0x00007fff11bc0000 - 0x00007fff11be2000 	C:\WINDOWS\System32\win32u.dll
0x00007ffefd630000 - 0x00007ffefd8ca000 	C:\WINDOWS\WinSxS\amd64_microsoft.windows.common-controls_6595b64144ccf1df_6.0.19041.1110_none_60b5254171f9507e\COMCTL32.dll
0x00007fff13310000 - 0x00007fff1333b000 	C:\WINDOWS\System32\GDI32.dll
0x00007fff13b50000 - 0x00007fff13bee000 	C:\WINDOWS\System32\msvcrt.dll
0x00007fff115c0000 - 0x00007fff116d0000 	C:\WINDOWS\System32\gdi32full.dll
0x00007fff11340000 - 0x00007fff113dd000 	C:\WINDOWS\System32\msvcp_win.dll
0x00007fff12560000 - 0x00007fff12590000 	C:\WINDOWS\System32\IMM32.DLL
0x00007fff04ad0000 - 0x00007fff04adc000 	C:\Program Files\Android\Android Studio\jbr\bin\vcruntime140_1.dll
0x00007ffedb250000 - 0x00007ffedb2dd000 	C:\Program Files\Android\Android Studio\jbr\bin\msvcp140.dll
0x00007ffee6380000 - 0x00007ffee6fed000 	C:\Program Files\Android\Android Studio\jbr\bin\server\jvm.dll
0x00007fff12070000 - 0x00007fff1211e000 	C:\WINDOWS\System32\ADVAPI32.dll
0x00007fff11c90000 - 0x00007fff11d2c000 	C:\WINDOWS\System32\sechost.dll
0x00007fff13150000 - 0x00007fff13276000 	C:\WINDOWS\System32\RPCRT4.dll
0x00007fff0ce30000 - 0x00007fff0ce39000 	C:\WINDOWS\SYSTEM32\WSOCK32.dll
0x00007fff041f0000 - 0x00007fff04217000 	C:\WINDOWS\SYSTEM32\WINMM.dll
0x00007fff12ed0000 - 0x00007fff12f3b000 	C:\WINDOWS\System32\WS2_32.dll
0x00007fff0b6a0000 - 0x00007fff0b6aa000 	C:\WINDOWS\SYSTEM32\VERSION.dll
0x00007fff0f220000 - 0x00007fff0f232000 	C:\WINDOWS\SYSTEM32\kernel.appcore.dll
0x00007fff0ca60000 - 0x00007fff0ca6a000 	C:\Program Files\Android\Android Studio\jbr\bin\jimage.dll
0x00007fff03770000 - 0x00007fff03954000 	C:\WINDOWS\SYSTEM32\DBGHELP.DLL
0x00007ffefcb50000 - 0x00007ffefcb84000 	C:\WINDOWS\SYSTEM32\dbgcore.DLL
0x00007fff113e0000 - 0x00007fff11462000 	C:\WINDOWS\System32\bcryptPrimitives.dll
0x00007fff08090000 - 0x00007fff080b5000 	C:\Program Files\Android\Android Studio\jbr\bin\java.dll
0x00007fff0b010000 - 0x00007fff0b028000 	C:\Program Files\Android\Android Studio\jbr\bin\zip.dll
0x00007fff13400000 - 0x00007fff13b44000 	C:\WINDOWS\System32\SHELL32.dll
0x00007fff0f420000 - 0x00007fff0fbb3000 	C:\WINDOWS\SYSTEM32\windows.storage.dll
0x00007fff12b70000 - 0x00007fff12ec4000 	C:\WINDOWS\System32\combase.dll
0x00007fff10d30000 - 0x00007fff10d5e000 	C:\WINDOWS\SYSTEM32\Wldp.dll
0x00007fff12a60000 - 0x00007fff12b0d000 	C:\WINDOWS\System32\SHCORE.dll
0x00007fff12b10000 - 0x00007fff12b65000 	C:\WINDOWS\System32\shlwapi.dll
0x00007fff11280000 - 0x00007fff1129f000 	C:\WINDOWS\SYSTEM32\profapi.dll
0x00007fff0af80000 - 0x00007fff0af99000 	C:\Program Files\Android\Android Studio\jbr\bin\net.dll
0x00007fff0b590000 - 0x00007fff0b69a000 	C:\WINDOWS\SYSTEM32\WINHTTP.dll
0x00007fff10a20000 - 0x00007fff10a8a000 	C:\WINDOWS\system32\mswsock.dll
0x00007fff09ba0000 - 0x00007fff09bb6000 	C:\Program Files\Android\Android Studio\jbr\bin\nio.dll
0x00007fff0af40000 - 0x00007fff0af50000 	C:\Program Files\Android\Android Studio\jbr\bin\verify.dll
0x00007ffeee7d0000 - 0x00007ffeee7f7000 	C:\Users\Pasha\.gradle\native\68d5fa5c4cc2d200863cafc0d521ce42e7d3e7ee720ec0a83991735586a16f82\windows-amd64\native-platform.dll
0x00007ffedb100000 - 0x00007ffedb244000 	C:\Users\Pasha\.gradle\native\e376f236ea51e6404a007f0833ffe2c6e607c4080706a723a18a27aeea778392\windows-amd64\native-platform-file-events.dll
0x00007fff0c4c0000 - 0x00007fff0c4c9000 	C:\Program Files\Android\Android Studio\jbr\bin\management.dll
0x00007fff0bbb0000 - 0x00007fff0bbbb000 	C:\Program Files\Android\Android Studio\jbr\bin\management_ext.dll
0x00007fff12550000 - 0x00007fff12558000 	C:\WINDOWS\System32\PSAPI.DLL
0x00007fff10c20000 - 0x00007fff10c38000 	C:\WINDOWS\SYSTEM32\CRYPTSP.dll
0x00007fff10340000 - 0x00007fff10374000 	C:\WINDOWS\system32\rsaenh.dll
0x00007fff11bf0000 - 0x00007fff11c17000 	C:\WINDOWS\System32\bcrypt.dll
0x00007fff11200000 - 0x00007fff1122e000 	C:\WINDOWS\SYSTEM32\USERENV.dll
0x00007fff10c10000 - 0x00007fff10c1c000 	C:\WINDOWS\SYSTEM32\CRYPTBASE.dll
0x00007fff10710000 - 0x00007fff1074c000 	C:\WINDOWS\SYSTEM32\IPHLPAPI.DLL
0x00007fff11f40000 - 0x00007fff11f48000 	C:\WINDOWS\System32\NSI.dll
0x00007fff0bc70000 - 0x00007fff0bc87000 	C:\WINDOWS\SYSTEM32\dhcpcsvc6.DLL
0x00007fff0bc50000 - 0x00007fff0bc6d000 	C:\WINDOWS\SYSTEM32\dhcpcsvc.DLL
0x00007fff10750000 - 0x00007fff1081b000 	C:\WINDOWS\SYSTEM32\DNSAPI.dll
0x00007fff09b30000 - 0x00007fff09b37000 	C:\WINDOWS\system32\wshunix.dll

dbghelp: loaded successfully - version: 4.0.5 - missing functions: none
symbol engine: initialized successfully - sym options: 0x614 - pdb path: .;C:\Program Files\Android\Android Studio\jbr\bin;C:\WINDOWS\SYSTEM32;C:\WINDOWS\WinSxS\amd64_microsoft.windows.common-controls_6595b64144ccf1df_6.0.19041.1110_none_60b5254171f9507e;C:\Program Files\Android\Android Studio\jbr\bin\server;C:\Users\Pasha\.gradle\native\68d5fa5c4cc2d200863cafc0d521ce42e7d3e7ee720ec0a83991735586a16f82\windows-amd64;C:\Users\Pasha\.gradle\native\e376f236ea51e6404a007f0833ffe2c6e607c4080706a723a18a27aeea778392\windows-amd64

VM Arguments:
jvm_args: --add-opens=java.base/java.util=ALL-UNNAMED --add-opens=java.base/java.lang=ALL-UNNAMED --add-opens=java.base/java.lang.invoke=ALL-UNNAMED --add-opens=java.prefs/java.util.prefs=ALL-UNNAMED --add-opens=java.base/java.nio.charset=ALL-UNNAMED --add-opens=java.base/java.net=ALL-UNNAMED --add-opens=java.base/java.util.concurrent.atomic=ALL-UNNAMED -Xmx2048m -Dfile.encoding=UTF-8 -Duser.country=RU -Duser.language=ru -Duser.variant 
java_command: org.gradle.launcher.daemon.bootstrap.GradleDaemon 8.0
java_class_path (initial): C:\Users\Pasha\.gradle\wrapper\dists\gradle-8.0-bin\ca5e32bp14vu59qr306oxotwh\gradle-8.0\lib\gradle-launcher-8.0.jar
Launcher Type: SUN_STANDARD

[Global flags]
     intx CICompilerCount                          = 4                                         {product} {ergonomic}
     uint ConcGCThreads                            = 3                                         {product} {ergonomic}
     uint G1ConcRefinementThreads                  = 10                                        {product} {ergonomic}
   size_t G1HeapRegionSize                         = 1048576                                   {product} {ergonomic}
    uintx GCDrainStackTargetSize                   = 64                                        {product} {ergonomic}
   size_t InitialHeapSize                          = 134217728                                 {product} {ergonomic}
   size_t MarkStackSize                            = 4194304                                   {product} {ergonomic}
   size_t MaxHeapSize                              = 2147483648                                {product} {command line}
   size_t MaxNewSize                               = 1287651328                                {product} {ergonomic}
   size_t MinHeapDeltaBytes                        = 1048576                                   {product} {ergonomic}
   size_t MinHeapSize                              = 8388608                                   {product} {ergonomic}
    uintx NonNMethodCodeHeapSize                   = 5839372                                {pd product} {ergonomic}
    uintx NonProfiledCodeHeapSize                  = 122909434                              {pd product} {ergonomic}
    uintx ProfiledCodeHeapSize                     = 122909434                              {pd product} {ergonomic}
    uintx ReservedCodeCacheSize                    = 251658240                              {pd product} {ergonomic}
     bool SegmentedCodeCache                       = true                                      {product} {ergonomic}
   size_t SoftMaxHeapSize                          = 2147483648                             {manageable} {ergonomic}
     bool UseCompressedClassPointers               = true                           {product lp64_product} {ergonomic}
     bool UseCompressedOops                        = true                           {product lp64_product} {ergonomic}
     bool UseG1GC                                  = true                                      {product} {ergonomic}
     bool UseLargePagesIndividualAllocation        = false                                  {pd product} {ergonomic}

Logging:
Log output configuration:
 #0: stdout all=warning uptime,level,tags
 #1: stderr all=off uptime,level,tags

Environment Variables:
PATH=C:\WINDOWS\system32;C:\WINDOWS;C:\WINDOWS\System32\Wbem;C:\WINDOWS\System32\WindowsPowerShell\v1.0\;C:\WINDOWS\System32\OpenSSH\;C:\Program Files (x86)\NVIDIA Corporation\PhysX\Common;C:\Users\Pasha\AppData\Local\Microsoft\WindowsApps;
USERNAME=Pasha
OS=Windows_NT
PROCESSOR_IDENTIFIER=AMD64 Family 23 Model 1 Stepping 1, AuthenticAMD
TMP=C:\Users\Pasha\AppData\Local\Temp
TEMP=C:\Users\Pasha\AppData\Local\Temp



---------------  S Y S T E M  ---------------

OS:
 Windows 10 , 64 bit Build 19041 (10.0.19041.2788)
OS uptime: 2 days 1:33 hours

CPU: total 12 (initial active 12) (12 cores per cpu, 2 threads per core) family 23 model 1 stepping 1 microcode 0x0, cx8, cmov, fxsr, ht, mmx, 3dnowpref, sse, sse2, sse3, ssse3, sse4a, sse4.1, sse4.2, popcnt, lzcnt, tsc, tscinvbit, avx, avx2, aes, clmul, bmi1, bmi2, adx, sha, fma, vzeroupper, clflush, clflushopt

Memory: 4k page, system-wide physical 8125M (1609M free)
TotalPageFile size 8125M (AvailPageFile size 14M)
current process WorkingSet (physical memory assigned to process): 368M, peak: 369M
current process commit charge ("private bytes"): 418M, peak: 432M

vm_info: OpenJDK 64-Bit Server VM (17.0.6+0-b2043.56-9586694) for windows-amd64 JRE (17.0.6+0-b2043.56-9586694), built on Feb  9 2023 20:06:20 by "androidbuild" with MS VC++ 16.10 / 16.11 (VS2019)

END.
