#
# There is insufficient memory for the Java Runtime Environment to continue.
# Native memory allocation (malloc) failed to allocate 2378656 bytes for Chunk::new
# Possible reasons:
#   The system is out of physical RAM or swap space
#   The process is running with CompressedOops enabled, and the Java Heap may be blocking the growth of the native heap
# Possible solutions:
#   Reduce memory load on the system
#   Increase physical memory or swap space
#   Check if swap backing store is full
#   Decrease Java heap size (-Xmx/-Xms)
#   Decrease number of Java threads
#   Decrease Java thread stack sizes (-Xss)
#   Set larger code cache with -XX:ReservedCodeCacheSize=
#   JVM is running with Unscaled Compressed Oops mode in which the Java heap is
#     placed in the first 4GB address space. The Java Heap base address is the
#     maximum limit for the native heap growth. Please use -XX:HeapBaseMinAddress
#     to set the Java Heap base and to place the Java Heap above 4GB virtual address.
# This output file may be truncated or incomplete.
#
#  Out of Memory Error (arena.cpp:189), pid=3916, tid=7796
#
# JRE version: OpenJDK Runtime Environment (17.0.6) (build 17.0.6+0-b2043.56-9586694)
# Java VM: OpenJDK 64-Bit Server VM (17.0.6+0-b2043.56-9586694, mixed mode, tiered, compressed oops, compressed class ptrs, g1 gc, windows-amd64)
# No core dump will be written. Minidumps are not enabled by default on client versions of Windows
#

---------------  S U M M A R Y ------------

Command Line: --add-opens=java.base/java.util=ALL-UNNAMED --add-opens=java.base/java.lang=ALL-UNNAMED --add-opens=java.base/java.lang.invoke=ALL-UNNAMED --add-opens=java.prefs/java.util.prefs=ALL-UNNAMED --add-opens=java.base/java.nio.charset=ALL-UNNAMED --add-opens=java.base/java.net=ALL-UNNAMED --add-opens=java.base/java.util.concurrent.atomic=ALL-UNNAMED -Xmx2048m -Dfile.encoding=UTF-8 -Duser.country=RU -Duser.language=ru -Duser.variant org.gradle.launcher.daemon.bootstrap.GradleDaemon 8.0

Host: AMD Ryzen 5 1600 Six-Core Processor            , 12 cores, 7G,  Windows 10 , 64 bit Build 19041 (10.0.19041.2788)
Time: Wed Apr 26 18:09:24 2023 RTZ 4 (s 10 , 64 bit Build 19041 (10.0.19041.2788) elapsed time: 83.676062 seconds (0d 0h 1m 23s)

---------------  T H R E A D  ---------------

Current thread (0x000002341e2e5880):  JavaThread "C2 CompilerThread2" daemon [_thread_in_native, id=7796, stack(0x000000a9add00000,0x000000a9ade00000)]


Current CompileTask:
C2:  83676 13679   !   4       org.gradle.internal.service.DefaultServiceRegistry$ManagedObjectServiceProvider::getInstance (47 bytes)

Stack: [0x000000a9add00000,0x000000a9ade00000]
Native frames: (J=compiled Java code, j=interpreted, Vv=VM code, C=native code)
V  [jvm.dll+0x683b4a]
V  [jvm.dll+0x842654]
V  [jvm.dll+0x843dfe]
V  [jvm.dll+0x844463]
V  [jvm.dll+0x249b75]
V  [jvm.dll+0xabcac]
V  [jvm.dll+0xac27c]
V  [jvm.dll+0x368857]
V  [jvm.dll+0x332f31]
V  [jvm.dll+0x3323da]
V  [jvm.dll+0x21c201]
V  [jvm.dll+0x21b621]
V  [jvm.dll+0x1a4fdd]
V  [jvm.dll+0x22b098]
V  [jvm.dll+0x229159]
V  [jvm.dll+0x7f809c]
V  [jvm.dll+0x7f25fa]
V  [jvm.dll+0x682985]
C  [ucrtbase.dll+0x21bb2]
C  [KERNEL32.DLL+0x17604]
C  [ntdll.dll+0x526a1]


---------------  P R O C E S S  ---------------

Threads class SMR info:
_java_thread_list=0x000002341b7c2900, length=164, elements={
0x0000023477188e30, 0x000002341152b250, 0x000002341152cfe0, 0x0000023412039d30,
0x000002341203a6f0, 0x000002341202e970, 0x000002341202f230, 0x0000023412033e30,
0x00000234120347e0, 0x000002341204d010, 0x00000234121d5010, 0x00000234121d6310,
0x00000234148586a0, 0x00000234147a2790, 0x0000023413b19a10, 0x0000023413758560,
0x000002341375b580, 0x000002341375b0b0, 0x00000234137598a0, 0x0000023413759d70,
0x00000234177ed2a0, 0x00000234177e8f40, 0x00000234177eba90, 0x00000234177efdf0,
0x00000234177e8a70, 0x00000234177ef920, 0x00000234177e85a0, 0x000002341649b850,
0x000002341649a9e0, 0x00000234164979c0, 0x0000023416498360, 0x0000023416497e90,
0x0000023416498830, 0x00000234164991d0, 0x000002341378a540, 0x000002341ba3b920,
0x000002341ba5c020, 0x000002341bcabd20, 0x0000023416fa4f60, 0x000002341ba5c4f0,
0x000002341bca9d10, 0x00000234123c7a80, 0x000002341bcaab80, 0x00000234123c9290,
0x000002341bca9370, 0x000002341c328a90, 0x000002341c329900, 0x000002341c3280f0,
0x000002341ba3c790, 0x000002341ba3cc60, 0x000002341ba3c2c0, 0x000002341e2e5d90,
0x000002341e2e5880, 0x000002341ba3d130, 0x000002341ba3bdf0, 0x000002341bc411a0,
0x000002341bc429b0, 0x000002341bc42e80, 0x000002341bc43820, 0x000002341bc424e0,
0x000002341bc40800, 0x000002341bad0c80, 0x000002341bad02e0, 0x000002341be74180,
0x000002341be73cb0, 0x000002341ba42400, 0x000002341ba428d0, 0x00000234123c70e0,
0x00000234123c7f50, 0x000002341be76cd0, 0x000002341be75990, 0x000002341be771a0,
0x0000023417937a80, 0x0000023417937f50, 0x0000023417938dc0, 0x0000023417938420,
0x00000234179375b0, 0x00000234179388f0, 0x0000023417519640, 0x000002341751b7f0,
0x000002341751c190, 0x000002341751cb30, 0x000002341751a980, 0x000002341bdab160,
0x000002341bdab630, 0x000002341bdaac90, 0x000002341e2f1530, 0x000002341e2f2870,
0x000002341e2f23a0, 0x000002341e2f1ed0, 0x000002341e2f2d40, 0x000002341ba410c0,
0x000002341ba41590, 0x000002341751bcc0, 0x000002341b5881f0, 0x000002341b587380,
0x000002341b587850, 0x00000234123c9760, 0x00000234123c75b0, 0x00000234123c9c30,
0x00000234123c8420, 0x00000234123c88f0, 0x00000234123ca100, 0x00000234123c8dc0,
0x00000234123c6740, 0x00000234123c6c10, 0x000002341ba5ce90, 0x000002341ba5d360,
0x000002341ba5bb50, 0x00000234194654a0, 0x00000234194632f0, 0x0000023419465970,
0x0000023419464630, 0x0000023419461fb0, 0x00000234194637c0, 0x0000023419463c90,
0x0000023419464fd0, 0x0000023419464160, 0x0000023419462e20, 0x0000023419462480,
0x0000023419464b00, 0x0000023419462950, 0x0000023416dd8510, 0x0000023416dd89e0,
0x0000023416dd6360, 0x0000023416dd8eb0, 0x000002341c328f60, 0x000002341c329430,
0x000002341baff8e0, 0x000002341baff410, 0x000002341bafd730, 0x000002341bafdc00,
0x000002341bafea70, 0x000002341bafe0d0, 0x000002341bafe5a0, 0x000002341bafef40,
0x000002341bafcd90, 0x000002341baffdb0, 0x000002341bafd260, 0x000002341bb00280,
0x000002341bafc8c0, 0x000002341b63b420, 0x000002341b63c290, 0x000002341b63af50,
0x000002341b63b8f0, 0x000002341b63c760, 0x0000023416fa1ce0, 0x0000023416fa1340,
0x0000023416fa21b0, 0x0000023416fa0e70, 0x0000023416fa09a0, 0x0000023416fa1810,
0x0000023414ef7fa0, 0x000002341b587d20, 0x000002341b5886c0, 0x000002341751c660,
0x0000023417519fe0, 0x0000023417519170, 0x000002341751ae50, 0x0000023417519b10,
0x000002341751a4b0, 0x000002341751b320, 0x000002341be74650, 0x000002341be74b20
}

Java Threads: ( => current thread )
  0x0000023477188e30 JavaThread "main" [_thread_blocked, id=11120, stack(0x000000a9abc00000,0x000000a9abd00000)]
  0x000002341152b250 JavaThread "Reference Handler" daemon [_thread_blocked, id=3972, stack(0x000000a9ac300000,0x000000a9ac400000)]
  0x000002341152cfe0 JavaThread "Finalizer" daemon [_thread_blocked, id=10864, stack(0x000000a9ac400000,0x000000a9ac500000)]
  0x0000023412039d30 JavaThread "Signal Dispatcher" daemon [_thread_blocked, id=9612, stack(0x000000a9ac500000,0x000000a9ac600000)]
  0x000002341203a6f0 JavaThread "Attach Listener" daemon [_thread_blocked, id=7832, stack(0x000000a9ac600000,0x000000a9ac700000)]
  0x000002341202e970 JavaThread "Service Thread" daemon [_thread_blocked, id=10724, stack(0x000000a9ac700000,0x000000a9ac800000)]
  0x000002341202f230 JavaThread "Monitor Deflation Thread" daemon [_thread_blocked, id=4076, stack(0x000000a9ac800000,0x000000a9ac900000)]
  0x0000023412033e30 JavaThread "C2 CompilerThread0" daemon [_thread_in_native, id=2824, stack(0x000000a9ac900000,0x000000a9aca00000)]
  0x00000234120347e0 JavaThread "C1 CompilerThread0" daemon [_thread_in_vm, id=5260, stack(0x000000a9aca00000,0x000000a9acb00000)]
  0x000002341204d010 JavaThread "Sweeper thread" daemon [_thread_blocked, id=2724, stack(0x000000a9acb00000,0x000000a9acc00000)]
  0x00000234121d5010 JavaThread "Common-Cleaner" daemon [_thread_blocked, id=11020, stack(0x000000a9acc00000,0x000000a9acd00000)]
  0x00000234121d6310 JavaThread "Notification Thread" daemon [_thread_blocked, id=5512, stack(0x000000a9acd00000,0x000000a9ace00000)]
  0x00000234148586a0 JavaThread "Daemon health stats" [_thread_blocked, id=9752, stack(0x000000a9ad500000,0x000000a9ad600000)]
  0x00000234147a2790 JavaThread "Incoming local TCP Connector on port 61288" [_thread_in_native, id=9676, stack(0x000000a9ad600000,0x000000a9ad700000)]
  0x0000023413b19a10 JavaThread "Daemon periodic checks" [_thread_blocked, id=6260, stack(0x000000a9ad700000,0x000000a9ad800000)]
  0x0000023413758560 JavaThread "Cache worker for journal cache (C:\Users\Pasha\.gradle\caches\journal-1)" [_thread_blocked, id=4100, stack(0x000000a9ae600000,0x000000a9ae700000)]
  0x000002341375b580 JavaThread "File lock request listener" [_thread_in_native, id=3560, stack(0x000000a9ae700000,0x000000a9ae800000)]
  0x000002341375b0b0 JavaThread "Cache worker for file hash cache (C:\Users\Pasha\.gradle\caches\8.0\fileHashes)" [_thread_blocked, id=4704, stack(0x000000a9ae800000,0x000000a9ae900000)]
  0x00000234137598a0 JavaThread "File watcher server" daemon [_thread_in_native, id=9012, stack(0x000000a9ae900000,0x000000a9aea00000)]
  0x0000023413759d70 JavaThread "File watcher consumer" daemon [_thread_blocked, id=10640, stack(0x000000a9aea00000,0x000000a9aeb00000)]
  0x00000234177ed2a0 JavaThread "Cache worker for file content cache (C:\Users\Pasha\.gradle\caches\8.0\fileContent)" [_thread_blocked, id=7072, stack(0x000000a9aed00000,0x000000a9aee00000)]
  0x00000234177e8f40 JavaThread "Cache worker for execution history cache (C:\Users\Pasha\.gradle\caches\8.0\executionHistory)" [_thread_blocked, id=6828, stack(0x000000a9aef00000,0x000000a9af000000)]
  0x00000234177eba90 JavaThread "jar transforms" [_thread_blocked, id=9772, stack(0x000000a9af000000,0x000000a9af100000)]
  0x00000234177efdf0 JavaThread "jar transforms Thread 2" [_thread_blocked, id=10060, stack(0x000000a9af100000,0x000000a9af200000)]
  0x00000234177e8a70 JavaThread "jar transforms Thread 3" [_thread_blocked, id=100, stack(0x000000a9af300000,0x000000a9af400000)]
  0x00000234177ef920 JavaThread "jar transforms Thread 4" [_thread_blocked, id=9748, stack(0x000000a9af400000,0x000000a9af500000)]
  0x00000234177e85a0 JavaThread "jar transforms Thread 5" [_thread_blocked, id=6188, stack(0x000000a9af600000,0x000000a9af700000)]
  0x000002341649b850 JavaThread "jar transforms Thread 6" [_thread_blocked, id=1732, stack(0x000000a9b7000000,0x000000a9b7100000)]
  0x000002341649a9e0 JavaThread "jar transforms Thread 7" [_thread_blocked, id=10112, stack(0x000000a9b7100000,0x000000a9b7200000)]
  0x00000234164979c0 JavaThread "jar transforms Thread 8" [_thread_blocked, id=10612, stack(0x000000a9b7200000,0x000000a9b7300000)]
  0x0000023416498360 JavaThread "jar transforms Thread 9" [_thread_blocked, id=8496, stack(0x000000a9b7300000,0x000000a9b7400000)]
  0x0000023416497e90 JavaThread "jar transforms Thread 10" [_thread_blocked, id=6368, stack(0x000000a9b7400000,0x000000a9b7500000)]
  0x0000023416498830 JavaThread "jar transforms Thread 11" [_thread_blocked, id=7436, stack(0x000000a9b7500000,0x000000a9b7600000)]
  0x00000234164991d0 JavaThread "jar transforms Thread 12" [_thread_blocked, id=10408, stack(0x000000a9b7600000,0x000000a9b7700000)]
  0x000002341378a540 JavaThread "Memory manager" [_thread_blocked, id=5548, stack(0x000000a9b7800000,0x000000a9b7900000)]
  0x000002341ba3b920 JavaThread "Cache worker for Java compile cache (C:\Users\Pasha\.gradle\caches\8.0\javaCompile)" [_thread_blocked, id=4120, stack(0x000000a9b8a00000,0x000000a9b8b00000)]
  0x000002341ba5c020 JavaThread "ForkJoinPool.commonPool-worker-1" daemon [_thread_blocked, id=3784, stack(0x000000a9ba200000,0x000000a9ba300000)]
  0x000002341bcabd20 JavaThread "ForkJoinPool.commonPool-worker-2" daemon [_thread_blocked, id=5932, stack(0x000000a9ba300000,0x000000a9ba400000)]
  0x0000023416fa4f60 JavaThread "ForkJoinPool.commonPool-worker-4" daemon [_thread_blocked, id=11124, stack(0x000000a9ba500000,0x000000a9ba600000)]
  0x000002341ba5c4f0 JavaThread "ForkJoinPool.commonPool-worker-5" daemon [_thread_blocked, id=7872, stack(0x000000a9ba600000,0x000000a9ba700000)]
  0x000002341bca9d10 JavaThread "ForkJoinPool.commonPool-worker-6" daemon [_thread_blocked, id=3676, stack(0x000000a9ba700000,0x000000a9ba800000)]
  0x00000234123c7a80 JavaThread "ForkJoinPool.commonPool-worker-7" daemon [_thread_blocked, id=5732, stack(0x000000a9ba800000,0x000000a9ba900000)]
  0x000002341bcaab80 JavaThread "ForkJoinPool.commonPool-worker-8" daemon [_thread_blocked, id=1028, stack(0x000000a9ba900000,0x000000a9baa00000)]
  0x00000234123c9290 JavaThread "ForkJoinPool.commonPool-worker-9" daemon [_thread_blocked, id=10428, stack(0x000000a9baa00000,0x000000a9bab00000)]
  0x000002341bca9370 JavaThread "Daemon Thread 2" [_thread_blocked, id=9628, stack(0x000000a9ab900000,0x000000a9aba00000)]
  0x000002341c328a90 JavaThread "Handler for socket connection from /127.0.0.1:61288 to /127.0.0.1:61388" [_thread_in_native, id=6244, stack(0x000000a9aba00000,0x000000a9abb00000)]
  0x000002341c329900 JavaThread "Cancel handler" [_thread_blocked, id=7000, stack(0x000000a9abb00000,0x000000a9abc00000)]
  0x000002341c3280f0 JavaThread "Daemon worker Thread 2" [_thread_in_vm, id=5136, stack(0x000000a9ad800000,0x000000a9ad900000)]
  0x000002341ba3c790 JavaThread "Asynchronous log dispatcher for DefaultDaemonConnection: socket connection from /127.0.0.1:61288 to /127.0.0.1:61388" [_thread_blocked, id=4872, stack(0x000000a9ad900000,0x000000a9ada00000)]
  0x000002341ba3cc60 JavaThread "Stdin handler" [_thread_blocked, id=6816, stack(0x000000a9ada00000,0x000000a9adb00000)]
  0x000002341ba3c2c0 JavaThread "Daemon client event forwarder" [_thread_blocked, id=6764, stack(0x000000a9adb00000,0x000000a9adc00000)]
  0x000002341e2e5d90 JavaThread "C2 CompilerThread1" daemon [_thread_in_native, id=10764, stack(0x000000a9adc00000,0x000000a9add00000)]
=>0x000002341e2e5880 JavaThread "C2 CompilerThread2" daemon [_thread_in_native, id=7796, stack(0x000000a9add00000,0x000000a9ade00000)]
  0x000002341ba3d130 JavaThread "Cache worker for checksums cache (C:\Users\Pasha\AndroidStudioProjects\MyApplication9\.gradle\8.0\checksums)" [_thread_blocked, id=4156, stack(0x000000a9ade00000,0x000000a9adf00000)]
  0x000002341ba3bdf0 JavaThread "Cache worker for cache directory md-rule (C:\Users\Pasha\.gradle\caches\8.0\md-rule)" [_thread_blocked, id=5888, stack(0x000000a9aeb00000,0x000000a9aec00000)]
  0x000002341bc411a0 JavaThread "Cache worker for file hash cache (C:\Users\Pasha\AndroidStudioProjects\MyApplication9\.gradle\8.0\fileHashes)" [_thread_blocked, id=1084, stack(0x000000a9aec00000,0x000000a9aed00000)]
  0x000002341bc429b0 JavaThread "Cache worker for cache directory md-supplier (C:\Users\Pasha\.gradle\caches\8.0\md-supplier)" [_thread_blocked, id=5992, stack(0x000000a9aee00000,0x000000a9aef00000)]
  0x000002341bc42e80 JavaThread "Cache worker for dependencies-accessors (C:\Users\Pasha\AndroidStudioProjects\MyApplication9\.gradle\8.0\dependencies-accessors)" [_thread_blocked, id=7536, stack(0x000000a9af200000,0x000000a9af300000)]
  0x000002341bc43820 JavaThread "Cache worker for Build Output Cleanup Cache (C:\Users\Pasha\AndroidStudioProjects\MyApplication9\.gradle\buildOutputCleanup)" [_thread_blocked, id=7572, stack(0x000000a9af500000,0x000000a9af600000)]
  0x000002341bc424e0 JavaThread "Unconstrained build operations" [_thread_blocked, id=1416, stack(0x000000a9af700000,0x000000a9af800000)]
  0x000002341bc40800 JavaThread "Unconstrained build operations Thread 2" [_thread_blocked, id=5252, stack(0x000000a9af800000,0x000000a9af900000)]
  0x000002341bad0c80 JavaThread "Unconstrained build operations Thread 3" [_thread_blocked, id=9528, stack(0x000000a9af900000,0x000000a9afa00000)]
  0x000002341bad02e0 JavaThread "Unconstrained build operations Thread 4" [_thread_blocked, id=5964, stack(0x000000a9afa00000,0x000000a9afb00000)]
  0x000002341be74180 JavaThread "Unconstrained build operations Thread 5" [_thread_blocked, id=8096, stack(0x000000a9afb00000,0x000000a9afc00000)]
  0x000002341be73cb0 JavaThread "Unconstrained build operations Thread 6" [_thread_blocked, id=7620, stack(0x000000a9afc00000,0x000000a9afd00000)]
  0x000002341ba42400 JavaThread "Unconstrained build operations Thread 7" [_thread_blocked, id=5792, stack(0x000000a9afd00000,0x000000a9afe00000)]
  0x000002341ba428d0 JavaThread "Unconstrained build operations Thread 8" [_thread_blocked, id=8512, stack(0x000000a9afe00000,0x000000a9aff00000)]
  0x00000234123c70e0 JavaThread "Unconstrained build operations Thread 9" [_thread_blocked, id=6380, stack(0x000000a9aff00000,0x000000a9b0000000)]
  0x00000234123c7f50 JavaThread "Unconstrained build operations Thread 10" [_thread_blocked, id=8348, stack(0x000000a9b0000000,0x000000a9b0100000)]
  0x000002341be76cd0 JavaThread "Unconstrained build operations Thread 11" [_thread_blocked, id=7532, stack(0x000000a9b0100000,0x000000a9b0200000)]
  0x000002341be75990 JavaThread "Unconstrained build operations Thread 12" [_thread_blocked, id=2912, stack(0x000000a9b0200000,0x000000a9b0300000)]
  0x000002341be771a0 JavaThread "Unconstrained build operations Thread 13" [_thread_blocked, id=11096, stack(0x000000a9b0300000,0x000000a9b0400000)]
  0x0000023417937a80 JavaThread "Unconstrained build operations Thread 14" [_thread_blocked, id=8336, stack(0x000000a9b0400000,0x000000a9b0500000)]
  0x0000023417937f50 JavaThread "Unconstrained build operations Thread 15" [_thread_blocked, id=9588, stack(0x000000a9b0500000,0x000000a9b0600000)]
  0x0000023417938dc0 JavaThread "Unconstrained build operations Thread 16" [_thread_blocked, id=4036, stack(0x000000a9b0600000,0x000000a9b0700000)]
  0x0000023417938420 JavaThread "Unconstrained build operations Thread 17" [_thread_blocked, id=1368, stack(0x000000a9b0700000,0x000000a9b0800000)]
  0x00000234179375b0 JavaThread "Unconstrained build operations Thread 18" [_thread_blocked, id=10096, stack(0x000000a9b0800000,0x000000a9b0900000)]
  0x00000234179388f0 JavaThread "Unconstrained build operations Thread 19" [_thread_blocked, id=8072, stack(0x000000a9b0900000,0x000000a9b0a00000)]
  0x0000023417519640 JavaThread "Unconstrained build operations Thread 20" [_thread_blocked, id=9344, stack(0x000000a9b0a00000,0x000000a9b0b00000)]
  0x000002341751b7f0 JavaThread "Unconstrained build operations Thread 21" [_thread_blocked, id=9856, stack(0x000000a9b0b00000,0x000000a9b0c00000)]
  0x000002341751c190 JavaThread "Unconstrained build operations Thread 22" [_thread_blocked, id=1848, stack(0x000000a9b0c00000,0x000000a9b0d00000)]
  0x000002341751cb30 JavaThread "Unconstrained build operations Thread 23" [_thread_blocked, id=5864, stack(0x000000a9b0d00000,0x000000a9b0e00000)]
  0x000002341751a980 JavaThread "Unconstrained build operations Thread 24" [_thread_blocked, id=8416, stack(0x000000a9b0e00000,0x000000a9b0f00000)]
  0x000002341bdab160 JavaThread "Unconstrained build operations Thread 25" [_thread_blocked, id=1580, stack(0x000000a9b0f00000,0x000000a9b1000000)]
  0x000002341bdab630 JavaThread "Unconstrained build operations Thread 26" [_thread_blocked, id=1220, stack(0x000000a9b1000000,0x000000a9b1100000)]
  0x000002341bdaac90 JavaThread "Unconstrained build operations Thread 27" [_thread_blocked, id=1964, stack(0x000000a9b1100000,0x000000a9b1200000)]
  0x000002341e2f1530 JavaThread "Unconstrained build operations Thread 28" [_thread_blocked, id=5276, stack(0x000000a9b1200000,0x000000a9b1300000)]
  0x000002341e2f2870 JavaThread "Unconstrained build operations Thread 29" [_thread_blocked, id=944, stack(0x000000a9b1300000,0x000000a9b1400000)]
  0x000002341e2f23a0 JavaThread "Unconstrained build operations Thread 30" [_thread_blocked, id=6728, stack(0x000000a9b1400000,0x000000a9b1500000)]
  0x000002341e2f1ed0 JavaThread "Unconstrained build operations Thread 31" [_thread_blocked, id=6984, stack(0x000000a9b1500000,0x000000a9b1600000)]
  0x000002341e2f2d40 JavaThread "Unconstrained build operations Thread 32" [_thread_blocked, id=4360, stack(0x000000a9b1600000,0x000000a9b1700000)]
  0x000002341ba410c0 JavaThread "Unconstrained build operations Thread 33" [_thread_blocked, id=2236, stack(0x000000a9b1700000,0x000000a9b1800000)]
  0x000002341ba41590 JavaThread "Unconstrained build operations Thread 34" [_thread_blocked, id=6240, stack(0x000000a9b1800000,0x000000a9b1900000)]
  0x000002341751bcc0 JavaThread "Unconstrained build operations Thread 35" [_thread_blocked, id=8488, stack(0x000000a9b1900000,0x000000a9b1a00000)]
  0x000002341b5881f0 JavaThread "Unconstrained build operations Thread 36" [_thread_blocked, id=1980, stack(0x000000a9b1a00000,0x000000a9b1b00000)]
  0x000002341b587380 JavaThread "Unconstrained build operations Thread 37" [_thread_blocked, id=4928, stack(0x000000a9b1b00000,0x000000a9b1c00000)]
  0x000002341b587850 JavaThread "Unconstrained build operations Thread 38" [_thread_blocked, id=7476, stack(0x000000a9b1c00000,0x000000a9b1d00000)]
  0x00000234123c9760 JavaThread "Unconstrained build operations Thread 39" [_thread_blocked, id=2116, stack(0x000000a9b1d00000,0x000000a9b1e00000)]
  0x00000234123c75b0 JavaThread "Unconstrained build operations Thread 40" [_thread_blocked, id=2648, stack(0x000000a9b1e00000,0x000000a9b1f00000)]
  0x00000234123c9c30 JavaThread "Unconstrained build operations Thread 41" [_thread_blocked, id=10308, stack(0x000000a9b1f00000,0x000000a9b2000000)]
  0x00000234123c8420 JavaThread "Unconstrained build operations Thread 42" [_thread_blocked, id=5936, stack(0x000000a9b2000000,0x000000a9b2100000)]
  0x00000234123c88f0 JavaThread "Unconstrained build operations Thread 43" [_thread_blocked, id=10388, stack(0x000000a9b2100000,0x000000a9b2200000)]
  0x00000234123ca100 JavaThread "Unconstrained build operations Thread 44" [_thread_blocked, id=4068, stack(0x000000a9b2200000,0x000000a9b2300000)]
  0x00000234123c8dc0 JavaThread "Unconstrained build operations Thread 45" [_thread_blocked, id=2156, stack(0x000000a9b2300000,0x000000a9b2400000)]
  0x00000234123c6740 JavaThread "Unconstrained build operations Thread 46" [_thread_blocked, id=3680, stack(0x000000a9b2400000,0x000000a9b2500000)]
  0x00000234123c6c10 JavaThread "Unconstrained build operations Thread 47" [_thread_blocked, id=804, stack(0x000000a9b2500000,0x000000a9b2600000)]
  0x000002341ba5ce90 JavaThread "Unconstrained build operations Thread 48" [_thread_blocked, id=9540, stack(0x000000a9b2600000,0x000000a9b2700000)]
  0x000002341ba5d360 JavaThread "Unconstrained build operations Thread 49" [_thread_blocked, id=3768, stack(0x000000a9b2700000,0x000000a9b2800000)]
  0x000002341ba5bb50 JavaThread "Unconstrained build operations Thread 50" [_thread_blocked, id=6756, stack(0x000000a9b2800000,0x000000a9b2900000)]
  0x00000234194654a0 JavaThread "Unconstrained build operations Thread 51" [_thread_blocked, id=1904, stack(0x000000a9b2900000,0x000000a9b2a00000)]
  0x00000234194632f0 JavaThread "Unconstrained build operations Thread 52" [_thread_blocked, id=5012, stack(0x000000a9b2a00000,0x000000a9b2b00000)]
  0x0000023419465970 JavaThread "Unconstrained build operations Thread 53" [_thread_blocked, id=980, stack(0x000000a9b2b00000,0x000000a9b2c00000)]
  0x0000023419464630 JavaThread "Unconstrained build operations Thread 54" [_thread_blocked, id=5360, stack(0x000000a9b2c00000,0x000000a9b2d00000)]
  0x0000023419461fb0 JavaThread "Unconstrained build operations Thread 55" [_thread_blocked, id=9948, stack(0x000000a9b2d00000,0x000000a9b2e00000)]
  0x00000234194637c0 JavaThread "Unconstrained build operations Thread 56" [_thread_blocked, id=2184, stack(0x000000a9b2e00000,0x000000a9b2f00000)]
  0x0000023419463c90 JavaThread "Unconstrained build operations Thread 57" [_thread_blocked, id=10312, stack(0x000000a9b2f00000,0x000000a9b3000000)]
  0x0000023419464fd0 JavaThread "Unconstrained build operations Thread 58" [_thread_blocked, id=11028, stack(0x000000a9b3000000,0x000000a9b3100000)]
  0x0000023419464160 JavaThread "Unconstrained build operations Thread 59" [_thread_blocked, id=1956, stack(0x000000a9b3100000,0x000000a9b3200000)]
  0x0000023419462e20 JavaThread "Unconstrained build operations Thread 60" [_thread_blocked, id=7784, stack(0x000000a9b3200000,0x000000a9b3300000)]
  0x0000023419462480 JavaThread "Unconstrained build operations Thread 61" [_thread_blocked, id=10752, stack(0x000000a9b3300000,0x000000a9b3400000)]
  0x0000023419464b00 JavaThread "Unconstrained build operations Thread 62" [_thread_blocked, id=2404, stack(0x000000a9b3400000,0x000000a9b3500000)]
  0x0000023419462950 JavaThread "Unconstrained build operations Thread 63" [_thread_blocked, id=620, stack(0x000000a9b3500000,0x000000a9b3600000)]
  0x0000023416dd8510 JavaThread "Unconstrained build operations Thread 64" [_thread_blocked, id=7948, stack(0x000000a9b3600000,0x000000a9b3700000)]
  0x0000023416dd89e0 JavaThread "Unconstrained build operations Thread 65" [_thread_blocked, id=5908, stack(0x000000a9b3700000,0x000000a9b3800000)]
  0x0000023416dd6360 JavaThread "Unconstrained build operations Thread 66" [_thread_blocked, id=5416, stack(0x000000a9b3800000,0x000000a9b3900000)]
  0x0000023416dd8eb0 JavaThread "Unconstrained build operations Thread 67" [_thread_blocked, id=3344, stack(0x000000a9b3900000,0x000000a9b3a00000)]
  0x000002341c328f60 JavaThread "Unconstrained build operations Thread 68" [_thread_blocked, id=1680, stack(0x000000a9b3a00000,0x000000a9b3b00000)]
  0x000002341c329430 JavaThread "Unconstrained build operations Thread 69" [_thread_blocked, id=2948, stack(0x000000a9b3b00000,0x000000a9b3c00000)]
  0x000002341baff8e0 JavaThread "Unconstrained build operations Thread 70" [_thread_blocked, id=484, stack(0x000000a9b3c00000,0x000000a9b3d00000)]
  0x000002341baff410 JavaThread "Unconstrained build operations Thread 71" [_thread_blocked, id=1340, stack(0x000000a9b3d00000,0x000000a9b3e00000)]
  0x000002341bafd730 JavaThread "Unconstrained build operations Thread 72" [_thread_blocked, id=10016, stack(0x000000a9b3e00000,0x000000a9b3f00000)]
  0x000002341bafdc00 JavaThread "Unconstrained build operations Thread 73" [_thread_blocked, id=2812, stack(0x000000a9b3f00000,0x000000a9b4000000)]
  0x000002341bafea70 JavaThread "Unconstrained build operations Thread 74" [_thread_blocked, id=10780, stack(0x000000a9b4000000,0x000000a9b4100000)]
  0x000002341bafe0d0 JavaThread "Unconstrained build operations Thread 75" [_thread_blocked, id=4004, stack(0x000000a9b4100000,0x000000a9b4200000)]
  0x000002341bafe5a0 JavaThread "Unconstrained build operations Thread 76" [_thread_blocked, id=5184, stack(0x000000a9b4200000,0x000000a9b4300000)]
  0x000002341bafef40 JavaThread "Unconstrained build operations Thread 77" [_thread_blocked, id=1868, stack(0x000000a9b4300000,0x000000a9b4400000)]
  0x000002341bafcd90 JavaThread "Unconstrained build operations Thread 78" [_thread_blocked, id=9696, stack(0x000000a9b4400000,0x000000a9b4500000)]
  0x000002341baffdb0 JavaThread "Unconstrained build operations Thread 79" [_thread_blocked, id=10280, stack(0x000000a9b4500000,0x000000a9b4600000)]
  0x000002341bafd260 JavaThread "Unconstrained build operations Thread 80" [_thread_blocked, id=3776, stack(0x000000a9b4600000,0x000000a9b4700000)]
  0x000002341bb00280 JavaThread "Unconstrained build operations Thread 81" [_thread_blocked, id=9708, stack(0x000000a9b4700000,0x000000a9b4800000)]
  0x000002341bafc8c0 JavaThread "Unconstrained build operations Thread 82" [_thread_blocked, id=9968, stack(0x000000a9b4800000,0x000000a9b4900000)]
  0x000002341b63b420 JavaThread "Unconstrained build operations Thread 83" [_thread_blocked, id=652, stack(0x000000a9b4900000,0x000000a9b4a00000)]
  0x000002341b63c290 JavaThread "Unconstrained build operations Thread 84" [_thread_blocked, id=10504, stack(0x000000a9b4a00000,0x000000a9b4b00000)]
  0x000002341b63af50 JavaThread "Unconstrained build operations Thread 85" [_thread_blocked, id=6968, stack(0x000000a9b4b00000,0x000000a9b4c00000)]
  0x000002341b63b8f0 JavaThread "Unconstrained build operations Thread 86" [_thread_blocked, id=5196, stack(0x000000a9b4c00000,0x000000a9b4d00000)]
  0x000002341b63c760 JavaThread "Unconstrained build operations Thread 87" [_thread_blocked, id=8264, stack(0x000000a9b4d00000,0x000000a9b4e00000)]
  0x0000023416fa1ce0 JavaThread "Unconstrained build operations Thread 88" [_thread_blocked, id=2408, stack(0x000000a9b4e00000,0x000000a9b4f00000)]
  0x0000023416fa1340 JavaThread "Unconstrained build operations Thread 89" [_thread_blocked, id=3748, stack(0x000000a9b4f00000,0x000000a9b5000000)]
  0x0000023416fa21b0 JavaThread "Unconstrained build operations Thread 90" [_thread_blocked, id=6224, stack(0x000000a9b5000000,0x000000a9b5100000)]
  0x0000023416fa0e70 JavaThread "Unconstrained build operations Thread 91" [_thread_blocked, id=5592, stack(0x000000a9b5100000,0x000000a9b5200000)]
  0x0000023416fa09a0 JavaThread "Unconstrained build operations Thread 92" [_thread_blocked, id=4796, stack(0x000000a9b5200000,0x000000a9b5300000)]
  0x0000023416fa1810 JavaThread "Unconstrained build operations Thread 93" [_thread_blocked, id=1576, stack(0x000000a9b5300000,0x000000a9b5400000)]
  0x0000023414ef7fa0 JavaThread "Unconstrained build operations Thread 94" [_thread_blocked, id=2532, stack(0x000000a9b5400000,0x000000a9b5500000)]
  0x000002341b587d20 JavaThread "Unconstrained build operations Thread 95" [_thread_blocked, id=7984, stack(0x000000a9b5500000,0x000000a9b5600000)]
  0x000002341b5886c0 JavaThread "Unconstrained build operations Thread 96" [_thread_blocked, id=3412, stack(0x000000a9b5600000,0x000000a9b5700000)]
  0x000002341751c660 JavaThread "Unconstrained build operations Thread 97" [_thread_blocked, id=4028, stack(0x000000a9b5700000,0x000000a9b5800000)]
  0x0000023417519fe0 JavaThread "Unconstrained build operations Thread 98" [_thread_blocked, id=10952, stack(0x000000a9b5800000,0x000000a9b5900000)]
  0x0000023417519170 JavaThread "Unconstrained build operations Thread 99" [_thread_blocked, id=8840, stack(0x000000a9b5900000,0x000000a9b5a00000)]
  0x000002341751ae50 JavaThread "Unconstrained build operations Thread 100" [_thread_blocked, id=7624, stack(0x000000a9b5a00000,0x000000a9b5b00000)]
  0x0000023417519b10 JavaThread "Unconstrained build operations Thread 101" [_thread_blocked, id=8004, stack(0x000000a9b5b00000,0x000000a9b5c00000)]
  0x000002341751a4b0 JavaThread "Unconstrained build operations Thread 102" [_thread_blocked, id=6184, stack(0x000000a9b5c00000,0x000000a9b5d00000)]
  0x000002341751b320 JavaThread "Unconstrained build operations Thread 103" [_thread_blocked, id=2152, stack(0x000000a9b5d00000,0x000000a9b5e00000)]
  0x000002341be74650 JavaThread "Unconstrained build operations Thread 104" [_thread_blocked, id=2560, stack(0x000000a9b5e00000,0x000000a9b5f00000)]
  0x000002341be74b20 JavaThread "Unconstrained build operations Thread 105" [_thread_in_vm, id=8928, stack(0x000000a9b5f00000,0x000000a9b6000000)]

Other Threads:
  0x0000023411507bb0 VMThread "VM Thread" [stack: 0x000000a9ac200000,0x000000a9ac300000] [id=9564]
  0x0000023477209810 WatcherThread [stack: 0x000000a9ace00000,0x000000a9acf00000] [id=7420]
  0x00000234771e6660 GCTaskThread "GC Thread#0" [stack: 0x000000a9abd00000,0x000000a9abe00000] [id=10584]
  0x000002341329cd30 GCTaskThread "GC Thread#1" [stack: 0x000000a9ad100000,0x000000a9ad200000] [id=6424]
  0x000002341329cfe0 GCTaskThread "GC Thread#2" [stack: 0x000000a9ad200000,0x000000a9ad300000] [id=5856]
  0x0000023412bfecc0 GCTaskThread "GC Thread#3" [stack: 0x000000a9ad300000,0x000000a9ad400000] [id=9904]
  0x00000234135adb90 GCTaskThread "GC Thread#4" [stack: 0x000000a9ad000000,0x000000a9ad100000] [id=3924]
  0x0000023414719260 GCTaskThread "GC Thread#5" [stack: 0x000000a9adf00000,0x000000a9ae000000] [id=6328]
  0x000002341382c8d0 GCTaskThread "GC Thread#6" [stack: 0x000000a9ae000000,0x000000a9ae100000] [id=8248]
  0x000002341382cb80 GCTaskThread "GC Thread#7" [stack: 0x000000a9ae100000,0x000000a9ae200000] [id=4512]
  0x000002341382ce30 GCTaskThread "GC Thread#8" [stack: 0x000000a9ae200000,0x000000a9ae300000] [id=2144]
  0x000002341382d0e0 GCTaskThread "GC Thread#9" [stack: 0x000000a9ae300000,0x000000a9ae400000] [id=5704]
  0x00000234771f74b0 ConcurrentGCThread "G1 Main Marker" [stack: 0x000000a9abe00000,0x000000a9abf00000] [id=1100]
  0x00000234771f8570 ConcurrentGCThread "G1 Conc#0" [stack: 0x000000a9abf00000,0x000000a9ac000000] [id=5972]
  0x0000023413a92d60 ConcurrentGCThread "G1 Conc#1" [stack: 0x000000a9ae400000,0x000000a9ae500000] [id=5476]
  0x0000023413a888a0 ConcurrentGCThread "G1 Conc#2" [stack: 0x000000a9ae500000,0x000000a9ae600000] [id=10212]
  0x00000234113620c0 ConcurrentGCThread "G1 Refine#0" [stack: 0x000000a9ac000000,0x000000a9ac100000] [id=10516]
  0x00000234113629f0 ConcurrentGCThread "G1 Service" [stack: 0x000000a9ac100000,0x000000a9ac200000] [id=4552]

Threads with active compile tasks:
C2 CompilerThread0    83713 13810       4       org.gradle.internal.component.external.model.DefaultConfigurationMetadata::getAttributes (5 bytes)
C1 CompilerThread0    83713 13944       3       java.util.Formatter$FormatSpecifier::print (230 bytes)
C2 CompilerThread1    83713 13678       4       org.gradle.internal.service.DefaultServiceRegistry$SingletonService::get (5 bytes)
C2 CompilerThread2    83714 13679   !   4       org.gradle.internal.service.DefaultServiceRegistry$ManagedObjectServiceProvider::getInstance (47 bytes)

VM state: not at safepoint (normal execution)

VM Mutex/Monitor currently owned by a thread:  ([mutex/lock_event])
[0x000002347504e6f0] Metaspace_lock - owner thread: 0x00000234120347e0
[0x0000023477184840] MethodData_lock - owner thread: 0x00000234120347e0

OutOfMemory and StackOverflow Exception counts:
OutOfMemoryError java_heap_errors=1
LinkageErrors=230

Heap address: 0x0000000080000000, size: 2048 MB, Compressed Oops mode: 32-bit

CDS archive(s) not mapped
Compressed class space mapped at: 0x0000000100000000-0x0000000140000000, reserved size: 1073741824
Narrow klass base: 0x0000000000000000, Narrow klass shift: 3, Narrow klass range: 0x140000000

GC Precious Log:
 CPUs: 12 total, 12 available
 Memory: 8125M
 Large Page Support: Disabled
 NUMA Support: Disabled
 Compressed Oops: Enabled (32-bit)
 Heap Region Size: 1M
 Heap Min Capacity: 8M
 Heap Initial Capacity: 128M
 Heap Max Capacity: 2G
 Pre-touch: Disabled
 Parallel Workers: 10
 Concurrent Workers: 3
 Concurrent Refinement Workers: 10
 Periodic GC: Disabled

Heap:
 garbage-first heap   total 206848K, used 162278K [0x0000000080000000, 0x0000000100000000)
  region size 1024K, 58 young (59392K), 5 survivors (5120K)
 Metaspace       used 119625K, committed 120448K, reserved 1155072K
  class space    used 16934K, committed 17344K, reserved 1048576K

Heap Regions: E=young(eden), S=young(survivor), O=old, HS=humongous(starts), HC=humongous(continues), CS=collection set, F=free, OA=open archive, CA=closed archive, TAMS=top-at-mark-start (previous, next)
|   0|0x0000000080000000, 0x0000000080100000, 0x0000000080100000|100%|HS|  |TAMS 0x0000000080100000, 0x0000000080000000| Complete 
|   1|0x0000000080100000, 0x0000000080200000, 0x0000000080200000|100%|HC|  |TAMS 0x0000000080200000, 0x0000000080100000| Complete 
|   2|0x0000000080200000, 0x0000000080300000, 0x0000000080300000|100%|HC|  |TAMS 0x0000000080300000, 0x0000000080200000| Complete 
|   3|0x0000000080300000, 0x0000000080400000, 0x0000000080400000|100%|HC|  |TAMS 0x0000000080400000, 0x0000000080300000| Complete 
|   4|0x0000000080400000, 0x0000000080500000, 0x0000000080500000|100%| O|  |TAMS 0x0000000080500000, 0x0000000080400000| Untracked 
|   5|0x0000000080500000, 0x0000000080600000, 0x0000000080600000|100%| O|  |TAMS 0x0000000080600000, 0x0000000080500000| Untracked 
|   6|0x0000000080600000, 0x0000000080700000, 0x0000000080700000|100%| O|  |TAMS 0x0000000080700000, 0x0000000080600000| Untracked 
|   7|0x0000000080700000, 0x0000000080800000, 0x0000000080800000|100%| O|  |TAMS 0x0000000080800000, 0x0000000080700000| Untracked 
|   8|0x0000000080800000, 0x0000000080900000, 0x0000000080900000|100%| O|  |TAMS 0x0000000080900000, 0x0000000080800000| Untracked 
|   9|0x0000000080900000, 0x0000000080a00000, 0x0000000080a00000|100%| O|  |TAMS 0x0000000080a00000, 0x0000000080900000| Untracked 
|  10|0x0000000080a00000, 0x0000000080b00000, 0x0000000080b00000|100%| O|  |TAMS 0x0000000080b00000, 0x0000000080a00000| Untracked 
|  11|0x0000000080b00000, 0x0000000080bd3800, 0x0000000080c00000| 82%| O|  |TAMS 0x0000000080bd3800, 0x0000000080b00000| Untracked 
|  12|0x0000000080c00000, 0x0000000080d00000, 0x0000000080d00000|100%| O|  |TAMS 0x0000000080d00000, 0x0000000080c00000| Untracked 
|  13|0x0000000080d00000, 0x0000000080e00000, 0x0000000080e00000|100%| O|  |TAMS 0x0000000080e00000, 0x0000000080d00000| Untracked 
|  14|0x0000000080e00000, 0x0000000080f00000, 0x0000000080f00000|100%| O|  |TAMS 0x0000000080f00000, 0x0000000080e00000| Untracked 
|  15|0x0000000080f00000, 0x0000000081000000, 0x0000000081000000|100%| O|  |TAMS 0x0000000081000000, 0x0000000080f00000| Untracked 
|  16|0x0000000081000000, 0x0000000081100000, 0x0000000081100000|100%| O|  |TAMS 0x0000000081100000, 0x0000000081000000| Untracked 
|  17|0x0000000081100000, 0x0000000081200000, 0x0000000081200000|100%| O|  |TAMS 0x0000000081200000, 0x0000000081100000| Untracked 
|  18|0x0000000081200000, 0x0000000081300000, 0x0000000081300000|100%| O|  |TAMS 0x0000000081300000, 0x0000000081200000| Untracked 
|  19|0x0000000081300000, 0x0000000081400000, 0x0000000081400000|100%| O|  |TAMS 0x0000000081400000, 0x0000000081300000| Untracked 
|  20|0x0000000081400000, 0x0000000081500000, 0x0000000081500000|100%| O|  |TAMS 0x0000000081500000, 0x0000000081400000| Untracked 
|  21|0x0000000081500000, 0x0000000081600000, 0x0000000081600000|100%| O|  |TAMS 0x0000000081600000, 0x0000000081500000| Untracked 
|  22|0x0000000081600000, 0x0000000081700000, 0x0000000081700000|100%| O|  |TAMS 0x0000000081700000, 0x0000000081600000| Untracked 
|  23|0x0000000081700000, 0x0000000081800000, 0x0000000081800000|100%| O|  |TAMS 0x0000000081800000, 0x0000000081700000| Untracked 
|  24|0x0000000081800000, 0x0000000081900000, 0x0000000081900000|100%| O|  |TAMS 0x0000000081900000, 0x0000000081800000| Untracked 
|  25|0x0000000081900000, 0x0000000081a00000, 0x0000000081a00000|100%| O|  |TAMS 0x0000000081a00000, 0x0000000081900000| Untracked 
|  26|0x0000000081a00000, 0x0000000081b00000, 0x0000000081b00000|100%| O|  |TAMS 0x0000000081b00000, 0x0000000081a00000| Untracked 
|  27|0x0000000081b00000, 0x0000000081c00000, 0x0000000081c00000|100%|HS|  |TAMS 0x0000000081c00000, 0x0000000081b00000| Complete 
|  28|0x0000000081c00000, 0x0000000081d00000, 0x0000000081d00000|100%| O|  |TAMS 0x0000000081d00000, 0x0000000081c00000| Untracked 
|  29|0x0000000081d00000, 0x0000000081e00000, 0x0000000081e00000|100%| O|  |TAMS 0x0000000081e00000, 0x0000000081d00000| Untracked 
|  30|0x0000000081e00000, 0x0000000081f00000, 0x0000000081f00000|100%| O|  |TAMS 0x0000000081f00000, 0x0000000081e00000| Untracked 
|  31|0x0000000081f00000, 0x0000000082000000, 0x0000000082000000|100%| O|  |TAMS 0x0000000082000000, 0x0000000081f00000| Untracked 
|  32|0x0000000082000000, 0x0000000082100000, 0x0000000082100000|100%| O|  |TAMS 0x0000000082100000, 0x0000000082000000| Untracked 
|  33|0x0000000082100000, 0x0000000082200000, 0x0000000082200000|100%| O|  |TAMS 0x0000000082200000, 0x0000000082100000| Untracked 
|  34|0x0000000082200000, 0x0000000082300000, 0x0000000082300000|100%|HS|  |TAMS 0x0000000082300000, 0x0000000082200000| Complete 
|  35|0x0000000082300000, 0x0000000082400000, 0x0000000082400000|100%| O|  |TAMS 0x0000000082400000, 0x0000000082300000| Untracked 
|  36|0x0000000082400000, 0x0000000082500000, 0x0000000082500000|100%| O|  |TAMS 0x0000000082500000, 0x0000000082400000| Untracked 
|  37|0x0000000082500000, 0x0000000082600000, 0x0000000082600000|100%| O|  |TAMS 0x0000000082600000, 0x0000000082500000| Untracked 
|  38|0x0000000082600000, 0x0000000082700000, 0x0000000082700000|100%| O|  |TAMS 0x0000000082700000, 0x0000000082600000| Untracked 
|  39|0x0000000082700000, 0x0000000082800000, 0x0000000082800000|100%| O|  |TAMS 0x0000000082800000, 0x0000000082700000| Untracked 
|  40|0x0000000082800000, 0x0000000082900000, 0x0000000082900000|100%| O|  |TAMS 0x0000000082900000, 0x0000000082800000| Untracked 
|  41|0x0000000082900000, 0x0000000082a00000, 0x0000000082a00000|100%| O|  |TAMS 0x0000000082a00000, 0x0000000082900000| Untracked 
|  42|0x0000000082a00000, 0x0000000082b00000, 0x0000000082b00000|100%| O|  |TAMS 0x0000000082b00000, 0x0000000082a00000| Untracked 
|  43|0x0000000082b00000, 0x0000000082c00000, 0x0000000082c00000|100%| O|  |TAMS 0x0000000082c00000, 0x0000000082b00000| Untracked 
|  44|0x0000000082c00000, 0x0000000082d00000, 0x0000000082d00000|100%| O|  |TAMS 0x0000000082d00000, 0x0000000082c00000| Untracked 
|  45|0x0000000082d00000, 0x0000000082e00000, 0x0000000082e00000|100%| O|  |TAMS 0x0000000082e00000, 0x0000000082d00000| Untracked 
|  46|0x0000000082e00000, 0x0000000082f00000, 0x0000000082f00000|100%| O|  |TAMS 0x0000000082f00000, 0x0000000082e00000| Untracked 
|  47|0x0000000082f00000, 0x0000000083000000, 0x0000000083000000|100%| O|  |TAMS 0x0000000083000000, 0x0000000082f00000| Untracked 
|  48|0x0000000083000000, 0x0000000083100000, 0x0000000083100000|100%| O|  |TAMS 0x0000000083100000, 0x0000000083000000| Untracked 
|  49|0x0000000083100000, 0x0000000083200000, 0x0000000083200000|100%| O|  |TAMS 0x0000000083200000, 0x0000000083100000| Untracked 
|  50|0x0000000083200000, 0x0000000083300000, 0x0000000083300000|100%| O|  |TAMS 0x0000000083300000, 0x0000000083200000| Untracked 
|  51|0x0000000083300000, 0x0000000083400000, 0x0000000083400000|100%| O|  |TAMS 0x0000000083400000, 0x0000000083300000| Untracked 
|  52|0x0000000083400000, 0x0000000083500000, 0x0000000083500000|100%| O|  |TAMS 0x0000000083500000, 0x0000000083400000| Untracked 
|  53|0x0000000083500000, 0x0000000083600000, 0x0000000083600000|100%| O|  |TAMS 0x0000000083600000, 0x0000000083500000| Untracked 
|  54|0x0000000083600000, 0x0000000083700000, 0x0000000083700000|100%| O|  |TAMS 0x0000000083700000, 0x0000000083600000| Untracked 
|  55|0x0000000083700000, 0x0000000083800000, 0x0000000083800000|100%| O|  |TAMS 0x0000000083800000, 0x0000000083700000| Untracked 
|  56|0x0000000083800000, 0x0000000083900000, 0x0000000083900000|100%| O|  |TAMS 0x0000000083900000, 0x0000000083800000| Untracked 
|  57|0x0000000083900000, 0x0000000083a00000, 0x0000000083a00000|100%| O|  |TAMS 0x0000000083a00000, 0x0000000083900000| Untracked 
|  58|0x0000000083a00000, 0x0000000083b00000, 0x0000000083b00000|100%| O|  |TAMS 0x0000000083b00000, 0x0000000083a00000| Untracked 
|  59|0x0000000083b00000, 0x0000000083c00000, 0x0000000083c00000|100%| O|  |TAMS 0x0000000083c00000, 0x0000000083b00000| Untracked 
|  60|0x0000000083c00000, 0x0000000083d00000, 0x0000000083d00000|100%| O|  |TAMS 0x0000000083d00000, 0x0000000083c00000| Untracked 
|  61|0x0000000083d00000, 0x0000000083e00000, 0x0000000083e00000|100%| O|  |TAMS 0x0000000083e00000, 0x0000000083d00000| Untracked 
|  62|0x0000000083e00000, 0x0000000083f00000, 0x0000000083f00000|100%| O|  |TAMS 0x0000000083f00000, 0x0000000083e00000| Untracked 
|  63|0x0000000083f00000, 0x0000000084000000, 0x0000000084000000|100%| O|  |TAMS 0x0000000084000000, 0x0000000083f00000| Untracked 
|  64|0x0000000084000000, 0x0000000084100000, 0x0000000084100000|100%| O|  |TAMS 0x0000000084100000, 0x0000000084000000| Untracked 
|  65|0x0000000084100000, 0x0000000084200000, 0x0000000084200000|100%| O|  |TAMS 0x0000000084200000, 0x0000000084100000| Untracked 
|  66|0x0000000084200000, 0x0000000084300000, 0x0000000084300000|100%| O|  |TAMS 0x0000000084300000, 0x0000000084200000| Untracked 
|  67|0x0000000084300000, 0x0000000084400000, 0x0000000084400000|100%| O|  |TAMS 0x0000000084400000, 0x0000000084300000| Untracked 
|  68|0x0000000084400000, 0x0000000084500000, 0x0000000084500000|100%| O|  |TAMS 0x0000000084500000, 0x0000000084400000| Untracked 
|  69|0x0000000084500000, 0x0000000084600000, 0x0000000084600000|100%| O|  |TAMS 0x0000000084600000, 0x0000000084500000| Untracked 
|  70|0x0000000084600000, 0x0000000084700000, 0x0000000084700000|100%| O|  |TAMS 0x0000000084700000, 0x0000000084600000| Untracked 
|  71|0x0000000084700000, 0x0000000084800000, 0x0000000084800000|100%| O|  |TAMS 0x0000000084800000, 0x0000000084700000| Untracked 
|  72|0x0000000084800000, 0x0000000084900000, 0x0000000084900000|100%| O|  |TAMS 0x0000000084900000, 0x0000000084800000| Untracked 
|  73|0x0000000084900000, 0x0000000084a00000, 0x0000000084a00000|100%| O|  |TAMS 0x0000000084a00000, 0x0000000084900000| Complete 
|  74|0x0000000084a00000, 0x0000000084b00000, 0x0000000084b00000|100%| O|  |TAMS 0x0000000084b00000, 0x0000000084a00000| Untracked 
|  75|0x0000000084b00000, 0x0000000084c00000, 0x0000000084c00000|100%| O|  |TAMS 0x0000000084c00000, 0x0000000084b00000| Untracked 
|  76|0x0000000084c00000, 0x0000000084d00000, 0x0000000084d00000|100%| O|  |TAMS 0x0000000084d00000, 0x0000000084c00000| Untracked 
|  77|0x0000000084d00000, 0x0000000084e00000, 0x0000000084e00000|100%| O|  |TAMS 0x0000000084e00000, 0x0000000084d00000| Untracked 
|  78|0x0000000084e00000, 0x0000000084f00000, 0x0000000084f00000|100%| O|  |TAMS 0x0000000084f00000, 0x0000000084e00000| Untracked 
|  79|0x0000000084f00000, 0x0000000085000000, 0x0000000085000000|100%| O|  |TAMS 0x0000000085000000, 0x0000000084f00000| Untracked 
|  80|0x0000000085000000, 0x0000000085100000, 0x0000000085100000|100%| O|  |TAMS 0x0000000085100000, 0x0000000085000000| Untracked 
|  81|0x0000000085100000, 0x0000000085200000, 0x0000000085200000|100%|HS|  |TAMS 0x0000000085200000, 0x0000000085100000| Complete 
|  82|0x0000000085200000, 0x0000000085300000, 0x0000000085300000|100%|HC|  |TAMS 0x0000000085300000, 0x0000000085200000| Complete 
|  83|0x0000000085300000, 0x0000000085400000, 0x0000000085400000|100%| O|  |TAMS 0x0000000085400000, 0x0000000085300000| Untracked 
|  84|0x0000000085400000, 0x0000000085500000, 0x0000000085500000|100%| O|  |TAMS 0x0000000085500000, 0x0000000085400000| Untracked 
|  85|0x0000000085500000, 0x0000000085600000, 0x0000000085600000|100%| O|  |TAMS 0x0000000085600000, 0x0000000085500000| Untracked 
|  86|0x0000000085600000, 0x0000000085700000, 0x0000000085700000|100%| O|  |TAMS 0x0000000085700000, 0x0000000085600000| Untracked 
|  87|0x0000000085700000, 0x0000000085800000, 0x0000000085800000|100%| O|  |TAMS 0x0000000085800000, 0x0000000085700000| Untracked 
|  88|0x0000000085800000, 0x0000000085900000, 0x0000000085900000|100%| O|  |TAMS 0x0000000085900000, 0x0000000085800000| Untracked 
|  89|0x0000000085900000, 0x0000000085a00000, 0x0000000085a00000|100%| O|  |TAMS 0x0000000085a00000, 0x0000000085900000| Complete 
|  90|0x0000000085a00000, 0x0000000085b00000, 0x0000000085b00000|100%| O|  |TAMS 0x0000000085b00000, 0x0000000085a00000| Untracked 
|  91|0x0000000085b00000, 0x0000000085c00000, 0x0000000085c00000|100%| O|  |TAMS 0x0000000085c00000, 0x0000000085b00000| Untracked 
|  92|0x0000000085c00000, 0x0000000085d00000, 0x0000000085d00000|100%| O|  |TAMS 0x0000000085d00000, 0x0000000085c00000| Untracked 
|  93|0x0000000085d00000, 0x0000000085da6000, 0x0000000085e00000| 64%| O|  |TAMS 0x0000000085da6000, 0x0000000085d00000| Untracked 
|  94|0x0000000085e00000, 0x0000000085f00000, 0x0000000085f00000|100%|HS|  |TAMS 0x0000000085e00000, 0x0000000085e00000| Complete 
|  95|0x0000000085f00000, 0x0000000086000000, 0x0000000086000000|100%|HC|  |TAMS 0x0000000085f00000, 0x0000000085f00000| Complete 
|  96|0x0000000086000000, 0x0000000086100000, 0x0000000086100000|100%|HS|  |TAMS 0x0000000086000000, 0x0000000086000000| Complete 
|  97|0x0000000086100000, 0x0000000086200000, 0x0000000086200000|100%|HC|  |TAMS 0x0000000086100000, 0x0000000086100000| Complete 
|  98|0x0000000086200000, 0x0000000086300000, 0x0000000086300000|100%|HS|  |TAMS 0x0000000086200000, 0x0000000086200000| Complete 
|  99|0x0000000086300000, 0x0000000086400000, 0x0000000086400000|100%|HC|  |TAMS 0x0000000086300000, 0x0000000086300000| Complete 
| 100|0x0000000086400000, 0x0000000086500000, 0x0000000086500000|100%|HS|  |TAMS 0x0000000086400000, 0x0000000086400000| Complete 
| 101|0x0000000086500000, 0x0000000086600000, 0x0000000086600000|100%|HC|  |TAMS 0x0000000086500000, 0x0000000086500000| Complete 
| 102|0x0000000086600000, 0x0000000086700000, 0x0000000086700000|100%|HS|  |TAMS 0x0000000086600000, 0x0000000086600000| Complete 
| 103|0x0000000086700000, 0x0000000086700000, 0x0000000086800000|  0%| F|  |TAMS 0x0000000086700000, 0x0000000086700000| Untracked 
| 104|0x0000000086800000, 0x0000000086800000, 0x0000000086900000|  0%| F|  |TAMS 0x0000000086800000, 0x0000000086800000| Untracked 
| 105|0x0000000086900000, 0x0000000086900000, 0x0000000086a00000|  0%| F|  |TAMS 0x0000000086900000, 0x0000000086900000| Untracked 
| 106|0x0000000086a00000, 0x0000000086a00000, 0x0000000086b00000|  0%| F|  |TAMS 0x0000000086a00000, 0x0000000086a00000| Untracked 
| 107|0x0000000086b00000, 0x0000000086b00000, 0x0000000086c00000|  0%| F|  |TAMS 0x0000000086b00000, 0x0000000086b00000| Untracked 
| 108|0x0000000086c00000, 0x0000000086c00000, 0x0000000086d00000|  0%| F|  |TAMS 0x0000000086c00000, 0x0000000086c00000| Untracked 
| 109|0x0000000086d00000, 0x0000000086d00000, 0x0000000086e00000|  0%| F|  |TAMS 0x0000000086d00000, 0x0000000086d00000| Untracked 
| 110|0x0000000086e00000, 0x0000000086e00000, 0x0000000086f00000|  0%| F|  |TAMS 0x0000000086e00000, 0x0000000086e00000| Untracked 
| 111|0x0000000086f00000, 0x0000000086f00000, 0x0000000087000000|  0%| F|  |TAMS 0x0000000086f00000, 0x0000000086f00000| Untracked 
| 112|0x0000000087000000, 0x0000000087000000, 0x0000000087100000|  0%| F|  |TAMS 0x0000000087000000, 0x0000000087000000| Untracked 
| 113|0x0000000087100000, 0x0000000087100000, 0x0000000087200000|  0%| F|  |TAMS 0x0000000087100000, 0x0000000087100000| Untracked 
| 114|0x0000000087200000, 0x0000000087200000, 0x0000000087300000|  0%| F|  |TAMS 0x0000000087200000, 0x0000000087200000| Untracked 
| 115|0x0000000087300000, 0x0000000087300000, 0x0000000087400000|  0%| F|  |TAMS 0x0000000087300000, 0x0000000087300000| Untracked 
| 116|0x0000000087400000, 0x0000000087400000, 0x0000000087500000|  0%| F|  |TAMS 0x0000000087400000, 0x0000000087400000| Untracked 
| 117|0x0000000087500000, 0x0000000087500000, 0x0000000087600000|  0%| F|  |TAMS 0x0000000087500000, 0x0000000087500000| Untracked 
| 118|0x0000000087600000, 0x0000000087600000, 0x0000000087700000|  0%| F|  |TAMS 0x0000000087600000, 0x0000000087600000| Untracked 
| 119|0x0000000087700000, 0x0000000087700000, 0x0000000087800000|  0%| F|  |TAMS 0x0000000087700000, 0x0000000087700000| Untracked 
| 120|0x0000000087800000, 0x0000000087800000, 0x0000000087900000|  0%| F|  |TAMS 0x0000000087800000, 0x0000000087800000| Untracked 
| 121|0x0000000087900000, 0x0000000087900000, 0x0000000087a00000|  0%| F|  |TAMS 0x0000000087900000, 0x0000000087900000| Untracked 
| 122|0x0000000087a00000, 0x0000000087a00000, 0x0000000087b00000|  0%| F|  |TAMS 0x0000000087a00000, 0x0000000087a00000| Untracked 
| 123|0x0000000087b00000, 0x0000000087b00000, 0x0000000087c00000|  0%| F|  |TAMS 0x0000000087b00000, 0x0000000087b00000| Untracked 
| 124|0x0000000087c00000, 0x0000000087c00000, 0x0000000087d00000|  0%| F|  |TAMS 0x0000000087c00000, 0x0000000087c00000| Untracked 
| 125|0x0000000087d00000, 0x0000000087d00000, 0x0000000087e00000|  0%| F|  |TAMS 0x0000000087d00000, 0x0000000087d00000| Untracked 
| 126|0x0000000087e00000, 0x0000000087e00000, 0x0000000087f00000|  0%| F|  |TAMS 0x0000000087e00000, 0x0000000087e00000| Untracked 
| 127|0x0000000087f00000, 0x0000000087f00000, 0x0000000088000000|  0%| F|  |TAMS 0x0000000087f00000, 0x0000000087f00000| Untracked 
| 128|0x0000000088000000, 0x0000000088000000, 0x0000000088100000|  0%| F|  |TAMS 0x0000000088000000, 0x0000000088000000| Untracked 
| 129|0x0000000088100000, 0x0000000088100000, 0x0000000088200000|  0%| F|  |TAMS 0x0000000088100000, 0x0000000088100000| Untracked 
| 130|0x0000000088200000, 0x0000000088200000, 0x0000000088300000|  0%| F|  |TAMS 0x0000000088200000, 0x0000000088200000| Untracked 
| 131|0x0000000088300000, 0x0000000088300000, 0x0000000088400000|  0%| F|  |TAMS 0x0000000088300000, 0x0000000088300000| Untracked 
| 132|0x0000000088400000, 0x0000000088400000, 0x0000000088500000|  0%| F|  |TAMS 0x0000000088400000, 0x0000000088400000| Untracked 
| 133|0x0000000088500000, 0x0000000088500000, 0x0000000088600000|  0%| F|  |TAMS 0x0000000088500000, 0x0000000088500000| Untracked 
| 134|0x0000000088600000, 0x0000000088600000, 0x0000000088700000|  0%| F|  |TAMS 0x0000000088600000, 0x0000000088600000| Untracked 
| 135|0x0000000088700000, 0x0000000088700000, 0x0000000088800000|  0%| F|  |TAMS 0x0000000088700000, 0x0000000088700000| Untracked 
| 136|0x0000000088800000, 0x0000000088800000, 0x0000000088900000|  0%| F|  |TAMS 0x0000000088800000, 0x0000000088800000| Untracked 
| 137|0x0000000088900000, 0x0000000088900000, 0x0000000088a00000|  0%| F|  |TAMS 0x0000000088900000, 0x0000000088900000| Untracked 
| 138|0x0000000088a00000, 0x0000000088a00000, 0x0000000088b00000|  0%| F|  |TAMS 0x0000000088a00000, 0x0000000088a00000| Untracked 
| 139|0x0000000088b00000, 0x0000000088b00000, 0x0000000088c00000|  0%| F|  |TAMS 0x0000000088b00000, 0x0000000088b00000| Untracked 
| 140|0x0000000088c00000, 0x0000000088c00000, 0x0000000088d00000|  0%| F|  |TAMS 0x0000000088c00000, 0x0000000088c00000| Untracked 
| 141|0x0000000088d00000, 0x0000000088d00000, 0x0000000088e00000|  0%| F|  |TAMS 0x0000000088d00000, 0x0000000088d00000| Untracked 
| 142|0x0000000088e00000, 0x0000000088e00000, 0x0000000088f00000|  0%| F|  |TAMS 0x0000000088e00000, 0x0000000088e00000| Untracked 
| 143|0x0000000088f00000, 0x0000000088f00000, 0x0000000089000000|  0%| F|  |TAMS 0x0000000088f00000, 0x0000000088f00000| Untracked 
| 144|0x0000000089000000, 0x000000008906f928, 0x0000000089100000| 43%| E|  |TAMS 0x0000000089000000, 0x0000000089000000| Complete 
| 145|0x0000000089100000, 0x0000000089200000, 0x0000000089200000|100%| E|CS|TAMS 0x0000000089100000, 0x0000000089100000| Complete 
| 146|0x0000000089200000, 0x0000000089300000, 0x0000000089300000|100%| E|CS|TAMS 0x0000000089200000, 0x0000000089200000| Complete 
| 147|0x0000000089300000, 0x0000000089400000, 0x0000000089400000|100%| E|CS|TAMS 0x0000000089300000, 0x0000000089300000| Complete 
| 148|0x0000000089400000, 0x0000000089500000, 0x0000000089500000|100%| E|CS|TAMS 0x0000000089400000, 0x0000000089400000| Complete 
| 149|0x0000000089500000, 0x0000000089600000, 0x0000000089600000|100%| E|CS|TAMS 0x0000000089500000, 0x0000000089500000| Complete 
| 150|0x0000000089600000, 0x0000000089700000, 0x0000000089700000|100%| E|CS|TAMS 0x0000000089600000, 0x0000000089600000| Complete 
| 151|0x0000000089700000, 0x0000000089800000, 0x0000000089800000|100%| E|CS|TAMS 0x0000000089700000, 0x0000000089700000| Complete 
| 152|0x0000000089800000, 0x0000000089900000, 0x0000000089900000|100%| E|CS|TAMS 0x0000000089800000, 0x0000000089800000| Complete 
| 153|0x0000000089900000, 0x0000000089a00000, 0x0000000089a00000|100%| E|CS|TAMS 0x0000000089900000, 0x0000000089900000| Complete 
| 154|0x0000000089a00000, 0x0000000089b00000, 0x0000000089b00000|100%| E|  |TAMS 0x0000000089a00000, 0x0000000089a00000| Complete 
| 155|0x0000000089b00000, 0x0000000089c00000, 0x0000000089c00000|100%| E|CS|TAMS 0x0000000089b00000, 0x0000000089b00000| Complete 
| 156|0x0000000089c00000, 0x0000000089d00000, 0x0000000089d00000|100%| E|CS|TAMS 0x0000000089c00000, 0x0000000089c00000| Complete 
| 157|0x0000000089d00000, 0x0000000089e00000, 0x0000000089e00000|100%| E|CS|TAMS 0x0000000089d00000, 0x0000000089d00000| Complete 
| 158|0x0000000089e00000, 0x0000000089f00000, 0x0000000089f00000|100%| E|CS|TAMS 0x0000000089e00000, 0x0000000089e00000| Complete 
| 159|0x0000000089f00000, 0x000000008a000000, 0x000000008a000000|100%| E|CS|TAMS 0x0000000089f00000, 0x0000000089f00000| Complete 
| 160|0x000000008a000000, 0x000000008a100000, 0x000000008a100000|100%| E|CS|TAMS 0x000000008a000000, 0x000000008a000000| Complete 
| 161|0x000000008a100000, 0x000000008a200000, 0x000000008a200000|100%| E|CS|TAMS 0x000000008a100000, 0x000000008a100000| Complete 
| 162|0x000000008a200000, 0x000000008a300000, 0x000000008a300000|100%| E|CS|TAMS 0x000000008a200000, 0x000000008a200000| Complete 
| 163|0x000000008a300000, 0x000000008a400000, 0x000000008a400000|100%| E|CS|TAMS 0x000000008a300000, 0x000000008a300000| Complete 
| 164|0x000000008a400000, 0x000000008a500000, 0x000000008a500000|100%| E|CS|TAMS 0x000000008a400000, 0x000000008a400000| Complete 
| 165|0x000000008a500000, 0x000000008a600000, 0x000000008a600000|100%| E|CS|TAMS 0x000000008a500000, 0x000000008a500000| Complete 
| 166|0x000000008a600000, 0x000000008a700000, 0x000000008a700000|100%| E|CS|TAMS 0x000000008a600000, 0x000000008a600000| Complete 
| 167|0x000000008a700000, 0x000000008a800000, 0x000000008a800000|100%| S|CS|TAMS 0x000000008a700000, 0x000000008a700000| Complete 
| 168|0x000000008a800000, 0x000000008a900000, 0x000000008a900000|100%| S|CS|TAMS 0x000000008a800000, 0x000000008a800000| Complete 
| 169|0x000000008a900000, 0x000000008aa00000, 0x000000008aa00000|100%| S|CS|TAMS 0x000000008a900000, 0x000000008a900000| Complete 
| 170|0x000000008aa00000, 0x000000008ab00000, 0x000000008ab00000|100%| S|CS|TAMS 0x000000008aa00000, 0x000000008aa00000| Complete 
| 171|0x000000008ab00000, 0x000000008ac00000, 0x000000008ac00000|100%| S|CS|TAMS 0x000000008ab00000, 0x000000008ab00000| Complete 
| 172|0x000000008ac00000, 0x000000008ad00000, 0x000000008ad00000|100%| E|CS|TAMS 0x000000008ac00000, 0x000000008ac00000| Complete 
| 173|0x000000008ad00000, 0x000000008ae00000, 0x000000008ae00000|100%| E|CS|TAMS 0x000000008ad00000, 0x000000008ad00000| Complete 
| 174|0x000000008ae00000, 0x000000008af00000, 0x000000008af00000|100%| E|CS|TAMS 0x000000008ae00000, 0x000000008ae00000| Complete 
| 175|0x000000008af00000, 0x000000008b000000, 0x000000008b000000|100%| E|CS|TAMS 0x000000008af00000, 0x000000008af00000| Complete 
| 176|0x000000008b000000, 0x000000008b100000, 0x000000008b100000|100%| E|CS|TAMS 0x000000008b000000, 0x000000008b000000| Complete 
| 177|0x000000008b100000, 0x000000008b200000, 0x000000008b200000|100%| E|CS|TAMS 0x000000008b100000, 0x000000008b100000| Complete 
| 178|0x000000008b200000, 0x000000008b300000, 0x000000008b300000|100%| E|CS|TAMS 0x000000008b200000, 0x000000008b200000| Complete 
| 179|0x000000008b300000, 0x000000008b400000, 0x000000008b400000|100%| E|CS|TAMS 0x000000008b300000, 0x000000008b300000| Complete 
| 180|0x000000008b400000, 0x000000008b500000, 0x000000008b500000|100%| E|CS|TAMS 0x000000008b400000, 0x000000008b400000| Complete 
| 181|0x000000008b500000, 0x000000008b600000, 0x000000008b600000|100%| E|CS|TAMS 0x000000008b500000, 0x000000008b500000| Complete 
| 182|0x000000008b600000, 0x000000008b700000, 0x000000008b700000|100%| E|CS|TAMS 0x000000008b600000, 0x000000008b600000| Complete 
| 183|0x000000008b700000, 0x000000008b800000, 0x000000008b800000|100%| E|CS|TAMS 0x000000008b700000, 0x000000008b700000| Complete 
| 184|0x000000008b800000, 0x000000008b900000, 0x000000008b900000|100%| E|CS|TAMS 0x000000008b800000, 0x000000008b800000| Complete 
| 185|0x000000008b900000, 0x000000008ba00000, 0x000000008ba00000|100%| E|CS|TAMS 0x000000008b900000, 0x000000008b900000| Complete 
| 186|0x000000008ba00000, 0x000000008bb00000, 0x000000008bb00000|100%| E|CS|TAMS 0x000000008ba00000, 0x000000008ba00000| Complete 
| 187|0x000000008bb00000, 0x000000008bc00000, 0x000000008bc00000|100%| E|CS|TAMS 0x000000008bb00000, 0x000000008bb00000| Complete 
| 188|0x000000008bc00000, 0x000000008bd00000, 0x000000008bd00000|100%| E|CS|TAMS 0x000000008bc00000, 0x000000008bc00000| Complete 
| 189|0x000000008bd00000, 0x000000008be00000, 0x000000008be00000|100%| E|CS|TAMS 0x000000008bd00000, 0x000000008bd00000| Complete 
| 190|0x000000008be00000, 0x000000008bf00000, 0x000000008bf00000|100%| E|CS|TAMS 0x000000008be00000, 0x000000008be00000| Complete 
| 191|0x000000008bf00000, 0x000000008c000000, 0x000000008c000000|100%| E|CS|TAMS 0x000000008bf00000, 0x000000008bf00000| Complete 
| 192|0x000000008c000000, 0x000000008c100000, 0x000000008c100000|100%| E|CS|TAMS 0x000000008c000000, 0x000000008c000000| Complete 
| 193|0x000000008c100000, 0x000000008c200000, 0x000000008c200000|100%| E|CS|TAMS 0x000000008c100000, 0x000000008c100000| Complete 
| 194|0x000000008c200000, 0x000000008c300000, 0x000000008c300000|100%| E|CS|TAMS 0x000000008c200000, 0x000000008c200000| Complete 
| 195|0x000000008c300000, 0x000000008c400000, 0x000000008c400000|100%| E|CS|TAMS 0x000000008c300000, 0x000000008c300000| Complete 
| 196|0x000000008c400000, 0x000000008c500000, 0x000000008c500000|100%| E|CS|TAMS 0x000000008c400000, 0x000000008c400000| Complete 
| 197|0x000000008c500000, 0x000000008c600000, 0x000000008c600000|100%| E|CS|TAMS 0x000000008c500000, 0x000000008c500000| Complete 
| 198|0x000000008c600000, 0x000000008c700000, 0x000000008c700000|100%| E|CS|TAMS 0x000000008c600000, 0x000000008c600000| Complete 
| 199|0x000000008c700000, 0x000000008c800000, 0x000000008c800000|100%| E|CS|TAMS 0x000000008c700000, 0x000000008c700000| Complete 
| 200|0x000000008c800000, 0x000000008c900000, 0x000000008c900000|100%| E|CS|TAMS 0x000000008c800000, 0x000000008c800000| Complete 
| 201|0x000000008c900000, 0x000000008ca00000, 0x000000008ca00000|100%| E|CS|TAMS 0x000000008c900000, 0x000000008c900000| Complete 

Card table byte_map: [0x000002347afd0000,0x000002347b3d0000] _byte_map_base: 0x000002347abd0000

Marking Bits (Prev, Next): (CMBitMap*) 0x00000234771e6bc0, (CMBitMap*) 0x00000234771e6b80
 Prev Bits: [0x000002347d7d0000, 0x000002347f7d0000)
 Next Bits: [0x000002347b7d0000, 0x000002347d7d0000)

Polling page: 0x0000023474f30000

Metaspace:

Usage:
  Non-class:    100.28 MB used.
      Class:     16.54 MB used.
       Both:    116.82 MB used.

Virtual space:
  Non-class space:      104.00 MB reserved,     100.69 MB ( 97%) committed,  13 nodes.
      Class space:        1.00 GB reserved,      16.94 MB (  2%) committed,  1 nodes.
             Both:        1.10 GB reserved,     117.62 MB ( 10%) committed. 

Chunk freelists:
   Non-Class:  2.39 MB
       Class:  2.98 MB
        Both:  5.38 MB

MaxMetaspaceSize: unlimited
CompressedClassSpaceSize: 1.00 GB
Initial GC threshold: 21.00 MB
Current GC threshold: 189.81 MB
CDS: off
MetaspaceReclaimPolicy: balanced
 - commit_granule_bytes: 65536.
 - commit_granule_words: 8192.
 - virtual_space_node_default_size: 1048576.
 - enlarge_chunks_in_place: 1.
 - new_chunks_are_fully_committed: 0.
 - uncommit_free_chunks: 1.
 - use_allocation_guard: 0.
 - handle_deallocations: 1.


Internal statistics:

num_allocs_failed_limit: 20.
num_arena_births: 1188.
num_arena_deaths: 22.
num_vsnodes_births: 14.
num_vsnodes_deaths: 0.
num_space_committed: 1882.
num_space_uncommitted: 0.
num_chunks_returned_to_freelist: 52.
num_chunks_taken_from_freelist: 5667.
num_chunk_merges: 35.
num_chunk_splits: 3826.
num_chunks_enlarged: 2618.
num_purges: 2.
num_inconsistent_stats: 0.

CodeHeap 'non-profiled nmethods': size=120000Kb used=7125Kb max_used=7449Kb free=112874Kb
 bounds [0x0000023407ad0000, 0x0000023408240000, 0x000002340f000000]
CodeHeap 'profiled nmethods': size=120000Kb used=21554Kb max_used=22230Kb free=98445Kb
 bounds [0x0000023400000000, 0x00000234015c0000, 0x0000023407530000]
CodeHeap 'non-nmethods': size=5760Kb used=2437Kb max_used=2496Kb free=3322Kb
 bounds [0x0000023407530000, 0x00000234077b0000, 0x0000023407ad0000]
 total_blobs=12529 nmethods=11551 adapters=888
 compilation: enabled
              stopped_count=0, restarted_count=0
 full_count=0

Compilation events (20 events):
Event: 83.665 Thread 0x00000234120347e0 nmethod 13915 0x0000023400135210 code [0x0000023400135440, 0x0000023400135ad8]
Event: 83.665 Thread 0x00000234120347e0 13917  s    3       java.lang.Thread::nextThreadNum (10 bytes)
Event: 83.665 Thread 0x00000234120347e0 nmethod 13917 0x0000023400258610 code [0x00000234002587a0, 0x0000023400258958]
Event: 83.665 Thread 0x00000234120347e0 13916       3       java.lang.Thread::run (17 bytes)
Event: 83.665 Thread 0x00000234120347e0 nmethod 13916 0x0000023401376d90 code [0x0000023401376f40, 0x0000023401377148]
Event: 83.666 Thread 0x00000234120347e0 13918       3       java.util.concurrent.ThreadPoolExecutor$Worker::run (9 bytes)
Event: 83.666 Thread 0x00000234120347e0 nmethod 13918 0x0000023400134e10 code [0x0000023400134fc0, 0x0000023400135108]
Event: 83.666 Thread 0x00000234120347e0 13919       3       java.util.concurrent.atomic.AtomicInteger::compareAndSet (13 bytes)
Event: 83.666 Thread 0x00000234120347e0 nmethod 13919 0x0000023400134a90 code [0x0000023400134c20, 0x0000023400134d58]
Event: 83.668 Thread 0x00000234120347e0 13920       3       org.gradle.internal.serialize.kryo.KryoBackedEncoder::writeNullableString (9 bytes)
Event: 83.668 Thread 0x00000234120347e0 nmethod 13920 0x0000023400f58f10 code [0x0000023400f590c0, 0x0000023400f59228]
Event: 83.670 Thread 0x00000234120347e0 13921       3       java.lang.Thread::setContextClassLoader (28 bytes)
Event: 83.671 Thread 0x00000234120347e0 nmethod 13921 0x0000023400623490 code [0x00000234006236a0, 0x0000023400623d18]
Event: 83.671 Thread 0x00000234120347e0 13922       3       java.lang.ThreadLocal::createMap (14 bytes)
Event: 83.671 Thread 0x00000234120347e0 nmethod 13922 0x0000023400622f90 code [0x0000023400623140, 0x0000023400623348]
Event: 83.672 Thread 0x00000234120347e0 13923       3       org.gradle.internal.component.external.model.DefaultModuleComponentIdentifier::getDisplayName (87 bytes)
Event: 83.673 Thread 0x00000234120347e0 nmethod 13923 0x00000234008d0890 code [0x00000234008d0b40, 0x00000234008d1638]
Event: 83.673 Thread 0x00000234120347e0 13924       3       org.gradle.internal.component.external.model.DefaultModuleComponentIdentifier::toString (5 bytes)
Event: 83.673 Thread 0x00000234120347e0 nmethod 13924 0x0000023400ef3790 code [0x0000023400ef3920, 0x0000023400ef3ac8]
Event: 83.673 Thread 0x00000234120347e0 13925       1       com.google.common.cache.RemovalCause$2::wasEvicted (2 bytes)

GC Heap History (20 events):
Event: 8.051 GC heap before
{Heap before GC invocations=27 (full 0):
 garbage-first heap   total 103424K, used 82153K [0x0000000080000000, 0x0000000100000000)
  region size 1024K, 29 young (29696K), 1 survivors (1024K)
 Metaspace       used 68793K, committed 69312K, reserved 1114112K
  class space    used 9099K, committed 9344K, reserved 1048576K
}
Event: 8.054 GC heap after
{Heap after GC invocations=28 (full 0):
 garbage-first heap   total 103424K, used 55932K [0x0000000080000000, 0x0000000100000000)
  region size 1024K, 3 young (3072K), 3 survivors (3072K)
 Metaspace       used 68793K, committed 69312K, reserved 1114112K
  class space    used 9099K, committed 9344K, reserved 1048576K
}
Event: 8.392 GC heap before
{Heap before GC invocations=29 (full 0):
 garbage-first heap   total 103424K, used 82556K [0x0000000080000000, 0x0000000100000000)
  region size 1024K, 29 young (29696K), 3 survivors (3072K)
 Metaspace       used 72278K, committed 72832K, reserved 1114112K
  class space    used 9781K, committed 10048K, reserved 1048576K
}
Event: 8.396 GC heap after
{Heap after GC invocations=30 (full 0):
 garbage-first heap   total 103424K, used 57641K [0x0000000080000000, 0x0000000100000000)
  region size 1024K, 2 young (2048K), 2 survivors (2048K)
 Metaspace       used 72278K, committed 72832K, reserved 1114112K
  class space    used 9781K, committed 10048K, reserved 1048576K
}
Event: 8.439 GC heap before
{Heap before GC invocations=30 (full 0):
 garbage-first heap   total 103424K, used 60713K [0x0000000080000000, 0x0000000100000000)
  region size 1024K, 5 young (5120K), 2 survivors (2048K)
 Metaspace       used 72573K, committed 73152K, reserved 1114112K
  class space    used 9816K, committed 10112K, reserved 1048576K
}
Event: 8.442 GC heap after
{Heap after GC invocations=31 (full 0):
 garbage-first heap   total 206848K, used 57649K [0x0000000080000000, 0x0000000100000000)
  region size 1024K, 1 young (1024K), 1 survivors (1024K)
 Metaspace       used 72573K, committed 73152K, reserved 1114112K
  class space    used 9816K, committed 10112K, reserved 1048576K
}
Event: 9.607 GC heap before
{Heap before GC invocations=31 (full 0):
 garbage-first heap   total 206848K, used 163121K [0x0000000080000000, 0x0000000100000000)
  region size 1024K, 104 young (106496K), 1 survivors (1024K)
 Metaspace       used 81580K, committed 82240K, reserved 1122304K
  class space    used 11114K, committed 11392K, reserved 1048576K
}
Event: 9.614 GC heap after
{Heap after GC invocations=32 (full 0):
 garbage-first heap   total 206848K, used 67323K [0x0000000080000000, 0x0000000100000000)
  region size 1024K, 10 young (10240K), 10 survivors (10240K)
 Metaspace       used 81580K, committed 82240K, reserved 1122304K
  class space    used 11114K, committed 11392K, reserved 1048576K
}
Event: 10.191 GC heap before
{Heap before GC invocations=32 (full 0):
 garbage-first heap   total 206848K, used 156411K [0x0000000080000000, 0x0000000100000000)
  region size 1024K, 98 young (100352K), 10 survivors (10240K)
 Metaspace       used 84352K, committed 84992K, reserved 1122304K
  class space    used 11689K, committed 11968K, reserved 1048576K
}
Event: 10.202 GC heap after
{Heap after GC invocations=33 (full 0):
 garbage-first heap   total 206848K, used 76227K [0x0000000080000000, 0x0000000100000000)
  region size 1024K, 9 young (9216K), 9 survivors (9216K)
 Metaspace       used 84352K, committed 84992K, reserved 1122304K
  class space    used 11689K, committed 11968K, reserved 1048576K
}
Event: 10.755 GC heap before
{Heap before GC invocations=33 (full 0):
 garbage-first heap   total 206848K, used 160195K [0x0000000080000000, 0x0000000100000000)
  region size 1024K, 92 young (94208K), 9 survivors (9216K)
 Metaspace       used 87204K, committed 87872K, reserved 1130496K
  class space    used 12007K, committed 12288K, reserved 1048576K
}
Event: 10.763 GC heap after
{Heap after GC invocations=34 (full 0):
 garbage-first heap   total 206848K, used 82197K [0x0000000080000000, 0x0000000100000000)
  region size 1024K, 7 young (7168K), 7 survivors (7168K)
 Metaspace       used 87204K, committed 87872K, reserved 1130496K
  class space    used 12007K, committed 12288K, reserved 1048576K
}
Event: 12.643 GC heap before
{Heap before GC invocations=34 (full 0):
 garbage-first heap   total 206848K, used 162069K [0x0000000080000000, 0x0000000100000000)
  region size 1024K, 86 young (88064K), 7 survivors (7168K)
 Metaspace       used 92174K, committed 92864K, reserved 1130496K
  class space    used 12643K, committed 12928K, reserved 1048576K
}
Event: 12.652 GC heap after
{Heap after GC invocations=35 (full 0):
 garbage-first heap   total 206848K, used 92217K [0x0000000080000000, 0x0000000100000000)
  region size 1024K, 10 young (10240K), 10 survivors (10240K)
 Metaspace       used 92174K, committed 92864K, reserved 1130496K
  class space    used 12643K, committed 12928K, reserved 1048576K
}
Event: 13.607 GC heap before
{Heap before GC invocations=35 (full 0):
 garbage-first heap   total 206848K, used 165945K [0x0000000080000000, 0x0000000100000000)
  region size 1024K, 81 young (82944K), 10 survivors (10240K)
 Metaspace       used 99855K, committed 100544K, reserved 1138688K
  class space    used 13628K, committed 13952K, reserved 1048576K
}
Event: 13.616 GC heap after
{Heap after GC invocations=36 (full 0):
 garbage-first heap   total 206848K, used 100232K [0x0000000080000000, 0x0000000100000000)
  region size 1024K, 9 young (9216K), 9 survivors (9216K)
 Metaspace       used 99855K, committed 100544K, reserved 1138688K
  class space    used 13628K, committed 13952K, reserved 1048576K
}
Event: 14.746 GC heap before
{Heap before GC invocations=36 (full 0):
 garbage-first heap   total 206848K, used 162696K [0x0000000080000000, 0x0000000100000000)
  region size 1024K, 71 young (72704K), 9 survivors (9216K)
 Metaspace       used 108847K, committed 109632K, reserved 1146880K
  class space    used 15019K, committed 15360K, reserved 1048576K
}
Event: 14.751 GC heap after
{Heap after GC invocations=37 (full 0):
 garbage-first heap   total 206848K, used 99433K [0x0000000080000000, 0x0000000100000000)
  region size 1024K, 4 young (4096K), 4 survivors (4096K)
 Metaspace       used 108847K, committed 109632K, reserved 1146880K
  class space    used 15019K, committed 15360K, reserved 1048576K
}
Event: 15.098 GC heap before
{Heap before GC invocations=37 (full 0):
 garbage-first heap   total 206848K, used 128105K [0x0000000080000000, 0x0000000100000000)
  region size 1024K, 34 young (34816K), 4 survivors (4096K)
 Metaspace       used 115234K, committed 115968K, reserved 1155072K
  class space    used 16178K, committed 16512K, reserved 1048576K
}
Event: 15.102 GC heap after
{Heap after GC invocations=38 (full 0):
 garbage-first heap   total 206848K, used 100838K [0x0000000080000000, 0x0000000100000000)
  region size 1024K, 5 young (5120K), 5 survivors (5120K)
 Metaspace       used 115234K, committed 115968K, reserved 1155072K
  class space    used 16178K, committed 16512K, reserved 1048576K
}

Dll operation events (2 events):
Event: 0.006 Loaded shared library C:\Program Files\Android\Android Studio\jbr\bin\java.dll
Event: 0.435 Loaded shared library C:\Program Files\Android\Android Studio\jbr\bin\verify.dll

Deoptimization events (20 events):
Event: 83.525 Thread 0x000002341c3280f0 DEOPT PACKING pc=0x00000234081490cc sp=0x000000a9ad8f7c00
Event: 83.525 Thread 0x000002341c3280f0 DEOPT UNPACKING pc=0x00000234075869a3 sp=0x000000a9ad8f7ba8 mode 2
Event: 83.525 Thread 0x000002341c3280f0 Uncommon trap: trap_request=0xffffffde fr.pc=0x00000234081490cc relative=0x000000000000012c
Event: 83.525 Thread 0x000002341c3280f0 Uncommon trap: reason=class_check action=maybe_recompile pc=0x00000234081490cc method=com.google.common.base.CharMatcher$Or.matches(C)Z @ 5 c2
Event: 83.525 Thread 0x000002341c3280f0 DEOPT PACKING pc=0x00000234081490cc sp=0x000000a9ad8f7b90
Event: 83.525 Thread 0x000002341c3280f0 DEOPT UNPACKING pc=0x00000234075869a3 sp=0x000000a9ad8f7b38 mode 2
Event: 83.525 Thread 0x000002341c3280f0 Uncommon trap: trap_request=0xffffffde fr.pc=0x00000234081490cc relative=0x000000000000012c
Event: 83.525 Thread 0x000002341c3280f0 Uncommon trap: reason=class_check action=maybe_recompile pc=0x00000234081490cc method=com.google.common.base.CharMatcher$Or.matches(C)Z @ 5 c2
Event: 83.525 Thread 0x000002341c3280f0 DEOPT PACKING pc=0x00000234081490cc sp=0x000000a9ad8f7b20
Event: 83.525 Thread 0x000002341c3280f0 DEOPT UNPACKING pc=0x00000234075869a3 sp=0x000000a9ad8f7ac8 mode 2
Event: 83.525 Thread 0x000002341c3280f0 Uncommon trap: trap_request=0xffffffde fr.pc=0x00000234081490cc relative=0x000000000000012c
Event: 83.525 Thread 0x000002341c3280f0 Uncommon trap: reason=class_check action=maybe_recompile pc=0x00000234081490cc method=com.google.common.base.CharMatcher$Or.matches(C)Z @ 5 c2
Event: 83.525 Thread 0x000002341c3280f0 DEOPT PACKING pc=0x00000234081490cc sp=0x000000a9ad8f7c00
Event: 83.525 Thread 0x000002341c3280f0 DEOPT UNPACKING pc=0x00000234075869a3 sp=0x000000a9ad8f7ba8 mode 2
Event: 83.543 Thread 0x000002341c3280f0 Uncommon trap: trap_request=0xffffffde fr.pc=0x00000234081ed328 relative=0x0000000000000668
Event: 83.543 Thread 0x000002341c3280f0 Uncommon trap: reason=class_check action=maybe_recompile pc=0x00000234081ed328 method=org.gradle.cache.internal.LockOnDemandCrossProcessCacheAccess.incrementLockCount()V @ 97 c2
Event: 83.543 Thread 0x000002341c3280f0 DEOPT PACKING pc=0x00000234081ed328 sp=0x000000a9ad8f7140
Event: 83.543 Thread 0x000002341c3280f0 DEOPT UNPACKING pc=0x00000234075869a3 sp=0x000000a9ad8f70f0 mode 2
Event: 83.664 Thread 0x000002341c3280f0 DEOPT PACKING pc=0x000002340097213b sp=0x000000a9ad8f8980
Event: 83.664 Thread 0x000002341c3280f0 DEOPT UNPACKING pc=0x0000023407587143 sp=0x000000a9ad8f7e18 mode 0

Classes unloaded (11 events):
Event: 15.166 Thread 0x0000023411507bb0 Unloading class 0x0000000100ba2c00 'java/lang/invoke/LambdaForm$DMH+0x0000000100ba2c00'
Event: 15.166 Thread 0x0000023411507bb0 Unloading class 0x0000000100ba2800 'java/lang/invoke/LambdaForm$DMH+0x0000000100ba2800'
Event: 15.166 Thread 0x0000023411507bb0 Unloading class 0x0000000100ba2400 'java/lang/invoke/LambdaForm$DMH+0x0000000100ba2400'
Event: 15.166 Thread 0x0000023411507bb0 Unloading class 0x0000000100ba1000 'java/lang/invoke/LambdaForm$DMH+0x0000000100ba1000'
Event: 15.166 Thread 0x0000023411507bb0 Unloading class 0x0000000100ba1800 'java/lang/invoke/LambdaForm$DMH+0x0000000100ba1800'
Event: 15.166 Thread 0x0000023411507bb0 Unloading class 0x0000000100ba1c00 'java/lang/invoke/LambdaForm$DMH+0x0000000100ba1c00'
Event: 15.166 Thread 0x0000023411507bb0 Unloading class 0x0000000100ba2000 'java/lang/invoke/LambdaForm$DMH+0x0000000100ba2000'
Event: 15.166 Thread 0x0000023411507bb0 Unloading class 0x0000000100ba0000 'java/lang/invoke/LambdaForm$DMH+0x0000000100ba0000'
Event: 15.166 Thread 0x0000023411507bb0 Unloading class 0x0000000100ba1400 'java/lang/invoke/LambdaForm$DMH+0x0000000100ba1400'
Event: 15.166 Thread 0x0000023411507bb0 Unloading class 0x0000000100ba0c00 'java/lang/invoke/LambdaForm$DMH+0x0000000100ba0c00'
Event: 15.166 Thread 0x0000023411507bb0 Unloading class 0x0000000100ba0800 'java/lang/invoke/LambdaForm$DMH+0x0000000100ba0800'

Classes redefined (0 events):
No events

Internal exceptions (20 events):
Event: 15.227 Thread 0x000002341e2f1060 Exception <a 'sun/nio/fs/WindowsException'{0x000000008c302ce0}> (0x000000008c302ce0) 
thrown [s\src\hotspot\share\prims\jni.cpp, line 517]
Event: 15.227 Thread 0x000002341e2f1060 Exception <a 'sun/nio/fs/WindowsException'{0x000000008c3030e8}> (0x000000008c3030e8) 
thrown [s\src\hotspot\share\prims\jni.cpp, line 517]
Event: 15.251 Thread 0x000002341bc0dc70 Exception <a 'sun/nio/fs/WindowsException'{0x000000008c20a8f8}> (0x000000008c20a8f8) 
thrown [s\src\hotspot\share\prims\jni.cpp, line 517]
Event: 15.311 Thread 0x000002341bc0dc70 Exception <a 'java/lang/NoSuchMethodError'{0x000000008be23ff0}: 'long java.lang.invoke.DirectMethodHandle$Holder.invokeStatic(java.lang.Object, java.lang.Object, java.lang.Object)'> (0x000000008be23ff0) 
thrown [s\src\hotspot\share\interpreter\linkResolver.cpp, line 771]
Event: 15.323 Thread 0x000002341bc0dc70 Exception <a 'sun/nio/fs/WindowsException'{0x000000008bee4f28}> (0x000000008bee4f28) 
thrown [s\src\hotspot\share\prims\jni.cpp, line 517]
Event: 15.416 Thread 0x000002341bc0d7a0 Exception <a 'sun/nio/fs/WindowsException'{0x000000008b95a060}> (0x000000008b95a060) 
thrown [s\src\hotspot\share\prims\jni.cpp, line 517]
Event: 15.476 Thread 0x000002341bc0d7a0 Exception <a 'java/lang/NoSuchMethodError'{0x000000008b814250}: 'java.lang.Object java.lang.invoke.DirectMethodHandle$Holder.newInvokeSpecial(java.lang.Object, java.lang.Object, java.lang.Object, java.lang.Object, java.lang.Object, int, java.lang.Object)'> (0x000000008b814250) 
thrown [s\src\hotspot\share\interpreter\linkResolver.cpp, line 771]
Event: 15.476 Thread 0x000002341bc0d7a0 Exception <a 'java/lang/NoSuchMethodError'{0x000000008b81dc10}: 'java.lang.Object java.lang.invoke.Invokers$Holder.linkToTargetMethod(java.lang.Object, java.lang.Object, java.lang.Object, java.lang.Object, int, java.lang.Object, java.lang.Object)'> (0x000000008b81dc10) 
thrown [s\src\hotspot\share\interpreter\linkResolver.cpp, line 771]
Event: 15.560 Thread 0x000002341bc0d7a0 Exception <a 'java/lang/NoSuchMethodError'{0x000000008b441048}: 'java.lang.Object java.lang.invoke.DirectMethodHandle$Holder.newInvokeSpecial(java.lang.Object, java.lang.Object, java.lang.Object, java.lang.Object, java.lang.Object, java.lang.Object, java.lang.Object, int)'> (0x000000008b441048) 
thrown [s\src\hotspot\share\interpreter\linkResolver.cpp, line 771]
Event: 15.561 Thread 0x000002341bc0d7a0 Exception <a 'java/lang/NoSuchMethodError'{0x000000008b446a80}: 'java.lang.Object java.lang.invoke.DirectMethodHandle$Holder.invokeSpecial(java.lang.Object, java.lang.Object, java.lang.Object, java.lang.Object, java.lang.Object, java.lang.Object, java.lang.Object, java.lang.Object, int)'> (0x000000008b446a80) 
thrown [s\src\hotspot\share\interpreter\linkResolver.cpp, line 771]
Event: 15.561 Thread 0x000002341bc0d7a0 Exception <a 'java/lang/NoSuchMethodError'{0x000000008b44bc48}: 'java.lang.Object java.lang.invoke.Invokers$Holder.linkToTargetMethod(java.lang.Object, java.lang.Object, java.lang.Object, java.lang.Object, java.lang.Object, java.lang.Object, int, java.lang.Object)'> (0x000000008b44bc48) 
thrown [s\src\hotspot\share\interpreter\linkResolver.cpp, line 771]
Event: 15.741 Thread 0x000002341ba5c020 Implicit null exception at 0x00000234080b6830 to 0x00000234080b70c8
Event: 15.756 Thread 0x000002341bc0d7a0 Exception <a 'java/lang/NoSuchMethodError'{0x000000008b00b380}: 'java.lang.Object java.lang.invoke.Invokers$Holder.invoke_MT(java.lang.Object, java.lang.Object, java.lang.Object)'> (0x000000008b00b380) 
thrown [s\src\hotspot\share\interpreter\linkResolver.cpp, line 771]
Event: 15.804 Thread 0x000002341ba5c020 Implicit null exception at 0x0000023408092747 to 0x0000023408093028
Event: 16.267 Thread 0x000002341bc0d7a0 Implicit null exception at 0x0000023407cacd4b to 0x0000023407cacd70
Event: 16.308 Thread 0x0000023413758f00 Exception <a 'sun/nio/fs/WindowsException'{0x000000008ad331b0}> (0x000000008ad331b0) 
thrown [s\src\hotspot\share\prims\jni.cpp, line 517]
Event: 16.308 Thread 0x0000023413758f00 Exception <a 'sun/nio/fs/WindowsException'{0x000000008ad335a0}> (0x000000008ad335a0) 
thrown [s\src\hotspot\share\prims\jni.cpp, line 517]
Event: 16.308 Thread 0x0000023413758f00 Exception <a 'sun/nio/fs/WindowsException'{0x000000008ad35478}> (0x000000008ad35478) 
thrown [s\src\hotspot\share\prims\jni.cpp, line 517]
Event: 21.980 Thread 0x0000023413b19a10 Implicit null exception at 0x0000023407b101f2 to 0x0000023407b107d0
Event: 21.980 Thread 0x0000023413b19a10 Implicit null exception at 0x0000023407e4a7f2 to 0x0000023407e4aef4

VM Operations (20 events):
Event: 17.321 Executing VM operation: Cleanup
Event: 17.321 Executing VM operation: Cleanup done
Event: 22.342 Executing VM operation: Cleanup
Event: 22.342 Executing VM operation: Cleanup done
Event: 39.521 Executing VM operation: Cleanup
Event: 39.521 Executing VM operation: Cleanup done
Event: 42.559 Executing VM operation: Cleanup
Event: 42.559 Executing VM operation: Cleanup done
Event: 43.568 Executing VM operation: Cleanup
Event: 43.568 Executing VM operation: Cleanup done
Event: 55.692 Executing VM operation: Cleanup
Event: 55.692 Executing VM operation: Cleanup done
Event: 67.798 Executing VM operation: Cleanup
Event: 67.798 Executing VM operation: Cleanup done
Event: 72.835 Executing VM operation: Cleanup
Event: 72.835 Executing VM operation: Cleanup done
Event: 76.852 Executing VM operation: Cleanup
Event: 76.852 Executing VM operation: Cleanup done
Event: 83.630 Executing VM operation: ICBufferFull
Event: 83.630 Executing VM operation: ICBufferFull done

Events (20 events):
Event: 83.664 Thread 0x00000234194654a0 Thread added: 0x00000234194654a0
Event: 83.665 Thread 0x00000234194632f0 Thread added: 0x00000234194632f0
Event: 83.665 Thread 0x0000023419465970 Thread added: 0x0000023419465970
Event: 83.665 Thread 0x0000023419464630 Thread added: 0x0000023419464630
Event: 83.666 Thread 0x0000023419461fb0 Thread added: 0x0000023419461fb0
Event: 83.666 Thread 0x00000234194637c0 Thread added: 0x00000234194637c0
Event: 83.669 Thread 0x0000023419463c90 Thread added: 0x0000023419463c90
Event: 83.669 Thread 0x0000023419464fd0 Thread added: 0x0000023419464fd0
Event: 83.669 Thread 0x0000023419464160 Thread added: 0x0000023419464160
Event: 83.670 Thread 0x0000023419462e20 Thread added: 0x0000023419462e20
Event: 83.670 Thread 0x0000023419462480 Thread added: 0x0000023419462480
Event: 83.670 Thread 0x0000023419464b00 Thread added: 0x0000023419464b00
Event: 83.670 Thread 0x0000023419462950 Thread added: 0x0000023419462950
Event: 83.671 Thread 0x0000023416dd8510 Thread added: 0x0000023416dd8510
Event: 83.671 Thread 0x0000023416dd89e0 Thread added: 0x0000023416dd89e0
Event: 83.671 Thread 0x0000023416dd6360 Thread added: 0x0000023416dd6360
Event: 83.671 Thread 0x0000023416dd8eb0 Thread added: 0x0000023416dd8eb0
Event: 83.671 Thread 0x000002341c328f60 Thread added: 0x000002341c328f60
Event: 83.671 Thread 0x000002341c329430 Thread added: 0x000002341c329430
Event: 83.671 Thread 0x000002341baff8e0 Thread added: 0x000002341baff8e0


Dynamic libraries:
0x00007ff75f3d0000 - 0x00007ff75f3da000 	C:\Program Files\Android\Android Studio\jbr\bin\java.exe
0x00007fff13c30000 - 0x00007fff13e28000 	C:\WINDOWS\SYSTEM32\ntdll.dll
0x00007fff13340000 - 0x00007fff133ff000 	C:\WINDOWS\System32\KERNEL32.DLL
0x00007fff116d0000 - 0x00007fff119aa000 	C:\WINDOWS\System32\KERNELBASE.dll
0x00007fff114c0000 - 0x00007fff115c0000 	C:\WINDOWS\System32\ucrtbase.dll
0x00007fff07f70000 - 0x00007fff07f87000 	C:\Program Files\Android\Android Studio\jbr\bin\jli.dll
0x00007fff05eb0000 - 0x00007fff05ecb000 	C:\Program Files\Android\Android Studio\jbr\bin\VCRUNTIME140.dll
0x00007fff12390000 - 0x00007fff1252d000 	C:\WINDOWS\System32\USER32.dll
0x00007fff11bc0000 - 0x00007fff11be2000 	C:\WINDOWS\System32\win32u.dll
0x00007fff13310000 - 0x00007fff1333b000 	C:\WINDOWS\System32\GDI32.dll
0x00007ffefd630000 - 0x00007ffefd8ca000 	C:\WINDOWS\WinSxS\amd64_microsoft.windows.common-controls_6595b64144ccf1df_6.0.19041.1110_none_60b5254171f9507e\COMCTL32.dll
0x00007fff115c0000 - 0x00007fff116d0000 	C:\WINDOWS\System32\gdi32full.dll
0x00007fff13b50000 - 0x00007fff13bee000 	C:\WINDOWS\System32\msvcrt.dll
0x00007fff11340000 - 0x00007fff113dd000 	C:\WINDOWS\System32\msvcp_win.dll
0x00007fff12560000 - 0x00007fff12590000 	C:\WINDOWS\System32\IMM32.DLL
0x00007fff0a070000 - 0x00007fff0a07c000 	C:\Program Files\Android\Android Studio\jbr\bin\vcruntime140_1.dll
0x00007ffefa8d0000 - 0x00007ffefa95d000 	C:\Program Files\Android\Android Studio\jbr\bin\msvcp140.dll
0x00007ffee6ad0000 - 0x00007ffee773d000 	C:\Program Files\Android\Android Studio\jbr\bin\server\jvm.dll
0x00007fff12070000 - 0x00007fff1211e000 	C:\WINDOWS\System32\ADVAPI32.dll
0x00007fff11c90000 - 0x00007fff11d2c000 	C:\WINDOWS\System32\sechost.dll
0x00007fff13150000 - 0x00007fff13276000 	C:\WINDOWS\System32\RPCRT4.dll
0x00007fff0eb50000 - 0x00007fff0eb59000 	C:\WINDOWS\SYSTEM32\WSOCK32.dll
0x00007fff041f0000 - 0x00007fff04217000 	C:\WINDOWS\SYSTEM32\WINMM.dll
0x00007fff12ed0000 - 0x00007fff12f3b000 	C:\WINDOWS\System32\WS2_32.dll
0x00007fff0b6a0000 - 0x00007fff0b6aa000 	C:\WINDOWS\SYSTEM32\VERSION.dll
0x00007fff0f220000 - 0x00007fff0f232000 	C:\WINDOWS\SYSTEM32\kernel.appcore.dll
0x00007fff0cf80000 - 0x00007fff0cf8a000 	C:\Program Files\Android\Android Studio\jbr\bin\jimage.dll
0x00007fff03770000 - 0x00007fff03954000 	C:\WINDOWS\SYSTEM32\DBGHELP.DLL
0x00007ffefcb50000 - 0x00007ffefcb84000 	C:\WINDOWS\SYSTEM32\dbgcore.DLL
0x00007fff113e0000 - 0x00007fff11462000 	C:\WINDOWS\System32\bcryptPrimitives.dll
0x00007fff08440000 - 0x00007fff08465000 	C:\Program Files\Android\Android Studio\jbr\bin\java.dll
0x00007fff08080000 - 0x00007fff08098000 	C:\Program Files\Android\Android Studio\jbr\bin\zip.dll
0x00007fff13400000 - 0x00007fff13b44000 	C:\WINDOWS\System32\SHELL32.dll
0x00007fff0f420000 - 0x00007fff0fbb3000 	C:\WINDOWS\SYSTEM32\windows.storage.dll
0x00007fff12b70000 - 0x00007fff12ec4000 	C:\WINDOWS\System32\combase.dll
0x00007fff10d30000 - 0x00007fff10d5e000 	C:\WINDOWS\SYSTEM32\Wldp.dll
0x00007fff12a60000 - 0x00007fff12b0d000 	C:\WINDOWS\System32\SHCORE.dll
0x00007fff12b10000 - 0x00007fff12b65000 	C:\WINDOWS\System32\shlwapi.dll
0x00007fff11280000 - 0x00007fff1129f000 	C:\WINDOWS\SYSTEM32\profapi.dll
0x00007fff08060000 - 0x00007fff08079000 	C:\Program Files\Android\Android Studio\jbr\bin\net.dll
0x00007fff0b590000 - 0x00007fff0b69a000 	C:\WINDOWS\SYSTEM32\WINHTTP.dll
0x00007fff10a20000 - 0x00007fff10a8a000 	C:\WINDOWS\system32\mswsock.dll
0x00007fff08010000 - 0x00007fff08026000 	C:\Program Files\Android\Android Studio\jbr\bin\nio.dll
0x00007fff0c4e0000 - 0x00007fff0c4f0000 	C:\Program Files\Android\Android Studio\jbr\bin\verify.dll
0x00007fff044f0000 - 0x00007fff04517000 	C:\Users\Pasha\.gradle\native\68d5fa5c4cc2d200863cafc0d521ce42e7d3e7ee720ec0a83991735586a16f82\windows-amd64\native-platform.dll
0x00007ffeec260000 - 0x00007ffeec3a4000 	C:\Users\Pasha\.gradle\native\e376f236ea51e6404a007f0833ffe2c6e607c4080706a723a18a27aeea778392\windows-amd64\native-platform-file-events.dll
0x00007fff0ca70000 - 0x00007fff0ca79000 	C:\Program Files\Android\Android Studio\jbr\bin\management.dll
0x00007fff0c640000 - 0x00007fff0c64b000 	C:\Program Files\Android\Android Studio\jbr\bin\management_ext.dll
0x00007fff12550000 - 0x00007fff12558000 	C:\WINDOWS\System32\PSAPI.DLL
0x00007fff10c20000 - 0x00007fff10c38000 	C:\WINDOWS\SYSTEM32\CRYPTSP.dll
0x00007fff10340000 - 0x00007fff10374000 	C:\WINDOWS\system32\rsaenh.dll
0x00007fff11bf0000 - 0x00007fff11c17000 	C:\WINDOWS\System32\bcrypt.dll
0x00007fff11200000 - 0x00007fff1122e000 	C:\WINDOWS\SYSTEM32\USERENV.dll
0x00007fff10c10000 - 0x00007fff10c1c000 	C:\WINDOWS\SYSTEM32\CRYPTBASE.dll
0x00007fff10710000 - 0x00007fff1074c000 	C:\WINDOWS\SYSTEM32\IPHLPAPI.DLL
0x00007fff11f40000 - 0x00007fff11f48000 	C:\WINDOWS\System32\NSI.dll
0x00007fff0bc70000 - 0x00007fff0bc87000 	C:\WINDOWS\SYSTEM32\dhcpcsvc6.DLL
0x00007fff0bc50000 - 0x00007fff0bc6d000 	C:\WINDOWS\SYSTEM32\dhcpcsvc.DLL
0x00007fff10750000 - 0x00007fff1081b000 	C:\WINDOWS\SYSTEM32\DNSAPI.dll
0x00007fff0b8d0000 - 0x00007fff0b8d7000 	C:\WINDOWS\system32\wshunix.dll

dbghelp: loaded successfully - version: 4.0.5 - missing functions: none
symbol engine: initialized successfully - sym options: 0x614 - pdb path: .;C:\Program Files\Android\Android Studio\jbr\bin;C:\WINDOWS\SYSTEM32;C:\WINDOWS\WinSxS\amd64_microsoft.windows.common-controls_6595b64144ccf1df_6.0.19041.1110_none_60b5254171f9507e;C:\Program Files\Android\Android Studio\jbr\bin\server;C:\Users\Pasha\.gradle\native\68d5fa5c4cc2d200863cafc0d521ce42e7d3e7ee720ec0a83991735586a16f82\windows-amd64;C:\Users\Pasha\.gradle\native\e376f236ea51e6404a007f0833ffe2c6e607c4080706a723a18a27aeea778392\windows-amd64

VM Arguments:
jvm_args: --add-opens=java.base/java.util=ALL-UNNAMED --add-opens=java.base/java.lang=ALL-UNNAMED --add-opens=java.base/java.lang.invoke=ALL-UNNAMED --add-opens=java.prefs/java.util.prefs=ALL-UNNAMED --add-opens=java.base/java.nio.charset=ALL-UNNAMED --add-opens=java.base/java.net=ALL-UNNAMED --add-opens=java.base/java.util.concurrent.atomic=ALL-UNNAMED -Xmx2048m -Dfile.encoding=UTF-8 -Duser.country=RU -Duser.language=ru -Duser.variant 
java_command: org.gradle.launcher.daemon.bootstrap.GradleDaemon 8.0
java_class_path (initial): C:\Users\Pasha\.gradle\wrapper\dists\gradle-8.0-bin\ca5e32bp14vu59qr306oxotwh\gradle-8.0\lib\gradle-launcher-8.0.jar
Launcher Type: SUN_STANDARD

[Global flags]
     intx CICompilerCount                          = 4                                         {product} {ergonomic}
     uint ConcGCThreads                            = 3                                         {product} {ergonomic}
     uint G1ConcRefinementThreads                  = 10                                        {product} {ergonomic}
   size_t G1HeapRegionSize                         = 1048576                                   {product} {ergonomic}
    uintx GCDrainStackTargetSize                   = 64                                        {product} {ergonomic}
   size_t InitialHeapSize                          = 134217728                                 {product} {ergonomic}
   size_t MarkStackSize                            = 4194304                                   {product} {ergonomic}
   size_t MaxHeapSize                              = 2147483648                                {product} {command line}
   size_t MaxNewSize                               = 1287651328                                {product} {ergonomic}
   size_t MinHeapDeltaBytes                        = 1048576                                   {product} {ergonomic}
   size_t MinHeapSize                              = 8388608                                   {product} {ergonomic}
    uintx NonNMethodCodeHeapSize                   = 5839372                                {pd product} {ergonomic}
    uintx NonProfiledCodeHeapSize                  = 122909434                              {pd product} {ergonomic}
    uintx ProfiledCodeHeapSize                     = 122909434                              {pd product} {ergonomic}
    uintx ReservedCodeCacheSize                    = 251658240                              {pd product} {ergonomic}
     bool SegmentedCodeCache                       = true                                      {product} {ergonomic}
   size_t SoftMaxHeapSize                          = 2147483648                             {manageable} {ergonomic}
     bool UseCompressedClassPointers               = true                           {product lp64_product} {ergonomic}
     bool UseCompressedOops                        = true                           {product lp64_product} {ergonomic}
     bool UseG1GC                                  = true                                      {product} {ergonomic}
     bool UseLargePagesIndividualAllocation        = false                                  {pd product} {ergonomic}

Logging:
Log output configuration:
 #0: stdout all=warning uptime,level,tags
 #1: stderr all=off uptime,level,tags

Environment Variables:
PATH=C:\WINDOWS\system32;C:\WINDOWS;C:\WINDOWS\System32\Wbem;C:\WINDOWS\System32\WindowsPowerShell\v1.0\;C:\WINDOWS\System32\OpenSSH\;C:\Program Files (x86)\NVIDIA Corporation\PhysX\Common;C:\Users\Pasha\AppData\Local\Microsoft\WindowsApps;
USERNAME=Pasha
OS=Windows_NT
PROCESSOR_IDENTIFIER=AMD64 Family 23 Model 1 Stepping 1, AuthenticAMD
TMP=C:\Users\Pasha\AppData\Local\Temp
TEMP=C:\Users\Pasha\AppData\Local\Temp



---------------  S Y S T E M  ---------------

OS:
 Windows 10 , 64 bit Build 19041 (10.0.19041.2788)
OS uptime: 2 days 20:37 hours

CPU: total 12 (initial active 12) (12 cores per cpu, 2 threads per core) family 23 model 1 stepping 1 microcode 0x0, cx8, cmov, fxsr, ht, mmx, 3dnowpref, sse, sse2, sse3, ssse3, sse4a, sse4.1, sse4.2, popcnt, lzcnt, tsc, tscinvbit, avx, avx2, aes, clmul, bmi1, bmi2, adx, sha, fma, vzeroupper, clflush, clflushopt

Memory: 4k page, system-wide physical 8125M (1357M free)
TotalPageFile size 8125M (AvailPageFile size 3M)
current process WorkingSet (physical memory assigned to process): 508M, peak: 528M
current process commit charge ("private bytes"): 553M, peak: 569M

vm_info: OpenJDK 64-Bit Server VM (17.0.6+0-b2043.56-9586694) for windows-amd64 JRE (17.0.6+0-b2043.56-9586694), built on Feb  9 2023 20:06:20 by "androidbuild" with MS VC++ 16.10 / 16.11 (VS2019)

END.
