#
# There is insufficient memory for the Java Runtime Environment to continue.
# Native memory allocation (malloc) failed to allocate 1681168 bytes for Chunk::new
# Possible reasons:
#   The system is out of physical RAM or swap space
#   The process is running with CompressedOops enabled, and the Java Heap may be blocking the growth of the native heap
# Possible solutions:
#   Reduce memory load on the system
#   Increase physical memory or swap space
#   Check if swap backing store is full
#   Decrease Java heap size (-Xmx/-Xms)
#   Decrease number of Java threads
#   Decrease Java thread stack sizes (-Xss)
#   Set larger code cache with -XX:ReservedCodeCacheSize=
#   JVM is running with Unscaled Compressed Oops mode in which the Java heap is
#     placed in the first 4GB address space. The Java Heap base address is the
#     maximum limit for the native heap growth. Please use -XX:HeapBaseMinAddress
#     to set the Java Heap base and to place the Java Heap above 4GB virtual address.
# This output file may be truncated or incomplete.
#
#  Out of Memory Error (arena.cpp:189), pid=6176, tid=7376
#
# JRE version: OpenJDK Runtime Environment (17.0.6) (build 17.0.6+0-b2043.56-9586694)
# Java VM: OpenJDK 64-Bit Server VM (17.0.6+0-b2043.56-9586694, mixed mode, tiered, compressed oops, compressed class ptrs, g1 gc, windows-amd64)
# No core dump will be written. Minidumps are not enabled by default on client versions of Windows
#

---------------  S U M M A R Y ------------

Command Line: --add-opens=java.base/java.util=ALL-UNNAMED --add-opens=java.base/java.lang=ALL-UNNAMED --add-opens=java.base/java.lang.invoke=ALL-UNNAMED --add-opens=java.prefs/java.util.prefs=ALL-UNNAMED --add-opens=java.base/java.nio.charset=ALL-UNNAMED --add-opens=java.base/java.net=ALL-UNNAMED --add-opens=java.base/java.util.concurrent.atomic=ALL-UNNAMED -Xmx2048m -Dfile.encoding=UTF-8 -Duser.country=RU -Duser.language=ru -Duser.variant org.gradle.launcher.daemon.bootstrap.GradleDaemon 8.0

Host: AMD Ryzen 5 1600 Six-Core Processor            , 12 cores, 7G,  Windows 10 , 64 bit Build 19041 (10.0.19041.2788)
Time: Tue Apr 25 23:04:09 2023 RTZ 4 (s 10 , 64 bit Build 19041 (10.0.19041.2788) elapsed time: 6.872176 seconds (0d 0h 0m 6s)

---------------  T H R E A D  ---------------

Current thread (0x000001f91f9dc1e0):  JavaThread "C2 CompilerThread2" daemon [_thread_in_native, id=7376, stack(0x0000002941f00000,0x0000002942000000)]


Current CompileTask:
C2:   6872 6981       4       com.google.common.collect.ImmutableSet$RegularSetBuilderImpl::add (68 bytes)

Stack: [0x0000002941f00000,0x0000002942000000]
Native frames: (J=compiled Java code, j=interpreted, Vv=VM code, C=native code)
V  [jvm.dll+0x683b4a]
V  [jvm.dll+0x842654]
V  [jvm.dll+0x843dfe]
V  [jvm.dll+0x844463]
V  [jvm.dll+0x249b75]
V  [jvm.dll+0xabcac]
V  [jvm.dll+0xac27c]
V  [jvm.dll+0x368857]
V  [jvm.dll+0x332f31]
V  [jvm.dll+0x3323da]
V  [jvm.dll+0x21c201]
V  [jvm.dll+0x21b621]
V  [jvm.dll+0x1a4fdd]
V  [jvm.dll+0x22b098]
V  [jvm.dll+0x229159]
V  [jvm.dll+0x7f809c]
V  [jvm.dll+0x7f25fa]
V  [jvm.dll+0x682985]
C  [ucrtbase.dll+0x21bb2]
C  [KERNEL32.DLL+0x17604]
C  [ntdll.dll+0x526a1]


---------------  P R O C E S S  ---------------

Threads class SMR info:
_java_thread_list=0x000001f923e4bf00, length=171, elements={
0x000001f9035e8ba0, 0x000001f91d8ac250, 0x000001f91d8adfe0, 0x000001f91d899710,
0x000001f91e42e100, 0x000001f91e42e9c0, 0x000001f91e42f280, 0x000001f91e430a90,
0x000001f91e433da0, 0x000001f91e453c10, 0x000001f91e5cf790, 0x000001f91e60df80,
0x000001f91e6eaf70, 0x000001f91f9dc1e0, 0x000001f920d147e0, 0x000001f920d13e40,
0x000001f920d134a0, 0x000001f920d12b00, 0x000001f920d11c90, 0x000001f920d12160,
0x000001f920d117c0, 0x000001f920d14310, 0x000001f920d14cb0, 0x000001f920d12630,
0x000001f920d13970, 0x000001f920d15180, 0x000001f9220362e0, 0x000001f922036c80,
0x000001f92203ccc0, 0x000001f922037150, 0x000001f92203d190, 0x000001f92203a640,
0x000001f922038e30, 0x000001f92203d660, 0x000001f922037af0, 0x000001f92203c7f0,
0x000001f92203afe0, 0x000001f92203c320, 0x000001f922038490, 0x000001f922039ca0,
0x000001f9220367b0, 0x000001f9220397d0, 0x000001f9215b3490, 0x000001f9215b8190,
0x000001f9215b64b0, 0x000001f9215b3960, 0x000001f9215b6980, 0x000001f9215b5170,
0x000001f9215b5b10, 0x000001f9215b8b30, 0x000001f9215b94d0, 0x000001f9215ba340,
0x000001f9215b2af0, 0x000001f9215b5640, 0x000001f9215b9e70, 0x000001f9215b3e30,
0x000001f9215b6e50, 0x000001f9215b5fe0, 0x000001f9215b99a0, 0x000001f9215b4300,
0x000001f9215b2fc0, 0x000001f9215b7320, 0x000001f9215b47d0, 0x000001f9215b4ca0,
0x000001f9215b9000, 0x000001f9215b77f0, 0x000001f9215b7cc0, 0x000001f9215b8660,
0x000001f9252d6880, 0x000001f9252d8090, 0x000001f9252d8a30, 0x000001f9252dba50,
0x000001f9252d8560, 0x000001f9252d9d70, 0x000001f9252da710, 0x000001f9252d7220,
0x000001f9252da240, 0x000001f9252d76f0, 0x000001f9252d7bc0, 0x000001f9252d6d50,
0x000001f9252d8f00, 0x000001f9252dd260, 0x000001f9252dc3f0, 0x000001f9252ddc00,
0x000001f9252dabe0, 0x000001f9252dc8c0, 0x000001f9252de0d0, 0x000001f9252db0b0,
0x000001f9252dbf20, 0x000001f9252d93d0, 0x000001f9252db580, 0x000001f9252dd730,
0x000001f9252d98a0, 0x000001f9252dcd90, 0x000001f9215ff540, 0x000001f921602f00,
0x000001f9215ff070, 0x000001f9216050b0, 0x000001f921602a30, 0x000001f921602560,
0x000001f921604710, 0x000001f921604be0, 0x000001f9216003b0, 0x000001f9216033d0,
0x000001f921603d70, 0x000001f9216038a0, 0x000001f9216063f0, 0x000001f9215ffa10,
0x000001f921604240, 0x000001f921605580, 0x000001f9215ffee0, 0x000001f921605a50,
0x000001f921600880, 0x000001f921605f20, 0x000001f9216068c0, 0x000001f921600d50,
0x000001f921601220, 0x000001f9216016f0, 0x000001f921601bc0, 0x000001f921602090,
0x000001f924c91260, 0x000001f924c91730, 0x000001f924c95a90, 0x000001f924c90d90,
0x000001f924c91c00, 0x000001f924c920d0, 0x000001f924c8f580, 0x000001f924c93410,
0x000001f924c938e0, 0x000001f924c925a0, 0x000001f924c8fa50, 0x000001f924c903f0,
0x000001f924c8f0b0, 0x000001f924c8ff20, 0x000001f924c908c0, 0x000001f924c92f40,
0x000001f924c94c20, 0x000001f924c95f60, 0x000001f924c94280, 0x000001f924c92a70,
0x000001f924c93db0, 0x000001f924c950f0, 0x000001f924c96430, 0x000001f924c96900,
0x000001f924c94750, 0x000001f924c955c0, 0x000001f924a172c0, 0x000001f924a12f60,
0x000001f924a12a90, 0x000001f924a120f0, 0x000001f924a14c40, 0x000001f924a16450,
0x000001f924a18130, 0x000001f924a108e0, 0x000001f924a17c60, 0x000001f924a10db0,
0x000001f924a11280, 0x000001f924a13430, 0x000001f924a16920, 0x000001f924a11750,
0x000001f924a17790, 0x000001f924a155e0, 0x000001f924a11c20, 0x000001f924a125c0,
0x000001f924a13900, 0x000001f924a13dd0, 0x000001f924a142a0, 0x000001f924a16df0,
0x000001f924a14770, 0x000001f924a15f80, 0x000001f92203db30
}

Java Threads: ( => current thread )
  0x000001f9035e8ba0 JavaThread "main" [_thread_blocked, id=1984, stack(0x0000002940b00000,0x0000002940c00000)]
  0x000001f91d8ac250 JavaThread "Reference Handler" daemon [_thread_blocked, id=8668, stack(0x0000002941200000,0x0000002941300000)]
  0x000001f91d8adfe0 JavaThread "Finalizer" daemon [_thread_blocked, id=6340, stack(0x0000002941300000,0x0000002941400000)]
  0x000001f91d899710 JavaThread "Signal Dispatcher" daemon [_thread_blocked, id=9200, stack(0x0000002941400000,0x0000002941500000)]
  0x000001f91e42e100 JavaThread "Attach Listener" daemon [_thread_blocked, id=8436, stack(0x0000002941500000,0x0000002941600000)]
  0x000001f91e42e9c0 JavaThread "Service Thread" daemon [_thread_blocked, id=1732, stack(0x0000002941600000,0x0000002941700000)]
  0x000001f91e42f280 JavaThread "Monitor Deflation Thread" daemon [_thread_blocked, id=9312, stack(0x0000002941700000,0x0000002941800000)]
  0x000001f91e430a90 JavaThread "C2 CompilerThread0" daemon [_thread_in_native, id=812, stack(0x0000002941800000,0x0000002941900000)]
  0x000001f91e433da0 JavaThread "C1 CompilerThread0" daemon [_thread_blocked, id=9748, stack(0x0000002941900000,0x0000002941a00000)]
  0x000001f91e453c10 JavaThread "Sweeper thread" daemon [_thread_blocked, id=10376, stack(0x0000002941a00000,0x0000002941b00000)]
  0x000001f91e5cf790 JavaThread "Common-Cleaner" daemon [_thread_blocked, id=8760, stack(0x0000002941b00000,0x0000002941c00000)]
  0x000001f91e60df80 JavaThread "Notification Thread" daemon [_thread_blocked, id=5048, stack(0x0000002941c00000,0x0000002941d00000)]
  0x000001f91e6eaf70 JavaThread "C2 CompilerThread1" daemon [_thread_in_native, id=6848, stack(0x0000002941e00000,0x0000002941f00000)]
=>0x000001f91f9dc1e0 JavaThread "C2 CompilerThread2" daemon [_thread_in_native, id=7376, stack(0x0000002941f00000,0x0000002942000000)]
  0x000001f920d147e0 JavaThread "Daemon health stats" [_thread_blocked, id=5708, stack(0x0000002942400000,0x0000002942500000)]
  0x000001f920d13e40 JavaThread "Incoming local TCP Connector on port 60677" [_thread_in_native, id=5180, stack(0x0000002942500000,0x0000002942600000)]
  0x000001f920d134a0 JavaThread "Daemon periodic checks" [_thread_blocked, id=9660, stack(0x0000002942600000,0x0000002942700000)]
  0x000001f920d12b00 JavaThread "Daemon" [_thread_blocked, id=8496, stack(0x0000002942700000,0x0000002942800000)]
  0x000001f920d11c90 JavaThread "Handler for socket connection from /127.0.0.1:60677 to /127.0.0.1:60678" [_thread_in_native, id=5140, stack(0x0000002942800000,0x0000002942900000)]
  0x000001f920d12160 JavaThread "Cancel handler" [_thread_blocked, id=2704, stack(0x0000002942900000,0x0000002942a00000)]
  0x000001f920d117c0 JavaThread "Daemon worker" [_thread_in_vm, id=5564, stack(0x0000002942a00000,0x0000002942b00000)]
  0x000001f920d14310 JavaThread "Asynchronous log dispatcher for DefaultDaemonConnection: socket connection from /127.0.0.1:60677 to /127.0.0.1:60678" [_thread_blocked, id=10736, stack(0x0000002942b00000,0x0000002942c00000)]
  0x000001f920d14cb0 JavaThread "Stdin handler" [_thread_blocked, id=2864, stack(0x0000002942c00000,0x0000002942d00000)]
  0x000001f920d12630 JavaThread "Daemon client event forwarder" [_thread_blocked, id=8324, stack(0x0000002942d00000,0x0000002942e00000)]
  0x000001f920d13970 JavaThread "Cache worker for journal cache (C:\Users\Pasha\.gradle\caches\journal-1)" [_thread_blocked, id=6804, stack(0x0000002943500000,0x0000002943600000)]
  0x000001f920d15180 JavaThread "File lock request listener" [_thread_in_native, id=10760, stack(0x0000002943600000,0x0000002943700000)]
  0x000001f9220362e0 JavaThread "Cache worker for file hash cache (C:\Users\Pasha\.gradle\caches\8.0\fileHashes)" [_thread_blocked, id=3512, stack(0x0000002943700000,0x0000002943800000)]
  0x000001f922036c80 JavaThread "File watcher server" daemon [_thread_in_native, id=5748, stack(0x0000002943800000,0x0000002943900000)]
  0x000001f92203ccc0 JavaThread "File watcher consumer" daemon [_thread_blocked, id=9976, stack(0x0000002943900000,0x0000002943a00000)]
  0x000001f922037150 JavaThread "Cache worker for checksums cache (C:\Users\Pasha\AndroidStudioProjects\MyApplication9\.gradle\8.0\checksums)" [_thread_blocked, id=2184, stack(0x0000002943a00000,0x0000002943b00000)]
  0x000001f92203d190 JavaThread "Cache worker for cache directory md-rule (C:\Users\Pasha\.gradle\caches\8.0\md-rule)" [_thread_blocked, id=5000, stack(0x0000002943b00000,0x0000002943c00000)]
  0x000001f92203a640 JavaThread "Cache worker for file content cache (C:\Users\Pasha\.gradle\caches\8.0\fileContent)" [_thread_blocked, id=9836, stack(0x0000002943c00000,0x0000002943d00000)]
  0x000001f922038e30 JavaThread "Cache worker for file hash cache (C:\Users\Pasha\AndroidStudioProjects\MyApplication9\.gradle\8.0\fileHashes)" [_thread_blocked, id=11024, stack(0x0000002943d00000,0x0000002943e00000)]
  0x000001f92203d660 JavaThread "Cache worker for cache directory md-supplier (C:\Users\Pasha\.gradle\caches\8.0\md-supplier)" [_thread_blocked, id=4056, stack(0x0000002943e00000,0x0000002943f00000)]
  0x000001f922037af0 JavaThread "Cache worker for execution history cache (C:\Users\Pasha\.gradle\caches\8.0\executionHistory)" [_thread_blocked, id=10400, stack(0x0000002943f00000,0x0000002944000000)]
  0x000001f92203c7f0 JavaThread "jar transforms" [_thread_blocked, id=788, stack(0x0000002944000000,0x0000002944100000)]
  0x000001f92203afe0 JavaThread "jar transforms Thread 2" [_thread_blocked, id=6764, stack(0x0000002944100000,0x0000002944200000)]
  0x000001f92203c320 JavaThread "jar transforms Thread 3" [_thread_blocked, id=10188, stack(0x0000002944200000,0x0000002944300000)]
  0x000001f922038490 JavaThread "jar transforms Thread 4" [_thread_blocked, id=8540, stack(0x0000002944300000,0x0000002944400000)]
  0x000001f922039ca0 JavaThread "Cache worker for dependencies-accessors (C:\Users\Pasha\AndroidStudioProjects\MyApplication9\.gradle\8.0\dependencies-accessors)" [_thread_blocked, id=7088, stack(0x0000002944400000,0x0000002944500000)]
  0x000001f9220367b0 JavaThread "jar transforms Thread 5" [_thread_blocked, id=6140, stack(0x0000002944500000,0x0000002944600000)]
  0x000001f9220397d0 JavaThread "Cache worker for Build Output Cleanup Cache (C:\Users\Pasha\AndroidStudioProjects\MyApplication9\.gradle\buildOutputCleanup)" [_thread_blocked, id=10840, stack(0x0000002944600000,0x0000002944700000)]
  0x000001f9215b3490 JavaThread "Unconstrained build operations" [_thread_blocked, id=3388, stack(0x0000002944700000,0x0000002944800000)]
  0x000001f9215b8190 JavaThread "Unconstrained build operations Thread 2" [_thread_blocked, id=100, stack(0x0000002944800000,0x0000002944900000)]
  0x000001f9215b64b0 JavaThread "Unconstrained build operations Thread 3" [_thread_blocked, id=5472, stack(0x0000002944900000,0x0000002944a00000)]
  0x000001f9215b3960 JavaThread "Unconstrained build operations Thread 4" [_thread_blocked, id=7360, stack(0x0000002944a00000,0x0000002944b00000)]
  0x000001f9215b6980 JavaThread "Unconstrained build operations Thread 5" [_thread_blocked, id=8588, stack(0x0000002944b00000,0x0000002944c00000)]
  0x000001f9215b5170 JavaThread "Unconstrained build operations Thread 6" [_thread_blocked, id=6584, stack(0x0000002944c00000,0x0000002944d00000)]
  0x000001f9215b5b10 JavaThread "Unconstrained build operations Thread 7" [_thread_blocked, id=4828, stack(0x0000002944d00000,0x0000002944e00000)]
  0x000001f9215b8b30 JavaThread "Unconstrained build operations Thread 8" [_thread_blocked, id=5796, stack(0x0000002944e00000,0x0000002944f00000)]
  0x000001f9215b94d0 JavaThread "Unconstrained build operations Thread 9" [_thread_blocked, id=5516, stack(0x0000002944f00000,0x0000002945000000)]
  0x000001f9215ba340 JavaThread "Unconstrained build operations Thread 10" [_thread_blocked, id=8688, stack(0x0000002945000000,0x0000002945100000)]
  0x000001f9215b2af0 JavaThread "Unconstrained build operations Thread 11" [_thread_blocked, id=7300, stack(0x0000002945100000,0x0000002945200000)]
  0x000001f9215b5640 JavaThread "Unconstrained build operations Thread 12" [_thread_blocked, id=6820, stack(0x0000002945200000,0x0000002945300000)]
  0x000001f9215b9e70 JavaThread "Unconstrained build operations Thread 13" [_thread_blocked, id=2560, stack(0x0000002945300000,0x0000002945400000)]
  0x000001f9215b3e30 JavaThread "Unconstrained build operations Thread 14" [_thread_blocked, id=3372, stack(0x0000002945400000,0x0000002945500000)]
  0x000001f9215b6e50 JavaThread "Unconstrained build operations Thread 15" [_thread_blocked, id=7008, stack(0x0000002945500000,0x0000002945600000)]
  0x000001f9215b5fe0 JavaThread "Unconstrained build operations Thread 16" [_thread_blocked, id=10592, stack(0x0000002945600000,0x0000002945700000)]
  0x000001f9215b99a0 JavaThread "Unconstrained build operations Thread 17" [_thread_blocked, id=6148, stack(0x0000002945700000,0x0000002945800000)]
  0x000001f9215b4300 JavaThread "Unconstrained build operations Thread 18" [_thread_blocked, id=1548, stack(0x0000002945800000,0x0000002945900000)]
  0x000001f9215b2fc0 JavaThread "Unconstrained build operations Thread 19" [_thread_blocked, id=8512, stack(0x0000002945900000,0x0000002945a00000)]
  0x000001f9215b7320 JavaThread "Unconstrained build operations Thread 20" [_thread_blocked, id=3256, stack(0x0000002945a00000,0x0000002945b00000)]
  0x000001f9215b47d0 JavaThread "Unconstrained build operations Thread 21" [_thread_blocked, id=10764, stack(0x0000002945b00000,0x0000002945c00000)]
  0x000001f9215b4ca0 JavaThread "Unconstrained build operations Thread 22" [_thread_blocked, id=7912, stack(0x0000002945c00000,0x0000002945d00000)]
  0x000001f9215b9000 JavaThread "Unconstrained build operations Thread 23" [_thread_blocked, id=8064, stack(0x0000002945d00000,0x0000002945e00000)]
  0x000001f9215b77f0 JavaThread "Unconstrained build operations Thread 24" [_thread_blocked, id=4968, stack(0x0000002945e00000,0x0000002945f00000)]
  0x000001f9215b7cc0 JavaThread "Unconstrained build operations Thread 25" [_thread_blocked, id=9368, stack(0x0000002945f00000,0x0000002946000000)]
  0x000001f9215b8660 JavaThread "Unconstrained build operations Thread 26" [_thread_blocked, id=5384, stack(0x0000002946000000,0x0000002946100000)]
  0x000001f9252d6880 JavaThread "Unconstrained build operations Thread 27" [_thread_blocked, id=5156, stack(0x0000002946100000,0x0000002946200000)]
  0x000001f9252d8090 JavaThread "Unconstrained build operations Thread 28" [_thread_blocked, id=2604, stack(0x0000002946200000,0x0000002946300000)]
  0x000001f9252d8a30 JavaThread "Unconstrained build operations Thread 29" [_thread_blocked, id=10496, stack(0x0000002946300000,0x0000002946400000)]
  0x000001f9252dba50 JavaThread "Unconstrained build operations Thread 30" [_thread_blocked, id=1368, stack(0x0000002946400000,0x0000002946500000)]
  0x000001f9252d8560 JavaThread "Unconstrained build operations Thread 31" [_thread_blocked, id=2288, stack(0x0000002946500000,0x0000002946600000)]
  0x000001f9252d9d70 JavaThread "Unconstrained build operations Thread 32" [_thread_blocked, id=11180, stack(0x0000002946600000,0x0000002946700000)]
  0x000001f9252da710 JavaThread "Unconstrained build operations Thread 33" [_thread_blocked, id=4556, stack(0x0000002946700000,0x0000002946800000)]
  0x000001f9252d7220 JavaThread "Unconstrained build operations Thread 34" [_thread_blocked, id=10968, stack(0x0000002946800000,0x0000002946900000)]
  0x000001f9252da240 JavaThread "Unconstrained build operations Thread 35" [_thread_blocked, id=11216, stack(0x0000002946900000,0x0000002946a00000)]
  0x000001f9252d76f0 JavaThread "Unconstrained build operations Thread 36" [_thread_blocked, id=7040, stack(0x0000002946a00000,0x0000002946b00000)]
  0x000001f9252d7bc0 JavaThread "Unconstrained build operations Thread 37" [_thread_blocked, id=6112, stack(0x0000002946b00000,0x0000002946c00000)]
  0x000001f9252d6d50 JavaThread "Unconstrained build operations Thread 38" [_thread_blocked, id=3092, stack(0x0000002946c00000,0x0000002946d00000)]
  0x000001f9252d8f00 JavaThread "Unconstrained build operations Thread 39" [_thread_blocked, id=6572, stack(0x0000002946d00000,0x0000002946e00000)]
  0x000001f9252dd260 JavaThread "Unconstrained build operations Thread 40" [_thread_blocked, id=5244, stack(0x0000002946e00000,0x0000002946f00000)]
  0x000001f9252dc3f0 JavaThread "Unconstrained build operations Thread 41" [_thread_blocked, id=9260, stack(0x0000002946f00000,0x0000002947000000)]
  0x000001f9252ddc00 JavaThread "Unconstrained build operations Thread 42" [_thread_blocked, id=7212, stack(0x0000002947000000,0x0000002947100000)]
  0x000001f9252dabe0 JavaThread "Unconstrained build operations Thread 43" [_thread_blocked, id=7240, stack(0x0000002947100000,0x0000002947200000)]
  0x000001f9252dc8c0 JavaThread "Unconstrained build operations Thread 44" [_thread_blocked, id=2404, stack(0x0000002947200000,0x0000002947300000)]
  0x000001f9252de0d0 JavaThread "Unconstrained build operations Thread 45" [_thread_blocked, id=2988, stack(0x0000002947300000,0x0000002947400000)]
  0x000001f9252db0b0 JavaThread "Unconstrained build operations Thread 46" [_thread_blocked, id=5864, stack(0x0000002947400000,0x0000002947500000)]
  0x000001f9252dbf20 JavaThread "Unconstrained build operations Thread 47" [_thread_blocked, id=5328, stack(0x0000002947500000,0x0000002947600000)]
  0x000001f9252d93d0 JavaThread "Unconstrained build operations Thread 48" [_thread_blocked, id=5284, stack(0x0000002947600000,0x0000002947700000)]
  0x000001f9252db580 JavaThread "Unconstrained build operations Thread 49" [_thread_blocked, id=4816, stack(0x0000002947700000,0x0000002947800000)]
  0x000001f9252dd730 JavaThread "Unconstrained build operations Thread 50" [_thread_blocked, id=10824, stack(0x0000002947800000,0x0000002947900000)]
  0x000001f9252d98a0 JavaThread "Unconstrained build operations Thread 51" [_thread_blocked, id=9624, stack(0x0000002947900000,0x0000002947a00000)]
  0x000001f9252dcd90 JavaThread "Unconstrained build operations Thread 52" [_thread_blocked, id=856, stack(0x0000002947a00000,0x0000002947b00000)]
  0x000001f9215ff540 JavaThread "Unconstrained build operations Thread 53" [_thread_blocked, id=1232, stack(0x0000002947b00000,0x0000002947c00000)]
  0x000001f921602f00 JavaThread "Unconstrained build operations Thread 54" [_thread_blocked, id=8320, stack(0x0000002947c00000,0x0000002947d00000)]
  0x000001f9215ff070 JavaThread "Unconstrained build operations Thread 55" [_thread_blocked, id=8628, stack(0x0000002947d00000,0x0000002947e00000)]
  0x000001f9216050b0 JavaThread "Unconstrained build operations Thread 56" [_thread_blocked, id=8264, stack(0x0000002947e00000,0x0000002947f00000)]
  0x000001f921602a30 JavaThread "Unconstrained build operations Thread 57" [_thread_blocked, id=10932, stack(0x0000002947f00000,0x0000002948000000)]
  0x000001f921602560 JavaThread "Unconstrained build operations Thread 58" [_thread_blocked, id=10516, stack(0x0000002948000000,0x0000002948100000)]
  0x000001f921604710 JavaThread "Unconstrained build operations Thread 59" [_thread_blocked, id=9288, stack(0x0000002948100000,0x0000002948200000)]
  0x000001f921604be0 JavaThread "Unconstrained build operations Thread 60" [_thread_blocked, id=6984, stack(0x0000002948200000,0x0000002948300000)]
  0x000001f9216003b0 JavaThread "Unconstrained build operations Thread 61" [_thread_blocked, id=6908, stack(0x0000002948300000,0x0000002948400000)]
  0x000001f9216033d0 JavaThread "Unconstrained build operations Thread 62" [_thread_blocked, id=10588, stack(0x0000002948400000,0x0000002948500000)]
  0x000001f921603d70 JavaThread "Unconstrained build operations Thread 63" [_thread_blocked, id=10844, stack(0x0000002948500000,0x0000002948600000)]
  0x000001f9216038a0 JavaThread "Unconstrained build operations Thread 64" [_thread_blocked, id=11140, stack(0x0000002948600000,0x0000002948700000)]
  0x000001f9216063f0 JavaThread "Unconstrained build operations Thread 65" [_thread_blocked, id=8680, stack(0x0000002948700000,0x0000002948800000)]
  0x000001f9215ffa10 JavaThread "Unconstrained build operations Thread 66" [_thread_blocked, id=2968, stack(0x0000002948800000,0x0000002948900000)]
  0x000001f921604240 JavaThread "Unconstrained build operations Thread 67" [_thread_blocked, id=8868, stack(0x0000002948900000,0x0000002948a00000)]
  0x000001f921605580 JavaThread "Unconstrained build operations Thread 68" [_thread_blocked, id=9124, stack(0x0000002948a00000,0x0000002948b00000)]
  0x000001f9215ffee0 JavaThread "Unconstrained build operations Thread 69" [_thread_blocked, id=6416, stack(0x0000002948b00000,0x0000002948c00000)]
  0x000001f921605a50 JavaThread "Unconstrained build operations Thread 70" [_thread_blocked, id=476, stack(0x0000002948c00000,0x0000002948d00000)]
  0x000001f921600880 JavaThread "Unconstrained build operations Thread 71" [_thread_blocked, id=9720, stack(0x0000002948d00000,0x0000002948e00000)]
  0x000001f921605f20 JavaThread "Unconstrained build operations Thread 72" [_thread_blocked, id=10640, stack(0x0000002948e00000,0x0000002948f00000)]
  0x000001f9216068c0 JavaThread "Unconstrained build operations Thread 73" [_thread_blocked, id=7572, stack(0x0000002948f00000,0x0000002949000000)]
  0x000001f921600d50 JavaThread "Unconstrained build operations Thread 74" [_thread_blocked, id=2788, stack(0x0000002949000000,0x0000002949100000)]
  0x000001f921601220 JavaThread "Unconstrained build operations Thread 75" [_thread_blocked, id=10864, stack(0x0000002949100000,0x0000002949200000)]
  0x000001f9216016f0 JavaThread "Unconstrained build operations Thread 76" [_thread_blocked, id=3672, stack(0x0000002949200000,0x0000002949300000)]
  0x000001f921601bc0 JavaThread "Unconstrained build operations Thread 77" [_thread_blocked, id=11200, stack(0x0000002949300000,0x0000002949400000)]
  0x000001f921602090 JavaThread "Unconstrained build operations Thread 78" [_thread_blocked, id=1772, stack(0x0000002949400000,0x0000002949500000)]
  0x000001f924c91260 JavaThread "Unconstrained build operations Thread 79" [_thread_blocked, id=1896, stack(0x0000002949500000,0x0000002949600000)]
  0x000001f924c91730 JavaThread "Unconstrained build operations Thread 80" [_thread_blocked, id=1640, stack(0x0000002949600000,0x0000002949700000)]
  0x000001f924c95a90 JavaThread "Unconstrained build operations Thread 81" [_thread_blocked, id=4592, stack(0x0000002949700000,0x0000002949800000)]
  0x000001f924c90d90 JavaThread "Unconstrained build operations Thread 82" [_thread_blocked, id=8836, stack(0x0000002949800000,0x0000002949900000)]
  0x000001f924c91c00 JavaThread "Unconstrained build operations Thread 83" [_thread_blocked, id=3768, stack(0x0000002949900000,0x0000002949a00000)]
  0x000001f924c920d0 JavaThread "Unconstrained build operations Thread 84" [_thread_blocked, id=7276, stack(0x0000002949a00000,0x0000002949b00000)]
  0x000001f924c8f580 JavaThread "Unconstrained build operations Thread 85" [_thread_blocked, id=5964, stack(0x0000002949b00000,0x0000002949c00000)]
  0x000001f924c93410 JavaThread "Unconstrained build operations Thread 86" [_thread_blocked, id=6812, stack(0x0000002949c00000,0x0000002949d00000)]
  0x000001f924c938e0 JavaThread "Unconstrained build operations Thread 87" [_thread_blocked, id=9272, stack(0x0000002949d00000,0x0000002949e00000)]
  0x000001f924c925a0 JavaThread "Unconstrained build operations Thread 88" [_thread_blocked, id=8128, stack(0x0000002949e00000,0x0000002949f00000)]
  0x000001f924c8fa50 JavaThread "Unconstrained build operations Thread 89" [_thread_blocked, id=7504, stack(0x0000002949f00000,0x000000294a000000)]
  0x000001f924c903f0 JavaThread "Unconstrained build operations Thread 90" [_thread_blocked, id=5988, stack(0x000000294a000000,0x000000294a100000)]
  0x000001f924c8f0b0 JavaThread "Unconstrained build operations Thread 91" [_thread_blocked, id=9756, stack(0x000000294a100000,0x000000294a200000)]
  0x000001f924c8ff20 JavaThread "Unconstrained build operations Thread 92" [_thread_blocked, id=1348, stack(0x000000294a200000,0x000000294a300000)]
  0x000001f924c908c0 JavaThread "Unconstrained build operations Thread 93" [_thread_blocked, id=7192, stack(0x000000294a300000,0x000000294a400000)]
  0x000001f924c92f40 JavaThread "Unconstrained build operations Thread 94" [_thread_blocked, id=10356, stack(0x000000294a400000,0x000000294a500000)]
  0x000001f924c94c20 JavaThread "Unconstrained build operations Thread 95" [_thread_blocked, id=6332, stack(0x000000294a500000,0x000000294a600000)]
  0x000001f924c95f60 JavaThread "Unconstrained build operations Thread 96" [_thread_blocked, id=11120, stack(0x000000294a600000,0x000000294a700000)]
  0x000001f924c94280 JavaThread "Unconstrained build operations Thread 97" [_thread_blocked, id=1592, stack(0x000000294a700000,0x000000294a800000)]
  0x000001f924c92a70 JavaThread "Unconstrained build operations Thread 98" [_thread_blocked, id=10904, stack(0x000000294a800000,0x000000294a900000)]
  0x000001f924c93db0 JavaThread "Unconstrained build operations Thread 99" [_thread_blocked, id=6896, stack(0x000000294a900000,0x000000294aa00000)]
  0x000001f924c950f0 JavaThread "Unconstrained build operations Thread 100" [_thread_blocked, id=10328, stack(0x000000294aa00000,0x000000294ab00000)]
  0x000001f924c96430 JavaThread "Unconstrained build operations Thread 101" [_thread_blocked, id=1244, stack(0x000000294ab00000,0x000000294ac00000)]
  0x000001f924c96900 JavaThread "Unconstrained build operations Thread 102" [_thread_blocked, id=9304, stack(0x000000294ac00000,0x000000294ad00000)]
  0x000001f924c94750 JavaThread "Unconstrained build operations Thread 103" [_thread_blocked, id=8148, stack(0x000000294ad00000,0x000000294ae00000)]
  0x000001f924c955c0 JavaThread "Unconstrained build operations Thread 104" [_thread_blocked, id=10264, stack(0x000000294ae00000,0x000000294af00000)]
  0x000001f924a172c0 JavaThread "Unconstrained build operations Thread 105" [_thread_blocked, id=6248, stack(0x000000294af00000,0x000000294b000000)]
  0x000001f924a12f60 JavaThread "Unconstrained build operations Thread 106" [_thread_blocked, id=2108, stack(0x000000294b000000,0x000000294b100000)]
  0x000001f924a12a90 JavaThread "Unconstrained build operations Thread 107" [_thread_blocked, id=1748, stack(0x000000294b100000,0x000000294b200000)]
  0x000001f924a120f0 JavaThread "Unconstrained build operations Thread 108" [_thread_blocked, id=7924, stack(0x000000294b200000,0x000000294b300000)]
  0x000001f924a14c40 JavaThread "Unconstrained build operations Thread 109" [_thread_blocked, id=5188, stack(0x000000294b300000,0x000000294b400000)]
  0x000001f924a16450 JavaThread "Unconstrained build operations Thread 110" [_thread_blocked, id=4716, stack(0x000000294b400000,0x000000294b500000)]
  0x000001f924a18130 JavaThread "Unconstrained build operations Thread 111" [_thread_blocked, id=280, stack(0x000000294b500000,0x000000294b600000)]
  0x000001f924a108e0 JavaThread "Unconstrained build operations Thread 112" [_thread_blocked, id=8100, stack(0x000000294b600000,0x000000294b700000)]
  0x000001f924a17c60 JavaThread "Unconstrained build operations Thread 113" [_thread_blocked, id=9988, stack(0x000000294b700000,0x000000294b800000)]
  0x000001f924a10db0 JavaThread "Unconstrained build operations Thread 114" [_thread_blocked, id=9104, stack(0x000000294b800000,0x000000294b900000)]
  0x000001f924a11280 JavaThread "Unconstrained build operations Thread 115" [_thread_blocked, id=7472, stack(0x000000294b900000,0x000000294ba00000)]
  0x000001f924a13430 JavaThread "Unconstrained build operations Thread 116" [_thread_blocked, id=1100, stack(0x000000294ba00000,0x000000294bb00000)]
  0x000001f924a16920 JavaThread "Unconstrained build operations Thread 117" [_thread_blocked, id=2556, stack(0x000000294bb00000,0x000000294bc00000)]
  0x000001f924a11750 JavaThread "Unconstrained build operations Thread 118" [_thread_blocked, id=9292, stack(0x000000294bc00000,0x000000294bd00000)]
  0x000001f924a17790 JavaThread "Unconstrained build operations Thread 119" [_thread_blocked, id=8580, stack(0x000000294bd00000,0x000000294be00000)]
  0x000001f924a155e0 JavaThread "Unconstrained build operations Thread 120" [_thread_blocked, id=7380, stack(0x000000294be00000,0x000000294bf00000)]
  0x000001f924a11c20 JavaThread "jar transforms Thread 6" [_thread_blocked, id=9064, stack(0x000000294bf00000,0x000000294c000000)]
  0x000001f924a125c0 JavaThread "jar transforms Thread 7" [_thread_blocked, id=10900, stack(0x000000294c000000,0x000000294c100000)]
  0x000001f924a13900 JavaThread "jar transforms Thread 8" [_thread_blocked, id=5700, stack(0x000000294c100000,0x000000294c200000)]
  0x000001f924a13dd0 JavaThread "jar transforms Thread 9" [_thread_blocked, id=10196, stack(0x000000294c200000,0x000000294c300000)]
  0x000001f924a142a0 JavaThread "jar transforms Thread 10" [_thread_blocked, id=7336, stack(0x000000294c300000,0x000000294c400000)]
  0x000001f924a16df0 JavaThread "jar transforms Thread 11" [_thread_blocked, id=1072, stack(0x000000294c400000,0x000000294c500000)]
  0x000001f924a14770 JavaThread "jar transforms Thread 12" [_thread_blocked, id=1804, stack(0x000000294c500000,0x000000294c600000)]
  0x000001f924a15f80 JavaThread "build event listener" [_thread_blocked, id=6188, stack(0x000000294c600000,0x000000294c700000)]
  0x000001f92203db30 JavaThread "Memory manager" [_thread_blocked, id=9596, stack(0x000000294c700000,0x000000294c800000)]

Other Threads:
  0x000001f91d887a30 VMThread "VM Thread" [stack: 0x0000002941100000,0x0000002941200000] [id=1228]
  0x000001f90366ca70 WatcherThread [stack: 0x0000002941d00000,0x0000002941e00000] [id=9912]
  0x000001f903645d70 GCTaskThread "GC Thread#0" [stack: 0x0000002940c00000,0x0000002940d00000] [id=4140]
  0x000001f91f9c3ee0 GCTaskThread "GC Thread#1" [stack: 0x0000002942000000,0x0000002942100000] [id=7984]
  0x000001f91ec582c0 GCTaskThread "GC Thread#2" [stack: 0x0000002942100000,0x0000002942200000] [id=10520]
  0x000001f91fddb110 GCTaskThread "GC Thread#3" [stack: 0x0000002942200000,0x0000002942300000] [id=2892]
  0x000001f9208fc4b0 GCTaskThread "GC Thread#4" [stack: 0x0000002942300000,0x0000002942400000] [id=4040]
  0x000001f920d11440 GCTaskThread "GC Thread#5" [stack: 0x0000002942e00000,0x0000002942f00000] [id=5740]
  0x000001f91f8bf860 GCTaskThread "GC Thread#6" [stack: 0x0000002942f00000,0x0000002943000000] [id=1588]
  0x000001f9213dbc90 GCTaskThread "GC Thread#7" [stack: 0x0000002943000000,0x0000002943100000] [id=9084]
  0x000001f91f1b3560 GCTaskThread "GC Thread#8" [stack: 0x0000002943100000,0x0000002943200000] [id=7500]
  0x000001f91f49edf0 GCTaskThread "GC Thread#9" [stack: 0x0000002943200000,0x0000002943300000] [id=3036]
  0x000001f903656bc0 ConcurrentGCThread "G1 Main Marker" [stack: 0x0000002940d00000,0x0000002940e00000] [id=7032]
  0x000001f9036574e0 ConcurrentGCThread "G1 Conc#0" [stack: 0x0000002940e00000,0x0000002940f00000] [id=4952]
  0x000001f9210f5820 ConcurrentGCThread "G1 Conc#1" [stack: 0x0000002943300000,0x0000002943400000] [id=3424]
  0x000001f9217718e0 ConcurrentGCThread "G1 Conc#2" [stack: 0x0000002943400000,0x0000002943500000] [id=2316]
  0x000001f91d6e24c0 ConcurrentGCThread "G1 Refine#0" [stack: 0x0000002940f00000,0x0000002941000000] [id=7988]
  0x000001f91d6e2df0 ConcurrentGCThread "G1 Service" [stack: 0x0000002941000000,0x0000002941100000] [id=9112]

Threads with active compile tasks:
C2 CompilerThread0     6900 7007       4       com.google.common.collect.ImmutableSet$Builder::add (31 bytes)
C2 CompilerThread1     6900 6923 %     4       org.gradle.internal.instantiation.generator.AbstractClassGenerator::inspectType @ 107 (560 bytes)
C2 CompilerThread2     6900 6981       4       com.google.common.collect.ImmutableSet$RegularSetBuilderImpl::add (68 bytes)

VM state: not at safepoint (normal execution)

VM Mutex/Monitor currently owned by a thread: None

Heap address: 0x0000000080000000, size: 2048 MB, Compressed Oops mode: 32-bit

CDS archive(s) not mapped
Compressed class space mapped at: 0x0000000100000000-0x0000000140000000, reserved size: 1073741824
Narrow klass base: 0x0000000000000000, Narrow klass shift: 3, Narrow klass range: 0x140000000

GC Precious Log:
 CPUs: 12 total, 12 available
 Memory: 8125M
 Large Page Support: Disabled
 NUMA Support: Disabled
 Compressed Oops: Enabled (32-bit)
 Heap Region Size: 1M
 Heap Min Capacity: 8M
 Heap Initial Capacity: 128M
 Heap Max Capacity: 2G
 Pre-touch: Disabled
 Parallel Workers: 10
 Concurrent Workers: 3
 Concurrent Refinement Workers: 10
 Periodic GC: Disabled

Heap:
 garbage-first heap   total 137216K, used 93127K [0x0000000080000000, 0x0000000100000000)
  region size 1024K, 44 young (45056K), 6 survivors (6144K)
 Metaspace       used 71917K, committed 72448K, reserved 1114112K
  class space    used 9733K, committed 9984K, reserved 1048576K

Heap Regions: E=young(eden), S=young(survivor), O=old, HS=humongous(starts), HC=humongous(continues), CS=collection set, F=free, OA=open archive, CA=closed archive, TAMS=top-at-mark-start (previous, next)
|   0|0x0000000080000000, 0x0000000080100000, 0x0000000080100000|100%|HS|  |TAMS 0x0000000080100000, 0x0000000080000000| Complete 
|   1|0x0000000080100000, 0x0000000080200000, 0x0000000080200000|100%|HC|  |TAMS 0x0000000080200000, 0x0000000080100000| Complete 
|   2|0x0000000080200000, 0x0000000080300000, 0x0000000080300000|100%|HC|  |TAMS 0x0000000080300000, 0x0000000080200000| Complete 
|   3|0x0000000080300000, 0x0000000080400000, 0x0000000080400000|100%|HC|  |TAMS 0x0000000080400000, 0x0000000080300000| Complete 
|   4|0x0000000080400000, 0x0000000080500000, 0x0000000080500000|100%| O|  |TAMS 0x0000000080500000, 0x0000000080400000| Untracked 
|   5|0x0000000080500000, 0x0000000080600000, 0x0000000080600000|100%| O|  |TAMS 0x0000000080600000, 0x0000000080500000| Untracked 
|   6|0x0000000080600000, 0x0000000080700000, 0x0000000080700000|100%| O|  |TAMS 0x0000000080700000, 0x0000000080600000| Untracked 
|   7|0x0000000080700000, 0x0000000080800000, 0x0000000080800000|100%| O|  |TAMS 0x0000000080800000, 0x0000000080700000| Untracked 
|   8|0x0000000080800000, 0x0000000080900000, 0x0000000080900000|100%| O|  |TAMS 0x0000000080900000, 0x0000000080800000| Untracked 
|   9|0x0000000080900000, 0x0000000080a00000, 0x0000000080a00000|100%| O|  |TAMS 0x0000000080a00000, 0x0000000080900000| Untracked 
|  10|0x0000000080a00000, 0x0000000080b00000, 0x0000000080b00000|100%| O|  |TAMS 0x0000000080b00000, 0x0000000080a00000| Untracked 
|  11|0x0000000080b00000, 0x0000000080b00000, 0x0000000080c00000|  0%| F|  |TAMS 0x0000000080b00000, 0x0000000080b00000| Untracked 
|  12|0x0000000080c00000, 0x0000000080d00000, 0x0000000080d00000|100%| O|  |TAMS 0x0000000080d00000, 0x0000000080c00000| Untracked 
|  13|0x0000000080d00000, 0x0000000080e00000, 0x0000000080e00000|100%| O|  |TAMS 0x0000000080e00000, 0x0000000080d00000| Untracked 
|  14|0x0000000080e00000, 0x0000000080f00000, 0x0000000080f00000|100%| O|  |TAMS 0x0000000080f00000, 0x0000000080e00000| Untracked 
|  15|0x0000000080f00000, 0x0000000081000000, 0x0000000081000000|100%| O|  |TAMS 0x0000000081000000, 0x0000000080f00000| Untracked 
|  16|0x0000000081000000, 0x0000000081100000, 0x0000000081100000|100%| O|  |TAMS 0x0000000081100000, 0x0000000081000000| Untracked 
|  17|0x0000000081100000, 0x0000000081200000, 0x0000000081200000|100%| O|  |TAMS 0x0000000081200000, 0x0000000081100000| Untracked 
|  18|0x0000000081200000, 0x0000000081300000, 0x0000000081300000|100%| O|  |TAMS 0x0000000081300000, 0x0000000081200000| Untracked 
|  19|0x0000000081300000, 0x0000000081400000, 0x0000000081400000|100%| O|  |TAMS 0x0000000081400000, 0x0000000081300000| Untracked 
|  20|0x0000000081400000, 0x0000000081500000, 0x0000000081500000|100%| O|  |TAMS 0x0000000081500000, 0x0000000081400000| Untracked 
|  21|0x0000000081500000, 0x0000000081600000, 0x0000000081600000|100%| O|  |TAMS 0x0000000081600000, 0x0000000081500000| Untracked 
|  22|0x0000000081600000, 0x0000000081700000, 0x0000000081700000|100%| O|  |TAMS 0x0000000081700000, 0x0000000081600000| Untracked 
|  23|0x0000000081700000, 0x0000000081800000, 0x0000000081800000|100%| O|  |TAMS 0x0000000081800000, 0x0000000081700000| Untracked 
|  24|0x0000000081800000, 0x0000000081900000, 0x0000000081900000|100%| O|  |TAMS 0x0000000081900000, 0x0000000081800000| Untracked 
|  25|0x0000000081900000, 0x0000000081a00000, 0x0000000081a00000|100%| O|  |TAMS 0x0000000081a00000, 0x0000000081900000| Untracked 
|  26|0x0000000081a00000, 0x0000000081b00000, 0x0000000081b00000|100%| O|  |TAMS 0x0000000081b00000, 0x0000000081a00000| Untracked 
|  27|0x0000000081b00000, 0x0000000081c00000, 0x0000000081c00000|100%| O|  |TAMS 0x0000000081c00000, 0x0000000081b00000| Untracked 
|  28|0x0000000081c00000, 0x0000000081d00000, 0x0000000081d00000|100%| O|  |TAMS 0x0000000081d00000, 0x0000000081c00000| Untracked 
|  29|0x0000000081d00000, 0x0000000081e00000, 0x0000000081e00000|100%| O|  |TAMS 0x0000000081e00000, 0x0000000081d00000| Untracked 
|  30|0x0000000081e00000, 0x0000000081f00000, 0x0000000081f00000|100%| O|  |TAMS 0x0000000081f00000, 0x0000000081e00000| Untracked 
|  31|0x0000000081f00000, 0x0000000082000000, 0x0000000082000000|100%| O|  |TAMS 0x0000000082000000, 0x0000000081f00000| Untracked 
|  32|0x0000000082000000, 0x0000000082100000, 0x0000000082100000|100%| O|  |TAMS 0x0000000082100000, 0x0000000082000000| Untracked 
|  33|0x0000000082100000, 0x0000000082200000, 0x0000000082200000|100%|HS|  |TAMS 0x0000000082200000, 0x0000000082100000| Complete 
|  34|0x0000000082200000, 0x0000000082300000, 0x0000000082300000|100%|HS|  |TAMS 0x0000000082300000, 0x0000000082200000| Complete 
|  35|0x0000000082300000, 0x0000000082400000, 0x0000000082400000|100%| O|  |TAMS 0x0000000082400000, 0x0000000082300000| Untracked 
|  36|0x0000000082400000, 0x0000000082500000, 0x0000000082500000|100%| O|  |TAMS 0x0000000082500000, 0x0000000082400000| Untracked 
|  37|0x0000000082500000, 0x0000000082600000, 0x0000000082600000|100%| O|  |TAMS 0x0000000082600000, 0x0000000082500000| Untracked 
|  38|0x0000000082600000, 0x0000000082700000, 0x0000000082700000|100%| O|  |TAMS 0x0000000082700000, 0x0000000082600000| Untracked 
|  39|0x0000000082700000, 0x0000000082800000, 0x0000000082800000|100%| O|  |TAMS 0x0000000082800000, 0x0000000082700000| Untracked 
|  40|0x0000000082800000, 0x0000000082900000, 0x0000000082900000|100%| O|  |TAMS 0x0000000082900000, 0x0000000082800000| Untracked 
|  41|0x0000000082900000, 0x0000000082a00000, 0x0000000082a00000|100%| O|  |TAMS 0x0000000082a00000, 0x0000000082900000| Untracked 
|  42|0x0000000082a00000, 0x0000000082b00000, 0x0000000082b00000|100%| O|  |TAMS 0x0000000082b00000, 0x0000000082a00000| Untracked 
|  43|0x0000000082b00000, 0x0000000082c00000, 0x0000000082c00000|100%| O|  |TAMS 0x0000000082c00000, 0x0000000082b00000| Untracked 
|  44|0x0000000082c00000, 0x0000000082d00000, 0x0000000082d00000|100%| O|  |TAMS 0x0000000082d00000, 0x0000000082c00000| Untracked 
|  45|0x0000000082d00000, 0x0000000082e00000, 0x0000000082e00000|100%| O|  |TAMS 0x0000000082e00000, 0x0000000082d00000| Untracked 
|  46|0x0000000082e00000, 0x0000000082f00000, 0x0000000082f00000|100%| O|  |TAMS 0x0000000082f00000, 0x0000000082e00000| Untracked 
|  47|0x0000000082f00000, 0x0000000082f53e00, 0x0000000083000000| 32%| O|  |TAMS 0x0000000082f53e00, 0x0000000082f00000| Untracked 
|  48|0x0000000083000000, 0x0000000083000000, 0x0000000083100000|  0%| F|  |TAMS 0x0000000083000000, 0x0000000083000000| Untracked 
|  49|0x0000000083100000, 0x0000000083100000, 0x0000000083200000|  0%| F|  |TAMS 0x0000000083100000, 0x0000000083100000| Untracked 
|  50|0x0000000083200000, 0x0000000083200000, 0x0000000083300000|  0%| F|  |TAMS 0x0000000083200000, 0x0000000083200000| Untracked 
|  51|0x0000000083300000, 0x0000000083400000, 0x0000000083400000|100%| O|  |TAMS 0x0000000083400000, 0x0000000083300000| Untracked 
|  52|0x0000000083400000, 0x0000000083500000, 0x0000000083500000|100%| O|  |TAMS 0x0000000083500000, 0x0000000083400000| Untracked 
|  53|0x0000000083500000, 0x0000000083500000, 0x0000000083600000|  0%| F|  |TAMS 0x0000000083500000, 0x0000000083500000| Untracked 
|  54|0x0000000083600000, 0x0000000083600000, 0x0000000083700000|  0%| F|  |TAMS 0x0000000083600000, 0x0000000083600000| Untracked 
|  55|0x0000000083700000, 0x0000000083700000, 0x0000000083800000|  0%| F|  |TAMS 0x0000000083700000, 0x0000000083700000| Untracked 
|  56|0x0000000083800000, 0x0000000083800000, 0x0000000083900000|  0%| F|  |TAMS 0x0000000083800000, 0x0000000083800000| Untracked 
|  57|0x0000000083900000, 0x0000000083900000, 0x0000000083a00000|  0%| F|  |TAMS 0x0000000083900000, 0x0000000083900000| Untracked 
|  58|0x0000000083a00000, 0x0000000083a00000, 0x0000000083b00000|  0%| F|  |TAMS 0x0000000083a00000, 0x0000000083a00000| Untracked 
|  59|0x0000000083b00000, 0x0000000083b00000, 0x0000000083c00000|  0%| F|  |TAMS 0x0000000083b00000, 0x0000000083b00000| Untracked 
|  60|0x0000000083c00000, 0x0000000083c00000, 0x0000000083d00000|  0%| F|  |TAMS 0x0000000083c00000, 0x0000000083c00000| Untracked 
|  61|0x0000000083d00000, 0x0000000083d00000, 0x0000000083e00000|  0%| F|  |TAMS 0x0000000083d00000, 0x0000000083d00000| Untracked 
|  62|0x0000000083e00000, 0x0000000083e00000, 0x0000000083f00000|  0%| F|  |TAMS 0x0000000083e00000, 0x0000000083e00000| Untracked 
|  63|0x0000000083f00000, 0x0000000083f00000, 0x0000000084000000|  0%| F|  |TAMS 0x0000000083f00000, 0x0000000083f00000| Untracked 
|  64|0x0000000084000000, 0x0000000084000000, 0x0000000084100000|  0%| F|  |TAMS 0x0000000084000000, 0x0000000084000000| Untracked 
|  65|0x0000000084100000, 0x0000000084100000, 0x0000000084200000|  0%| F|  |TAMS 0x0000000084100000, 0x0000000084100000| Untracked 
|  66|0x0000000084200000, 0x0000000084200000, 0x0000000084300000|  0%| F|  |TAMS 0x0000000084200000, 0x0000000084200000| Untracked 
|  67|0x0000000084300000, 0x0000000084300000, 0x0000000084400000|  0%| F|  |TAMS 0x0000000084300000, 0x0000000084300000| Untracked 
|  68|0x0000000084400000, 0x0000000084400000, 0x0000000084500000|  0%| F|  |TAMS 0x0000000084400000, 0x0000000084400000| Untracked 
|  69|0x0000000084500000, 0x0000000084500000, 0x0000000084600000|  0%| F|  |TAMS 0x0000000084500000, 0x0000000084500000| Untracked 
|  70|0x0000000084600000, 0x0000000084600000, 0x0000000084700000|  0%| F|  |TAMS 0x0000000084600000, 0x0000000084600000| Untracked 
|  71|0x0000000084700000, 0x0000000084700000, 0x0000000084800000|  0%| F|  |TAMS 0x0000000084700000, 0x0000000084700000| Untracked 
|  72|0x0000000084800000, 0x0000000084800000, 0x0000000084900000|  0%| F|  |TAMS 0x0000000084800000, 0x0000000084800000| Untracked 
|  73|0x0000000084900000, 0x000000008499dee0, 0x0000000084a00000| 61%| S|CS|TAMS 0x0000000084900000, 0x0000000084900000| Complete 
|  74|0x0000000084a00000, 0x0000000084b00000, 0x0000000084b00000|100%| S|CS|TAMS 0x0000000084a00000, 0x0000000084a00000| Complete 
|  75|0x0000000084b00000, 0x0000000084c00000, 0x0000000084c00000|100%| S|CS|TAMS 0x0000000084b00000, 0x0000000084b00000| Complete 
|  76|0x0000000084c00000, 0x0000000084d00000, 0x0000000084d00000|100%| S|CS|TAMS 0x0000000084c00000, 0x0000000084c00000| Complete 
|  77|0x0000000084d00000, 0x0000000084e00000, 0x0000000084e00000|100%| S|CS|TAMS 0x0000000084d00000, 0x0000000084d00000| Complete 
|  78|0x0000000084e00000, 0x0000000084f00000, 0x0000000084f00000|100%| S|CS|TAMS 0x0000000084e00000, 0x0000000084e00000| Complete 
|  79|0x0000000084f00000, 0x0000000084f00000, 0x0000000085000000|  0%| F|  |TAMS 0x0000000084f00000, 0x0000000084f00000| Untracked 
|  80|0x0000000085000000, 0x0000000085000000, 0x0000000085100000|  0%| F|  |TAMS 0x0000000085000000, 0x0000000085000000| Untracked 
|  81|0x0000000085100000, 0x0000000085100000, 0x0000000085200000|  0%| F|  |TAMS 0x0000000085100000, 0x0000000085100000| Untracked 
|  82|0x0000000085200000, 0x0000000085200000, 0x0000000085300000|  0%| F|  |TAMS 0x0000000085200000, 0x0000000085200000| Untracked 
|  83|0x0000000085300000, 0x0000000085300000, 0x0000000085400000|  0%| F|  |TAMS 0x0000000085300000, 0x0000000085300000| Untracked 
|  84|0x0000000085400000, 0x0000000085400000, 0x0000000085500000|  0%| F|  |TAMS 0x0000000085400000, 0x0000000085400000| Untracked 
|  85|0x0000000085500000, 0x0000000085500000, 0x0000000085600000|  0%| F|  |TAMS 0x0000000085500000, 0x0000000085500000| Untracked 
|  86|0x0000000085600000, 0x0000000085600000, 0x0000000085700000|  0%| F|  |TAMS 0x0000000085600000, 0x0000000085600000| Untracked 
|  87|0x0000000085700000, 0x0000000085700000, 0x0000000085800000|  0%| F|  |TAMS 0x0000000085700000, 0x0000000085700000| Untracked 
|  88|0x0000000085800000, 0x0000000085800000, 0x0000000085900000|  0%| F|  |TAMS 0x0000000085800000, 0x0000000085800000| Untracked 
|  89|0x0000000085900000, 0x0000000085900000, 0x0000000085a00000|  0%| F|  |TAMS 0x0000000085900000, 0x0000000085900000| Untracked 
|  90|0x0000000085a00000, 0x0000000085a00000, 0x0000000085b00000|  0%| F|  |TAMS 0x0000000085a00000, 0x0000000085a00000| Untracked 
|  91|0x0000000085b00000, 0x0000000085b00000, 0x0000000085c00000|  0%| F|  |TAMS 0x0000000085b00000, 0x0000000085b00000| Untracked 
|  92|0x0000000085c00000, 0x0000000085c00000, 0x0000000085d00000|  0%| F|  |TAMS 0x0000000085c00000, 0x0000000085c00000| Untracked 
|  93|0x0000000085d00000, 0x0000000085d00000, 0x0000000085e00000|  0%| F|  |TAMS 0x0000000085d00000, 0x0000000085d00000| Untracked 
|  94|0x0000000085e00000, 0x0000000085e00000, 0x0000000085f00000|  0%| F|  |TAMS 0x0000000085e00000, 0x0000000085e00000| Untracked 
|  95|0x0000000085f00000, 0x0000000085f00000, 0x0000000086000000|  0%| F|  |TAMS 0x0000000085f00000, 0x0000000085f00000| Untracked 
|  96|0x0000000086000000, 0x0000000086080800, 0x0000000086100000| 50%| E|  |TAMS 0x0000000086000000, 0x0000000086000000| Complete 
|  97|0x0000000086100000, 0x0000000086200000, 0x0000000086200000|100%| E|CS|TAMS 0x0000000086100000, 0x0000000086100000| Complete 
|  98|0x0000000086200000, 0x0000000086300000, 0x0000000086300000|100%| E|CS|TAMS 0x0000000086200000, 0x0000000086200000| Complete 
|  99|0x0000000086300000, 0x0000000086400000, 0x0000000086400000|100%| E|CS|TAMS 0x0000000086300000, 0x0000000086300000| Complete 
| 100|0x0000000086400000, 0x0000000086500000, 0x0000000086500000|100%| E|CS|TAMS 0x0000000086400000, 0x0000000086400000| Complete 
| 101|0x0000000086500000, 0x0000000086600000, 0x0000000086600000|100%| E|CS|TAMS 0x0000000086500000, 0x0000000086500000| Complete 
| 102|0x0000000086600000, 0x0000000086700000, 0x0000000086700000|100%| E|CS|TAMS 0x0000000086600000, 0x0000000086600000| Complete 
| 103|0x0000000086700000, 0x0000000086800000, 0x0000000086800000|100%| E|CS|TAMS 0x0000000086700000, 0x0000000086700000| Complete 
| 104|0x0000000086800000, 0x0000000086900000, 0x0000000086900000|100%| E|CS|TAMS 0x0000000086800000, 0x0000000086800000| Complete 
| 105|0x0000000086900000, 0x0000000086a00000, 0x0000000086a00000|100%| E|CS|TAMS 0x0000000086900000, 0x0000000086900000| Complete 
| 106|0x0000000086a00000, 0x0000000086b00000, 0x0000000086b00000|100%| E|CS|TAMS 0x0000000086a00000, 0x0000000086a00000| Complete 
| 107|0x0000000086b00000, 0x0000000086c00000, 0x0000000086c00000|100%| E|CS|TAMS 0x0000000086b00000, 0x0000000086b00000| Complete 
| 108|0x0000000086c00000, 0x0000000086d00000, 0x0000000086d00000|100%| E|CS|TAMS 0x0000000086c00000, 0x0000000086c00000| Complete 
| 109|0x0000000086d00000, 0x0000000086e00000, 0x0000000086e00000|100%| E|CS|TAMS 0x0000000086d00000, 0x0000000086d00000| Complete 
| 110|0x0000000086e00000, 0x0000000086f00000, 0x0000000086f00000|100%| E|CS|TAMS 0x0000000086e00000, 0x0000000086e00000| Complete 
| 111|0x0000000086f00000, 0x0000000087000000, 0x0000000087000000|100%| E|CS|TAMS 0x0000000086f00000, 0x0000000086f00000| Complete 
| 112|0x0000000087000000, 0x0000000087100000, 0x0000000087100000|100%| E|CS|TAMS 0x0000000087000000, 0x0000000087000000| Complete 
| 113|0x0000000087100000, 0x0000000087200000, 0x0000000087200000|100%| E|CS|TAMS 0x0000000087100000, 0x0000000087100000| Complete 
| 114|0x0000000087200000, 0x0000000087300000, 0x0000000087300000|100%| E|CS|TAMS 0x0000000087200000, 0x0000000087200000| Complete 
| 115|0x0000000087300000, 0x0000000087400000, 0x0000000087400000|100%| E|CS|TAMS 0x0000000087300000, 0x0000000087300000| Complete 
| 116|0x0000000087400000, 0x0000000087500000, 0x0000000087500000|100%| E|CS|TAMS 0x0000000087400000, 0x0000000087400000| Complete 
| 117|0x0000000087500000, 0x0000000087600000, 0x0000000087600000|100%| E|CS|TAMS 0x0000000087500000, 0x0000000087500000| Complete 
| 118|0x0000000087600000, 0x0000000087700000, 0x0000000087700000|100%| E|CS|TAMS 0x0000000087600000, 0x0000000087600000| Complete 
| 119|0x0000000087700000, 0x0000000087800000, 0x0000000087800000|100%| E|CS|TAMS 0x0000000087700000, 0x0000000087700000| Complete 
| 120|0x0000000087800000, 0x0000000087900000, 0x0000000087900000|100%| E|CS|TAMS 0x0000000087800000, 0x0000000087800000| Complete 
| 121|0x0000000087900000, 0x0000000087a00000, 0x0000000087a00000|100%| E|CS|TAMS 0x0000000087900000, 0x0000000087900000| Complete 
| 122|0x0000000087a00000, 0x0000000087b00000, 0x0000000087b00000|100%| E|CS|TAMS 0x0000000087a00000, 0x0000000087a00000| Complete 
| 123|0x0000000087b00000, 0x0000000087c00000, 0x0000000087c00000|100%| E|CS|TAMS 0x0000000087b00000, 0x0000000087b00000| Complete 
| 124|0x0000000087c00000, 0x0000000087d00000, 0x0000000087d00000|100%| E|CS|TAMS 0x0000000087c00000, 0x0000000087c00000| Complete 
| 125|0x0000000087d00000, 0x0000000087e00000, 0x0000000087e00000|100%| E|CS|TAMS 0x0000000087d00000, 0x0000000087d00000| Complete 
| 126|0x0000000087e00000, 0x0000000087f00000, 0x0000000087f00000|100%| E|CS|TAMS 0x0000000087e00000, 0x0000000087e00000| Complete 
| 127|0x0000000087f00000, 0x0000000088000000, 0x0000000088000000|100%| E|CS|TAMS 0x0000000087f00000, 0x0000000087f00000| Complete 
| 128|0x0000000088000000, 0x0000000088100000, 0x0000000088100000|100%| E|CS|TAMS 0x0000000088000000, 0x0000000088000000| Complete 
| 129|0x0000000088100000, 0x0000000088200000, 0x0000000088200000|100%| E|CS|TAMS 0x0000000088100000, 0x0000000088100000| Complete 
| 130|0x0000000088200000, 0x0000000088300000, 0x0000000088300000|100%| E|CS|TAMS 0x0000000088200000, 0x0000000088200000| Complete 
| 131|0x0000000088300000, 0x0000000088400000, 0x0000000088400000|100%| E|CS|TAMS 0x0000000088300000, 0x0000000088300000| Complete 
| 132|0x0000000088400000, 0x0000000088500000, 0x0000000088500000|100%| E|CS|TAMS 0x0000000088400000, 0x0000000088400000| Complete 
| 133|0x0000000088500000, 0x0000000088600000, 0x0000000088600000|100%| E|CS|TAMS 0x0000000088500000, 0x0000000088500000| Complete 

Card table byte_map: [0x000001f916410000,0x000001f916810000] _byte_map_base: 0x000001f916010000

Marking Bits (Prev, Next): (CMBitMap*) 0x000001f9036462d0, (CMBitMap*) 0x000001f903646290
 Prev Bits: [0x000001f918c10000, 0x000001f91ac10000)
 Next Bits: [0x000001f916c10000, 0x000001f918c10000)

Polling page: 0x000001f901540000

Metaspace:

Usage:
  Non-class:     60.77 MB used.
      Class:      9.52 MB used.
       Both:     70.29 MB used.

Virtual space:
  Non-class space:       64.00 MB reserved,      61.06 MB ( 95%) committed,  8 nodes.
      Class space:        1.00 GB reserved,       9.75 MB ( <1%) committed,  1 nodes.
             Both:        1.06 GB reserved,      70.81 MB (  7%) committed. 

Chunk freelists:
   Non-Class:  2.59 MB
       Class:  2.20 MB
        Both:  4.80 MB

MaxMetaspaceSize: unlimited
CompressedClassSpaceSize: 1.00 GB
Initial GC threshold: 21.00 MB
Current GC threshold: 106.81 MB
CDS: off
MetaspaceReclaimPolicy: balanced
 - commit_granule_bytes: 65536.
 - commit_granule_words: 8192.
 - virtual_space_node_default_size: 1048576.
 - enlarge_chunks_in_place: 1.
 - new_chunks_are_fully_committed: 0.
 - uncommit_free_chunks: 1.
 - use_allocation_guard: 0.
 - handle_deallocations: 1.


Internal statistics:

num_allocs_failed_limit: 6.
num_arena_births: 626.
num_arena_deaths: 0.
num_vsnodes_births: 9.
num_vsnodes_deaths: 0.
num_space_committed: 1133.
num_space_uncommitted: 0.
num_chunks_returned_to_freelist: 6.
num_chunks_taken_from_freelist: 3008.
num_chunk_merges: 6.
num_chunk_splits: 2053.
num_chunks_enlarged: 1427.
num_purges: 0.
num_inconsistent_stats: 0.

CodeHeap 'non-profiled nmethods': size=120000Kb used=3896Kb max_used=3896Kb free=116103Kb
 bounds [0x000001f90e590000, 0x000001f90e960000, 0x000001f915ac0000]
CodeHeap 'profiled nmethods': size=120000Kb used=12161Kb max_used=12161Kb free=107838Kb
 bounds [0x000001f906ac0000, 0x000001f9076b0000, 0x000001f90dff0000]
CodeHeap 'non-nmethods': size=5760Kb used=2354Kb max_used=2404Kb free=3405Kb
 bounds [0x000001f90dff0000, 0x000001f90e260000, 0x000001f90e590000]
 total_blobs=7127 nmethods=6244 adapters=795
 compilation: enabled
              stopped_count=0, restarted_count=0
 full_count=0

Compilation events (20 events):
Event: 6.859 Thread 0x000001f91e433da0 7064       1       org.gradle.internal.typeconversion.NotationConverterToNotationParserAdapter$ResultImpl::access$100 (5 bytes)
Event: 6.859 Thread 0x000001f91e433da0 nmethod 7064 0x000001f90e95d490 code [0x000001f90e95d620, 0x000001f90e95d6d8]
Event: 6.859 Thread 0x000001f91e433da0 7066       3       org.gradle.api.internal.provider.Collectors$ElementFromProvider::<init> (10 bytes)
Event: 6.859 Thread 0x000001f91e433da0 nmethod 7066 0x000001f907685190 code [0x000001f907685320, 0x000001f9076854d8]
Event: 6.859 Thread 0x000001f91e433da0 7065       1       org.gradle.internal.typeconversion.NotationConverterToNotationParserAdapter$ResultImpl::access$200 (5 bytes)
Event: 6.859 Thread 0x000001f91e433da0 nmethod 7065 0x000001f90e95d790 code [0x000001f90e95d920, 0x000001f90e95d9d8]
Event: 6.867 Thread 0x000001f91e433da0 7067       3       org.gradle.model.internal.core.ModelPath::compareTo (19 bytes)
Event: 6.867 Thread 0x000001f91e433da0 nmethod 7067 0x000001f907685590 code [0x000001f907685740, 0x000001f9076858e8]
Event: 6.867 Thread 0x000001f91e433da0 7068       3       org.gradle.invocation.DefaultGradle_Decorated::getIdentityPath (39 bytes)
Event: 6.868 Thread 0x000001f91e433da0 nmethod 7068 0x000001f907685a10 code [0x000001f907685ce0, 0x000001f907686dd8]
Event: 6.868 Thread 0x000001f91e433da0 7069       3       org.gradle.invocation.DefaultGradle::getIdentityPath (35 bytes)
Event: 6.868 Thread 0x000001f91e433da0 nmethod 7069 0x000001f907687210 code [0x000001f907687420, 0x000001f907687b68]
Event: 6.869 Thread 0x000001f91e433da0 7070       3       org.gradle.internal.ImmutableActionSet$SetWithManyActions::addAll (6 bytes)
Event: 6.869 Thread 0x000001f91e433da0 nmethod 7070 0x000001f907687d90 code [0x000001f907687fa0, 0x000001f9076886a8]
Event: 6.869 Thread 0x000001f91e433da0 7071       1       com.android.build.gradle.internal.services.ProjectServices::getProjectOptions (5 bytes)
Event: 6.869 Thread 0x000001f91e433da0 nmethod 7071 0x000001f90e95da90 code [0x000001f90e95dc20, 0x000001f90e95dcf8]
Event: 6.870 Thread 0x000001f91e433da0 7072       3       org.gradle.model.internal.registry.ModelGraph::find (14 bytes)
Event: 6.870 Thread 0x000001f91e433da0 nmethod 7072 0x000001f907688990 code [0x000001f907688b40, 0x000001f907688de8]
Event: 6.870 Thread 0x000001f91e433da0 7073       3       org.gradle.internal.operations.DefaultBuildOperationExecutor::call (11 bytes)
Event: 6.870 Thread 0x000001f91e433da0 nmethod 7073 0x000001f907688f10 code [0x000001f9076890c0, 0x000001f907689288]

GC Heap History (20 events):
Event: 4.133 GC heap before
{Heap before GC invocations=12 (full 0):
 garbage-first heap   total 82944K, used 62265K [0x0000000080000000, 0x0000000100000000)
  region size 1024K, 31 young (31744K), 3 survivors (3072K)
 Metaspace       used 48675K, committed 49152K, reserved 1097728K
  class space    used 6440K, committed 6656K, reserved 1048576K
}
Event: 4.136 GC heap after
{Heap after GC invocations=13 (full 0):
 garbage-first heap   total 82944K, used 33830K [0x0000000080000000, 0x0000000100000000)
  region size 1024K, 4 young (4096K), 4 survivors (4096K)
 Metaspace       used 48675K, committed 49152K, reserved 1097728K
  class space    used 6440K, committed 6656K, reserved 1048576K
}
Event: 4.515 GC heap before
{Heap before GC invocations=13 (full 0):
 garbage-first heap   total 82944K, used 63526K [0x0000000080000000, 0x0000000100000000)
  region size 1024K, 33 young (33792K), 4 survivors (4096K)
 Metaspace       used 51252K, committed 51712K, reserved 1097728K
  class space    used 6791K, committed 6976K, reserved 1048576K
}
Event: 4.518 GC heap after
{Heap after GC invocations=14 (full 0):
 garbage-first heap   total 82944K, used 36256K [0x0000000080000000, 0x0000000100000000)
  region size 1024K, 4 young (4096K), 4 survivors (4096K)
 Metaspace       used 51252K, committed 51712K, reserved 1097728K
  class space    used 6791K, committed 6976K, reserved 1048576K
}
Event: 4.768 GC heap before
{Heap before GC invocations=14 (full 0):
 garbage-first heap   total 82944K, used 65952K [0x0000000080000000, 0x0000000100000000)
  region size 1024K, 31 young (31744K), 4 survivors (4096K)
 Metaspace       used 52528K, committed 52928K, reserved 1097728K
  class space    used 6937K, committed 7104K, reserved 1048576K
}
Event: 4.771 GC heap after
{Heap after GC invocations=15 (full 0):
 garbage-first heap   total 82944K, used 43827K [0x0000000080000000, 0x0000000100000000)
  region size 1024K, 4 young (4096K), 4 survivors (4096K)
 Metaspace       used 52528K, committed 52928K, reserved 1097728K
  class space    used 6937K, committed 7104K, reserved 1048576K
}
Event: 4.984 GC heap before
{Heap before GC invocations=15 (full 0):
 garbage-first heap   total 82944K, used 62259K [0x0000000080000000, 0x0000000100000000)
  region size 1024K, 22 young (22528K), 4 survivors (4096K)
 Metaspace       used 54958K, committed 55424K, reserved 1097728K
  class space    used 7288K, committed 7488K, reserved 1048576K
}
Event: 4.986 GC heap after
{Heap after GC invocations=16 (full 0):
 garbage-first heap   total 82944K, used 44978K [0x0000000080000000, 0x0000000100000000)
  region size 1024K, 1 young (1024K), 1 survivors (1024K)
 Metaspace       used 54958K, committed 55424K, reserved 1097728K
  class space    used 7288K, committed 7488K, reserved 1048576K
}
Event: 5.250 GC heap before
{Heap before GC invocations=17 (full 0):
 garbage-first heap   total 82944K, used 64434K [0x0000000080000000, 0x0000000100000000)
  region size 1024K, 20 young (20480K), 1 survivors (1024K)
 Metaspace       used 58006K, committed 58496K, reserved 1105920K
  class space    used 7660K, committed 7872K, reserved 1048576K
}
Event: 5.252 GC heap after
{Heap after GC invocations=18 (full 0):
 garbage-first heap   total 82944K, used 45534K [0x0000000080000000, 0x0000000100000000)
  region size 1024K, 2 young (2048K), 2 survivors (2048K)
 Metaspace       used 58006K, committed 58496K, reserved 1105920K
  class space    used 7660K, committed 7872K, reserved 1048576K
}
Event: 5.575 GC heap before
{Heap before GC invocations=18 (full 0):
 garbage-first heap   total 82944K, used 64990K [0x0000000080000000, 0x0000000100000000)
  region size 1024K, 21 young (21504K), 2 survivors (2048K)
 Metaspace       used 62303K, committed 62784K, reserved 1105920K
  class space    used 8245K, committed 8448K, reserved 1048576K
}
Event: 5.579 GC heap after
{Heap after GC invocations=19 (full 0):
 garbage-first heap   total 82944K, used 47432K [0x0000000080000000, 0x0000000100000000)
  region size 1024K, 3 young (3072K), 3 survivors (3072K)
 Metaspace       used 62303K, committed 62784K, reserved 1105920K
  class space    used 8245K, committed 8448K, reserved 1048576K
}
Event: 5.717 GC heap before
{Heap before GC invocations=20 (full 0):
 garbage-first heap   total 89088K, used 69960K [0x0000000080000000, 0x0000000100000000)
  region size 1024K, 20 young (20480K), 3 survivors (3072K)
 Metaspace       used 62851K, committed 63424K, reserved 1105920K
  class space    used 8333K, committed 8576K, reserved 1048576K
}
Event: 5.721 GC heap after
{Heap after GC invocations=21 (full 0):
 garbage-first heap   total 89088K, used 49610K [0x0000000080000000, 0x0000000100000000)
  region size 1024K, 3 young (3072K), 3 survivors (3072K)
 Metaspace       used 62851K, committed 63424K, reserved 1105920K
  class space    used 8333K, committed 8576K, reserved 1048576K
}
Event: 5.731 GC heap before
{Heap before GC invocations=21 (full 0):
 garbage-first heap   total 89088K, used 50634K [0x0000000080000000, 0x0000000100000000)
  region size 1024K, 4 young (4096K), 3 survivors (3072K)
 Metaspace       used 62994K, committed 63488K, reserved 1105920K
  class space    used 8353K, committed 8576K, reserved 1048576K
}
Event: 5.732 GC heap after
{Heap after GC invocations=22 (full 0):
 garbage-first heap   total 89088K, used 49976K [0x0000000080000000, 0x0000000100000000)
  region size 1024K, 1 young (1024K), 1 survivors (1024K)
 Metaspace       used 62994K, committed 63488K, reserved 1105920K
  class space    used 8353K, committed 8576K, reserved 1048576K
}
Event: 5.971 GC heap before
{Heap before GC invocations=22 (full 0):
 garbage-first heap   total 89088K, used 70456K [0x0000000080000000, 0x0000000100000000)
  region size 1024K, 21 young (21504K), 1 survivors (1024K)
 Metaspace       used 65037K, committed 65472K, reserved 1105920K
  class space    used 8586K, committed 8768K, reserved 1048576K
}
Event: 5.973 GC heap after
{Heap after GC invocations=23 (full 0):
 garbage-first heap   total 137216K, used 51000K [0x0000000080000000, 0x0000000100000000)
  region size 1024K, 2 young (2048K), 2 survivors (2048K)
 Metaspace       used 65037K, committed 65472K, reserved 1105920K
  class space    used 8586K, committed 8768K, reserved 1048576K
}
Event: 6.448 GC heap before
{Heap before GC invocations=24 (full 0):
 garbage-first heap   total 137216K, used 107320K [0x0000000080000000, 0x0000000100000000)
  region size 1024K, 57 young (58368K), 2 survivors (2048K)
 Metaspace       used 67501K, committed 68032K, reserved 1114112K
  class space    used 8918K, committed 9152K, reserved 1048576K
}
Event: 6.452 GC heap after
{Heap after GC invocations=25 (full 0):
 garbage-first heap   total 137216K, used 55239K [0x0000000080000000, 0x0000000100000000)
  region size 1024K, 6 young (6144K), 6 survivors (6144K)
 Metaspace       used 67501K, committed 68032K, reserved 1114112K
  class space    used 8918K, committed 9152K, reserved 1048576K
}

Dll operation events (2 events):
Event: 0.006 Loaded shared library C:\Program Files\Android\Android Studio\jbr\bin\java.dll
Event: 0.373 Loaded shared library C:\Program Files\Android\Android Studio\jbr\bin\verify.dll

Deoptimization events (20 events):
Event: 6.379 Thread 0x000001f920d117c0 DEOPT PACKING pc=0x000001f90e90d0e8 sp=0x0000002942af4f30
Event: 6.379 Thread 0x000001f920d117c0 DEOPT UNPACKING pc=0x000001f90e0469a3 sp=0x0000002942af4ee8 mode 2
Event: 6.411 Thread 0x000001f920d117c0 Uncommon trap: trap_request=0xffffffde fr.pc=0x000001f90e7125ac relative=0x000000000000182c
Event: 6.411 Thread 0x000001f920d117c0 Uncommon trap: reason=class_check action=maybe_recompile pc=0x000001f90e7125ac method=java.util.WeakHashMap.matchesKey(Ljava/util/WeakHashMap$Entry;Ljava/lang/Object;)Z @ 21 c2
Event: 6.411 Thread 0x000001f920d117c0 DEOPT PACKING pc=0x000001f90e7125ac sp=0x0000002942af5030
Event: 6.411 Thread 0x000001f920d117c0 DEOPT UNPACKING pc=0x000001f90e0469a3 sp=0x0000002942af4fb0 mode 2
Event: 6.447 Thread 0x000001f920d117c0 Uncommon trap: trap_request=0xfffffff4 fr.pc=0x000001f90e91f9e8 relative=0x0000000000000a68
Event: 6.447 Thread 0x000001f920d117c0 Uncommon trap: reason=null_check action=make_not_entrant pc=0x000001f90e91f9e8 method=com.sun.beans.introspect.MethodInfo$MethodOrder.compare(Ljava/lang/reflect/Method;Ljava/lang/reflect/Method;)I @ 145 c2
Event: 6.447 Thread 0x000001f920d117c0 DEOPT PACKING pc=0x000001f90e91f9e8 sp=0x0000002942af3ba0
Event: 6.447 Thread 0x000001f920d117c0 DEOPT UNPACKING pc=0x000001f90e0469a3 sp=0x0000002942af3b40 mode 2
Event: 6.478 Thread 0x000001f920d117c0 Uncommon trap: trap_request=0xffffff45 fr.pc=0x000001f90e84c5a4 relative=0x00000000000001e4
Event: 6.478 Thread 0x000001f920d117c0 Uncommon trap: reason=unstable_if action=reinterpret pc=0x000001f90e84c5a4 method=java.lang.ThreadLocal$ThreadLocalMap.getEntryAfterMiss(Ljava/lang/ThreadLocal;ILjava/lang/ThreadLocal$ThreadLocalMap$Entry;)Ljava/lang/ThreadLocal$ThreadLocalMap$Entry; @ 30
Event: 6.478 Thread 0x000001f920d117c0 DEOPT PACKING pc=0x000001f90e84c5a4 sp=0x0000002942af7480
Event: 6.478 Thread 0x000001f920d117c0 DEOPT UNPACKING pc=0x000001f90e0469a3 sp=0x0000002942af7308 mode 2
Event: 6.571 Thread 0x000001f920d117c0 DEOPT PACKING pc=0x000001f906e60918 sp=0x0000002942af8430
Event: 6.571 Thread 0x000001f920d117c0 DEOPT UNPACKING pc=0x000001f90e047143 sp=0x0000002942af7910 mode 0
Event: 6.633 Thread 0x000001f920d117c0 Uncommon trap: trap_request=0xffffff45 fr.pc=0x000001f90e8fea78 relative=0x0000000000000a78
Event: 6.633 Thread 0x000001f920d117c0 Uncommon trap: reason=unstable_if action=reinterpret pc=0x000001f90e8fea78 method=java.util.regex.Pattern.escape(ZZZ)I @ 8 c2
Event: 6.633 Thread 0x000001f920d117c0 DEOPT PACKING pc=0x000001f90e8fea78 sp=0x0000002942af8500
Event: 6.633 Thread 0x000001f920d117c0 DEOPT UNPACKING pc=0x000001f90e0469a3 sp=0x0000002942af84a0 mode 2

Classes unloaded (0 events):
No events

Classes redefined (0 events):
No events

Internal exceptions (20 events):
Event: 6.447 Thread 0x000001f920d117c0 Implicit null exception at 0x000001f90e91f5c2 to 0x000001f90e91f9d4
Event: 6.448 Thread 0x000001f920d117c0 Exception <a 'java/lang/ClassNotFoundException'{0x0000000084fee650}: com/android/build/gradle/internal/dsl/BuildTypeCustomizer> (0x0000000084fee650) 
thrown [s\src\hotspot\share\classfile\systemDictionary.cpp, line 256]
Event: 6.454 Thread 0x000001f920d117c0 Exception <a 'java/lang/ClassNotFoundException'{0x0000000088577ee0}: com/android/build/gradle/internal/dsl/BuildType$AgpDecoratedCustomizer> (0x0000000088577ee0) 
thrown [s\src\hotspot\share\classfile\systemDictionary.cpp, line 256]
Event: 6.456 Thread 0x000001f920d117c0 Exception <a 'java/lang/ClassNotFoundException'{0x00000000885cb860}: com/android/build/gradle/internal/dsl/BuildType$AgpDecorated_DecoratedCustomizer> (0x00000000885cb860) 
thrown [s\src\hotspot\share\classfile\systemDictionary.cpp, line 256]
Event: 6.460 Thread 0x000001f920d117c0 Exception <a 'java/lang/ClassNotFoundException'{0x00000000884a9078}: build_u8yurf3ktomlf7yg2qfwrvcs$_run_closure1$_closure4BeanInfo> (0x00000000884a9078) 
thrown [s\src\hotspot\share\classfile\systemDictionary.cpp, line 256]
Event: 6.460 Thread 0x000001f920d117c0 Exception <a 'java/lang/ClassNotFoundException'{0x00000000884b3d90}: build_u8yurf3ktomlf7yg2qfwrvcs$_run_closure1$_closure4Customizer> (0x00000000884b3d90) 
thrown [s\src\hotspot\share\classfile\systemDictionary.cpp, line 256]
Event: 6.462 Thread 0x000001f920d117c0 Exception <a 'java/lang/ClassNotFoundException'{0x00000000884dabf8}: build_u8yurf3ktomlf7yg2qfwrvcs$_run_closure1BeanInfo> (0x00000000884dabf8) 
thrown [s\src\hotspot\share\classfile\systemDictionary.cpp, line 256]
Event: 6.462 Thread 0x000001f920d117c0 Exception <a 'java/lang/ClassNotFoundException'{0x00000000884e5fb0}: build_u8yurf3ktomlf7yg2qfwrvcs$_run_closure1Customizer> (0x00000000884e5fb0) 
thrown [s\src\hotspot\share\classfile\systemDictionary.cpp, line 256]
Event: 6.465 Thread 0x000001f920d117c0 Exception <a 'java/lang/ClassNotFoundException'{0x00000000883237d0}: org/gradle/api/JavaVersionBeanInfo> (0x00000000883237d0) 
thrown [s\src\hotspot\share\classfile\systemDictionary.cpp, line 256]
Event: 6.466 Thread 0x000001f920d117c0 Exception <a 'java/lang/ClassNotFoundException'{0x0000000088339a80}: org/gradle/api/JavaVersionCustomizer> (0x0000000088339a80) 
thrown [s\src\hotspot\share\classfile\systemDictionary.cpp, line 256]
Event: 6.468 Thread 0x000001f920d117c0 Exception <a 'java/lang/ClassNotFoundException'{0x0000000088389958}: com/android/build/gradle/internal/CompileOptions$AgpDecorated_DecoratedBeanInfo> (0x0000000088389958) 
thrown [s\src\hotspot\share\classfile\systemDictionary.cpp, line 256]
Event: 6.468 Thread 0x000001f920d117c0 Exception <a 'java/lang/ClassNotFoundException'{0x0000000088396fb8}: com/android/build/gradle/internal/CompileOptions$AgpDecoratedBeanInfo> (0x0000000088396fb8) 
thrown [s\src\hotspot\share\classfile\systemDictionary.cpp, line 256]
Event: 6.469 Thread 0x000001f920d117c0 Exception <a 'java/lang/ClassNotFoundException'{0x00000000883a4420}: com/android/build/gradle/internal/CompileOptionsBeanInfo> (0x00000000883a4420) 
thrown [s\src\hotspot\share\classfile\systemDictionary.cpp, line 256]
Event: 6.469 Thread 0x000001f920d117c0 Exception <a 'java/lang/ClassNotFoundException'{0x00000000883b1890}: com/android/build/gradle/internal/CompileOptionsCustomizer> (0x00000000883b1890) 
thrown [s\src\hotspot\share\classfile\systemDictionary.cpp, line 256]
Event: 6.470 Thread 0x000001f920d117c0 Exception <a 'java/lang/ClassNotFoundException'{0x00000000883cb548}: com/android/build/gradle/internal/CompileOptions$AgpDecoratedCustomizer> (0x00000000883cb548) 
thrown [s\src\hotspot\share\classfile\systemDictionary.cpp, line 256]
Event: 6.470 Thread 0x000001f920d117c0 Exception <a 'java/lang/ClassNotFoundException'{0x00000000883e7fc0}: com/android/build/gradle/internal/CompileOptions$AgpDecorated_DecoratedCustomizer> (0x00000000883e7fc0) 
thrown [s\src\hotspot\share\classfile\systemDictionary.cpp, line 256]
Event: 6.475 Thread 0x000001f920d117c0 Exception <a 'java/lang/ClassNotFoundException'{0x0000000088265768}: org/gradle/api/internal/artifacts/dsl/dependencies/DefaultDependencyHandler_DecoratedBeanInfo> (0x0000000088265768) 
thrown [s\src\hotspot\share\classfile\systemDictionary.cpp, line 256]
Event: 6.475 Thread 0x000001f920d117c0 Exception <a 'java/lang/ClassNotFoundException'{0x000000008827f6f0}: org/gradle/api/internal/artifacts/dsl/dependencies/DefaultDependencyHandlerBeanInfo> (0x000000008827f6f0) 
thrown [s\src\hotspot\share\classfile\systemDictionary.cpp, line 256]
Event: 6.476 Thread 0x000001f920d117c0 Exception <a 'java/lang/ClassNotFoundException'{0x00000000882a49d8}: org/gradle/api/internal/artifacts/dsl/dependencies/DefaultDependencyHandlerCustomizer> (0x00000000882a49d8) 
thrown [s\src\hotspot\share\classfile\systemDictionary.cpp, line 256]
Event: 6.477 Thread 0x000001f920d117c0 Exception <a 'java/lang/ClassNotFoundException'{0x00000000882e5eb0}: org/gradle/api/internal/artifacts/dsl/dependencies/DefaultDependencyHandler_DecoratedCustomizer> (0x00000000882e5eb0) 
thrown [s\src\hotspot\share\classfile\systemDictionary.cpp, line 256]

VM Operations (20 events):
Event: 5.603 Executing VM operation: G1Concurrent
Event: 5.606 Executing VM operation: G1Concurrent done
Event: 5.616 Executing VM operation: G1Concurrent
Event: 5.616 Executing VM operation: G1Concurrent done
Event: 5.717 Executing VM operation: G1CollectForAllocation
Event: 5.721 Executing VM operation: G1CollectForAllocation done
Event: 5.731 Executing VM operation: G1CollectForAllocation
Event: 5.733 Executing VM operation: G1CollectForAllocation done
Event: 5.971 Executing VM operation: G1CollectForAllocation
Event: 5.973 Executing VM operation: G1CollectForAllocation done
Event: 5.995 Executing VM operation: G1Concurrent
Event: 5.997 Executing VM operation: G1Concurrent done
Event: 6.006 Executing VM operation: G1Concurrent
Event: 6.006 Executing VM operation: G1Concurrent done
Event: 6.288 Executing VM operation: ICBufferFull
Event: 6.288 Executing VM operation: ICBufferFull done
Event: 6.448 Executing VM operation: G1CollectForAllocation
Event: 6.452 Executing VM operation: G1CollectForAllocation done
Event: 6.496 Executing VM operation: HandshakeAllThreads
Event: 6.496 Executing VM operation: HandshakeAllThreads done

Events (20 events):
Event: 6.063 loading class javax/management/MBeanRegistrationException
Event: 6.064 loading class javax/management/MBeanRegistrationException done
Event: 6.064 loading class javax/management/NotCompliantMBeanException
Event: 6.064 loading class javax/management/NotCompliantMBeanException done
Event: 6.066 loading class com/sun/jmx/mbeanserver/StandardMBeanSupport
Event: 6.066 loading class com/sun/jmx/mbeanserver/StandardMBeanSupport done
Event: 6.066 loading class com/sun/jmx/mbeanserver/StandardMBeanIntrospector
Event: 6.066 loading class com/sun/jmx/mbeanserver/StandardMBeanIntrospector done
Event: 6.101 loading class javax/xml/stream/XMLStreamException
Event: 6.102 loading class javax/xml/stream/XMLStreamException done
Event: 6.118 loading class sun/reflect/annotation/AnnotationInvocationHandler$1
Event: 6.118 loading class sun/reflect/annotation/AnnotationInvocationHandler$1 done
Event: 6.168 loading class sun/reflect/generics/repository/FieldRepository
Event: 6.168 loading class sun/reflect/generics/repository/FieldRepository done
Event: 6.176 loading class jdk/internal/vm/annotation/ForceInline
Event: 6.176 loading class jdk/internal/vm/annotation/ForceInline done
Event: 6.226 loading class java/util/regex/Pattern$Caret
Event: 6.226 loading class java/util/regex/Pattern$Caret done
Event: 6.384 loading class java/beans/IntrospectionException
Event: 6.384 loading class java/beans/IntrospectionException done


Dynamic libraries:
0x00007ff73a160000 - 0x00007ff73a16a000 	C:\Program Files\Android\Android Studio\jbr\bin\java.exe
0x00007fff13c30000 - 0x00007fff13e28000 	C:\WINDOWS\SYSTEM32\ntdll.dll
0x00007fff13340000 - 0x00007fff133ff000 	C:\WINDOWS\System32\KERNEL32.DLL
0x00007fff116d0000 - 0x00007fff119aa000 	C:\WINDOWS\System32\KERNELBASE.dll
0x00007fff114c0000 - 0x00007fff115c0000 	C:\WINDOWS\System32\ucrtbase.dll
0x00007fff05bc0000 - 0x00007fff05bdb000 	C:\Program Files\Android\Android Studio\jbr\bin\VCRUNTIME140.dll
0x00007fff04cb0000 - 0x00007fff04cc7000 	C:\Program Files\Android\Android Studio\jbr\bin\jli.dll
0x00007fff12390000 - 0x00007fff1252d000 	C:\WINDOWS\System32\USER32.dll
0x00007ffefd630000 - 0x00007ffefd8ca000 	C:\WINDOWS\WinSxS\amd64_microsoft.windows.common-controls_6595b64144ccf1df_6.0.19041.1110_none_60b5254171f9507e\COMCTL32.dll
0x00007fff11bc0000 - 0x00007fff11be2000 	C:\WINDOWS\System32\win32u.dll
0x00007fff13b50000 - 0x00007fff13bee000 	C:\WINDOWS\System32\msvcrt.dll
0x00007fff13310000 - 0x00007fff1333b000 	C:\WINDOWS\System32\GDI32.dll
0x00007fff115c0000 - 0x00007fff116d0000 	C:\WINDOWS\System32\gdi32full.dll
0x00007fff11340000 - 0x00007fff113dd000 	C:\WINDOWS\System32\msvcp_win.dll
0x00007fff12560000 - 0x00007fff12590000 	C:\WINDOWS\System32\IMM32.DLL
0x00007fff04ac0000 - 0x00007fff04acc000 	C:\Program Files\Android\Android Studio\jbr\bin\vcruntime140_1.dll
0x00007ffef4650000 - 0x00007ffef46dd000 	C:\Program Files\Android\Android Studio\jbr\bin\msvcp140.dll
0x00007ffee6380000 - 0x00007ffee6fed000 	C:\Program Files\Android\Android Studio\jbr\bin\server\jvm.dll
0x00007fff12070000 - 0x00007fff1211e000 	C:\WINDOWS\System32\ADVAPI32.dll
0x00007fff11c90000 - 0x00007fff11d2c000 	C:\WINDOWS\System32\sechost.dll
0x00007fff13150000 - 0x00007fff13276000 	C:\WINDOWS\System32\RPCRT4.dll
0x00007fff0ce30000 - 0x00007fff0ce39000 	C:\WINDOWS\SYSTEM32\WSOCK32.dll
0x00007fff0b6a0000 - 0x00007fff0b6aa000 	C:\WINDOWS\SYSTEM32\VERSION.dll
0x00007fff041f0000 - 0x00007fff04217000 	C:\WINDOWS\SYSTEM32\WINMM.dll
0x00007fff12ed0000 - 0x00007fff12f3b000 	C:\WINDOWS\System32\WS2_32.dll
0x00007fff0f220000 - 0x00007fff0f232000 	C:\WINDOWS\SYSTEM32\kernel.appcore.dll
0x00007fff0ca60000 - 0x00007fff0ca6a000 	C:\Program Files\Android\Android Studio\jbr\bin\jimage.dll
0x00007fff03770000 - 0x00007fff03954000 	C:\WINDOWS\SYSTEM32\DBGHELP.DLL
0x00007ffefcb50000 - 0x00007ffefcb84000 	C:\WINDOWS\SYSTEM32\dbgcore.DLL
0x00007fff113e0000 - 0x00007fff11462000 	C:\WINDOWS\System32\bcryptPrimitives.dll
0x00007fff09bd0000 - 0x00007fff09bf5000 	C:\Program Files\Android\Android Studio\jbr\bin\java.dll
0x00007fff0b010000 - 0x00007fff0b028000 	C:\Program Files\Android\Android Studio\jbr\bin\zip.dll
0x00007fff13400000 - 0x00007fff13b44000 	C:\WINDOWS\System32\SHELL32.dll
0x00007fff0f420000 - 0x00007fff0fbb3000 	C:\WINDOWS\SYSTEM32\windows.storage.dll
0x00007fff12b70000 - 0x00007fff12ec4000 	C:\WINDOWS\System32\combase.dll
0x00007fff10d30000 - 0x00007fff10d5e000 	C:\WINDOWS\SYSTEM32\Wldp.dll
0x00007fff12a60000 - 0x00007fff12b0d000 	C:\WINDOWS\System32\SHCORE.dll
0x00007fff12b10000 - 0x00007fff12b65000 	C:\WINDOWS\System32\shlwapi.dll
0x00007fff11280000 - 0x00007fff1129f000 	C:\WINDOWS\SYSTEM32\profapi.dll
0x00007fff0af80000 - 0x00007fff0af99000 	C:\Program Files\Android\Android Studio\jbr\bin\net.dll
0x00007fff0b590000 - 0x00007fff0b69a000 	C:\WINDOWS\SYSTEM32\WINHTTP.dll
0x00007fff10a20000 - 0x00007fff10a8a000 	C:\WINDOWS\system32\mswsock.dll
0x00007fff09bb0000 - 0x00007fff09bc6000 	C:\Program Files\Android\Android Studio\jbr\bin\nio.dll
0x00007fff0af40000 - 0x00007fff0af50000 	C:\Program Files\Android\Android Studio\jbr\bin\verify.dll
0x00007ffefdfe0000 - 0x00007ffefe007000 	C:\Users\Pasha\.gradle\native\68d5fa5c4cc2d200863cafc0d521ce42e7d3e7ee720ec0a83991735586a16f82\windows-amd64\native-platform.dll
0x00007ffef4500000 - 0x00007ffef4644000 	C:\Users\Pasha\.gradle\native\e376f236ea51e6404a007f0833ffe2c6e607c4080706a723a18a27aeea778392\windows-amd64\native-platform-file-events.dll
0x00007fff0c4c0000 - 0x00007fff0c4c9000 	C:\Program Files\Android\Android Studio\jbr\bin\management.dll
0x00007fff0bbb0000 - 0x00007fff0bbbb000 	C:\Program Files\Android\Android Studio\jbr\bin\management_ext.dll
0x00007fff12550000 - 0x00007fff12558000 	C:\WINDOWS\System32\PSAPI.DLL
0x00007fff10c20000 - 0x00007fff10c38000 	C:\WINDOWS\SYSTEM32\CRYPTSP.dll
0x00007fff10340000 - 0x00007fff10374000 	C:\WINDOWS\system32\rsaenh.dll
0x00007fff11bf0000 - 0x00007fff11c17000 	C:\WINDOWS\System32\bcrypt.dll
0x00007fff11200000 - 0x00007fff1122e000 	C:\WINDOWS\SYSTEM32\USERENV.dll
0x00007fff10c10000 - 0x00007fff10c1c000 	C:\WINDOWS\SYSTEM32\CRYPTBASE.dll
0x00007fff10710000 - 0x00007fff1074c000 	C:\WINDOWS\SYSTEM32\IPHLPAPI.DLL
0x00007fff11f40000 - 0x00007fff11f48000 	C:\WINDOWS\System32\NSI.dll
0x00007fff0bc70000 - 0x00007fff0bc87000 	C:\WINDOWS\SYSTEM32\dhcpcsvc6.DLL
0x00007fff0bc50000 - 0x00007fff0bc6d000 	C:\WINDOWS\SYSTEM32\dhcpcsvc.DLL
0x00007fff10750000 - 0x00007fff1081b000 	C:\WINDOWS\SYSTEM32\DNSAPI.dll
0x00007fff09ba0000 - 0x00007fff09ba7000 	C:\WINDOWS\system32\wshunix.dll

dbghelp: loaded successfully - version: 4.0.5 - missing functions: none
symbol engine: initialized successfully - sym options: 0x614 - pdb path: .;C:\Program Files\Android\Android Studio\jbr\bin;C:\WINDOWS\SYSTEM32;C:\WINDOWS\WinSxS\amd64_microsoft.windows.common-controls_6595b64144ccf1df_6.0.19041.1110_none_60b5254171f9507e;C:\Program Files\Android\Android Studio\jbr\bin\server;C:\Users\Pasha\.gradle\native\68d5fa5c4cc2d200863cafc0d521ce42e7d3e7ee720ec0a83991735586a16f82\windows-amd64;C:\Users\Pasha\.gradle\native\e376f236ea51e6404a007f0833ffe2c6e607c4080706a723a18a27aeea778392\windows-amd64

VM Arguments:
jvm_args: --add-opens=java.base/java.util=ALL-UNNAMED --add-opens=java.base/java.lang=ALL-UNNAMED --add-opens=java.base/java.lang.invoke=ALL-UNNAMED --add-opens=java.prefs/java.util.prefs=ALL-UNNAMED --add-opens=java.base/java.nio.charset=ALL-UNNAMED --add-opens=java.base/java.net=ALL-UNNAMED --add-opens=java.base/java.util.concurrent.atomic=ALL-UNNAMED -Xmx2048m -Dfile.encoding=UTF-8 -Duser.country=RU -Duser.language=ru -Duser.variant 
java_command: org.gradle.launcher.daemon.bootstrap.GradleDaemon 8.0
java_class_path (initial): C:\Users\Pasha\.gradle\wrapper\dists\gradle-8.0-bin\ca5e32bp14vu59qr306oxotwh\gradle-8.0\lib\gradle-launcher-8.0.jar
Launcher Type: SUN_STANDARD

[Global flags]
     intx CICompilerCount                          = 4                                         {product} {ergonomic}
     uint ConcGCThreads                            = 3                                         {product} {ergonomic}
     uint G1ConcRefinementThreads                  = 10                                        {product} {ergonomic}
   size_t G1HeapRegionSize                         = 1048576                                   {product} {ergonomic}
    uintx GCDrainStackTargetSize                   = 64                                        {product} {ergonomic}
   size_t InitialHeapSize                          = 134217728                                 {product} {ergonomic}
   size_t MarkStackSize                            = 4194304                                   {product} {ergonomic}
   size_t MaxHeapSize                              = 2147483648                                {product} {command line}
   size_t MaxNewSize                               = 1287651328                                {product} {ergonomic}
   size_t MinHeapDeltaBytes                        = 1048576                                   {product} {ergonomic}
   size_t MinHeapSize                              = 8388608                                   {product} {ergonomic}
    uintx NonNMethodCodeHeapSize                   = 5839372                                {pd product} {ergonomic}
    uintx NonProfiledCodeHeapSize                  = 122909434                              {pd product} {ergonomic}
    uintx ProfiledCodeHeapSize                     = 122909434                              {pd product} {ergonomic}
    uintx ReservedCodeCacheSize                    = 251658240                              {pd product} {ergonomic}
     bool SegmentedCodeCache                       = true                                      {product} {ergonomic}
   size_t SoftMaxHeapSize                          = 2147483648                             {manageable} {ergonomic}
     bool UseCompressedClassPointers               = true                           {product lp64_product} {ergonomic}
     bool UseCompressedOops                        = true                           {product lp64_product} {ergonomic}
     bool UseG1GC                                  = true                                      {product} {ergonomic}
     bool UseLargePagesIndividualAllocation        = false                                  {pd product} {ergonomic}

Logging:
Log output configuration:
 #0: stdout all=warning uptime,level,tags
 #1: stderr all=off uptime,level,tags

Environment Variables:
PATH=C:\WINDOWS\system32;C:\WINDOWS;C:\WINDOWS\System32\Wbem;C:\WINDOWS\System32\WindowsPowerShell\v1.0\;C:\WINDOWS\System32\OpenSSH\;C:\Program Files (x86)\NVIDIA Corporation\PhysX\Common;C:\Users\Pasha\AppData\Local\Microsoft\WindowsApps;
USERNAME=Pasha
OS=Windows_NT
PROCESSOR_IDENTIFIER=AMD64 Family 23 Model 1 Stepping 1, AuthenticAMD
TMP=C:\Users\Pasha\AppData\Local\Temp
TEMP=C:\Users\Pasha\AppData\Local\Temp



---------------  S Y S T E M  ---------------

OS:
 Windows 10 , 64 bit Build 19041 (10.0.19041.2788)
OS uptime: 2 days 1:32 hours

CPU: total 12 (initial active 12) (12 cores per cpu, 2 threads per core) family 23 model 1 stepping 1 microcode 0x0, cx8, cmov, fxsr, ht, mmx, 3dnowpref, sse, sse2, sse3, ssse3, sse4a, sse4.1, sse4.2, popcnt, lzcnt, tsc, tscinvbit, avx, avx2, aes, clmul, bmi1, bmi2, adx, sha, fma, vzeroupper, clflush, clflushopt

Memory: 4k page, system-wide physical 8125M (1839M free)
TotalPageFile size 8125M (AvailPageFile size 6M)
current process WorkingSet (physical memory assigned to process): 358M, peak: 360M
current process commit charge ("private bytes"): 403M, peak: 405M

vm_info: OpenJDK 64-Bit Server VM (17.0.6+0-b2043.56-9586694) for windows-amd64 JRE (17.0.6+0-b2043.56-9586694), built on Feb  9 2023 20:06:20 by "androidbuild" with MS VC++ 16.10 / 16.11 (VS2019)

END.
