#
# There is insufficient memory for the Java Runtime Environment to continue.
# Native memory allocation (mmap) failed to map 143654912 bytes for G1 virtual space
# Possible reasons:
#   The system is out of physical RAM or swap space
#   The process is running with CompressedOops enabled, and the Java Heap may be blocking the growth of the native heap
# Possible solutions:
#   Reduce memory load on the system
#   Increase physical memory or swap space
#   Check if swap backing store is full
#   Decrease Java heap size (-Xmx/-Xms)
#   Decrease number of Java threads
#   Decrease Java thread stack sizes (-Xss)
#   Set larger code cache with -XX:ReservedCodeCacheSize=
#   JVM is running with Unscaled Compressed Oops mode in which the Java heap is
#     placed in the first 4GB address space. The Java Heap base address is the
#     maximum limit for the native heap growth. Please use -XX:HeapBaseMinAddress
#     to set the Java Heap base and to place the Java Heap above 4GB virtual address.
# This output file may be truncated or incomplete.
#
#  Out of Memory Error (os_windows.cpp:3769), pid=5696, tid=9708
#
# JRE version: OpenJDK Runtime Environment (17.0.6) (build 17.0.6+0-b2043.56-9586694)
# Java VM: OpenJDK 64-Bit Server VM (17.0.6+0-b2043.56-9586694, mixed mode, tiered, compressed oops, compressed class ptrs, g1 gc, windows-amd64)
# No core dump will be written. Minidumps are not enabled by default on client versions of Windows
#

---------------  S U M M A R Y ------------

Command Line: --add-opens=java.base/java.util=ALL-UNNAMED --add-opens=java.base/java.lang=ALL-UNNAMED --add-opens=java.base/java.lang.invoke=ALL-UNNAMED --add-opens=java.prefs/java.util.prefs=ALL-UNNAMED --add-opens=java.base/java.nio.charset=ALL-UNNAMED --add-opens=java.base/java.net=ALL-UNNAMED --add-opens=java.base/java.util.concurrent.atomic=ALL-UNNAMED -Xmx2048m -Dfile.encoding=UTF-8 -Duser.country=RU -Duser.language=ru -Duser.variant org.gradle.launcher.daemon.bootstrap.GradleDaemon 8.0

Host: AMD Ryzen 5 1600 Six-Core Processor            , 12 cores, 7G,  Windows 10 , 64 bit Build 19041 (10.0.19041.2788)
Time: Wed Apr 26 18:16:21 2023 RTZ 4 (s 10 , 64 bit Build 19041 (10.0.19041.2788) elapsed time: 9.238949 seconds (0d 0h 0m 9s)

---------------  T H R E A D  ---------------

Current thread (0x0000012c2b01e9f0):  VMThread "VM Thread" [stack: 0x0000002556100000,0x0000002556200000] [id=9708]

Stack: [0x0000002556100000,0x0000002556200000]
Native frames: (J=compiled Java code, j=interpreted, Vv=VM code, C=native code)
V  [jvm.dll+0x683b4a]
V  [jvm.dll+0x842654]
V  [jvm.dll+0x843dfe]
V  [jvm.dll+0x844463]
V  [jvm.dll+0x249b75]
V  [jvm.dll+0x680a19]
V  [jvm.dll+0x674f0a]
V  [jvm.dll+0x309acb]
V  [jvm.dll+0x310f86]
V  [jvm.dll+0x3608ee]
V  [jvm.dll+0x360b1f]
V  [jvm.dll+0x2dfbf8]
V  [jvm.dll+0x2ddec4]
V  [jvm.dll+0x2dd4cc]
V  [jvm.dll+0x321f3b]
V  [jvm.dll+0x84893b]
V  [jvm.dll+0x849674]
V  [jvm.dll+0x849b8d]
V  [jvm.dll+0x849f64]
V  [jvm.dll+0x84a030]
V  [jvm.dll+0x7f25fa]
V  [jvm.dll+0x682985]
C  [ucrtbase.dll+0x21bb2]
C  [KERNEL32.DLL+0x17604]
C  [ntdll.dll+0x526a1]

VM_Operation (0x00000025621fa030): G1CollectForAllocation, mode: safepoint, requested by thread 0x0000012c310c3fe0


---------------  P R O C E S S  ---------------

Threads class SMR info:
_java_thread_list=0x0000012c2ed1eba0, length=184, elements={
0x0000012c104e78b0, 0x0000012c2a79d4a0, 0x0000012c2a79f320, 0x0000012c2b047b80,
0x0000012c2b069fb0, 0x0000012c2b06a960, 0x0000012c2b05e700, 0x0000012c2b05f3a0,
0x0000012c2b05fe40, 0x0000012c2b0642c0, 0x0000012c2b1ff020, 0x0000012c2b1ff900,
0x0000012c2b3e8e70, 0x0000012c2dd95350, 0x0000012c2c9db9d0, 0x0000012c2c9dbea0,
0x0000012c2c9dcd10, 0x0000012c2c9db030, 0x0000012c2c9dd1e0, 0x0000012c2c9dab60,
0x0000012c2c9dc840, 0x0000012c2c9d9cf0, 0x0000012c2c9dd6b0, 0x0000012c2c9da1c0,
0x0000012c2c9da690, 0x0000012c2c9db500, 0x0000012c2c9dc370, 0x0000012c2f4b5860,
0x0000012c2f4b5390, 0x0000012c2f4b4520, 0x0000012c2f4b3b80, 0x0000012c2f4b6ba0,
0x0000012c2f4b36b0, 0x0000012c2f4b4ec0, 0x0000012c2f4b6200, 0x0000012c2f4b4050,
0x0000012c2f4b31e0, 0x0000012c2f4b66d0, 0x0000012c31186e00, 0x0000012c3118d7e0,
0x0000012c3118b630, 0x0000012c31189480, 0x0000012c3118a7c0, 0x0000012c31189950,
0x0000012c31186930, 0x0000012c3118ac90, 0x0000012c311872d0, 0x0000012c31188ae0,
0x0000012c3118b160, 0x0000012c31189e20, 0x0000012c311877a0, 0x0000012c31187c70,
0x0000012c3118bb00, 0x0000012c3118ce40, 0x0000012c3118bfd0, 0x0000012c31188140,
0x0000012c31188610, 0x0000012c31188fb0, 0x0000012c3118c4a0, 0x0000012c3118c970,
0x0000012c3118d310, 0x0000012c31186460, 0x0000012c2dfcd4e0, 0x0000012c2dfc9b20,
0x0000012c2dfccb40, 0x0000012c2dfc7970, 0x0000012c2dfcc670, 0x0000012c2dfc9ff0,
0x0000012c2dfc8cb0, 0x0000012c2dfcde80, 0x0000012c2dfcc1a0, 0x0000012c2dfc7e40,
0x0000012c2dfce820, 0x0000012c2dfcd010, 0x0000012c2dfcd9b0, 0x0000012c2dfce350,
0x0000012c2dfcbcd0, 0x0000012c2dfcb800, 0x0000012c2dfc6fd0, 0x0000012c2dfc87e0,
0x0000012c2dfc74a0, 0x0000012c2dfca990, 0x0000012c2dfcae60, 0x0000012c2dfc9180,
0x0000012c2dfc8310, 0x0000012c2dfc9650, 0x0000012c2dfca4c0, 0x0000012c2dfcb330,
0x0000012c2eabd690, 0x0000012c2eac19f0, 0x0000012c2eac01e0, 0x0000012c2eabe9d0,
0x0000012c2eac2860, 0x0000012c2eabccf0, 0x0000012c2eabf370, 0x0000012c2eac06b0,
0x0000012c2eac2d30, 0x0000012c2eabdb60, 0x0000012c2eac2390, 0x0000012c2eabd1c0,
0x0000012c2eac1520, 0x0000012c2eabe030, 0x0000012c2eabeea0, 0x0000012c2eac0b80,
0x0000012c2eac1ec0, 0x0000012c2eac3200, 0x0000012c2eabe500, 0x0000012c2eac36d0,
0x0000012c2eabf840, 0x0000012c2eabfd10, 0x0000012c2eac3ba0, 0x0000012c2eac1050,
0x0000012c2eac4070, 0x0000012c2eac4540, 0x0000012c31dea920, 0x0000012c31de60f0,
0x0000012c31de82a0, 0x0000012c31decad0, 0x0000012c31de8770, 0x0000012c31de65c0,
0x0000012c31de8c40, 0x0000012c31de9110, 0x0000012c31dec600, 0x0000012c31decfa0,
0x0000012c31deb2c0, 0x0000012c31de7900, 0x0000012c31de95e0, 0x0000012c31dea450,
0x0000012c31de6a90, 0x0000012c31de7dd0, 0x0000012c31de9ab0, 0x0000012c31de9f80,
0x0000012c31de6f60, 0x0000012c31deadf0, 0x0000012c31de7430, 0x0000012c31deb790,
0x0000012c31de5750, 0x0000012c31debc60, 0x0000012c31dec130, 0x0000012c31de5c20,
0x0000012c31bf6620, 0x0000012c31bf9b10, 0x0000012c31bf3fa0, 0x0000012c31bf6150,
0x0000012c31bf6af0, 0x0000012c31bf4e10, 0x0000012c31bf22c0, 0x0000012c31bf7960,
0x0000012c31bf87d0, 0x0000012c31bf7490, 0x0000012c31bf8300, 0x0000012c31bf2790,
0x0000012c31bf8ca0, 0x0000012c31bf9640, 0x0000012c31bf6fc0, 0x0000012c31bf4470,
0x0000012c31bf3ad0, 0x0000012c31bf7e30, 0x0000012c31bf9170, 0x0000012c31bf2c60,
0x0000012c31bf4940, 0x0000012c31bf52e0, 0x0000012c31bf3130, 0x0000012c31bf3600,
0x0000012c31bf57b0, 0x0000012c31bf5c80, 0x0000012c310c27d0, 0x0000012c310bcc60,
0x0000012c310c3170, 0x0000012c310c0150, 0x0000012c310be470, 0x0000012c310bee10,
0x0000012c310bdad0, 0x0000012c310c2ca0, 0x0000012c310be940, 0x0000012c310c1490,
0x0000012c310c0fc0, 0x0000012c310c44b0, 0x0000012c310c3640, 0x0000012c310c3b10,
0x0000012c310c3fe0, 0x0000012c310bf2e0, 0x0000012c310bf7b0, 0x0000012c310bfc80
}

Java Threads: ( => current thread )
  0x0000012c104e78b0 JavaThread "main" [_thread_blocked, id=6184, stack(0x0000002555b00000,0x0000002555c00000)]
  0x0000012c2a79d4a0 JavaThread "Reference Handler" daemon [_thread_blocked, id=2948, stack(0x0000002556200000,0x0000002556300000)]
  0x0000012c2a79f320 JavaThread "Finalizer" daemon [_thread_blocked, id=7796, stack(0x0000002556300000,0x0000002556400000)]
  0x0000012c2b047b80 JavaThread "Signal Dispatcher" daemon [_thread_blocked, id=3916, stack(0x0000002556400000,0x0000002556500000)]
  0x0000012c2b069fb0 JavaThread "Attach Listener" daemon [_thread_blocked, id=7252, stack(0x0000002556500000,0x0000002556600000)]
  0x0000012c2b06a960 JavaThread "Service Thread" daemon [_thread_blocked, id=10728, stack(0x0000002556600000,0x0000002556700000)]
  0x0000012c2b05e700 JavaThread "Monitor Deflation Thread" daemon [_thread_blocked, id=3512, stack(0x0000002556700000,0x0000002556800000)]
  0x0000012c2b05f3a0 JavaThread "C2 CompilerThread0" daemon [_thread_blocked, id=544, stack(0x0000002556800000,0x0000002556900000)]
  0x0000012c2b05fe40 JavaThread "C1 CompilerThread0" daemon [_thread_blocked, id=11240, stack(0x0000002556900000,0x0000002556a00000)]
  0x0000012c2b0642c0 JavaThread "Sweeper thread" daemon [_thread_blocked, id=4764, stack(0x0000002556a00000,0x0000002556b00000)]
  0x0000012c2b1ff020 JavaThread "Common-Cleaner" daemon [_thread_blocked, id=6092, stack(0x0000002556b00000,0x0000002556c00000)]
  0x0000012c2b1ff900 JavaThread "Notification Thread" daemon [_thread_blocked, id=3228, stack(0x0000002556c00000,0x0000002556d00000)]
  0x0000012c2b3e8e70 JavaThread "C2 CompilerThread1" daemon [_thread_in_native, id=6832, stack(0x0000002556e00000,0x0000002556f00000)]
  0x0000012c2dd95350 JavaThread "C2 CompilerThread2" daemon [_thread_in_native, id=7464, stack(0x0000002557300000,0x0000002557400000)]
  0x0000012c2c9db9d0 JavaThread "Daemon health stats" [_thread_blocked, id=10968, stack(0x0000002557400000,0x0000002557500000)]
  0x0000012c2c9dbea0 JavaThread "Incoming local TCP Connector on port 61819" [_thread_in_native, id=5504, stack(0x0000002557500000,0x0000002557600000)]
  0x0000012c2c9dcd10 JavaThread "Daemon periodic checks" [_thread_blocked, id=9456, stack(0x0000002557600000,0x0000002557700000)]
  0x0000012c2c9db030 JavaThread "Daemon" [_thread_blocked, id=8352, stack(0x0000002557700000,0x0000002557800000)]
  0x0000012c2c9dd1e0 JavaThread "Handler for socket connection from /127.0.0.1:61819 to /127.0.0.1:61820" [_thread_in_native, id=5112, stack(0x0000002557800000,0x0000002557900000)]
  0x0000012c2c9dab60 JavaThread "Cancel handler" [_thread_blocked, id=7600, stack(0x0000002557900000,0x0000002557a00000)]
  0x0000012c2c9dc840 JavaThread "Daemon worker" [_thread_blocked, id=10364, stack(0x0000002557a00000,0x0000002557b00000)]
  0x0000012c2c9d9cf0 JavaThread "Asynchronous log dispatcher for DefaultDaemonConnection: socket connection from /127.0.0.1:61819 to /127.0.0.1:61820" [_thread_blocked, id=4088, stack(0x0000002557b00000,0x0000002557c00000)]
  0x0000012c2c9dd6b0 JavaThread "Stdin handler" [_thread_blocked, id=9360, stack(0x0000002557c00000,0x0000002557d00000)]
  0x0000012c2c9da1c0 JavaThread "Daemon client event forwarder" [_thread_blocked, id=9440, stack(0x0000002557d00000,0x0000002557e00000)]
  0x0000012c2c9da690 JavaThread "Cache worker for journal cache (C:\Users\Pasha\.gradle\caches\journal-1)" [_thread_blocked, id=4676, stack(0x0000002558500000,0x0000002558600000)]
  0x0000012c2c9db500 JavaThread "File lock request listener" [_thread_in_native, id=7580, stack(0x0000002558600000,0x0000002558700000)]
  0x0000012c2c9dc370 JavaThread "Cache worker for file hash cache (C:\Users\Pasha\.gradle\caches\8.0\fileHashes)" [_thread_blocked, id=11072, stack(0x0000002558700000,0x0000002558800000)]
  0x0000012c2f4b5860 JavaThread "File watcher server" daemon [_thread_blocked, id=9124, stack(0x0000002558800000,0x0000002558900000)]
  0x0000012c2f4b5390 JavaThread "File watcher consumer" daemon [_thread_blocked, id=488, stack(0x0000002558900000,0x0000002558a00000)]
  0x0000012c2f4b4520 JavaThread "Cache worker for checksums cache (C:\Users\Pasha\AndroidStudioProjects\MyApplication9\.gradle\8.0\checksums)" [_thread_blocked, id=7048, stack(0x0000002558a00000,0x0000002558b00000)]
  0x0000012c2f4b3b80 JavaThread "Cache worker for cache directory md-rule (C:\Users\Pasha\.gradle\caches\8.0\md-rule)" [_thread_blocked, id=11068, stack(0x0000002558b00000,0x0000002558c00000)]
  0x0000012c2f4b6ba0 JavaThread "Cache worker for file content cache (C:\Users\Pasha\.gradle\caches\8.0\fileContent)" [_thread_blocked, id=744, stack(0x0000002558c00000,0x0000002558d00000)]
  0x0000012c2f4b36b0 JavaThread "Cache worker for file hash cache (C:\Users\Pasha\AndroidStudioProjects\MyApplication9\.gradle\8.0\fileHashes)" [_thread_blocked, id=6024, stack(0x0000002558d00000,0x0000002558e00000)]
  0x0000012c2f4b4ec0 JavaThread "Cache worker for cache directory md-supplier (C:\Users\Pasha\.gradle\caches\8.0\md-supplier)" [_thread_blocked, id=11224, stack(0x0000002558e00000,0x0000002558f00000)]
  0x0000012c2f4b6200 JavaThread "Cache worker for execution history cache (C:\Users\Pasha\.gradle\caches\8.0\executionHistory)" [_thread_blocked, id=6664, stack(0x0000002558f00000,0x0000002559000000)]
  0x0000012c2f4b4050 JavaThread "jar transforms" [_thread_blocked, id=3640, stack(0x0000002559000000,0x0000002559100000)]
  0x0000012c2f4b31e0 JavaThread "jar transforms Thread 2" [_thread_blocked, id=8060, stack(0x0000002559100000,0x0000002559200000)]
  0x0000012c2f4b66d0 JavaThread "jar transforms Thread 3" [_thread_blocked, id=4932, stack(0x0000002559200000,0x0000002559300000)]
  0x0000012c31186e00 JavaThread "jar transforms Thread 4" [_thread_blocked, id=8692, stack(0x0000002559300000,0x0000002559400000)]
  0x0000012c3118d7e0 JavaThread "Cache worker for dependencies-accessors (C:\Users\Pasha\AndroidStudioProjects\MyApplication9\.gradle\8.0\dependencies-accessors)" [_thread_blocked, id=1528, stack(0x0000002559400000,0x0000002559500000)]
  0x0000012c3118b630 JavaThread "jar transforms Thread 5" [_thread_blocked, id=10912, stack(0x0000002559500000,0x0000002559600000)]
  0x0000012c31189480 JavaThread "Cache worker for Build Output Cleanup Cache (C:\Users\Pasha\AndroidStudioProjects\MyApplication9\.gradle\buildOutputCleanup)" [_thread_blocked, id=5244, stack(0x0000002559600000,0x0000002559700000)]
  0x0000012c3118a7c0 JavaThread "Unconstrained build operations" [_thread_blocked, id=8688, stack(0x0000002559700000,0x0000002559800000)]
  0x0000012c31189950 JavaThread "Unconstrained build operations Thread 2" [_thread_blocked, id=1916, stack(0x0000002559800000,0x0000002559900000)]
  0x0000012c31186930 JavaThread "Unconstrained build operations Thread 3" [_thread_blocked, id=8320, stack(0x0000002559900000,0x0000002559a00000)]
  0x0000012c3118ac90 JavaThread "Unconstrained build operations Thread 4" [_thread_blocked, id=1204, stack(0x0000002559a00000,0x0000002559b00000)]
  0x0000012c311872d0 JavaThread "Unconstrained build operations Thread 5" [_thread_blocked, id=168, stack(0x0000002559b00000,0x0000002559c00000)]
  0x0000012c31188ae0 JavaThread "Unconstrained build operations Thread 6" [_thread_blocked, id=1992, stack(0x0000002559c00000,0x0000002559d00000)]
  0x0000012c3118b160 JavaThread "Unconstrained build operations Thread 7" [_thread_blocked, id=2988, stack(0x0000002559d00000,0x0000002559e00000)]
  0x0000012c31189e20 JavaThread "Unconstrained build operations Thread 8" [_thread_blocked, id=2780, stack(0x0000002559e00000,0x0000002559f00000)]
  0x0000012c311877a0 JavaThread "Unconstrained build operations Thread 9" [_thread_blocked, id=7440, stack(0x0000002559f00000,0x000000255a000000)]
  0x0000012c31187c70 JavaThread "Unconstrained build operations Thread 10" [_thread_blocked, id=3724, stack(0x000000255a000000,0x000000255a100000)]
  0x0000012c3118bb00 JavaThread "Unconstrained build operations Thread 11" [_thread_blocked, id=9256, stack(0x000000255a100000,0x000000255a200000)]
  0x0000012c3118ce40 JavaThread "Unconstrained build operations Thread 12" [_thread_blocked, id=1388, stack(0x000000255a200000,0x000000255a300000)]
  0x0000012c3118bfd0 JavaThread "Unconstrained build operations Thread 13" [_thread_blocked, id=1188, stack(0x000000255a300000,0x000000255a400000)]
  0x0000012c31188140 JavaThread "Unconstrained build operations Thread 14" [_thread_blocked, id=5232, stack(0x000000255a400000,0x000000255a500000)]
  0x0000012c31188610 JavaThread "Unconstrained build operations Thread 15" [_thread_blocked, id=2980, stack(0x000000255a500000,0x000000255a600000)]
  0x0000012c31188fb0 JavaThread "Unconstrained build operations Thread 16" [_thread_blocked, id=6676, stack(0x000000255a600000,0x000000255a700000)]
  0x0000012c3118c4a0 JavaThread "Unconstrained build operations Thread 17" [_thread_blocked, id=1164, stack(0x000000255a700000,0x000000255a800000)]
  0x0000012c3118c970 JavaThread "Unconstrained build operations Thread 18" [_thread_blocked, id=9776, stack(0x000000255a800000,0x000000255a900000)]
  0x0000012c3118d310 JavaThread "Unconstrained build operations Thread 19" [_thread_blocked, id=6856, stack(0x000000255a900000,0x000000255aa00000)]
  0x0000012c31186460 JavaThread "Unconstrained build operations Thread 20" [_thread_blocked, id=8068, stack(0x000000255aa00000,0x000000255ab00000)]
  0x0000012c2dfcd4e0 JavaThread "Unconstrained build operations Thread 21" [_thread_blocked, id=7608, stack(0x000000255ab00000,0x000000255ac00000)]
  0x0000012c2dfc9b20 JavaThread "Unconstrained build operations Thread 22" [_thread_blocked, id=2044, stack(0x000000255ac00000,0x000000255ad00000)]
  0x0000012c2dfccb40 JavaThread "Unconstrained build operations Thread 23" [_thread_blocked, id=8620, stack(0x000000255ad00000,0x000000255ae00000)]
  0x0000012c2dfc7970 JavaThread "Unconstrained build operations Thread 24" [_thread_blocked, id=3020, stack(0x000000255ae00000,0x000000255af00000)]
  0x0000012c2dfcc670 JavaThread "Unconstrained build operations Thread 25" [_thread_blocked, id=4600, stack(0x000000255af00000,0x000000255b000000)]
  0x0000012c2dfc9ff0 JavaThread "Unconstrained build operations Thread 26" [_thread_blocked, id=10932, stack(0x000000255b000000,0x000000255b100000)]
  0x0000012c2dfc8cb0 JavaThread "Unconstrained build operations Thread 27" [_thread_blocked, id=2672, stack(0x000000255b100000,0x000000255b200000)]
  0x0000012c2dfcde80 JavaThread "Unconstrained build operations Thread 28" [_thread_blocked, id=1016, stack(0x000000255b200000,0x000000255b300000)]
  0x0000012c2dfcc1a0 JavaThread "Unconstrained build operations Thread 29" [_thread_blocked, id=5692, stack(0x000000255b300000,0x000000255b400000)]
  0x0000012c2dfc7e40 JavaThread "Unconstrained build operations Thread 30" [_thread_blocked, id=264, stack(0x000000255b400000,0x000000255b500000)]
  0x0000012c2dfce820 JavaThread "Unconstrained build operations Thread 31" [_thread_blocked, id=10948, stack(0x000000255b500000,0x000000255b600000)]
  0x0000012c2dfcd010 JavaThread "Unconstrained build operations Thread 32" [_thread_blocked, id=2104, stack(0x000000255b600000,0x000000255b700000)]
  0x0000012c2dfcd9b0 JavaThread "Unconstrained build operations Thread 33" [_thread_blocked, id=11188, stack(0x000000255b700000,0x000000255b800000)]
  0x0000012c2dfce350 JavaThread "Unconstrained build operations Thread 34" [_thread_blocked, id=812, stack(0x000000255b800000,0x000000255b900000)]
  0x0000012c2dfcbcd0 JavaThread "Unconstrained build operations Thread 35" [_thread_blocked, id=10120, stack(0x000000255b900000,0x000000255ba00000)]
  0x0000012c2dfcb800 JavaThread "Unconstrained build operations Thread 36" [_thread_blocked, id=9716, stack(0x000000255ba00000,0x000000255bb00000)]
  0x0000012c2dfc6fd0 JavaThread "Unconstrained build operations Thread 37" [_thread_blocked, id=6808, stack(0x000000255bb00000,0x000000255bc00000)]
  0x0000012c2dfc87e0 JavaThread "Unconstrained build operations Thread 38" [_thread_blocked, id=9472, stack(0x000000255bc00000,0x000000255bd00000)]
  0x0000012c2dfc74a0 JavaThread "Unconstrained build operations Thread 39" [_thread_blocked, id=1420, stack(0x000000255bd00000,0x000000255be00000)]
  0x0000012c2dfca990 JavaThread "Unconstrained build operations Thread 40" [_thread_blocked, id=7696, stack(0x000000255be00000,0x000000255bf00000)]
  0x0000012c2dfcae60 JavaThread "Unconstrained build operations Thread 41" [_thread_blocked, id=10704, stack(0x000000255bf00000,0x000000255c000000)]
  0x0000012c2dfc9180 JavaThread "Unconstrained build operations Thread 42" [_thread_blocked, id=9560, stack(0x000000255c000000,0x000000255c100000)]
  0x0000012c2dfc8310 JavaThread "Unconstrained build operations Thread 43" [_thread_blocked, id=5124, stack(0x000000255c100000,0x000000255c200000)]
  0x0000012c2dfc9650 JavaThread "Unconstrained build operations Thread 44" [_thread_blocked, id=3112, stack(0x000000255c200000,0x000000255c300000)]
  0x0000012c2dfca4c0 JavaThread "Unconstrained build operations Thread 45" [_thread_blocked, id=4756, stack(0x000000255c300000,0x000000255c400000)]
  0x0000012c2dfcb330 JavaThread "Unconstrained build operations Thread 46" [_thread_blocked, id=8868, stack(0x000000255c400000,0x000000255c500000)]
  0x0000012c2eabd690 JavaThread "Unconstrained build operations Thread 47" [_thread_blocked, id=8436, stack(0x000000255c500000,0x000000255c600000)]
  0x0000012c2eac19f0 JavaThread "Unconstrained build operations Thread 48" [_thread_blocked, id=5824, stack(0x000000255c600000,0x000000255c700000)]
  0x0000012c2eac01e0 JavaThread "Unconstrained build operations Thread 49" [_thread_blocked, id=7400, stack(0x000000255c700000,0x000000255c800000)]
  0x0000012c2eabe9d0 JavaThread "Unconstrained build operations Thread 50" [_thread_blocked, id=10560, stack(0x000000255c800000,0x000000255c900000)]
  0x0000012c2eac2860 JavaThread "Unconstrained build operations Thread 51" [_thread_blocked, id=5404, stack(0x000000255c900000,0x000000255ca00000)]
  0x0000012c2eabccf0 JavaThread "Unconstrained build operations Thread 52" [_thread_blocked, id=8020, stack(0x000000255ca00000,0x000000255cb00000)]
  0x0000012c2eabf370 JavaThread "Unconstrained build operations Thread 53" [_thread_blocked, id=8732, stack(0x000000255cb00000,0x000000255cc00000)]
  0x0000012c2eac06b0 JavaThread "Unconstrained build operations Thread 54" [_thread_blocked, id=5996, stack(0x000000255cc00000,0x000000255cd00000)]
  0x0000012c2eac2d30 JavaThread "Unconstrained build operations Thread 55" [_thread_blocked, id=10424, stack(0x000000255cd00000,0x000000255ce00000)]
  0x0000012c2eabdb60 JavaThread "Unconstrained build operations Thread 56" [_thread_blocked, id=3124, stack(0x000000255ce00000,0x000000255cf00000)]
  0x0000012c2eac2390 JavaThread "Unconstrained build operations Thread 57" [_thread_blocked, id=3384, stack(0x000000255cf00000,0x000000255d000000)]
  0x0000012c2eabd1c0 JavaThread "Unconstrained build operations Thread 58" [_thread_blocked, id=9356, stack(0x000000255d000000,0x000000255d100000)]
  0x0000012c2eac1520 JavaThread "Unconstrained build operations Thread 59" [_thread_blocked, id=1344, stack(0x000000255d100000,0x000000255d200000)]
  0x0000012c2eabe030 JavaThread "Unconstrained build operations Thread 60" [_thread_blocked, id=6620, stack(0x000000255d200000,0x000000255d300000)]
  0x0000012c2eabeea0 JavaThread "Unconstrained build operations Thread 61" [_thread_blocked, id=584, stack(0x000000255d300000,0x000000255d400000)]
  0x0000012c2eac0b80 JavaThread "Unconstrained build operations Thread 62" [_thread_blocked, id=7396, stack(0x000000255d400000,0x000000255d500000)]
  0x0000012c2eac1ec0 JavaThread "Unconstrained build operations Thread 63" [_thread_blocked, id=9632, stack(0x000000255d500000,0x000000255d600000)]
  0x0000012c2eac3200 JavaThread "Unconstrained build operations Thread 64" [_thread_blocked, id=11252, stack(0x000000255d600000,0x000000255d700000)]
  0x0000012c2eabe500 JavaThread "Unconstrained build operations Thread 65" [_thread_blocked, id=9432, stack(0x000000255d700000,0x000000255d800000)]
  0x0000012c2eac36d0 JavaThread "Unconstrained build operations Thread 66" [_thread_blocked, id=5400, stack(0x000000255d800000,0x000000255d900000)]
  0x0000012c2eabf840 JavaThread "Unconstrained build operations Thread 67" [_thread_blocked, id=8816, stack(0x000000255d900000,0x000000255da00000)]
  0x0000012c2eabfd10 JavaThread "Unconstrained build operations Thread 68" [_thread_blocked, id=2716, stack(0x000000255da00000,0x000000255db00000)]
  0x0000012c2eac3ba0 JavaThread "Unconstrained build operations Thread 69" [_thread_blocked, id=3664, stack(0x000000255db00000,0x000000255dc00000)]
  0x0000012c2eac1050 JavaThread "Unconstrained build operations Thread 70" [_thread_blocked, id=5240, stack(0x000000255dc00000,0x000000255dd00000)]
  0x0000012c2eac4070 JavaThread "Unconstrained build operations Thread 71" [_thread_blocked, id=4828, stack(0x000000255dd00000,0x000000255de00000)]
  0x0000012c2eac4540 JavaThread "Unconstrained build operations Thread 72" [_thread_blocked, id=9952, stack(0x000000255de00000,0x000000255df00000)]
  0x0000012c31dea920 JavaThread "Unconstrained build operations Thread 73" [_thread_blocked, id=2228, stack(0x000000255df00000,0x000000255e000000)]
  0x0000012c31de60f0 JavaThread "Unconstrained build operations Thread 74" [_thread_blocked, id=10632, stack(0x000000255e000000,0x000000255e100000)]
  0x0000012c31de82a0 JavaThread "Unconstrained build operations Thread 75" [_thread_blocked, id=6668, stack(0x000000255e100000,0x000000255e200000)]
  0x0000012c31decad0 JavaThread "Unconstrained build operations Thread 76" [_thread_blocked, id=6056, stack(0x000000255e200000,0x000000255e300000)]
  0x0000012c31de8770 JavaThread "Unconstrained build operations Thread 77" [_thread_blocked, id=4532, stack(0x000000255e300000,0x000000255e400000)]
  0x0000012c31de65c0 JavaThread "Unconstrained build operations Thread 78" [_thread_blocked, id=5116, stack(0x000000255e400000,0x000000255e500000)]
  0x0000012c31de8c40 JavaThread "Unconstrained build operations Thread 79" [_thread_blocked, id=9016, stack(0x000000255e500000,0x000000255e600000)]
  0x0000012c31de9110 JavaThread "Unconstrained build operations Thread 80" [_thread_blocked, id=10360, stack(0x000000255e600000,0x000000255e700000)]
  0x0000012c31dec600 JavaThread "Unconstrained build operations Thread 81" [_thread_blocked, id=3772, stack(0x000000255e700000,0x000000255e800000)]
  0x0000012c31decfa0 JavaThread "Unconstrained build operations Thread 82" [_thread_blocked, id=6148, stack(0x000000255e800000,0x000000255e900000)]
  0x0000012c31deb2c0 JavaThread "Unconstrained build operations Thread 83" [_thread_blocked, id=6136, stack(0x000000255e900000,0x000000255ea00000)]
  0x0000012c31de7900 JavaThread "Unconstrained build operations Thread 84" [_thread_blocked, id=9724, stack(0x000000255ea00000,0x000000255eb00000)]
  0x0000012c31de95e0 JavaThread "Unconstrained build operations Thread 85" [_thread_blocked, id=972, stack(0x000000255eb00000,0x000000255ec00000)]
  0x0000012c31dea450 JavaThread "Unconstrained build operations Thread 86" [_thread_blocked, id=6364, stack(0x000000255ec00000,0x000000255ed00000)]
  0x0000012c31de6a90 JavaThread "Unconstrained build operations Thread 87" [_thread_blocked, id=3404, stack(0x000000255ed00000,0x000000255ee00000)]
  0x0000012c31de7dd0 JavaThread "Unconstrained build operations Thread 88" [_thread_blocked, id=6256, stack(0x000000255ee00000,0x000000255ef00000)]
  0x0000012c31de9ab0 JavaThread "Unconstrained build operations Thread 89" [_thread_blocked, id=8140, stack(0x000000255ef00000,0x000000255f000000)]
  0x0000012c31de9f80 JavaThread "Unconstrained build operations Thread 90" [_thread_blocked, id=6232, stack(0x000000255f000000,0x000000255f100000)]
  0x0000012c31de6f60 JavaThread "Unconstrained build operations Thread 91" [_thread_blocked, id=1112, stack(0x000000255f100000,0x000000255f200000)]
  0x0000012c31deadf0 JavaThread "Unconstrained build operations Thread 92" [_thread_blocked, id=9616, stack(0x000000255f200000,0x000000255f300000)]
  0x0000012c31de7430 JavaThread "Unconstrained build operations Thread 93" [_thread_blocked, id=5324, stack(0x000000255f300000,0x000000255f400000)]
  0x0000012c31deb790 JavaThread "Unconstrained build operations Thread 94" [_thread_blocked, id=1284, stack(0x000000255f400000,0x000000255f500000)]
  0x0000012c31de5750 JavaThread "Unconstrained build operations Thread 95" [_thread_blocked, id=5860, stack(0x000000255f500000,0x000000255f600000)]
  0x0000012c31debc60 JavaThread "Unconstrained build operations Thread 96" [_thread_blocked, id=3808, stack(0x000000255f600000,0x000000255f700000)]
  0x0000012c31dec130 JavaThread "Unconstrained build operations Thread 97" [_thread_blocked, id=2624, stack(0x000000255f700000,0x000000255f800000)]
  0x0000012c31de5c20 JavaThread "Unconstrained build operations Thread 98" [_thread_blocked, id=5296, stack(0x000000255f800000,0x000000255f900000)]
  0x0000012c31bf6620 JavaThread "Unconstrained build operations Thread 99" [_thread_blocked, id=9580, stack(0x000000255f900000,0x000000255fa00000)]
  0x0000012c31bf9b10 JavaThread "Unconstrained build operations Thread 100" [_thread_blocked, id=5052, stack(0x000000255fa00000,0x000000255fb00000)]
  0x0000012c31bf3fa0 JavaThread "Unconstrained build operations Thread 101" [_thread_blocked, id=3396, stack(0x000000255fb00000,0x000000255fc00000)]
  0x0000012c31bf6150 JavaThread "Unconstrained build operations Thread 102" [_thread_blocked, id=9644, stack(0x000000255fc00000,0x000000255fd00000)]
  0x0000012c31bf6af0 JavaThread "Unconstrained build operations Thread 103" [_thread_blocked, id=6864, stack(0x000000255fd00000,0x000000255fe00000)]
  0x0000012c31bf4e10 JavaThread "Unconstrained build operations Thread 104" [_thread_blocked, id=6860, stack(0x000000255fe00000,0x000000255ff00000)]
  0x0000012c31bf22c0 JavaThread "Unconstrained build operations Thread 105" [_thread_blocked, id=7632, stack(0x000000255ff00000,0x0000002560000000)]
  0x0000012c31bf7960 JavaThread "Unconstrained build operations Thread 106" [_thread_blocked, id=5328, stack(0x0000002560000000,0x0000002560100000)]
  0x0000012c31bf87d0 JavaThread "Unconstrained build operations Thread 107" [_thread_blocked, id=2288, stack(0x0000002560100000,0x0000002560200000)]
  0x0000012c31bf7490 JavaThread "Unconstrained build operations Thread 108" [_thread_blocked, id=9928, stack(0x0000002560200000,0x0000002560300000)]
  0x0000012c31bf8300 JavaThread "Unconstrained build operations Thread 109" [_thread_blocked, id=1396, stack(0x0000002560300000,0x0000002560400000)]
  0x0000012c31bf2790 JavaThread "Unconstrained build operations Thread 110" [_thread_blocked, id=1844, stack(0x0000002560400000,0x0000002560500000)]
  0x0000012c31bf8ca0 JavaThread "Unconstrained build operations Thread 111" [_thread_blocked, id=3196, stack(0x0000002560500000,0x0000002560600000)]
  0x0000012c31bf9640 JavaThread "Unconstrained build operations Thread 112" [_thread_blocked, id=6884, stack(0x0000002560600000,0x0000002560700000)]
  0x0000012c31bf6fc0 JavaThread "Unconstrained build operations Thread 113" [_thread_blocked, id=4596, stack(0x0000002560700000,0x0000002560800000)]
  0x0000012c31bf4470 JavaThread "Unconstrained build operations Thread 114" [_thread_blocked, id=7720, stack(0x0000002560800000,0x0000002560900000)]
  0x0000012c31bf3ad0 JavaThread "Unconstrained build operations Thread 115" [_thread_blocked, id=9116, stack(0x0000002560900000,0x0000002560a00000)]
  0x0000012c31bf7e30 JavaThread "Unconstrained build operations Thread 116" [_thread_blocked, id=2252, stack(0x0000002560a00000,0x0000002560b00000)]
  0x0000012c31bf9170 JavaThread "Unconstrained build operations Thread 117" [_thread_blocked, id=8980, stack(0x0000002560b00000,0x0000002560c00000)]
  0x0000012c31bf2c60 JavaThread "Unconstrained build operations Thread 118" [_thread_blocked, id=4508, stack(0x0000002560c00000,0x0000002560d00000)]
  0x0000012c31bf4940 JavaThread "Unconstrained build operations Thread 119" [_thread_blocked, id=10880, stack(0x0000002560d00000,0x0000002560e00000)]
  0x0000012c31bf52e0 JavaThread "Unconstrained build operations Thread 120" [_thread_blocked, id=6980, stack(0x0000002560e00000,0x0000002560f00000)]
  0x0000012c31bf3130 JavaThread "jar transforms Thread 6" [_thread_blocked, id=2412, stack(0x0000002560f00000,0x0000002561000000)]
  0x0000012c31bf3600 JavaThread "jar transforms Thread 7" [_thread_blocked, id=1232, stack(0x0000002561000000,0x0000002561100000)]
  0x0000012c31bf57b0 JavaThread "jar transforms Thread 8" [_thread_blocked, id=6272, stack(0x0000002561100000,0x0000002561200000)]
  0x0000012c31bf5c80 JavaThread "jar transforms Thread 9" [_thread_blocked, id=5480, stack(0x0000002561200000,0x0000002561300000)]
  0x0000012c310c27d0 JavaThread "jar transforms Thread 10" [_thread_blocked, id=7808, stack(0x0000002561300000,0x0000002561400000)]
  0x0000012c310bcc60 JavaThread "jar transforms Thread 11" [_thread_blocked, id=1196, stack(0x0000002561400000,0x0000002561500000)]
  0x0000012c310c3170 JavaThread "jar transforms Thread 12" [_thread_blocked, id=10716, stack(0x0000002561500000,0x0000002561600000)]
  0x0000012c310c0150 JavaThread "build event listener" [_thread_blocked, id=2692, stack(0x0000002561600000,0x0000002561700000)]
  0x0000012c310be470 JavaThread "Memory manager" [_thread_blocked, id=4800, stack(0x0000002561700000,0x0000002561800000)]
  0x0000012c310bee10 JavaThread "included builds" [_thread_blocked, id=2488, stack(0x0000002561800000,0x0000002561900000)]
  0x0000012c310bdad0 JavaThread "Execution worker" [_thread_blocked, id=11168, stack(0x0000002561900000,0x0000002561a00000)]
  0x0000012c310c2ca0 JavaThread "Execution worker Thread 2" [_thread_blocked, id=10804, stack(0x0000002561a00000,0x0000002561b00000)]
  0x0000012c310be940 JavaThread "Execution worker Thread 3" [_thread_blocked, id=11164, stack(0x0000002561b00000,0x0000002561c00000)]
  0x0000012c310c1490 JavaThread "Execution worker Thread 4" [_thread_blocked, id=1336, stack(0x0000002561c00000,0x0000002561d00000)]
  0x0000012c310c0fc0 JavaThread "Execution worker Thread 5" [_thread_blocked, id=1224, stack(0x0000002561d00000,0x0000002561e00000)]
  0x0000012c310c44b0 JavaThread "Execution worker Thread 6" [_thread_blocked, id=5064, stack(0x0000002561e00000,0x0000002561f00000)]
  0x0000012c310c3640 JavaThread "Execution worker Thread 7" [_thread_blocked, id=8288, stack(0x0000002561f00000,0x0000002562000000)]
  0x0000012c310c3b10 JavaThread "Execution worker Thread 8" [_thread_blocked, id=10176, stack(0x0000002562000000,0x0000002562100000)]
  0x0000012c310c3fe0 JavaThread "Execution worker Thread 9" [_thread_blocked, id=9436, stack(0x0000002562100000,0x0000002562200000)]
  0x0000012c310bf2e0 JavaThread "Execution worker Thread 10" [_thread_blocked, id=8024, stack(0x0000002562200000,0x0000002562300000)]
  0x0000012c310bf7b0 JavaThread "Execution worker Thread 11" [_thread_blocked, id=6344, stack(0x0000002562300000,0x0000002562400000)]
  0x0000012c310bfc80 JavaThread "Cache worker for execution history cache (C:\Users\Pasha\AndroidStudioProjects\MyApplication9\.gradle\8.0\executionHistory)" [_thread_blocked, id=10340, stack(0x0000002562400000,0x0000002562500000)]

Other Threads:
=>0x0000012c2b01e9f0 VMThread "VM Thread" [stack: 0x0000002556100000,0x0000002556200000] [id=9708]
  0x0000012c2b201de0 WatcherThread [stack: 0x0000002556d00000,0x0000002556e00000] [id=7044]
  0x0000012c10545a00 GCTaskThread "GC Thread#0" [stack: 0x0000002555c00000,0x0000002555d00000] [id=1680]
  0x0000012c2b69b170 GCTaskThread "GC Thread#1" [stack: 0x0000002556f00000,0x0000002557000000] [id=3352]
  0x0000012c2c11b1d0 GCTaskThread "GC Thread#2" [stack: 0x0000002557000000,0x0000002557100000] [id=5680]
  0x0000012c2c21b460 GCTaskThread "GC Thread#3" [stack: 0x0000002557100000,0x0000002557200000] [id=7708]
  0x0000012c2c082660 GCTaskThread "GC Thread#4" [stack: 0x0000002557200000,0x0000002557300000] [id=3892]
  0x0000012c2d8cd170 GCTaskThread "GC Thread#5" [stack: 0x0000002557e00000,0x0000002557f00000] [id=11080]
  0x0000012c2de4bfc0 GCTaskThread "GC Thread#6" [stack: 0x0000002557f00000,0x0000002558000000] [id=9336]
  0x0000012c2dc8b740 GCTaskThread "GC Thread#7" [stack: 0x0000002558000000,0x0000002558100000] [id=6252]
  0x0000012c2de3c930 GCTaskThread "GC Thread#8" [stack: 0x0000002558100000,0x0000002558200000] [id=2584]
  0x0000012c2dc615c0 GCTaskThread "GC Thread#9" [stack: 0x0000002558200000,0x0000002558300000] [id=6108]
  0x0000012c10556940 ConcurrentGCThread "G1 Main Marker" [stack: 0x0000002555d00000,0x0000002555e00000] [id=3776]
  0x0000012c10557af0 ConcurrentGCThread "G1 Conc#0" [stack: 0x0000002555e00000,0x0000002555f00000] [id=9968]
  0x0000012c2dc61b20 ConcurrentGCThread "G1 Conc#1" [stack: 0x0000002558300000,0x0000002558400000] [id=1936]
  0x0000012c2dc61310 ConcurrentGCThread "G1 Conc#2" [stack: 0x0000002558400000,0x0000002558500000] [id=7988]
  0x0000012c105bea40 ConcurrentGCThread "G1 Refine#0" [stack: 0x0000002555f00000,0x0000002556000000] [id=5964]
  0x0000012c2ec41d60 ConcurrentGCThread "G1 Refine#1" [stack: 0x0000002562500000,0x0000002562600000] [id=784]
  0x0000012c2ec42bc0 ConcurrentGCThread "G1 Refine#2" [stack: 0x0000002562600000,0x0000002562700000] [id=6332]
  0x0000012c2ec42600 ConcurrentGCThread "G1 Refine#3" [stack: 0x0000002562700000,0x0000002562800000] [id=6160]
  0x0000012c2ec40940 ConcurrentGCThread "G1 Refine#4" [stack: 0x0000002562800000,0x0000002562900000] [id=7468]
  0x0000012c2ec428e0 ConcurrentGCThread "G1 Refine#5" [stack: 0x0000002562900000,0x0000002562a00000] [id=2140]
  0x0000012c2ec42ea0 ConcurrentGCThread "G1 Refine#6" [stack: 0x0000002562a00000,0x0000002562b00000] [id=5612]
  0x0000012c2ec43180 ConcurrentGCThread "G1 Refine#7" [stack: 0x0000002562b00000,0x0000002562c00000] [id=5412]
  0x0000012c2ec3f520 ConcurrentGCThread "G1 Refine#8" [stack: 0x0000002562c00000,0x0000002562d00000] [id=4040]
  0x0000012c2a5fc670 ConcurrentGCThread "G1 Service" [stack: 0x0000002556000000,0x0000002556100000] [id=10504]

Threads with active compile tasks:
C2 CompilerThread0     9267 10013 % !   4       com.android.ide.common.resources.DataMerger::mergeData @ 247 (611 bytes)
C2 CompilerThread1     9267 9962       4       com.google.common.collect.TransformedIterator::next (14 bytes)
C2 CompilerThread2     9267 9960       4       com.google.common.collect.LinkedListMultimap$DistinctKeyIterator::next (89 bytes)

VM state: at safepoint (normal execution)

VM Mutex/Monitor currently owned by a thread:  ([mutex/lock_event])
[0x0000012c104e2f60] Threads_lock - owner thread: 0x0000012c2b01e9f0
[0x0000012c104e3110] Heap_lock - owner thread: 0x0000012c310c3fe0

Heap address: 0x0000000080000000, size: 2048 MB, Compressed Oops mode: 32-bit

CDS archive(s) not mapped
Compressed class space mapped at: 0x0000000100000000-0x0000000140000000, reserved size: 1073741824
Narrow klass base: 0x0000000000000000, Narrow klass shift: 3, Narrow klass range: 0x140000000

GC Precious Log:
 CPUs: 12 total, 12 available
 Memory: 8125M
 Large Page Support: Disabled
 NUMA Support: Disabled
 Compressed Oops: Enabled (32-bit)
 Heap Region Size: 1M
 Heap Min Capacity: 8M
 Heap Initial Capacity: 128M
 Heap Max Capacity: 2G
 Pre-touch: Disabled
 Parallel Workers: 10
 Concurrent Workers: 3
 Concurrent Refinement Workers: 10
 Periodic GC: Disabled

Heap:
 garbage-first heap   total 140288K, used 93766K [0x0000000080000000, 0x0000000100000000)
  region size 1024K, 1 young (1024K), 1 survivors (1024K)
 Metaspace       used 88380K, committed 88960K, reserved 1130496K
  class space    used 12157K, committed 12416K, reserved 1048576K

Heap Regions: E=young(eden), S=young(survivor), O=old, HS=humongous(starts), HC=humongous(continues), CS=collection set, F=free, OA=open archive, CA=closed archive, TAMS=top-at-mark-start (previous, next)
|   0|0x0000000080000000, 0x0000000080100000, 0x0000000080100000|100%|HS|  |TAMS 0x0000000080100000, 0x0000000080000000| Complete 
|   1|0x0000000080100000, 0x0000000080200000, 0x0000000080200000|100%|HC|  |TAMS 0x0000000080200000, 0x0000000080100000| Complete 
|   2|0x0000000080200000, 0x0000000080300000, 0x0000000080300000|100%|HC|  |TAMS 0x0000000080300000, 0x0000000080200000| Complete 
|   3|0x0000000080300000, 0x0000000080400000, 0x0000000080400000|100%|HC|  |TAMS 0x0000000080400000, 0x0000000080300000| Complete 
|   4|0x0000000080400000, 0x0000000080500000, 0x0000000080500000|100%| O|  |TAMS 0x0000000080500000, 0x0000000080400000| Untracked 
|   5|0x0000000080500000, 0x0000000080600000, 0x0000000080600000|100%| O|  |TAMS 0x0000000080600000, 0x0000000080500000| Untracked 
|   6|0x0000000080600000, 0x0000000080700000, 0x0000000080700000|100%| O|  |TAMS 0x0000000080700000, 0x0000000080600000| Untracked 
|   7|0x0000000080700000, 0x0000000080800000, 0x0000000080800000|100%| O|  |TAMS 0x0000000080800000, 0x0000000080700000| Untracked 
|   8|0x0000000080800000, 0x0000000080900000, 0x0000000080900000|100%| O|  |TAMS 0x0000000080900000, 0x0000000080800000| Untracked 
|   9|0x0000000080900000, 0x0000000080a00000, 0x0000000080a00000|100%| O|  |TAMS 0x0000000080a00000, 0x0000000080900000| Untracked 
|  10|0x0000000080a00000, 0x0000000080b00000, 0x0000000080b00000|100%| O|  |TAMS 0x0000000080b00000, 0x0000000080a00000| Untracked 
|  11|0x0000000080b00000, 0x0000000080c00000, 0x0000000080c00000|100%| O|  |TAMS 0x0000000080c00000, 0x0000000080b00000| Untracked 
|  12|0x0000000080c00000, 0x0000000080d00000, 0x0000000080d00000|100%| O|  |TAMS 0x0000000080d00000, 0x0000000080c00000| Untracked 
|  13|0x0000000080d00000, 0x0000000080e00000, 0x0000000080e00000|100%| O|  |TAMS 0x0000000080e00000, 0x0000000080d00000| Untracked 
|  14|0x0000000080e00000, 0x0000000080f00000, 0x0000000080f00000|100%| O|  |TAMS 0x0000000080f00000, 0x0000000080e00000| Untracked 
|  15|0x0000000080f00000, 0x0000000081000000, 0x0000000081000000|100%| O|  |TAMS 0x0000000081000000, 0x0000000080f00000| Untracked 
|  16|0x0000000081000000, 0x0000000081100000, 0x0000000081100000|100%| O|  |TAMS 0x0000000081100000, 0x0000000081000000| Untracked 
|  17|0x0000000081100000, 0x0000000081200000, 0x0000000081200000|100%| O|  |TAMS 0x0000000081200000, 0x0000000081100000| Untracked 
|  18|0x0000000081200000, 0x0000000081300000, 0x0000000081300000|100%| O|  |TAMS 0x0000000081300000, 0x0000000081200000| Untracked 
|  19|0x0000000081300000, 0x0000000081400000, 0x0000000081400000|100%| O|  |TAMS 0x0000000081400000, 0x0000000081300000| Untracked 
|  20|0x0000000081400000, 0x0000000081500000, 0x0000000081500000|100%| O|  |TAMS 0x0000000081500000, 0x0000000081400000| Untracked 
|  21|0x0000000081500000, 0x0000000081600000, 0x0000000081600000|100%| O|  |TAMS 0x0000000081600000, 0x0000000081500000| Untracked 
|  22|0x0000000081600000, 0x0000000081700000, 0x0000000081700000|100%| O|  |TAMS 0x0000000081600000, 0x0000000081600000| Untracked 
|  23|0x0000000081700000, 0x0000000081800000, 0x0000000081800000|100%|HS|  |TAMS 0x0000000081800000, 0x0000000081700000| Complete 
|  24|0x0000000081800000, 0x0000000081900000, 0x0000000081900000|100%| O|  |TAMS 0x0000000081900000, 0x0000000081800000| Untracked 
|  25|0x0000000081900000, 0x0000000081a00000, 0x0000000081a00000|100%| O|  |TAMS 0x0000000081a00000, 0x0000000081900000| Untracked 
|  26|0x0000000081a00000, 0x0000000081b00000, 0x0000000081b00000|100%| O|  |TAMS 0x0000000081b00000, 0x0000000081a00000| Untracked 
|  27|0x0000000081b00000, 0x0000000081c00000, 0x0000000081c00000|100%| O|  |TAMS 0x0000000081c00000, 0x0000000081b00000| Untracked 
|  28|0x0000000081c00000, 0x0000000081d00000, 0x0000000081d00000|100%| O|  |TAMS 0x0000000081d00000, 0x0000000081c00000| Untracked 
|  29|0x0000000081d00000, 0x0000000081e00000, 0x0000000081e00000|100%| O|  |TAMS 0x0000000081e00000, 0x0000000081d00000| Untracked 
|  30|0x0000000081e00000, 0x0000000081f00000, 0x0000000081f00000|100%| O|  |TAMS 0x0000000081f00000, 0x0000000081e00000| Untracked 
|  31|0x0000000081f00000, 0x0000000082000000, 0x0000000082000000|100%| O|  |TAMS 0x0000000082000000, 0x0000000081f00000| Untracked 
|  32|0x0000000082000000, 0x0000000082100000, 0x0000000082100000|100%|HS|  |TAMS 0x0000000082100000, 0x0000000082000000| Complete 
|  33|0x0000000082100000, 0x0000000082200000, 0x0000000082200000|100%| O|  |TAMS 0x0000000082200000, 0x0000000082100000| Untracked 
|  34|0x0000000082200000, 0x0000000082300000, 0x0000000082300000|100%| O|  |TAMS 0x0000000082300000, 0x0000000082200000| Untracked 
|  35|0x0000000082300000, 0x0000000082400000, 0x0000000082400000|100%| O|  |TAMS 0x0000000082400000, 0x0000000082300000| Untracked 
|  36|0x0000000082400000, 0x0000000082500000, 0x0000000082500000|100%| O|  |TAMS 0x0000000082500000, 0x0000000082400000| Untracked 
|  37|0x0000000082500000, 0x0000000082600000, 0x0000000082600000|100%| O|  |TAMS 0x0000000082600000, 0x0000000082500000| Untracked 
|  38|0x0000000082600000, 0x0000000082700000, 0x0000000082700000|100%| O|  |TAMS 0x0000000082700000, 0x0000000082600000| Untracked 
|  39|0x0000000082700000, 0x0000000082800000, 0x0000000082800000|100%| O|  |TAMS 0x0000000082800000, 0x0000000082700000| Untracked 
|  40|0x0000000082800000, 0x0000000082900000, 0x0000000082900000|100%| O|  |TAMS 0x0000000082900000, 0x0000000082800000| Untracked 
|  41|0x0000000082900000, 0x0000000082a00000, 0x0000000082a00000|100%| O|  |TAMS 0x0000000082a00000, 0x0000000082900000| Untracked 
|  42|0x0000000082a00000, 0x0000000082b00000, 0x0000000082b00000|100%| O|  |TAMS 0x0000000082b00000, 0x0000000082a00000| Untracked 
|  43|0x0000000082b00000, 0x0000000082c00000, 0x0000000082c00000|100%| O|  |TAMS 0x0000000082c00000, 0x0000000082b00000| Untracked 
|  44|0x0000000082c00000, 0x0000000082d00000, 0x0000000082d00000|100%| O|  |TAMS 0x0000000082d00000, 0x0000000082c00000| Untracked 
|  45|0x0000000082d00000, 0x0000000082e00000, 0x0000000082e00000|100%| O|  |TAMS 0x0000000082e00000, 0x0000000082d00000| Untracked 
|  46|0x0000000082e00000, 0x0000000082f00000, 0x0000000082f00000|100%| O|  |TAMS 0x0000000082f00000, 0x0000000082e00000| Untracked 
|  47|0x0000000082f00000, 0x0000000083000000, 0x0000000083000000|100%| O|  |TAMS 0x0000000083000000, 0x0000000082f00000| Untracked 
|  48|0x0000000083000000, 0x0000000083100000, 0x0000000083100000|100%| O|  |TAMS 0x0000000083100000, 0x0000000083000000| Untracked 
|  49|0x0000000083100000, 0x0000000083200000, 0x0000000083200000|100%| O|  |TAMS 0x0000000083200000, 0x0000000083100000| Untracked 
|  50|0x0000000083200000, 0x0000000083300000, 0x0000000083300000|100%| O|  |TAMS 0x0000000083300000, 0x0000000083200000| Untracked 
|  51|0x0000000083300000, 0x0000000083400000, 0x0000000083400000|100%| O|  |TAMS 0x0000000083400000, 0x0000000083300000| Untracked 
|  52|0x0000000083400000, 0x0000000083500000, 0x0000000083500000|100%| O|  |TAMS 0x0000000083500000, 0x0000000083400000| Untracked 
|  53|0x0000000083500000, 0x0000000083600000, 0x0000000083600000|100%| O|  |TAMS 0x0000000083600000, 0x0000000083500000| Untracked 
|  54|0x0000000083600000, 0x0000000083700000, 0x0000000083700000|100%| O|  |TAMS 0x0000000083700000, 0x0000000083600000| Untracked 
|  55|0x0000000083700000, 0x0000000083800000, 0x0000000083800000|100%| O|  |TAMS 0x0000000083800000, 0x0000000083700000| Untracked 
|  56|0x0000000083800000, 0x0000000083900000, 0x0000000083900000|100%| O|  |TAMS 0x0000000083900000, 0x0000000083800000| Untracked 
|  57|0x0000000083900000, 0x0000000083a00000, 0x0000000083a00000|100%| O|  |TAMS 0x0000000083a00000, 0x0000000083900000| Untracked 
|  58|0x0000000083a00000, 0x0000000083b00000, 0x0000000083b00000|100%| O|  |TAMS 0x0000000083b00000, 0x0000000083a00000| Untracked 
|  59|0x0000000083b00000, 0x0000000083c00000, 0x0000000083c00000|100%| O|  |TAMS 0x0000000083c00000, 0x0000000083b00000| Untracked 
|  60|0x0000000083c00000, 0x0000000083d00000, 0x0000000083d00000|100%| O|  |TAMS 0x0000000083d00000, 0x0000000083c00000| Untracked 
|  61|0x0000000083d00000, 0x0000000083e00000, 0x0000000083e00000|100%| O|  |TAMS 0x0000000083e00000, 0x0000000083d00000| Untracked 
|  62|0x0000000083e00000, 0x0000000083f00000, 0x0000000083f00000|100%| O|  |TAMS 0x0000000083f00000, 0x0000000083e00000| Untracked 
|  63|0x0000000083f00000, 0x0000000084000000, 0x0000000084000000|100%| O|  |TAMS 0x0000000084000000, 0x0000000083f00000| Untracked 
|  64|0x0000000084000000, 0x0000000084100000, 0x0000000084100000|100%| O|  |TAMS 0x0000000084100000, 0x0000000084000000| Untracked 
|  65|0x0000000084100000, 0x0000000084200000, 0x0000000084200000|100%| O|  |TAMS 0x0000000084200000, 0x0000000084100000| Untracked 
|  66|0x0000000084200000, 0x0000000084300000, 0x0000000084300000|100%| O|  |TAMS 0x0000000084300000, 0x0000000084200000| Untracked 
|  67|0x0000000084300000, 0x0000000084300000, 0x0000000084400000|  0%| F|  |TAMS 0x0000000084300000, 0x0000000084300000| Untracked 
|  68|0x0000000084400000, 0x0000000084500000, 0x0000000084500000|100%| O|  |TAMS 0x0000000084500000, 0x0000000084400000| Untracked 
|  69|0x0000000084500000, 0x0000000084600000, 0x0000000084600000|100%| O|  |TAMS 0x0000000084600000, 0x0000000084500000| Untracked 
|  70|0x0000000084600000, 0x0000000084700000, 0x0000000084700000|100%| O|  |TAMS 0x0000000084700000, 0x0000000084600000| Untracked 
|  71|0x0000000084700000, 0x0000000084800000, 0x0000000084800000|100%| O|  |TAMS 0x0000000084800000, 0x0000000084700000| Untracked 
|  72|0x0000000084800000, 0x0000000084900000, 0x0000000084900000|100%| O|  |TAMS 0x0000000084900000, 0x0000000084800000| Untracked 
|  73|0x0000000084900000, 0x0000000084a00000, 0x0000000084a00000|100%| O|  |TAMS 0x0000000084a00000, 0x0000000084900000| Untracked 
|  74|0x0000000084a00000, 0x0000000084b00000, 0x0000000084b00000|100%| O|  |TAMS 0x0000000084a8dc00, 0x0000000084a00000| Untracked 
|  75|0x0000000084b00000, 0x0000000084c00000, 0x0000000084c00000|100%| O|  |TAMS 0x0000000084b00000, 0x0000000084b00000| Untracked 
|  76|0x0000000084c00000, 0x0000000084d00000, 0x0000000084d00000|100%| O|  |TAMS 0x0000000084c00000, 0x0000000084c00000| Untracked 
|  77|0x0000000084d00000, 0x0000000084e00000, 0x0000000084e00000|100%| O|  |TAMS 0x0000000084d00000, 0x0000000084d00000| Untracked 
|  78|0x0000000084e00000, 0x0000000084f00000, 0x0000000084f00000|100%| O|  |TAMS 0x0000000084e00000, 0x0000000084e00000| Untracked 
|  79|0x0000000084f00000, 0x0000000085000000, 0x0000000085000000|100%| O|  |TAMS 0x0000000084f00000, 0x0000000084f00000| Untracked 
|  80|0x0000000085000000, 0x0000000085100000, 0x0000000085100000|100%| O|  |TAMS 0x0000000085000000, 0x0000000085000000| Untracked 
|  81|0x0000000085100000, 0x0000000085200000, 0x0000000085200000|100%| O|  |TAMS 0x0000000085100000, 0x0000000085100000| Untracked 
|  82|0x0000000085200000, 0x0000000085300000, 0x0000000085300000|100%| O|  |TAMS 0x0000000085200000, 0x0000000085200000| Untracked 
|  83|0x0000000085300000, 0x0000000085400000, 0x0000000085400000|100%| O|  |TAMS 0x0000000085300000, 0x0000000085300000| Untracked 
|  84|0x0000000085400000, 0x0000000085500000, 0x0000000085500000|100%| O|  |TAMS 0x0000000085400000, 0x0000000085400000| Untracked 
|  85|0x0000000085500000, 0x0000000085600000, 0x0000000085600000|100%| O|  |TAMS 0x0000000085500000, 0x0000000085500000| Untracked 
|  86|0x0000000085600000, 0x0000000085700000, 0x0000000085700000|100%| O|  |TAMS 0x0000000085600000, 0x0000000085600000| Untracked 
|  87|0x0000000085700000, 0x0000000085800000, 0x0000000085800000|100%| O|  |TAMS 0x0000000085700000, 0x0000000085700000| Untracked 
|  88|0x0000000085800000, 0x0000000085900000, 0x0000000085900000|100%| O|  |TAMS 0x0000000085800000, 0x0000000085800000| Untracked 
|  89|0x0000000085900000, 0x0000000085a00000, 0x0000000085a00000|100%| O|  |TAMS 0x0000000085900000, 0x0000000085900000| Untracked 
|  90|0x0000000085a00000, 0x0000000085b00000, 0x0000000085b00000|100%| O|  |TAMS 0x0000000085a00000, 0x0000000085a00000| Untracked 
|  91|0x0000000085b00000, 0x0000000085b91800, 0x0000000085c00000| 56%| O|  |TAMS 0x0000000085b00000, 0x0000000085b00000| Untracked 
|  92|0x0000000085c00000, 0x0000000085c00000, 0x0000000085d00000|  0%| F|  |TAMS 0x0000000085c00000, 0x0000000085c00000| Untracked 
|  93|0x0000000085d00000, 0x0000000085d00000, 0x0000000085e00000|  0%| F|  |TAMS 0x0000000085d00000, 0x0000000085d00000| Untracked 
|  94|0x0000000085e00000, 0x0000000085e00000, 0x0000000085f00000|  0%| F|  |TAMS 0x0000000085e00000, 0x0000000085e00000| Untracked 
|  95|0x0000000085f00000, 0x0000000085f00000, 0x0000000086000000|  0%| F|  |TAMS 0x0000000085f00000, 0x0000000085f00000| Untracked 
|  96|0x0000000086000000, 0x0000000086000000, 0x0000000086100000|  0%| F|  |TAMS 0x0000000086000000, 0x0000000086000000| Untracked 
|  97|0x0000000086100000, 0x0000000086100000, 0x0000000086200000|  0%| F|  |TAMS 0x0000000086100000, 0x0000000086100000| Untracked 
|  98|0x0000000086200000, 0x0000000086200000, 0x0000000086300000|  0%| F|  |TAMS 0x0000000086200000, 0x0000000086200000| Untracked 
|  99|0x0000000086300000, 0x0000000086300000, 0x0000000086400000|  0%| F|  |TAMS 0x0000000086300000, 0x0000000086300000| Untracked 
| 100|0x0000000086400000, 0x0000000086400000, 0x0000000086500000|  0%| F|  |TAMS 0x0000000086400000, 0x0000000086400000| Untracked 
| 101|0x0000000086500000, 0x0000000086500000, 0x0000000086600000|  0%| F|  |TAMS 0x0000000086500000, 0x0000000086500000| Untracked 
| 102|0x0000000086600000, 0x0000000086600000, 0x0000000086700000|  0%| F|  |TAMS 0x0000000086600000, 0x0000000086600000| Untracked 
| 103|0x0000000086700000, 0x0000000086700000, 0x0000000086800000|  0%| F|  |TAMS 0x0000000086700000, 0x0000000086700000| Untracked 
| 104|0x0000000086800000, 0x0000000086800000, 0x0000000086900000|  0%| F|  |TAMS 0x0000000086800000, 0x0000000086800000| Untracked 
| 105|0x0000000086900000, 0x0000000086900000, 0x0000000086a00000|  0%| F|  |TAMS 0x0000000086900000, 0x0000000086900000| Untracked 
| 106|0x0000000086a00000, 0x0000000086a00000, 0x0000000086b00000|  0%| F|  |TAMS 0x0000000086a00000, 0x0000000086a00000| Untracked 
| 107|0x0000000086b00000, 0x0000000086b00000, 0x0000000086c00000|  0%| F|  |TAMS 0x0000000086b00000, 0x0000000086b00000| Untracked 
| 108|0x0000000086c00000, 0x0000000086c00000, 0x0000000086d00000|  0%| F|  |TAMS 0x0000000086c00000, 0x0000000086c00000| Untracked 
| 109|0x0000000086d00000, 0x0000000086d00000, 0x0000000086e00000|  0%| F|  |TAMS 0x0000000086d00000, 0x0000000086d00000| Untracked 
| 110|0x0000000086e00000, 0x0000000086e00000, 0x0000000086f00000|  0%| F|  |TAMS 0x0000000086e00000, 0x0000000086e00000| Untracked 
| 111|0x0000000086f00000, 0x0000000086f00000, 0x0000000087000000|  0%| F|  |TAMS 0x0000000086f00000, 0x0000000086f00000| Untracked 
| 112|0x0000000087000000, 0x0000000087000000, 0x0000000087100000|  0%| F|  |TAMS 0x0000000087000000, 0x0000000087000000| Untracked 
| 113|0x0000000087100000, 0x0000000087100000, 0x0000000087200000|  0%| F|  |TAMS 0x0000000087100000, 0x0000000087100000| Untracked 
| 114|0x0000000087200000, 0x0000000087200000, 0x0000000087300000|  0%| F|  |TAMS 0x0000000087200000, 0x0000000087200000| Untracked 
| 115|0x0000000087300000, 0x0000000087300000, 0x0000000087400000|  0%| F|  |TAMS 0x0000000087300000, 0x0000000087300000| Untracked 
| 116|0x0000000087400000, 0x0000000087400000, 0x0000000087500000|  0%| F|  |TAMS 0x0000000087400000, 0x0000000087400000| Untracked 
| 117|0x0000000087500000, 0x0000000087500000, 0x0000000087600000|  0%| F|  |TAMS 0x0000000087500000, 0x0000000087500000| Untracked 
| 118|0x0000000087600000, 0x0000000087600000, 0x0000000087700000|  0%| F|  |TAMS 0x0000000087600000, 0x0000000087600000| Untracked 
| 119|0x0000000087700000, 0x0000000087700000, 0x0000000087800000|  0%| F|  |TAMS 0x0000000087700000, 0x0000000087700000| Untracked 
| 120|0x0000000087800000, 0x0000000087800000, 0x0000000087900000|  0%| F|  |TAMS 0x0000000087800000, 0x0000000087800000| Untracked 
| 121|0x0000000087900000, 0x0000000087900000, 0x0000000087a00000|  0%| F|  |TAMS 0x0000000087900000, 0x0000000087900000| Untracked 
| 122|0x0000000087a00000, 0x0000000087a00000, 0x0000000087b00000|  0%| F|  |TAMS 0x0000000087a00000, 0x0000000087a00000| Untracked 
| 123|0x0000000087b00000, 0x0000000087b00000, 0x0000000087c00000|  0%| F|  |TAMS 0x0000000087b00000, 0x0000000087b00000| Untracked 
| 124|0x0000000087c00000, 0x0000000087c00000, 0x0000000087d00000|  0%| F|  |TAMS 0x0000000087c00000, 0x0000000087c00000| Untracked 
| 125|0x0000000087d00000, 0x0000000087d00000, 0x0000000087e00000|  0%| F|  |TAMS 0x0000000087d00000, 0x0000000087d00000| Untracked 
| 126|0x0000000087e00000, 0x0000000087e00000, 0x0000000087f00000|  0%| F|  |TAMS 0x0000000087e00000, 0x0000000087e00000| Untracked 
| 127|0x0000000087f00000, 0x0000000087f00000, 0x0000000088000000|  0%| F|  |TAMS 0x0000000087f00000, 0x0000000087f00000| Untracked 
| 128|0x0000000088000000, 0x0000000088000000, 0x0000000088100000|  0%| F|  |TAMS 0x0000000088000000, 0x0000000088000000| Untracked 
| 129|0x0000000088100000, 0x0000000088100000, 0x0000000088200000|  0%| F|  |TAMS 0x0000000088100000, 0x0000000088100000| Untracked 
| 130|0x0000000088200000, 0x0000000088200000, 0x0000000088300000|  0%| F|  |TAMS 0x0000000088200000, 0x0000000088200000| Untracked 
| 131|0x0000000088300000, 0x0000000088300000, 0x0000000088400000|  0%| F|  |TAMS 0x0000000088300000, 0x0000000088300000| Untracked 
| 132|0x0000000088400000, 0x0000000088400000, 0x0000000088500000|  0%| F|  |TAMS 0x0000000088400000, 0x0000000088400000| Untracked 
| 133|0x0000000088500000, 0x0000000088500000, 0x0000000088600000|  0%| F|  |TAMS 0x0000000088500000, 0x0000000088500000| Untracked 
| 134|0x0000000088600000, 0x0000000088600000, 0x0000000088700000|  0%| F|  |TAMS 0x0000000088600000, 0x0000000088600000| Untracked 
| 135|0x0000000088700000, 0x0000000088800000, 0x0000000088800000|100%| S|CS|TAMS 0x0000000088700000, 0x0000000088700000| Complete 
| 136|0x0000000088800000, 0x0000000088800000, 0x0000000088900000|  0%| F|  |TAMS 0x0000000088800000, 0x0000000088800000| Untracked 

Card table byte_map: [0x0000012c23310000,0x0000012c23710000] _byte_map_base: 0x0000012c22f10000

Marking Bits (Prev, Next): (CMBitMap*) 0x0000012c10546010, (CMBitMap*) 0x0000012c10546050
 Prev Bits: [0x0000012c23b10000, 0x0000012c25b10000)
 Next Bits: [0x0000012c25b10000, 0x0000012c27b10000)

Polling page: 0x0000012c0fcc0000

Metaspace:

Usage:
  Non-class:     74.44 MB used.
      Class:     11.87 MB used.
       Both:     86.31 MB used.

Virtual space:
  Non-class space:       80.00 MB reserved,      74.75 MB ( 93%) committed,  10 nodes.
      Class space:        1.00 GB reserved,      12.12 MB (  1%) committed,  1 nodes.
             Both:        1.08 GB reserved,      86.88 MB (  8%) committed. 

Chunk freelists:
   Non-Class:  960.00 KB
       Class:  3.84 MB
        Both:  4.78 MB

MaxMetaspaceSize: unlimited
CompressedClassSpaceSize: 1.00 GB
Initial GC threshold: 21.00 MB
Current GC threshold: 141.38 MB
CDS: off
MetaspaceReclaimPolicy: balanced
 - commit_granule_bytes: 65536.
 - commit_granule_words: 8192.
 - virtual_space_node_default_size: 1048576.
 - enlarge_chunks_in_place: 1.
 - new_chunks_are_fully_committed: 0.
 - uncommit_free_chunks: 1.
 - use_allocation_guard: 0.
 - handle_deallocations: 1.


Internal statistics:

num_allocs_failed_limit: 9.
num_arena_births: 870.
num_arena_deaths: 22.
num_vsnodes_births: 11.
num_vsnodes_deaths: 0.
num_space_committed: 1390.
num_space_uncommitted: 0.
num_chunks_returned_to_freelist: 40.
num_chunks_taken_from_freelist: 4058.
num_chunk_merges: 21.
num_chunk_splits: 2672.
num_chunks_enlarged: 1790.
num_purges: 2.
num_inconsistent_stats: 0.

CodeHeap 'non-profiled nmethods': size=120000Kb used=5285Kb max_used=5867Kb free=114714Kb
 bounds [0x0000012c1b490000, 0x0000012c1ba50000, 0x0000012c229c0000]
CodeHeap 'profiled nmethods': size=120000Kb used=15768Kb max_used=17693Kb free=104231Kb
 bounds [0x0000012c139c0000, 0x0000012c14b10000, 0x0000012c1aef0000]
CodeHeap 'non-nmethods': size=5760Kb used=2375Kb max_used=2443Kb free=3384Kb
 bounds [0x0000012c1aef0000, 0x0000012c1b160000, 0x0000012c1b490000]
 total_blobs=9417 nmethods=8512 adapters=817
 compilation: enabled
              stopped_count=0, restarted_count=0
 full_count=0

Compilation events (20 events):
Event: 9.202 Thread 0x0000012c2b05fe40 10108       2       com.android.ide.common.resources.NodeUtils::addAttribute (71 bytes)
Event: 9.202 Thread 0x0000012c2b05fe40 nmethod 10108 0x0000012c13c27290 code [0x0000012c13c274a0, 0x0000012c13c27788]
Event: 9.203 Thread 0x0000012c2b05fe40 10109  s    2       java.lang.StringBuffer::append (13 bytes)
Event: 9.203 Thread 0x0000012c2b05fe40 nmethod 10109 0x0000012c141ce510 code [0x0000012c141ce6c0, 0x0000012c141ce8c8]
Event: 9.204 Thread 0x0000012c2b05fe40 10110 %     3       org.apache.xerces.dom.ParentNode::internalInsertBefore @ 282 (651 bytes)
Event: 9.205 Thread 0x0000012c2b05fe40 nmethod 10110% 0x0000012c13e2e890 code [0x0000012c13e2eda0, 0x0000012c13e31b98]
Event: 9.209 Thread 0x0000012c2b05fe40 10113       3       org.apache.xerces.dom.ParentNode::internalInsertBefore (651 bytes)
Event: 9.219 Thread 0x0000012c2b05fe40 nmethod 10113 0x0000012c13ac6490 code [0x0000012c13ac69a0, 0x0000012c13ac9638]
Event: 9.221 Thread 0x0000012c2b05fe40 10115 %     3       com.android.ide.common.resources.NodeUtils::updateNamespace @ 27 (167 bytes)
Event: 9.222 Thread 0x0000012c2b05fe40 nmethod 10115% 0x0000012c13fec310 code [0x0000012c13fec5c0, 0x0000012c13fed4f8]
Event: 9.222 Thread 0x0000012c2b05fe40 10116 %     3       com.android.ide.common.resources.NodeUtils::duplicateNode @ 54 (315 bytes)
Event: 9.223 Thread 0x0000012c2b05fe40 nmethod 10116% 0x0000012c14a94910 code [0x0000012c14a94d80, 0x0000012c14a97778]
Event: 9.223 Thread 0x0000012c2b05fe40 10117       2       java.lang.AbstractStringBuilder::inflate (42 bytes)
Event: 9.223 Thread 0x0000012c2b05fe40 nmethod 10117 0x0000012c13e4de90 code [0x0000012c13e4e040, 0x0000012c13e4e258]
Event: 9.223 Thread 0x0000012c2b05fe40 10119       2       java.lang.StringUTF16::compress (59 bytes)
Event: 9.223 Thread 0x0000012c2b05fe40 nmethod 10119 0x0000012c13cd1990 code [0x0000012c13cd1b40, 0x0000012c13cd1d48]
Event: 9.223 Thread 0x0000012c2b05fe40 10120       3       com.android.ide.common.resources.NodeUtils::updateNamespace (167 bytes)
Event: 9.224 Thread 0x0000012c2b05fe40 nmethod 10120 0x0000012c13d17010 code [0x0000012c13d172c0, 0x0000012c13d180f8]
Event: 9.225 Thread 0x0000012c2b05fe40 10121       3       com.android.ide.common.resources.NodeUtils::duplicateNode (315 bytes)
Event: 9.226 Thread 0x0000012c2b05fe40 nmethod 10121 0x0000012c14a5ae10 code [0x0000012c14a5b280, 0x0000012c14a5db38]

GC Heap History (20 events):
Event: 6.398 GC heap after
{Heap after GC invocations=26 (full 0):
 garbage-first heap   total 124928K, used 55911K [0x0000000080000000, 0x0000000100000000)
  region size 1024K, 4 young (4096K), 4 survivors (4096K)
 Metaspace       used 68557K, committed 69120K, reserved 1114112K
  class space    used 9052K, committed 9344K, reserved 1048576K
}
Event: 6.887 GC heap before
{Heap before GC invocations=27 (full 0):
 garbage-first heap   total 124928K, used 93799K [0x0000000080000000, 0x0000000100000000)
  region size 1024K, 41 young (41984K), 4 survivors (4096K)
 Metaspace       used 73138K, committed 73728K, reserved 1114112K
  class space    used 9894K, committed 10176K, reserved 1048576K
}
Event: 6.891 GC heap after
{Heap after GC invocations=28 (full 0):
 garbage-first heap   total 124928K, used 58301K [0x0000000080000000, 0x0000000100000000)
  region size 1024K, 5 young (5120K), 5 survivors (5120K)
 Metaspace       used 73138K, committed 73728K, reserved 1114112K
  class space    used 9894K, committed 10176K, reserved 1048576K
}
Event: 7.340 GC heap before
{Heap before GC invocations=28 (full 0):
 garbage-first heap   total 124928K, used 95165K [0x0000000080000000, 0x0000000100000000)
  region size 1024K, 41 young (41984K), 5 survivors (5120K)
 Metaspace       used 76632K, committed 77184K, reserved 1122304K
  class space    used 10417K, committed 10688K, reserved 1048576K
}
Event: 7.345 GC heap after
{Heap after GC invocations=29 (full 0):
 garbage-first heap   total 124928K, used 61171K [0x0000000080000000, 0x0000000100000000)
  region size 1024K, 6 young (6144K), 6 survivors (6144K)
 Metaspace       used 76632K, committed 77184K, reserved 1122304K
  class space    used 10417K, committed 10688K, reserved 1048576K
}
Event: 7.780 GC heap before
{Heap before GC invocations=29 (full 0):
 garbage-first heap   total 124928K, used 97011K [0x0000000080000000, 0x0000000100000000)
  region size 1024K, 41 young (41984K), 6 survivors (6144K)
 Metaspace       used 80927K, committed 81536K, reserved 1122304K
  class space    used 11028K, committed 11328K, reserved 1048576K
}
Event: 7.785 GC heap after
{Heap after GC invocations=30 (full 0):
 garbage-first heap   total 124928K, used 64281K [0x0000000080000000, 0x0000000100000000)
  region size 1024K, 6 young (6144K), 6 survivors (6144K)
 Metaspace       used 80927K, committed 81536K, reserved 1122304K
  class space    used 11028K, committed 11328K, reserved 1048576K
}
Event: 8.021 GC heap before
{Heap before GC invocations=31 (full 0):
 garbage-first heap   total 124928K, used 99097K [0x0000000080000000, 0x0000000100000000)
  region size 1024K, 40 young (40960K), 6 survivors (6144K)
 Metaspace       used 81588K, committed 82176K, reserved 1122304K
  class space    used 11111K, committed 11392K, reserved 1048576K
}
Event: 8.027 GC heap after
{Heap after GC invocations=32 (full 0):
 garbage-first heap   total 124928K, used 69222K [0x0000000080000000, 0x0000000100000000)
  region size 1024K, 5 young (5120K), 5 survivors (5120K)
 Metaspace       used 81588K, committed 82176K, reserved 1122304K
  class space    used 11111K, committed 11392K, reserved 1048576K
}
Event: 8.360 GC heap before
{Heap before GC invocations=32 (full 0):
 garbage-first heap   total 124928K, used 99942K [0x0000000080000000, 0x0000000100000000)
  region size 1024K, 35 young (35840K), 5 survivors (5120K)
 Metaspace       used 83570K, committed 84160K, reserved 1122304K
  class space    used 11491K, committed 11776K, reserved 1048576K
}
Event: 8.366 GC heap after
{Heap after GC invocations=33 (full 0):
 garbage-first heap   total 124928K, used 73858K [0x0000000080000000, 0x0000000100000000)
  region size 1024K, 5 young (5120K), 5 survivors (5120K)
 Metaspace       used 83570K, committed 84160K, reserved 1122304K
  class space    used 11491K, committed 11776K, reserved 1048576K
}
Event: 8.489 GC heap before
{Heap before GC invocations=34 (full 0):
 garbage-first heap   total 140288K, used 99458K [0x0000000080000000, 0x0000000100000000)
  region size 1024K, 31 young (31744K), 5 survivors (5120K)
 Metaspace       used 84218K, committed 84800K, reserved 1122304K
  class space    used 11680K, committed 11968K, reserved 1048576K
}
Event: 8.493 GC heap after
{Heap after GC invocations=35 (full 0):
 garbage-first heap   total 140288K, used 76039K [0x0000000080000000, 0x0000000100000000)
  region size 1024K, 3 young (3072K), 3 survivors (3072K)
 Metaspace       used 84218K, committed 84800K, reserved 1122304K
  class space    used 11680K, committed 11968K, reserved 1048576K
}
Event: 8.503 GC heap before
{Heap before GC invocations=35 (full 0):
 garbage-first heap   total 140288K, used 78087K [0x0000000080000000, 0x0000000100000000)
  region size 1024K, 6 young (6144K), 3 survivors (3072K)
 Metaspace       used 84235K, committed 84800K, reserved 1122304K
  class space    used 11681K, committed 11968K, reserved 1048576K
}
Event: 8.507 GC heap after
{Heap after GC invocations=36 (full 0):
 garbage-first heap   total 140288K, used 75884K [0x0000000080000000, 0x0000000100000000)
  region size 1024K, 1 young (1024K), 1 survivors (1024K)
 Metaspace       used 84235K, committed 84800K, reserved 1122304K
  class space    used 11681K, committed 11968K, reserved 1048576K
}
Event: 8.733 GC heap before
{Heap before GC invocations=36 (full 0):
 garbage-first heap   total 140288K, used 103532K [0x0000000080000000, 0x0000000100000000)
  region size 1024K, 30 young (30720K), 1 survivors (1024K)
 Metaspace       used 85759K, committed 86336K, reserved 1130496K
  class space    used 11839K, committed 12096K, reserved 1048576K
}
Event: 8.735 GC heap after
{Heap after GC invocations=37 (full 0):
 garbage-first heap   total 140288K, used 77477K [0x0000000080000000, 0x0000000100000000)
  region size 1024K, 3 young (3072K), 3 survivors (3072K)
 Metaspace       used 85759K, committed 86336K, reserved 1130496K
  class space    used 11839K, committed 12096K, reserved 1048576K
}
Event: 9.210 GC heap before
{Heap before GC invocations=38 (full 0):
 garbage-first heap   total 140288K, used 115365K [0x0000000080000000, 0x0000000100000000)
  region size 1024K, 39 young (39936K), 3 survivors (3072K)
 Metaspace       used 88378K, committed 88960K, reserved 1130496K
  class space    used 12157K, committed 12416K, reserved 1048576K
}
Event: 9.218 GC heap after
{Heap after GC invocations=39 (full 0):
 garbage-first heap   total 140288K, used 92125K [0x0000000080000000, 0x0000000100000000)
  region size 1024K, 5 young (5120K), 5 survivors (5120K)
 Metaspace       used 88378K, committed 88960K, reserved 1130496K
  class space    used 12157K, committed 12416K, reserved 1048576K
}
Event: 9.232 GC heap before
{Heap before GC invocations=39 (full 0):
 garbage-first heap   total 140288K, used 93149K [0x0000000080000000, 0x0000000100000000)
  region size 1024K, 6 young (6144K), 5 survivors (5120K)
 Metaspace       used 88380K, committed 88960K, reserved 1130496K
  class space    used 12157K, committed 12416K, reserved 1048576K
}

Dll operation events (2 events):
Event: 0.006 Loaded shared library C:\Program Files\Android\Android Studio\jbr\bin\java.dll
Event: 0.360 Loaded shared library C:\Program Files\Android\Android Studio\jbr\bin\verify.dll

Deoptimization events (20 events):
Event: 9.179 Thread 0x0000012c310c3fe0 Uncommon trap: trap_request=0xffffffde fr.pc=0x0000012c1ba37b18 relative=0x00000000000005f8
Event: 9.179 Thread 0x0000012c310c3fe0 Uncommon trap: reason=class_check action=maybe_recompile pc=0x0000012c1ba37b18 method=org.apache.xerces.dom.NamedNodeMapImpl.findNamePoint(Ljava/lang/String;I)I @ 47 c2
Event: 9.179 Thread 0x0000012c310c3fe0 DEOPT PACKING pc=0x0000012c1ba37b18 sp=0x00000025621faa70
Event: 9.179 Thread 0x0000012c310c3fe0 DEOPT UNPACKING pc=0x0000012c1af469a3 sp=0x00000025621faa08 mode 2
Event: 9.183 Thread 0x0000012c310c3fe0 Uncommon trap: trap_request=0xffffff45 fr.pc=0x0000012c1ba45224 relative=0x0000000000000404
Event: 9.183 Thread 0x0000012c310c3fe0 Uncommon trap: reason=unstable_if action=reinterpret pc=0x0000012c1ba45224 method=org.apache.xerces.dom.ParentNode.nodeListItem(I)Lorg/w3c/dom/Node; @ 87 c2
Event: 9.183 Thread 0x0000012c310c3fe0 DEOPT PACKING pc=0x0000012c1ba45224 sp=0x00000025621fa860
Event: 9.183 Thread 0x0000012c310c3fe0 DEOPT UNPACKING pc=0x0000012c1af469a3 sp=0x00000025621fa800 mode 2
Event: 9.187 Thread 0x0000012c310c3fe0 Uncommon trap: trap_request=0xffffff45 fr.pc=0x0000012c1ba33970 relative=0x0000000000000150
Event: 9.187 Thread 0x0000012c310c3fe0 Uncommon trap: reason=unstable_if action=reinterpret pc=0x0000012c1ba33970 method=org.apache.xerces.dom.DeferredDocumentImpl.clearChunkIndex([[III)I @ 47 c2
Event: 9.187 Thread 0x0000012c310c3fe0 DEOPT PACKING pc=0x0000012c1ba33970 sp=0x00000025621fa840
Event: 9.187 Thread 0x0000012c310c3fe0 DEOPT UNPACKING pc=0x0000012c1af469a3 sp=0x00000025621fa738 mode 2
Event: 9.188 Thread 0x0000012c310c3fe0 Uncommon trap: trap_request=0xffffff45 fr.pc=0x0000012c1ba2b6b4 relative=0x0000000000000114
Event: 9.188 Thread 0x0000012c310c3fe0 Uncommon trap: reason=unstable_if action=reinterpret pc=0x0000012c1ba2b6b4 method=org.apache.xerces.dom.DeferredDocumentImpl.clearChunkIndex([[III)I @ 3 c2
Event: 9.188 Thread 0x0000012c310c3fe0 DEOPT PACKING pc=0x0000012c1ba2b6b4 sp=0x00000025621fa780
Event: 9.188 Thread 0x0000012c310c3fe0 DEOPT UNPACKING pc=0x0000012c1af469a3 sp=0x00000025621fa728 mode 2
Event: 9.192 Thread 0x0000012c2c9db9d0 Uncommon trap: trap_request=0xffffffc6 fr.pc=0x0000012c1b671920 relative=0x00000000000005a0
Event: 9.192 Thread 0x0000012c2c9db9d0 Uncommon trap: reason=bimorphic_or_optimized_type_check action=maybe_recompile pc=0x0000012c1b671920 method=java.util.stream.Sink$ChainedReference.cancellationRequested()Z @ 4 c2
Event: 9.192 Thread 0x0000012c2c9db9d0 DEOPT PACKING pc=0x0000012c1b671920 sp=0x00000025574feaf0
Event: 9.193 Thread 0x0000012c2c9db9d0 DEOPT UNPACKING pc=0x0000012c1af469a3 sp=0x00000025574fea48 mode 2

Classes unloaded (11 events):
Event: 8.780 Thread 0x0000012c2b01e9f0 Unloading class 0x0000000100b9ec00 'java/lang/invoke/LambdaForm$DMH+0x0000000100b9ec00'
Event: 8.780 Thread 0x0000012c2b01e9f0 Unloading class 0x0000000100b9e800 'java/lang/invoke/LambdaForm$DMH+0x0000000100b9e800'
Event: 8.780 Thread 0x0000012c2b01e9f0 Unloading class 0x0000000100b9e400 'java/lang/invoke/LambdaForm$DMH+0x0000000100b9e400'
Event: 8.780 Thread 0x0000012c2b01e9f0 Unloading class 0x0000000100b9e000 'java/lang/invoke/LambdaForm$DMH+0x0000000100b9e000'
Event: 8.780 Thread 0x0000012c2b01e9f0 Unloading class 0x0000000100b9dc00 'java/lang/invoke/LambdaForm$DMH+0x0000000100b9dc00'
Event: 8.780 Thread 0x0000012c2b01e9f0 Unloading class 0x0000000100b9d800 'java/lang/invoke/LambdaForm$DMH+0x0000000100b9d800'
Event: 8.780 Thread 0x0000012c2b01e9f0 Unloading class 0x0000000100b9d000 'java/lang/invoke/LambdaForm$DMH+0x0000000100b9d000'
Event: 8.780 Thread 0x0000012c2b01e9f0 Unloading class 0x0000000100b9c800 'java/lang/invoke/LambdaForm$DMH+0x0000000100b9c800'
Event: 8.780 Thread 0x0000012c2b01e9f0 Unloading class 0x0000000100b9c400 'java/lang/invoke/LambdaForm$DMH+0x0000000100b9c400'
Event: 8.780 Thread 0x0000012c2b01e9f0 Unloading class 0x0000000100b9cc00 'java/lang/invoke/LambdaForm$DMH+0x0000000100b9cc00'
Event: 8.780 Thread 0x0000012c2b01e9f0 Unloading class 0x0000000100b9d400 'java/lang/invoke/LambdaForm$DMH+0x0000000100b9d400'

Classes redefined (0 events):
No events

Internal exceptions (20 events):
Event: 8.262 Thread 0x0000012c310c0150 Exception <a 'java/lang/NoSuchMethodError'{0x00000000862ed880}: 'void java.lang.invoke.DirectMethodHandle$Holder.invokeSpecial(java.lang.Object, java.lang.Object, java.lang.Object, int)'> (0x00000000862ed880) 
thrown [s\src\hotspot\share\interpreter\linkResolver.cpp, line 771]
Event: 8.351 Thread 0x0000012c310c1490 Exception <a 'java/lang/NoSuchMethodError'{0x0000000085c74920}: 'void java.lang.invoke.DirectMethodHandle$Holder.invokeStatic(java.lang.Object, java.lang.Object, java.lang.Object, java.lang.Object, int, java.lang.Object, java.lang.Object)'> (0x0000000085c74920) 
thrown [s\src\hotspot\share\interpreter\linkResolver.cpp, line 771]
Event: 8.386 Thread 0x0000012c2eac3ba0 Exception <a 'java/lang/NoSuchMethodError'{0x000000008756cb90}: 'java.lang.Object java.lang.invoke.DirectMethodHandle$Holder.invokeSpecialIFC(java.lang.Object, java.lang.Object, java.lang.Object)'> (0x000000008756cb90) 
thrown [s\src\hotspot\share\interpreter\linkResolver.cpp, line 771]
Event: 8.386 Thread 0x0000012c2dfc6fd0 Exception <a 'java/lang/NoSuchMethodError'{0x00000000875738b0}: 'java.lang.Object java.lang.invoke.DirectMethodHandle$Holder.invokeSpecialIFC(java.lang.Object, java.lang.Object, java.lang.Object)'> (0x00000000875738b0) 
thrown [s\src\hotspot\share\interpreter\linkResolver.cpp, line 771]
Event: 8.386 Thread 0x0000012c31186460 Exception <a 'java/lang/NoSuchMethodError'{0x00000000875243a8}: 'java.lang.Object java.lang.invoke.DirectMethodHandle$Holder.invokeSpecialIFC(java.lang.Object, java.lang.Object, java.lang.Object)'> (0x00000000875243a8) 
thrown [s\src\hotspot\share\interpreter\linkResolver.cpp, line 771]
Event: 8.386 Thread 0x0000012c310c1490 Exception <a 'java/lang/NoSuchMethodError'{0x00000000876b4680}: 'java.lang.Object java.lang.invoke.DirectMethodHandle$Holder.invokeSpecialIFC(java.lang.Object, java.lang.Object, java.lang.Object)'> (0x00000000876b4680) 
thrown [s\src\hotspot\share\interpreter\linkResolver.cpp, line 771]
Event: 8.386 Thread 0x0000012c2eabf840 Exception <a 'java/lang/NoSuchMethodError'{0x000000008753e3e8}: 'java.lang.Object java.lang.invoke.DirectMethodHandle$Holder.invokeSpecialIFC(java.lang.Object, java.lang.Object, java.lang.Object)'> (0x000000008753e3e8) 
thrown [s\src\hotspot\share\interpreter\linkResolver.cpp, line 771]
Event: 8.386 Thread 0x0000012c2eac1ec0 Exception <a 'java/lang/NoSuchMethodError'{0x0000000087550390}: 'java.lang.Object java.lang.invoke.DirectMethodHandle$Holder.invokeSpecialIFC(java.lang.Object, java.lang.Object, java.lang.Object)'> (0x0000000087550390) 
thrown [s\src\hotspot\share\interpreter\linkResolver.cpp, line 771]
Event: 8.386 Thread 0x0000012c2eabe500 Exception <a 'java/lang/NoSuchMethodError'{0x0000000087562518}: 'java.lang.Object java.lang.invoke.DirectMethodHandle$Holder.invokeSpecialIFC(java.lang.Object, java.lang.Object, java.lang.Object)'> (0x0000000087562518) 
thrown [s\src\hotspot\share\interpreter\linkResolver.cpp, line 771]
Event: 8.386 Thread 0x0000012c2eabf370 Exception <a 'java/lang/NoSuchMethodError'{0x00000000875483f0}: 'java.lang.Object java.lang.invoke.DirectMethodHandle$Holder.invokeSpecialIFC(java.lang.Object, java.lang.Object, java.lang.Object)'> (0x00000000875483f0) 
thrown [s\src\hotspot\share\interpreter\linkResolver.cpp, line 771]
Event: 8.386 Thread 0x0000012c2eabfd10 Exception <a 'java/lang/NoSuchMethodError'{0x0000000087536920}: 'java.lang.Object java.lang.invoke.DirectMethodHandle$Holder.invokeSpecialIFC(java.lang.Object, java.lang.Object, java.lang.Object)'> (0x0000000087536920) 
thrown [s\src\hotspot\share\interpreter\linkResolver.cpp, line 771]
Event: 8.386 Thread 0x0000012c3118c4a0 Exception <a 'java/lang/NoSuchMethodError'{0x0000000087559d68}: 'java.lang.Object java.lang.invoke.DirectMethodHandle$Holder.invokeSpecialIFC(java.lang.Object, java.lang.Object, java.lang.Object)'> (0x0000000087559d68) 
thrown [s\src\hotspot\share\interpreter\linkResolver.cpp, line 771]
Event: 8.386 Thread 0x0000012c2dfc7970 Exception <a 'java/lang/NoSuchMethodError'{0x0000000087586a78}: 'java.lang.Object java.lang.invoke.DirectMethodHandle$Holder.invokeSpecialIFC(java.lang.Object, java.lang.Object, java.lang.Object)'> (0x0000000087586a78) 
thrown [s\src\hotspot\share\interpreter\linkResolver.cpp, line 771]
Event: 8.386 Thread 0x0000012c2eac36d0 Exception <a 'java/lang/NoSuchMethodError'{0x000000008752f008}: 'java.lang.Object java.lang.invoke.DirectMethodHandle$Holder.invokeSpecialIFC(java.lang.Object, java.lang.Object, java.lang.Object)'> (0x000000008752f008) 
thrown [s\src\hotspot\share\interpreter\linkResolver.cpp, line 771]
Event: 8.443 Thread 0x0000012c31de5c20 Exception <a 'java/lang/NoSuchMethodError'{0x00000000877407d8}: 'void java.lang.invoke.DirectMethodHandle$Holder.invokeVirtual(java.lang.Object, java.lang.Object)'> (0x00000000877407d8) 
thrown [s\src\hotspot\share\interpreter\linkResolver.cpp, line 771]
Event: 8.645 Thread 0x0000012c310c2ca0 Exception <a 'sun/nio/fs/WindowsException'{0x00000000872143b8}> (0x00000000872143b8) 
thrown [s\src\hotspot\share\prims\jni.cpp, line 517]
Event: 8.645 Thread 0x0000012c310c2ca0 Exception <a 'sun/nio/fs/WindowsException'{0x0000000087214798}> (0x0000000087214798) 
thrown [s\src\hotspot\share\prims\jni.cpp, line 517]
Event: 8.672 Thread 0x0000012c2c9da1c0 Exception <a 'java/lang/NoSuchMethodError'{0x0000000087039740}: static [Ljava/lang/Object;.<clinit>()V> (0x0000000087039740) 
thrown [s\src\hotspot\share\prims\jni.cpp, line 1108]
Event: 9.130 Thread 0x0000012c310c3fe0 Implicit null exception at 0x0000012c1ba45b80 to 0x0000012c1ba46517
Event: 9.188 Thread 0x0000012c310c3fe0 Implicit null exception at 0x0000012c1ba2b5da to 0x0000012c1ba2b69c

VM Operations (20 events):
Event: 8.923 Executing VM operation: HandshakeAllThreads done
Event: 9.048 Executing VM operation: HandshakeAllThreads
Event: 9.048 Executing VM operation: HandshakeAllThreads done
Event: 9.053 Executing VM operation: HandshakeAllThreads
Event: 9.053 Executing VM operation: HandshakeAllThreads done
Event: 9.053 Executing VM operation: HandshakeAllThreads
Event: 9.053 Executing VM operation: HandshakeAllThreads done
Event: 9.074 Executing VM operation: HandshakeAllThreads
Event: 9.074 Executing VM operation: HandshakeAllThreads done
Event: 9.095 Executing VM operation: HandshakeAllThreads
Event: 9.096 Executing VM operation: HandshakeAllThreads done
Event: 9.112 Executing VM operation: HandshakeAllThreads
Event: 9.112 Executing VM operation: HandshakeAllThreads done
Event: 9.121 Executing VM operation: HandshakeAllThreads
Event: 9.121 Executing VM operation: HandshakeAllThreads done
Event: 9.190 Executing VM operation: ICBufferFull
Event: 9.190 Executing VM operation: ICBufferFull done
Event: 9.210 Executing VM operation: G1CollectForAllocation
Event: 9.218 Executing VM operation: G1CollectForAllocation done
Event: 9.232 Executing VM operation: G1CollectForAllocation

Events (20 events):
Event: 9.125 Thread 0x0000012c2b0642c0 flushing nmethod 0x0000012c14a83690
Event: 9.125 Thread 0x0000012c2b0642c0 flushing nmethod 0x0000012c14a84410
Event: 9.125 Thread 0x0000012c2b0642c0 flushing nmethod 0x0000012c14a85390
Event: 9.125 Thread 0x0000012c2b0642c0 flushing nmethod 0x0000012c14a86b90
Event: 9.125 Thread 0x0000012c2b0642c0 flushing nmethod 0x0000012c14a8ab90
Event: 9.125 Thread 0x0000012c2b0642c0 flushing nmethod 0x0000012c14a8b290
Event: 9.125 Thread 0x0000012c2b0642c0 flushing nmethod 0x0000012c14a8c190
Event: 9.125 Thread 0x0000012c2b0642c0 flushing nmethod 0x0000012c14a8cb90
Event: 9.125 Thread 0x0000012c2b0642c0 flushing nmethod 0x0000012c14a8d290
Event: 9.125 Thread 0x0000012c2b0642c0 flushing nmethod 0x0000012c14a8e090
Event: 9.125 Thread 0x0000012c2b0642c0 flushing nmethod 0x0000012c14a8f010
Event: 9.125 Thread 0x0000012c2b0642c0 flushing nmethod 0x0000012c14a8f790
Event: 9.125 Thread 0x0000012c2b0642c0 flushing nmethod 0x0000012c14a90690
Event: 9.125 Thread 0x0000012c2b0642c0 flushing nmethod 0x0000012c14a94910
Event: 9.125 Thread 0x0000012c2b0642c0 flushing nmethod 0x0000012c14a97390
Event: 9.125 Thread 0x0000012c2b0642c0 flushing nmethod 0x0000012c14a9ea10
Event: 9.125 Thread 0x0000012c2b0642c0 flushing nmethod 0x0000012c14aafc90
Event: 9.125 Thread 0x0000012c2b0642c0 flushing nmethod 0x0000012c14ab0d10
Event: 9.126 Thread 0x0000012c2b0642c0 flushing nmethod 0x0000012c14af1b90
Event: 9.126 Thread 0x0000012c2b0642c0 flushing nmethod 0x0000012c14af2710


Dynamic libraries:
0x00007ff75f3d0000 - 0x00007ff75f3da000 	C:\Program Files\Android\Android Studio\jbr\bin\java.exe
0x00007fff13c30000 - 0x00007fff13e28000 	C:\WINDOWS\SYSTEM32\ntdll.dll
0x00007fff13340000 - 0x00007fff133ff000 	C:\WINDOWS\System32\KERNEL32.DLL
0x00007fff116d0000 - 0x00007fff119aa000 	C:\WINDOWS\System32\KERNELBASE.dll
0x00007fff114c0000 - 0x00007fff115c0000 	C:\WINDOWS\System32\ucrtbase.dll
0x00007fff07f70000 - 0x00007fff07f8b000 	C:\Program Files\Android\Android Studio\jbr\bin\VCRUNTIME140.dll
0x00007fff07890000 - 0x00007fff078a7000 	C:\Program Files\Android\Android Studio\jbr\bin\jli.dll
0x00007fff12390000 - 0x00007fff1252d000 	C:\WINDOWS\System32\USER32.dll
0x00007ffefd630000 - 0x00007ffefd8ca000 	C:\WINDOWS\WinSxS\amd64_microsoft.windows.common-controls_6595b64144ccf1df_6.0.19041.1110_none_60b5254171f9507e\COMCTL32.dll
0x00007fff11bc0000 - 0x00007fff11be2000 	C:\WINDOWS\System32\win32u.dll
0x00007fff13b50000 - 0x00007fff13bee000 	C:\WINDOWS\System32\msvcrt.dll
0x00007fff13310000 - 0x00007fff1333b000 	C:\WINDOWS\System32\GDI32.dll
0x00007fff115c0000 - 0x00007fff116d0000 	C:\WINDOWS\System32\gdi32full.dll
0x00007fff11340000 - 0x00007fff113dd000 	C:\WINDOWS\System32\msvcp_win.dll
0x00007fff12560000 - 0x00007fff12590000 	C:\WINDOWS\System32\IMM32.DLL
0x00007fff0a070000 - 0x00007fff0a07c000 	C:\Program Files\Android\Android Studio\jbr\bin\vcruntime140_1.dll
0x00007ffeff420000 - 0x00007ffeff4ad000 	C:\Program Files\Android\Android Studio\jbr\bin\msvcp140.dll
0x00007ffee6ad0000 - 0x00007ffee773d000 	C:\Program Files\Android\Android Studio\jbr\bin\server\jvm.dll
0x00007fff12070000 - 0x00007fff1211e000 	C:\WINDOWS\System32\ADVAPI32.dll
0x00007fff11c90000 - 0x00007fff11d2c000 	C:\WINDOWS\System32\sechost.dll
0x00007fff13150000 - 0x00007fff13276000 	C:\WINDOWS\System32\RPCRT4.dll
0x00007fff0b6a0000 - 0x00007fff0b6aa000 	C:\WINDOWS\SYSTEM32\VERSION.dll
0x00007fff0eb50000 - 0x00007fff0eb59000 	C:\WINDOWS\SYSTEM32\WSOCK32.dll
0x00007fff041f0000 - 0x00007fff04217000 	C:\WINDOWS\SYSTEM32\WINMM.dll
0x00007fff12ed0000 - 0x00007fff12f3b000 	C:\WINDOWS\System32\WS2_32.dll
0x00007fff0f220000 - 0x00007fff0f232000 	C:\WINDOWS\SYSTEM32\kernel.appcore.dll
0x00007fff0cf80000 - 0x00007fff0cf8a000 	C:\Program Files\Android\Android Studio\jbr\bin\jimage.dll
0x00007fff03770000 - 0x00007fff03954000 	C:\WINDOWS\SYSTEM32\DBGHELP.DLL
0x00007ffefcb50000 - 0x00007ffefcb84000 	C:\WINDOWS\SYSTEM32\dbgcore.DLL
0x00007fff113e0000 - 0x00007fff11462000 	C:\WINDOWS\System32\bcryptPrimitives.dll
0x00007fff08440000 - 0x00007fff08465000 	C:\Program Files\Android\Android Studio\jbr\bin\java.dll
0x00007fff08080000 - 0x00007fff08098000 	C:\Program Files\Android\Android Studio\jbr\bin\zip.dll
0x00007fff13400000 - 0x00007fff13b44000 	C:\WINDOWS\System32\SHELL32.dll
0x00007fff0f420000 - 0x00007fff0fbb3000 	C:\WINDOWS\SYSTEM32\windows.storage.dll
0x00007fff12b70000 - 0x00007fff12ec4000 	C:\WINDOWS\System32\combase.dll
0x00007fff10d30000 - 0x00007fff10d5e000 	C:\WINDOWS\SYSTEM32\Wldp.dll
0x00007fff12a60000 - 0x00007fff12b0d000 	C:\WINDOWS\System32\SHCORE.dll
0x00007fff12b10000 - 0x00007fff12b65000 	C:\WINDOWS\System32\shlwapi.dll
0x00007fff11280000 - 0x00007fff1129f000 	C:\WINDOWS\SYSTEM32\profapi.dll
0x00007fff08060000 - 0x00007fff08079000 	C:\Program Files\Android\Android Studio\jbr\bin\net.dll
0x00007fff0b590000 - 0x00007fff0b69a000 	C:\WINDOWS\SYSTEM32\WINHTTP.dll
0x00007fff10a20000 - 0x00007fff10a8a000 	C:\WINDOWS\system32\mswsock.dll
0x00007fff08010000 - 0x00007fff08026000 	C:\Program Files\Android\Android Studio\jbr\bin\nio.dll
0x00007fff0c4e0000 - 0x00007fff0c4f0000 	C:\Program Files\Android\Android Studio\jbr\bin\verify.dll
0x00007fff044f0000 - 0x00007fff04517000 	C:\Users\Pasha\.gradle\native\68d5fa5c4cc2d200863cafc0d521ce42e7d3e7ee720ec0a83991735586a16f82\windows-amd64\native-platform.dll
0x00007ffeecaf0000 - 0x00007ffeecc34000 	C:\Users\Pasha\.gradle\native\e376f236ea51e6404a007f0833ffe2c6e607c4080706a723a18a27aeea778392\windows-amd64\native-platform-file-events.dll
0x00007fff0ca70000 - 0x00007fff0ca79000 	C:\Program Files\Android\Android Studio\jbr\bin\management.dll
0x00007fff0c640000 - 0x00007fff0c64b000 	C:\Program Files\Android\Android Studio\jbr\bin\management_ext.dll
0x00007fff12550000 - 0x00007fff12558000 	C:\WINDOWS\System32\PSAPI.DLL
0x00007fff10c20000 - 0x00007fff10c38000 	C:\WINDOWS\SYSTEM32\CRYPTSP.dll
0x00007fff10340000 - 0x00007fff10374000 	C:\WINDOWS\system32\rsaenh.dll
0x00007fff11bf0000 - 0x00007fff11c17000 	C:\WINDOWS\System32\bcrypt.dll
0x00007fff11200000 - 0x00007fff1122e000 	C:\WINDOWS\SYSTEM32\USERENV.dll
0x00007fff10c10000 - 0x00007fff10c1c000 	C:\WINDOWS\SYSTEM32\CRYPTBASE.dll
0x00007fff10710000 - 0x00007fff1074c000 	C:\WINDOWS\SYSTEM32\IPHLPAPI.DLL
0x00007fff11f40000 - 0x00007fff11f48000 	C:\WINDOWS\System32\NSI.dll
0x00007fff0bc70000 - 0x00007fff0bc87000 	C:\WINDOWS\SYSTEM32\dhcpcsvc6.DLL
0x00007fff0bc50000 - 0x00007fff0bc6d000 	C:\WINDOWS\SYSTEM32\dhcpcsvc.DLL
0x00007fff10750000 - 0x00007fff1081b000 	C:\WINDOWS\SYSTEM32\DNSAPI.dll
0x00007fff0b8d0000 - 0x00007fff0b8d7000 	C:\WINDOWS\system32\wshunix.dll

dbghelp: loaded successfully - version: 4.0.5 - missing functions: none
symbol engine: initialized successfully - sym options: 0x614 - pdb path: .;C:\Program Files\Android\Android Studio\jbr\bin;C:\WINDOWS\SYSTEM32;C:\WINDOWS\WinSxS\amd64_microsoft.windows.common-controls_6595b64144ccf1df_6.0.19041.1110_none_60b5254171f9507e;C:\Program Files\Android\Android Studio\jbr\bin\server;C:\Users\Pasha\.gradle\native\68d5fa5c4cc2d200863cafc0d521ce42e7d3e7ee720ec0a83991735586a16f82\windows-amd64;C:\Users\Pasha\.gradle\native\e376f236ea51e6404a007f0833ffe2c6e607c4080706a723a18a27aeea778392\windows-amd64

VM Arguments:
jvm_args: --add-opens=java.base/java.util=ALL-UNNAMED --add-opens=java.base/java.lang=ALL-UNNAMED --add-opens=java.base/java.lang.invoke=ALL-UNNAMED --add-opens=java.prefs/java.util.prefs=ALL-UNNAMED --add-opens=java.base/java.nio.charset=ALL-UNNAMED --add-opens=java.base/java.net=ALL-UNNAMED --add-opens=java.base/java.util.concurrent.atomic=ALL-UNNAMED -Xmx2048m -Dfile.encoding=UTF-8 -Duser.country=RU -Duser.language=ru -Duser.variant 
java_command: org.gradle.launcher.daemon.bootstrap.GradleDaemon 8.0
java_class_path (initial): C:\Users\Pasha\.gradle\wrapper\dists\gradle-8.0-bin\ca5e32bp14vu59qr306oxotwh\gradle-8.0\lib\gradle-launcher-8.0.jar
Launcher Type: SUN_STANDARD

[Global flags]
     intx CICompilerCount                          = 4                                         {product} {ergonomic}
     uint ConcGCThreads                            = 3                                         {product} {ergonomic}
     uint G1ConcRefinementThreads                  = 10                                        {product} {ergonomic}
   size_t G1HeapRegionSize                         = 1048576                                   {product} {ergonomic}
    uintx GCDrainStackTargetSize                   = 64                                        {product} {ergonomic}
   size_t InitialHeapSize                          = 134217728                                 {product} {ergonomic}
   size_t MarkStackSize                            = 4194304                                   {product} {ergonomic}
   size_t MaxHeapSize                              = 2147483648                                {product} {command line}
   size_t MaxNewSize                               = 1287651328                                {product} {ergonomic}
   size_t MinHeapDeltaBytes                        = 1048576                                   {product} {ergonomic}
   size_t MinHeapSize                              = 8388608                                   {product} {ergonomic}
    uintx NonNMethodCodeHeapSize                   = 5839372                                {pd product} {ergonomic}
    uintx NonProfiledCodeHeapSize                  = 122909434                              {pd product} {ergonomic}
    uintx ProfiledCodeHeapSize                     = 122909434                              {pd product} {ergonomic}
    uintx ReservedCodeCacheSize                    = 251658240                              {pd product} {ergonomic}
     bool SegmentedCodeCache                       = true                                      {product} {ergonomic}
   size_t SoftMaxHeapSize                          = 2147483648                             {manageable} {ergonomic}
     bool UseCompressedClassPointers               = true                           {product lp64_product} {ergonomic}
     bool UseCompressedOops                        = true                           {product lp64_product} {ergonomic}
     bool UseG1GC                                  = true                                      {product} {ergonomic}
     bool UseLargePagesIndividualAllocation        = false                                  {pd product} {ergonomic}

Logging:
Log output configuration:
 #0: stdout all=warning uptime,level,tags
 #1: stderr all=off uptime,level,tags

Environment Variables:
PATH=C:\WINDOWS\system32;C:\WINDOWS;C:\WINDOWS\System32\Wbem;C:\WINDOWS\System32\WindowsPowerShell\v1.0\;C:\WINDOWS\System32\OpenSSH\;C:\Program Files (x86)\NVIDIA Corporation\PhysX\Common;C:\Users\Pasha\AppData\Local\Microsoft\WindowsApps;
USERNAME=Pasha
OS=Windows_NT
PROCESSOR_IDENTIFIER=AMD64 Family 23 Model 1 Stepping 1, AuthenticAMD
TMP=C:\Users\Pasha\AppData\Local\Temp
TEMP=C:\Users\Pasha\AppData\Local\Temp



---------------  S Y S T E M  ---------------

OS:
 Windows 10 , 64 bit Build 19041 (10.0.19041.2788)
OS uptime: 2 days 20:44 hours

CPU: total 12 (initial active 12) (12 cores per cpu, 2 threads per core) family 23 model 1 stepping 1 microcode 0x0, cx8, cmov, fxsr, ht, mmx, 3dnowpref, sse, sse2, sse3, ssse3, sse4a, sse4.1, sse4.2, popcnt, lzcnt, tsc, tscinvbit, avx, avx2, aes, clmul, bmi1, bmi2, adx, sha, fma, vzeroupper, clflush, clflushopt

Memory: 4k page, system-wide physical 8125M (1388M free)
TotalPageFile size 8125M (AvailPageFile size 58M)
current process WorkingSet (physical memory assigned to process): 406M, peak: 407M
current process commit charge ("private bytes"): 446M, peak: 583M

vm_info: OpenJDK 64-Bit Server VM (17.0.6+0-b2043.56-9586694) for windows-amd64 JRE (17.0.6+0-b2043.56-9586694), built on Feb  9 2023 20:06:20 by "androidbuild" with MS VC++ 16.10 / 16.11 (VS2019)

END.
